[1.813s] Invoking command in '/home/diego/Workspaces/dev_ws/src/controllers': PYTHONPATH=/home/diego/Workspaces/dev_ws/install/controllers/lib/python3.8/site-packages:${PYTHONPATH} /usr/bin/python3 setup.py egg_info --egg-base ../../build/controllers build --build-base /home/diego/Workspaces/dev_ws/build/controllers/build install --prefix /home/diego/Workspaces/dev_ws/install/controllers --record /home/diego/Workspaces/dev_ws/build/controllers/install.log --single-version-externally-managed
[2.334s] running egg_info
[2.336s] writing ../../build/controllers/controllers.egg-info/PKG-INFO
[2.337s] writing dependency_links to ../../build/controllers/controllers.egg-info/dependency_links.txt
[2.338s] writing entry points to ../../build/controllers/controllers.egg-info/entry_points.txt
[2.339s] writing requirements to ../../build/controllers/controllers.egg-info/requires.txt
[2.340s] writing top-level names to ../../build/controllers/controllers.egg-info/top_level.txt
[2.422s] reading manifest file '../../build/controllers/controllers.egg-info/SOURCES.txt'
[2.424s] writing manifest file '../../build/controllers/controllers.egg-info/SOURCES.txt'
[2.424s] running build
[2.424s] running build_py
[2.425s] copying controllers/simple_controller.py -> /home/diego/Workspaces/dev_ws/build/controllers/build/lib/controllers
[2.425s] running install
[2.428s] running install_lib
[2.433s] copying /home/diego/Workspaces/dev_ws/build/controllers/build/lib/controllers/simple_controller.py -> /home/diego/Workspaces/dev_ws/install/controllers/lib/python3.8/site-packages/controllers
[2.434s] byte-compiling /home/diego/Workspaces/dev_ws/install/controllers/lib/python3.8/site-packages/controllers/simple_controller.py to simple_controller.cpython-38.pyc
[2.435s] running install_data
[2.437s] running install_egg_info
[2.440s] removing '/home/diego/Workspaces/dev_ws/install/controllers/lib/python3.8/site-packages/controllers-0.0.0-py3.8.egg-info' (and everything under it)
[2.441s] Copying ../../build/controllers/controllers.egg-info to /home/diego/Workspaces/dev_ws/install/controllers/lib/python3.8/site-packages/controllers-0.0.0-py3.8.egg-info
[2.443s] running install_scripts
[2.484s] Installing simple_controller script to /home/diego/Workspaces/dev_ws/install/controllers/lib/controllers
[2.484s] writing list of installed files to '/home/diego/Workspaces/dev_ws/build/controllers/install.log'
[2.555s] Invoked command in '/home/diego/Workspaces/dev_ws/src/controllers' returned '0': PYTHONPATH=/home/diego/Workspaces/dev_ws/install/controllers/lib/python3.8/site-packages:${PYTHONPATH} /usr/bin/python3 setup.py egg_info --egg-base ../../build/controllers build --build-base /home/diego/Workspaces/dev_ws/build/controllers/build install --prefix /home/diego/Workspaces/dev_ws/install/controllers --record /home/diego/Workspaces/dev_ws/build/controllers/install.log --single-version-externally-managed
