[2.940s] Invoking command in '/home/diego/Workspaces/dev_ws/src/controllers': PYTHONPATH=/home/diego/Workspaces/dev_ws/install/controllers/lib/python3.8/site-packages:${PYTHONPATH} /usr/bin/python3 setup.py egg_info --egg-base ../../build/controllers build --build-base /home/diego/Workspaces/dev_ws/build/controllers/build install --prefix /home/diego/Workspaces/dev_ws/install/controllers --record /home/diego/Workspaces/dev_ws/build/controllers/install.log --single-version-externally-managed
[3.977s] running egg_info
[3.981s] writing ../../build/controllers/controllers.egg-info/PKG-INFO
[3.983s] writing dependency_links to ../../build/controllers/controllers.egg-info/dependency_links.txt
[3.984s] writing entry points to ../../build/controllers/controllers.egg-info/entry_points.txt
[3.986s] writing requirements to ../../build/controllers/controllers.egg-info/requires.txt
[3.987s] writing top-level names to ../../build/controllers/controllers.egg-info/top_level.txt
[4.127s] reading manifest file '../../build/controllers/controllers.egg-info/SOURCES.txt'
[4.131s] writing manifest file '../../build/controllers/controllers.egg-info/SOURCES.txt'
[4.133s] running build
[4.134s] running build_py
[4.135s] running install
[4.138s] running install_lib
[4.143s] running install_data
[4.146s] running install_egg_info
[4.154s] removing '/home/diego/Workspaces/dev_ws/install/controllers/lib/python3.8/site-packages/controllers-0.0.0-py3.8.egg-info' (and everything under it)
[4.159s] Copying ../../build/controllers/controllers.egg-info to /home/diego/Workspaces/dev_ws/install/controllers/lib/python3.8/site-packages/controllers-0.0.0-py3.8.egg-info
[4.163s] running install_scripts
[4.249s] Installing simple_controller script to /home/diego/Workspaces/dev_ws/install/controllers/lib/controllers
[4.256s] writing list of installed files to '/home/diego/Workspaces/dev_ws/build/controllers/install.log'
[4.392s] Invoked command in '/home/diego/Workspaces/dev_ws/src/controllers' returned '0': PYTHONPATH=/home/diego/Workspaces/dev_ws/install/controllers/lib/python3.8/site-packages:${PYTHONPATH} /usr/bin/python3 setup.py egg_info --egg-base ../../build/controllers build --build-base /home/diego/Workspaces/dev_ws/build/controllers/build install --prefix /home/diego/Workspaces/dev_ws/install/controllers --record /home/diego/Workspaces/dev_ws/build/controllers/install.log --single-version-externally-managed
