[4.675s] Invoking command in '/home/diego/Workspaces/dev_ws/src/controllers': PYTHONPATH=/home/diego/Workspaces/dev_ws/install/controllers/lib/python3.8/site-packages:${PYTHONPATH} /usr/bin/python3 setup.py egg_info --egg-base ../../build/controllers build --build-base /home/diego/Workspaces/dev_ws/build/controllers/build install --prefix /home/diego/Workspaces/dev_ws/install/controllers --record /home/diego/Workspaces/dev_ws/build/controllers/install.log --single-version-externally-managed
[5.597s] running egg_info
[5.600s] writing ../../build/controllers/controllers.egg-info/PKG-INFO
[5.605s] writing dependency_links to ../../build/controllers/controllers.egg-info/dependency_links.txt
[5.607s] writing entry points to ../../build/controllers/controllers.egg-info/entry_points.txt
[5.611s] writing requirements to ../../build/controllers/controllers.egg-info/requires.txt
[5.617s] writing top-level names to ../../build/controllers/controllers.egg-info/top_level.txt
[5.809s] reading manifest file '../../build/controllers/controllers.egg-info/SOURCES.txt'
[5.815s] writing manifest file '../../build/controllers/controllers.egg-info/SOURCES.txt'
[5.816s] running build
[5.817s] running build_py
[5.821s] running install
[5.826s] running install_lib
[5.833s] running install_data
[5.836s] running install_egg_info
[5.841s] removing '/home/diego/Workspaces/dev_ws/install/controllers/lib/python3.8/site-packages/controllers-0.0.0-py3.8.egg-info' (and everything under it)
[5.843s] Copying ../../build/controllers/controllers.egg-info to /home/diego/Workspaces/dev_ws/install/controllers/lib/python3.8/site-packages/controllers-0.0.0-py3.8.egg-info
[5.847s] running install_scripts
[5.916s] Installing simple_controller script to /home/diego/Workspaces/dev_ws/install/controllers/lib/controllers
[5.920s] writing list of installed files to '/home/diego/Workspaces/dev_ws/build/controllers/install.log'
[6.026s] Invoked command in '/home/diego/Workspaces/dev_ws/src/controllers' returned '0': PYTHONPATH=/home/diego/Workspaces/dev_ws/install/controllers/lib/python3.8/site-packages:${PYTHONPATH} /usr/bin/python3 setup.py egg_info --egg-base ../../build/controllers build --build-base /home/diego/Workspaces/dev_ws/build/controllers/build install --prefix /home/diego/Workspaces/dev_ws/install/controllers --record /home/diego/Workspaces/dev_ws/build/controllers/install.log --single-version-externally-managed
