[3.529s] Invoking command in '/home/diego/Workspaces/dev_ws/src/controllers': PYTHONPATH=/home/diego/Workspaces/dev_ws/install/controllers/lib/python3.8/site-packages:${PYTHONPATH} /usr/bin/python3 setup.py egg_info --egg-base ../../build/controllers build --build-base /home/diego/Workspaces/dev_ws/build/controllers/build install --prefix /home/diego/Workspaces/dev_ws/install/controllers --record /home/diego/Workspaces/dev_ws/build/controllers/install.log --single-version-externally-managed
[4.472s] running egg_info
[4.476s] writing ../../build/controllers/controllers.egg-info/PKG-INFO
[4.484s] writing dependency_links to ../../build/controllers/controllers.egg-info/dependency_links.txt
[4.484s] writing entry points to ../../build/controllers/controllers.egg-info/entry_points.txt
[4.485s] writing requirements to ../../build/controllers/controllers.egg-info/requires.txt
[4.485s] writing top-level names to ../../build/controllers/controllers.egg-info/top_level.txt
[4.636s] reading manifest file '../../build/controllers/controllers.egg-info/SOURCES.txt'
[4.638s] writing manifest file '../../build/controllers/controllers.egg-info/SOURCES.txt'
[4.639s] running build
[4.639s] running build_py
[4.640s] running install
[4.644s] running install_lib
[4.648s] running install_data
[4.649s] running install_egg_info
[4.658s] removing '/home/diego/Workspaces/dev_ws/install/controllers/lib/python3.8/site-packages/controllers-0.0.0-py3.8.egg-info' (and everything under it)
[4.660s] Copying ../../build/controllers/controllers.egg-info to /home/diego/Workspaces/dev_ws/install/controllers/lib/python3.8/site-packages/controllers-0.0.0-py3.8.egg-info
[4.664s] running install_scripts
[4.730s] Installing simple_controller script to /home/diego/Workspaces/dev_ws/install/controllers/lib/controllers
[4.731s] writing list of installed files to '/home/diego/Workspaces/dev_ws/build/controllers/install.log'
[4.826s] Invoked command in '/home/diego/Workspaces/dev_ws/src/controllers' returned '0': PYTHONPATH=/home/diego/Workspaces/dev_ws/install/controllers/lib/python3.8/site-packages:${PYTHONPATH} /usr/bin/python3 setup.py egg_info --egg-base ../../build/controllers build --build-base /home/diego/Workspaces/dev_ws/build/controllers/build install --prefix /home/diego/Workspaces/dev_ws/install/controllers --record /home/diego/Workspaces/dev_ws/build/controllers/install.log --single-version-externally-managed
