[4.812s] Invoking command in '/home/diego/Workspaces/dev_ws/src/controllers': PYTHONPATH=/home/diego/Workspaces/dev_ws/install/controllers/lib/python3.8/site-packages:${PYTHONPATH} /usr/bin/python3 setup.py egg_info --egg-base ../../build/controllers build --build-base /home/diego/Workspaces/dev_ws/build/controllers/build install --prefix /home/diego/Workspaces/dev_ws/install/controllers --record /home/diego/Workspaces/dev_ws/build/controllers/install.log --single-version-externally-managed
[6.039s] running egg_info
[6.045s] writing ../../build/controllers/controllers.egg-info/PKG-INFO
[6.047s] writing dependency_links to ../../build/controllers/controllers.egg-info/dependency_links.txt
[6.049s] writing entry points to ../../build/controllers/controllers.egg-info/entry_points.txt
[6.055s] writing requirements to ../../build/controllers/controllers.egg-info/requires.txt
[6.056s] writing top-level names to ../../build/controllers/controllers.egg-info/top_level.txt
[6.282s] reading manifest file '../../build/controllers/controllers.egg-info/SOURCES.txt'
[6.288s] writing manifest file '../../build/controllers/controllers.egg-info/SOURCES.txt'
[6.289s] running build
[6.290s] running build_py
[6.294s] running install
[6.297s] running install_lib
[6.307s] running install_data
[6.312s] running install_egg_info
[6.320s] removing '/home/diego/Workspaces/dev_ws/install/controllers/lib/python3.8/site-packages/controllers-0.0.0-py3.8.egg-info' (and everything under it)
[6.325s] Copying ../../build/controllers/controllers.egg-info to /home/diego/Workspaces/dev_ws/install/controllers/lib/python3.8/site-packages/controllers-0.0.0-py3.8.egg-info
[6.334s] running install_scripts
[6.435s] Installing simple_controller script to /home/diego/Workspaces/dev_ws/install/controllers/lib/controllers
[6.440s] writing list of installed files to '/home/diego/Workspaces/dev_ws/build/controllers/install.log'
[6.593s] Invoked command in '/home/diego/Workspaces/dev_ws/src/controllers' returned '0': PYTHONPATH=/home/diego/Workspaces/dev_ws/install/controllers/lib/python3.8/site-packages:${PYTHONPATH} /usr/bin/python3 setup.py egg_info --egg-base ../../build/controllers build --build-base /home/diego/Workspaces/dev_ws/build/controllers/build install --prefix /home/diego/Workspaces/dev_ws/install/controllers --record /home/diego/Workspaces/dev_ws/build/controllers/install.log --single-version-externally-managed
