[0.428s] DEBUG:colcon:Command line arguments: ['/usr/bin/colcon', 'build']
[0.428s] DEBUG:colcon:Parsed command line arguments: Namespace(allow_overriding=[], ament_cmake_args=None, base_paths=['.'], build_base='build', catkin_cmake_args=None, catkin_skip_building_tests=False, cmake_args=None, cmake_clean_cache=False, cmake_clean_first=False, cmake_force_configure=False, cmake_target=None, cmake_target_skip_unavailable=False, continue_on_error=False, event_handlers=None, executor='parallel', ignore_user_meta=False, install_base='install', log_base=None, log_level=None, main=<bound method BuildVerb.main of <colcon_core.verb.build.BuildVerb object at 0x7fb153be1e50>>, merge_install=False, metas=['./colcon.meta'], packages_above=None, packages_above_and_dependencies=None, packages_above_depth=None, packages_end=None, packages_ignore=None, packages_ignore_regex=None, packages_select=None, packages_select_build_failed=False, packages_select_by_dep=None, packages_select_regex=None, packages_select_test_failures=False, packages_skip=None, packages_skip_build_finished=False, packages_skip_by_dep=None, packages_skip_regex=None, packages_skip_test_passed=False, packages_skip_up_to=None, packages_start=None, packages_up_to=None, packages_up_to_regex=None, parallel_workers=2, paths=None, symlink_install=False, test_result_base=None, verb_extension=<colcon_core.verb.build.BuildVerb object at 0x7fb153be1e50>, verb_name='build', verb_parser=<colcon_defaults.argument_parser.defaults.DefaultArgumentsDecorator object at 0x7fb153bec400>)
[0.513s] Level 1:colcon.colcon_core.package_discovery:discover_packages(colcon_meta) check parameters
[0.513s] Level 1:colcon.colcon_core.package_discovery:discover_packages(recursive) check parameters
[0.513s] Level 1:colcon.colcon_core.package_discovery:discover_packages(ignore) check parameters
[0.514s] Level 1:colcon.colcon_core.package_discovery:discover_packages(path) check parameters
[0.514s] Level 1:colcon.colcon_core.package_discovery:discover_packages(colcon_meta) discover
[0.514s] Level 1:colcon.colcon_core.package_discovery:discover_packages(recursive) discover
[0.514s] INFO:colcon.colcon_core.package_discovery:Crawling recursively for packages in '/home/diego/Workspaces/dev_ws'
[0.514s] Level 1:colcon.colcon_core.package_identification:_identify(.) by extensions ['ignore', 'ignore_ament_install']
[0.515s] Level 1:colcon.colcon_core.package_identification:_identify(.) by extension 'ignore'
[0.515s] Level 1:colcon.colcon_core.package_identification:_identify(.) by extension 'ignore_ament_install'
[0.515s] Level 1:colcon.colcon_core.package_identification:_identify(.) by extensions ['colcon_pkg']
[0.515s] Level 1:colcon.colcon_core.package_identification:_identify(.) by extension 'colcon_pkg'
[0.515s] Level 1:colcon.colcon_core.package_identification:_identify(.) by extensions ['colcon_meta']
[0.515s] Level 1:colcon.colcon_core.package_identification:_identify(.) by extension 'colcon_meta'
[0.515s] Level 1:colcon.colcon_core.package_identification:_identify(.) by extensions ['ros']
[0.515s] Level 1:colcon.colcon_core.package_identification:_identify(.) by extension 'ros'
[0.549s] Level 1:colcon.colcon_core.package_identification:_identify(.) by extensions ['cmake', 'python']
[0.550s] Level 1:colcon.colcon_core.package_identification:_identify(.) by extension 'cmake'
[0.550s] Level 1:colcon.colcon_core.package_identification:_identify(.) by extension 'python'
[0.550s] Level 1:colcon.colcon_core.package_identification:_identify(.) by extensions ['python_setup_py']
[0.550s] Level 1:colcon.colcon_core.package_identification:_identify(.) by extension 'python_setup_py'
[0.550s] Level 1:colcon.colcon_core.package_identification:_identify(Código) by extensions ['ignore', 'ignore_ament_install']
[0.550s] Level 1:colcon.colcon_core.package_identification:_identify(Código) by extension 'ignore'
[0.550s] Level 1:colcon.colcon_core.package_identification:_identify(Código) by extension 'ignore_ament_install'
[0.551s] Level 1:colcon.colcon_core.package_identification:_identify(Código) by extensions ['colcon_pkg']
[0.551s] Level 1:colcon.colcon_core.package_identification:_identify(Código) by extension 'colcon_pkg'
[0.551s] Level 1:colcon.colcon_core.package_identification:_identify(Código) by extensions ['colcon_meta']
[0.551s] Level 1:colcon.colcon_core.package_identification:_identify(Código) by extension 'colcon_meta'
[0.551s] Level 1:colcon.colcon_core.package_identification:_identify(Código) by extensions ['ros']
[0.551s] Level 1:colcon.colcon_core.package_identification:_identify(Código) by extension 'ros'
[0.551s] Level 1:colcon.colcon_core.package_identification:_identify(Código) by extensions ['cmake', 'python']
[0.551s] Level 1:colcon.colcon_core.package_identification:_identify(Código) by extension 'cmake'
[0.552s] Level 1:colcon.colcon_core.package_identification:_identify(Código) by extension 'python'
[0.552s] Level 1:colcon.colcon_core.package_identification:_identify(Código) by extensions ['python_setup_py']
[0.552s] Level 1:colcon.colcon_core.package_identification:_identify(Código) by extension 'python_setup_py'
[0.552s] Level 1:colcon.colcon_core.package_identification:_identify(Código/Simulacion) by extensions ['ignore', 'ignore_ament_install']
[0.552s] Level 1:colcon.colcon_core.package_identification:_identify(Código/Simulacion) by extension 'ignore'
[0.552s] Level 1:colcon.colcon_core.package_identification:_identify(Código/Simulacion) by extension 'ignore_ament_install'
[0.552s] Level 1:colcon.colcon_core.package_identification:_identify(Código/Simulacion) by extensions ['colcon_pkg']
[0.552s] Level 1:colcon.colcon_core.package_identification:_identify(Código/Simulacion) by extension 'colcon_pkg'
[0.552s] Level 1:colcon.colcon_core.package_identification:_identify(Código/Simulacion) by extensions ['colcon_meta']
[0.553s] Level 1:colcon.colcon_core.package_identification:_identify(Código/Simulacion) by extension 'colcon_meta'
[0.553s] Level 1:colcon.colcon_core.package_identification:_identify(Código/Simulacion) by extensions ['ros']
[0.553s] Level 1:colcon.colcon_core.package_identification:_identify(Código/Simulacion) by extension 'ros'
[0.553s] Level 1:colcon.colcon_core.package_identification:_identify(Código/Simulacion) by extensions ['cmake', 'python']
[0.553s] Level 1:colcon.colcon_core.package_identification:_identify(Código/Simulacion) by extension 'cmake'
[0.553s] Level 1:colcon.colcon_core.package_identification:_identify(Código/Simulacion) by extension 'python'
[0.553s] Level 1:colcon.colcon_core.package_identification:_identify(Código/Simulacion) by extensions ['python_setup_py']
[0.553s] Level 1:colcon.colcon_core.package_identification:_identify(Código/Simulacion) by extension 'python_setup_py'
[0.554s] Level 1:colcon.colcon_core.package_identification:_identify(Documentos) by extensions ['ignore', 'ignore_ament_install']
[0.554s] Level 1:colcon.colcon_core.package_identification:_identify(Documentos) by extension 'ignore'
[0.554s] Level 1:colcon.colcon_core.package_identification:_identify(Documentos) by extension 'ignore_ament_install'
[0.554s] Level 1:colcon.colcon_core.package_identification:_identify(Documentos) by extensions ['colcon_pkg']
[0.554s] Level 1:colcon.colcon_core.package_identification:_identify(Documentos) by extension 'colcon_pkg'
[0.555s] Level 1:colcon.colcon_core.package_identification:_identify(Documentos) by extensions ['colcon_meta']
[0.555s] Level 1:colcon.colcon_core.package_identification:_identify(Documentos) by extension 'colcon_meta'
[0.555s] Level 1:colcon.colcon_core.package_identification:_identify(Documentos) by extensions ['ros']
[0.555s] Level 1:colcon.colcon_core.package_identification:_identify(Documentos) by extension 'ros'
[0.555s] Level 1:colcon.colcon_core.package_identification:_identify(Documentos) by extensions ['cmake', 'python']
[0.555s] Level 1:colcon.colcon_core.package_identification:_identify(Documentos) by extension 'cmake'
[0.555s] Level 1:colcon.colcon_core.package_identification:_identify(Documentos) by extension 'python'
[0.555s] Level 1:colcon.colcon_core.package_identification:_identify(Documentos) by extensions ['python_setup_py']
[0.555s] Level 1:colcon.colcon_core.package_identification:_identify(Documentos) by extension 'python_setup_py'
[0.556s] Level 1:colcon.colcon_core.package_identification:_identify(build) by extensions ['ignore', 'ignore_ament_install']
[0.556s] Level 1:colcon.colcon_core.package_identification:_identify(build) by extension 'ignore'
[0.556s] Level 1:colcon.colcon_core.package_identification:_identify(build) ignored
[0.556s] Level 1:colcon.colcon_core.package_identification:_identify(install) by extensions ['ignore', 'ignore_ament_install']
[0.557s] Level 1:colcon.colcon_core.package_identification:_identify(install) by extension 'ignore'
[0.557s] Level 1:colcon.colcon_core.package_identification:_identify(install) ignored
[0.558s] Level 1:colcon.colcon_core.package_identification:_identify(log) by extensions ['ignore', 'ignore_ament_install']
[0.559s] Level 1:colcon.colcon_core.package_identification:_identify(log) by extension 'ignore'
[0.559s] Level 1:colcon.colcon_core.package_identification:_identify(log) ignored
[0.559s] Level 1:colcon.colcon_core.package_identification:_identify(src) by extensions ['ignore', 'ignore_ament_install']
[0.560s] Level 1:colcon.colcon_core.package_identification:_identify(src) by extension 'ignore'
[0.560s] Level 1:colcon.colcon_core.package_identification:_identify(src) by extension 'ignore_ament_install'
[0.560s] Level 1:colcon.colcon_core.package_identification:_identify(src) by extensions ['colcon_pkg']
[0.560s] Level 1:colcon.colcon_core.package_identification:_identify(src) by extension 'colcon_pkg'
[0.560s] Level 1:colcon.colcon_core.package_identification:_identify(src) by extensions ['colcon_meta']
[0.561s] Level 1:colcon.colcon_core.package_identification:_identify(src) by extension 'colcon_meta'
[0.561s] Level 1:colcon.colcon_core.package_identification:_identify(src) by extensions ['ros']
[0.561s] Level 1:colcon.colcon_core.package_identification:_identify(src) by extension 'ros'
[0.561s] Level 1:colcon.colcon_core.package_identification:_identify(src) by extensions ['cmake', 'python']
[0.561s] Level 1:colcon.colcon_core.package_identification:_identify(src) by extension 'cmake'
[0.561s] Level 1:colcon.colcon_core.package_identification:_identify(src) by extension 'python'
[0.562s] Level 1:colcon.colcon_core.package_identification:_identify(src) by extensions ['python_setup_py']
[0.562s] Level 1:colcon.colcon_core.package_identification:_identify(src) by extension 'python_setup_py'
[0.562s] Level 1:colcon.colcon_core.package_identification:_identify(src/basic_mobile_robot) by extensions ['ignore', 'ignore_ament_install']
[0.562s] Level 1:colcon.colcon_core.package_identification:_identify(src/basic_mobile_robot) by extension 'ignore'
[0.562s] Level 1:colcon.colcon_core.package_identification:_identify(src/basic_mobile_robot) by extension 'ignore_ament_install'
[0.562s] Level 1:colcon.colcon_core.package_identification:_identify(src/basic_mobile_robot) by extensions ['colcon_pkg']
[0.562s] Level 1:colcon.colcon_core.package_identification:_identify(src/basic_mobile_robot) by extension 'colcon_pkg'
[0.562s] Level 1:colcon.colcon_core.package_identification:_identify(src/basic_mobile_robot) by extensions ['colcon_meta']
[0.562s] Level 1:colcon.colcon_core.package_identification:_identify(src/basic_mobile_robot) by extension 'colcon_meta'
[0.563s] Level 1:colcon.colcon_core.package_identification:_identify(src/basic_mobile_robot) by extensions ['ros']
[0.563s] Level 1:colcon.colcon_core.package_identification:_identify(src/basic_mobile_robot) by extension 'ros'
[0.569s] DEBUG:colcon.colcon_core.package_identification:Package 'src/basic_mobile_robot' with type 'ros.ament_cmake' and name 'basic_mobile_robot'
[0.569s] Level 1:colcon.colcon_core.package_identification:_identify(src/controllers) by extensions ['ignore', 'ignore_ament_install']
[0.570s] Level 1:colcon.colcon_core.package_identification:_identify(src/controllers) by extension 'ignore'
[0.570s] Level 1:colcon.colcon_core.package_identification:_identify(src/controllers) by extension 'ignore_ament_install'
[0.570s] Level 1:colcon.colcon_core.package_identification:_identify(src/controllers) by extensions ['colcon_pkg']
[0.570s] Level 1:colcon.colcon_core.package_identification:_identify(src/controllers) by extension 'colcon_pkg'
[0.570s] Level 1:colcon.colcon_core.package_identification:_identify(src/controllers) by extensions ['colcon_meta']
[0.570s] Level 1:colcon.colcon_core.package_identification:_identify(src/controllers) by extension 'colcon_meta'
[0.570s] Level 1:colcon.colcon_core.package_identification:_identify(src/controllers) by extensions ['ros']
[0.570s] Level 1:colcon.colcon_core.package_identification:_identify(src/controllers) by extension 'ros'
[0.572s] DEBUG:colcon.colcon_core.package_identification:Package 'src/controllers' with type 'ros.ament_python' and name 'controllers'
[0.572s] Level 1:colcon.colcon_core.package_discovery:discover_packages(recursive) using defaults
[0.572s] Level 1:colcon.colcon_core.package_discovery:discover_packages(ignore) discover
[0.572s] Level 1:colcon.colcon_core.package_discovery:discover_packages(ignore) using defaults
[0.572s] Level 1:colcon.colcon_core.package_discovery:discover_packages(path) discover
[0.572s] Level 1:colcon.colcon_core.package_discovery:discover_packages(path) using defaults
[0.660s] Level 1:colcon.colcon_core.package_discovery:discover_packages(prefix_path) check parameters
[0.660s] Level 1:colcon.colcon_core.package_discovery:discover_packages(prefix_path) discover
[0.670s] DEBUG:colcon.colcon_installed_package_information.package_discovery:Found 3 installed packages in /home/diego/Workspaces/dev_ws/install
[0.676s] DEBUG:colcon.colcon_installed_package_information.package_discovery:Found 312 installed packages in /opt/ros/foxy
[0.682s] Level 1:colcon.colcon_core.package_discovery:discover_packages(prefix_path) using defaults
[0.924s] Level 5:colcon.colcon_core.verb:set package 'basic_mobile_robot' build argument 'cmake_args' from command line to 'None'
[0.924s] Level 5:colcon.colcon_core.verb:set package 'basic_mobile_robot' build argument 'cmake_target' from command line to 'None'
[0.924s] Level 5:colcon.colcon_core.verb:set package 'basic_mobile_robot' build argument 'cmake_target_skip_unavailable' from command line to 'False'
[0.924s] Level 5:colcon.colcon_core.verb:set package 'basic_mobile_robot' build argument 'cmake_clean_cache' from command line to 'False'
[0.924s] Level 5:colcon.colcon_core.verb:set package 'basic_mobile_robot' build argument 'cmake_clean_first' from command line to 'False'
[0.924s] Level 5:colcon.colcon_core.verb:set package 'basic_mobile_robot' build argument 'cmake_force_configure' from command line to 'False'
[0.924s] Level 5:colcon.colcon_core.verb:set package 'basic_mobile_robot' build argument 'ament_cmake_args' from command line to 'None'
[0.924s] Level 5:colcon.colcon_core.verb:set package 'basic_mobile_robot' build argument 'catkin_cmake_args' from command line to 'None'
[0.924s] Level 5:colcon.colcon_core.verb:set package 'basic_mobile_robot' build argument 'catkin_skip_building_tests' from command line to 'False'
[0.925s] DEBUG:colcon.colcon_core.verb:Building package 'basic_mobile_robot' with the following arguments: {'ament_cmake_args': None, 'build_base': '/home/diego/Workspaces/dev_ws/build/basic_mobile_robot', 'catkin_cmake_args': None, 'catkin_skip_building_tests': False, 'cmake_args': None, 'cmake_clean_cache': False, 'cmake_clean_first': False, 'cmake_force_configure': False, 'cmake_target': None, 'cmake_target_skip_unavailable': False, 'install_base': '/home/diego/Workspaces/dev_ws/install/basic_mobile_robot', 'merge_install': False, 'path': '/home/diego/Workspaces/dev_ws/src/basic_mobile_robot', 'symlink_install': False, 'test_result_base': None}
[0.929s] Level 5:colcon.colcon_core.verb:set package 'controllers' build argument 'cmake_args' from command line to 'None'
[0.929s] Level 5:colcon.colcon_core.verb:set package 'controllers' build argument 'cmake_target' from command line to 'None'
[0.929s] Level 5:colcon.colcon_core.verb:set package 'controllers' build argument 'cmake_target_skip_unavailable' from command line to 'False'
[0.929s] Level 5:colcon.colcon_core.verb:set package 'controllers' build argument 'cmake_clean_cache' from command line to 'False'
[0.929s] Level 5:colcon.colcon_core.verb:set package 'controllers' build argument 'cmake_clean_first' from command line to 'False'
[0.929s] Level 5:colcon.colcon_core.verb:set package 'controllers' build argument 'cmake_force_configure' from command line to 'False'
[0.929s] Level 5:colcon.colcon_core.verb:set package 'controllers' build argument 'ament_cmake_args' from command line to 'None'
[0.929s] Level 5:colcon.colcon_core.verb:set package 'controllers' build argument 'catkin_cmake_args' from command line to 'None'
[0.930s] Level 5:colcon.colcon_core.verb:set package 'controllers' build argument 'catkin_skip_building_tests' from command line to 'False'
[0.930s] DEBUG:colcon.colcon_core.verb:Building package 'controllers' with the following arguments: {'ament_cmake_args': None, 'build_base': '/home/diego/Workspaces/dev_ws/build/controllers', 'catkin_cmake_args': None, 'catkin_skip_building_tests': False, 'cmake_args': None, 'cmake_clean_cache': False, 'cmake_clean_first': False, 'cmake_force_configure': False, 'cmake_target': None, 'cmake_target_skip_unavailable': False, 'install_base': '/home/diego/Workspaces/dev_ws/install/controllers', 'merge_install': False, 'path': '/home/diego/Workspaces/dev_ws/src/controllers', 'symlink_install': False, 'test_result_base': None}
[0.932s] INFO:colcon.colcon_core.executor:Executing jobs using 'parallel' executor
[0.948s] DEBUG:colcon.colcon_parallel_executor.executor.parallel:run_until_complete
[0.949s] INFO:colcon.colcon_ros.task.ament_cmake.build:Building ROS package in '/home/diego/Workspaces/dev_ws/src/basic_mobile_robot' with build type 'ament_cmake'
[0.949s] INFO:colcon.colcon_cmake.task.cmake.build:Building CMake package in '/home/diego/Workspaces/dev_ws/src/basic_mobile_robot'
[0.964s] INFO:colcon.colcon_core.plugin_system:Skipping extension 'colcon_core.shell.bat': Not used on non-Windows systems
[0.965s] INFO:colcon.colcon_core.shell:Skip shell extension 'powershell' for command environment: Not usable outside of PowerShell
[0.965s] DEBUG:colcon.colcon_core.shell:Skip shell extension 'dsv' for command environment
[0.993s] INFO:colcon.colcon_ros.task.ament_python.build:Building ROS package in '/home/diego/Workspaces/dev_ws/src/controllers' with build type 'ament_python'
[0.997s] Level 1:colcon.colcon_core.shell:create_environment_hook('controllers', 'ament_prefix_path')
[1.002s] INFO:colcon.colcon_core.shell:Creating environment hook '/home/diego/Workspaces/dev_ws/install/controllers/share/controllers/hook/ament_prefix_path.ps1'
[1.013s] INFO:colcon.colcon_core.shell:Creating environment descriptor '/home/diego/Workspaces/dev_ws/install/controllers/share/controllers/hook/ament_prefix_path.dsv'
[1.016s] INFO:colcon.colcon_core.shell:Creating environment hook '/home/diego/Workspaces/dev_ws/install/controllers/share/controllers/hook/ament_prefix_path.sh'
[1.026s] INFO:colcon.colcon_core.shell:Skip shell extension 'powershell' for command environment: Not usable outside of PowerShell
[1.026s] DEBUG:colcon.colcon_core.shell:Skip shell extension 'dsv' for command environment
[1.074s] DEBUG:colcon.colcon_core.event_handler.log_command:Invoking command in '/home/diego/Workspaces/dev_ws/build/basic_mobile_robot': CMAKE_PREFIX_PATH=${CMAKE_PREFIX_PATH}:/home/diego/Workspaces/dev_ws/install/controllers:/opt/ros/foxy /usr/bin/cmake --build /home/diego/Workspaces/dev_ws/build/basic_mobile_robot -- -j2 -l2
[1.774s] INFO:colcon.colcon_core.task.python.build:Building Python package in '/home/diego/Workspaces/dev_ws/src/controllers'
[1.779s] INFO:colcon.colcon_core.shell:Skip shell extension 'powershell' for command environment: Not usable outside of PowerShell
[1.779s] DEBUG:colcon.colcon_core.shell:Skip shell extension 'dsv' for command environment
[1.804s] DEBUG:colcon.colcon_core.event_handler.log_command:Invoked command in '/home/diego/Workspaces/dev_ws/build/basic_mobile_robot' returned '0': CMAKE_PREFIX_PATH=${CMAKE_PREFIX_PATH}:/home/diego/Workspaces/dev_ws/install/controllers:/opt/ros/foxy /usr/bin/cmake --build /home/diego/Workspaces/dev_ws/build/basic_mobile_robot -- -j2 -l2
[1.913s] DEBUG:colcon.colcon_core.event_handler.log_command:Invoking command in '/home/diego/Workspaces/dev_ws/build/basic_mobile_robot': CMAKE_PREFIX_PATH=${CMAKE_PREFIX_PATH}:/home/diego/Workspaces/dev_ws/install/controllers:/opt/ros/foxy /usr/bin/cmake --install /home/diego/Workspaces/dev_ws/build/basic_mobile_robot
[2.100s] Level 1:colcon.colcon_core.environment:create_environment_scripts_only(basic_mobile_robot)
[2.110s] DEBUG:colcon.colcon_core.event_handler.log_command:Invoked command in '/home/diego/Workspaces/dev_ws/build/basic_mobile_robot' returned '0': CMAKE_PREFIX_PATH=${CMAKE_PREFIX_PATH}:/home/diego/Workspaces/dev_ws/install/controllers:/opt/ros/foxy /usr/bin/cmake --install /home/diego/Workspaces/dev_ws/build/basic_mobile_robot
[2.124s] Level 1:colcon.colcon_core.environment:checking '/home/diego/Workspaces/dev_ws/install/basic_mobile_robot' for CMake module files
[2.126s] Level 1:colcon.colcon_core.environment:checking '/home/diego/Workspaces/dev_ws/install/basic_mobile_robot' for CMake config files
[2.128s] Level 1:colcon.colcon_core.shell:create_environment_hook('basic_mobile_robot', 'cmake_prefix_path')
[2.131s] INFO:colcon.colcon_core.shell:Creating environment hook '/home/diego/Workspaces/dev_ws/install/basic_mobile_robot/share/basic_mobile_robot/hook/cmake_prefix_path.ps1'
[2.133s] INFO:colcon.colcon_core.shell:Creating environment descriptor '/home/diego/Workspaces/dev_ws/install/basic_mobile_robot/share/basic_mobile_robot/hook/cmake_prefix_path.dsv'
[2.135s] INFO:colcon.colcon_core.shell:Creating environment hook '/home/diego/Workspaces/dev_ws/install/basic_mobile_robot/share/basic_mobile_robot/hook/cmake_prefix_path.sh'
[2.137s] Level 1:colcon.colcon_core.environment:checking '/home/diego/Workspaces/dev_ws/install/basic_mobile_robot/lib'
[2.138s] Level 1:colcon.colcon_core.environment:checking '/home/diego/Workspaces/dev_ws/install/basic_mobile_robot/bin'
[2.138s] Level 1:colcon.colcon_core.environment:checking '/home/diego/Workspaces/dev_ws/install/basic_mobile_robot/lib/pkgconfig/basic_mobile_robot.pc'
[2.139s] Level 1:colcon.colcon_core.environment:checking '/home/diego/Workspaces/dev_ws/install/basic_mobile_robot/lib/python3.8/site-packages'
[2.140s] Level 1:colcon.colcon_core.shell:create_environment_hook('basic_mobile_robot', 'pythonpath')
[2.144s] INFO:colcon.colcon_core.shell:Creating environment hook '/home/diego/Workspaces/dev_ws/install/basic_mobile_robot/share/basic_mobile_robot/hook/pythonpath.ps1'
[2.146s] INFO:colcon.colcon_core.shell:Creating environment descriptor '/home/diego/Workspaces/dev_ws/install/basic_mobile_robot/share/basic_mobile_robot/hook/pythonpath.dsv'
[2.147s] INFO:colcon.colcon_core.shell:Creating environment hook '/home/diego/Workspaces/dev_ws/install/basic_mobile_robot/share/basic_mobile_robot/hook/pythonpath.sh'
[2.149s] Level 1:colcon.colcon_core.environment:checking '/home/diego/Workspaces/dev_ws/install/basic_mobile_robot/bin'
[2.153s] INFO:colcon.colcon_core.shell:Creating package script '/home/diego/Workspaces/dev_ws/install/basic_mobile_robot/share/basic_mobile_robot/package.ps1'
[2.155s] INFO:colcon.colcon_core.shell:Creating package descriptor '/home/diego/Workspaces/dev_ws/install/basic_mobile_robot/share/basic_mobile_robot/package.dsv'
[2.158s] INFO:colcon.colcon_core.shell:Creating package script '/home/diego/Workspaces/dev_ws/install/basic_mobile_robot/share/basic_mobile_robot/package.sh'
[2.161s] INFO:colcon.colcon_core.shell:Creating package script '/home/diego/Workspaces/dev_ws/install/basic_mobile_robot/share/basic_mobile_robot/package.bash'
[2.163s] INFO:colcon.colcon_core.shell:Creating package script '/home/diego/Workspaces/dev_ws/install/basic_mobile_robot/share/basic_mobile_robot/package.zsh'
[2.165s] Level 1:colcon.colcon_core.environment:create_file_with_runtime_dependencies(/home/diego/Workspaces/dev_ws/install/basic_mobile_robot/share/colcon-core/packages/basic_mobile_robot)
[2.267s] Level 1:colcon.colcon_core.environment:create_environment_scripts_only(basic_mobile_robot)
[2.273s] Level 1:colcon.colcon_core.environment:checking '/home/diego/Workspaces/dev_ws/install/basic_mobile_robot' for CMake module files
[2.276s] Level 1:colcon.colcon_core.environment:checking '/home/diego/Workspaces/dev_ws/install/basic_mobile_robot' for CMake config files
[2.277s] Level 1:colcon.colcon_core.shell:create_environment_hook('basic_mobile_robot', 'cmake_prefix_path')
[2.282s] INFO:colcon.colcon_core.shell:Creating environment hook '/home/diego/Workspaces/dev_ws/install/basic_mobile_robot/share/basic_mobile_robot/hook/cmake_prefix_path.ps1'
[2.283s] INFO:colcon.colcon_core.shell:Creating environment descriptor '/home/diego/Workspaces/dev_ws/install/basic_mobile_robot/share/basic_mobile_robot/hook/cmake_prefix_path.dsv'
[2.285s] INFO:colcon.colcon_core.shell:Creating environment hook '/home/diego/Workspaces/dev_ws/install/basic_mobile_robot/share/basic_mobile_robot/hook/cmake_prefix_path.sh'
[2.288s] Level 1:colcon.colcon_core.environment:checking '/home/diego/Workspaces/dev_ws/install/basic_mobile_robot/lib'
[2.288s] Level 1:colcon.colcon_core.environment:checking '/home/diego/Workspaces/dev_ws/install/basic_mobile_robot/bin'
[2.289s] Level 1:colcon.colcon_core.environment:checking '/home/diego/Workspaces/dev_ws/install/basic_mobile_robot/lib/pkgconfig/basic_mobile_robot.pc'
[2.290s] Level 1:colcon.colcon_core.environment:checking '/home/diego/Workspaces/dev_ws/install/basic_mobile_robot/lib/python3.8/site-packages'
[2.290s] Level 1:colcon.colcon_core.shell:create_environment_hook('basic_mobile_robot', 'pythonpath')
[2.295s] INFO:colcon.colcon_core.shell:Creating environment hook '/home/diego/Workspaces/dev_ws/install/basic_mobile_robot/share/basic_mobile_robot/hook/pythonpath.ps1'
[2.297s] INFO:colcon.colcon_core.shell:Creating environment descriptor '/home/diego/Workspaces/dev_ws/install/basic_mobile_robot/share/basic_mobile_robot/hook/pythonpath.dsv'
[2.298s] INFO:colcon.colcon_core.shell:Creating environment hook '/home/diego/Workspaces/dev_ws/install/basic_mobile_robot/share/basic_mobile_robot/hook/pythonpath.sh'
[2.300s] Level 1:colcon.colcon_core.environment:checking '/home/diego/Workspaces/dev_ws/install/basic_mobile_robot/bin'
[2.308s] INFO:colcon.colcon_core.shell:Creating package script '/home/diego/Workspaces/dev_ws/install/basic_mobile_robot/share/basic_mobile_robot/package.ps1'
[2.311s] INFO:colcon.colcon_core.shell:Creating package descriptor '/home/diego/Workspaces/dev_ws/install/basic_mobile_robot/share/basic_mobile_robot/package.dsv'
[2.314s] INFO:colcon.colcon_core.shell:Creating package script '/home/diego/Workspaces/dev_ws/install/basic_mobile_robot/share/basic_mobile_robot/package.sh'
[2.316s] INFO:colcon.colcon_core.shell:Creating package script '/home/diego/Workspaces/dev_ws/install/basic_mobile_robot/share/basic_mobile_robot/package.bash'
[2.318s] INFO:colcon.colcon_core.shell:Creating package script '/home/diego/Workspaces/dev_ws/install/basic_mobile_robot/share/basic_mobile_robot/package.zsh'
[2.320s] Level 1:colcon.colcon_core.environment:create_file_with_runtime_dependencies(/home/diego/Workspaces/dev_ws/install/basic_mobile_robot/share/colcon-core/packages/basic_mobile_robot)
[3.178s] DEBUG:colcon.colcon_core.event_handler.log_command:Invoking command in '/home/diego/Workspaces/dev_ws/src/controllers': PYTHONPATH=/home/diego/Workspaces/dev_ws/install/controllers/lib/python3.8/site-packages:${PYTHONPATH} /usr/bin/python3 setup.py egg_info --egg-base ../../build/controllers build --build-base /home/diego/Workspaces/dev_ws/build/controllers/build install --prefix /home/diego/Workspaces/dev_ws/install/controllers --record /home/diego/Workspaces/dev_ws/build/controllers/install.log --single-version-externally-managed
[4.004s] Level 1:colcon.colcon_core.environment:checking '/home/diego/Workspaces/dev_ws/install/controllers' for CMake module files
[4.006s] DEBUG:colcon.colcon_core.event_handler.log_command:Invoked command in '/home/diego/Workspaces/dev_ws/src/controllers' returned '0': PYTHONPATH=/home/diego/Workspaces/dev_ws/install/controllers/lib/python3.8/site-packages:${PYTHONPATH} /usr/bin/python3 setup.py egg_info --egg-base ../../build/controllers build --build-base /home/diego/Workspaces/dev_ws/build/controllers/build install --prefix /home/diego/Workspaces/dev_ws/install/controllers --record /home/diego/Workspaces/dev_ws/build/controllers/install.log --single-version-externally-managed
[4.008s] Level 1:colcon.colcon_core.environment:checking '/home/diego/Workspaces/dev_ws/install/controllers' for CMake config files
[4.010s] Level 1:colcon.colcon_core.environment:checking '/home/diego/Workspaces/dev_ws/install/controllers/lib'
[4.010s] Level 1:colcon.colcon_core.environment:checking '/home/diego/Workspaces/dev_ws/install/controllers/bin'
[4.010s] Level 1:colcon.colcon_core.environment:checking '/home/diego/Workspaces/dev_ws/install/controllers/lib/pkgconfig/controllers.pc'
[4.011s] Level 1:colcon.colcon_core.environment:checking '/home/diego/Workspaces/dev_ws/install/controllers/lib/python3.8/site-packages'
[4.011s] Level 1:colcon.colcon_core.shell:create_environment_hook('controllers', 'pythonpath')
[4.014s] INFO:colcon.colcon_core.shell:Creating environment hook '/home/diego/Workspaces/dev_ws/install/controllers/share/controllers/hook/pythonpath.ps1'
[4.016s] INFO:colcon.colcon_core.shell:Creating environment descriptor '/home/diego/Workspaces/dev_ws/install/controllers/share/controllers/hook/pythonpath.dsv'
[4.018s] INFO:colcon.colcon_core.shell:Creating environment hook '/home/diego/Workspaces/dev_ws/install/controllers/share/controllers/hook/pythonpath.sh'
[4.020s] Level 1:colcon.colcon_core.environment:checking '/home/diego/Workspaces/dev_ws/install/controllers/bin'
[4.020s] Level 1:colcon.colcon_core.environment:create_environment_scripts_only(controllers)
[4.024s] INFO:colcon.colcon_core.shell:Creating package script '/home/diego/Workspaces/dev_ws/install/controllers/share/controllers/package.ps1'
[4.026s] INFO:colcon.colcon_core.shell:Creating package descriptor '/home/diego/Workspaces/dev_ws/install/controllers/share/controllers/package.dsv'
[4.028s] INFO:colcon.colcon_core.shell:Creating package script '/home/diego/Workspaces/dev_ws/install/controllers/share/controllers/package.sh'
[4.029s] INFO:colcon.colcon_core.shell:Creating package script '/home/diego/Workspaces/dev_ws/install/controllers/share/controllers/package.bash'
[4.031s] INFO:colcon.colcon_core.shell:Creating package script '/home/diego/Workspaces/dev_ws/install/controllers/share/controllers/package.zsh'
[4.032s] Level 1:colcon.colcon_core.environment:create_file_with_runtime_dependencies(/home/diego/Workspaces/dev_ws/install/controllers/share/colcon-core/packages/controllers)
[4.034s] DEBUG:colcon.colcon_parallel_executor.executor.parallel:closing loop
[4.034s] DEBUG:colcon.colcon_parallel_executor.executor.parallel:loop closed
[4.034s] DEBUG:colcon.colcon_parallel_executor.executor.parallel:run_until_complete finished with '0'
[4.034s] DEBUG:colcon.colcon_core.event_reactor:joining thread
[4.056s] INFO:colcon.colcon_core.plugin_system:Skipping extension 'colcon_notification.desktop_notification.terminal_notifier': Not used on non-Darwin systems
[4.056s] INFO:colcon.colcon_core.plugin_system:Skipping extension 'colcon_notification.desktop_notification.win32': Not used on non-Windows systems
[4.056s] INFO:colcon.colcon_notification.desktop_notification:Sending desktop notification using 'notify2'
[4.105s] DEBUG:colcon.colcon_core.event_reactor:joined thread
[4.109s] INFO:colcon.colcon_core.shell:Creating prefix script '/home/diego/Workspaces/dev_ws/install/local_setup.ps1'
[4.112s] INFO:colcon.colcon_core.shell:Creating prefix util module '/home/diego/Workspaces/dev_ws/install/_local_setup_util_ps1.py'
[4.129s] INFO:colcon.colcon_core.shell:Creating prefix chain script '/home/diego/Workspaces/dev_ws/install/setup.ps1'
[4.133s] INFO:colcon.colcon_core.shell:Creating prefix script '/home/diego/Workspaces/dev_ws/install/local_setup.sh'
[4.139s] INFO:colcon.colcon_core.shell:Creating prefix util module '/home/diego/Workspaces/dev_ws/install/_local_setup_util_sh.py'
[4.141s] INFO:colcon.colcon_core.shell:Creating prefix chain script '/home/diego/Workspaces/dev_ws/install/setup.sh'
[4.148s] INFO:colcon.colcon_core.shell:Creating prefix script '/home/diego/Workspaces/dev_ws/install/local_setup.bash'
[4.155s] INFO:colcon.colcon_core.shell:Creating prefix chain script '/home/diego/Workspaces/dev_ws/install/setup.bash'
[4.160s] INFO:colcon.colcon_core.shell:Creating prefix script '/home/diego/Workspaces/dev_ws/install/local_setup.zsh'
[4.162s] INFO:colcon.colcon_core.shell:Creating prefix chain script '/home/diego/Workspaces/dev_ws/install/setup.zsh'
