[0.042s] Invoking command in '/home/diego/Workspaces/dev_ws/src/basic_mobile_robot/build/basic_mobile_robot': CMAKE_PREFIX_PATH=/opt/ros/foxy /usr/bin/cmake /home/diego/Workspaces/dev_ws/src/basic_mobile_robot -DCMAKE_INSTALL_PREFIX=/home/diego/Workspaces/dev_ws/src/basic_mobile_robot/install/basic_mobile_robot
[0.182s] -- The C compiler identification is GNU 9.4.0
[0.301s] -- The CXX compiler identification is GNU 9.4.0
[0.311s] -- Check for working C compiler: /usr/bin/cc
[0.485s] -- Check for working C compiler: /usr/bin/cc -- works
[0.487s] -- Detecting C compiler ABI info
[0.648s] -- Detecting C compiler ABI info - done
[0.676s] -- Detecting C compile features
[0.677s] -- Detecting C compile features - done
[0.683s] -- Check for working CXX compiler: /usr/bin/c++
[0.861s] -- Check for working CXX compiler: /usr/bin/c++ -- works
[0.863s] -- Detecting CXX compiler ABI info
[1.037s] -- Detecting CXX compiler ABI info - done
[1.068s] -- Detecting CXX compile features
[1.069s] -- Detecting CXX compile features - done
[1.077s] -- Found ament_cmake: 0.9.9 (/opt/ros/foxy/share/ament_cmake/cmake)
[1.134s] -- Found PythonInterp: /usr/bin/python3 (found suitable version "3.8.10", minimum required is "3") 
[1.135s] -- Using PYTHON_EXECUTABLE: /usr/bin/python3
[1.624s] -- Found ament_lint_auto: 0.9.6 (/opt/ros/foxy/share/ament_lint_auto/cmake)
[1.810s] -- Added test 'copyright' to check source files copyright and LICENSE
[1.819s] -- Added test 'cppcheck' to perform static code analysis on C / C++ code
[1.819s] -- Configured cppcheck include dirs: 
[1.819s] -- Configured cppcheck exclude dirs and/or files: 
[1.827s] -- Added test 'cpplint' to check C / C++ code against the Google style
[1.827s] -- Configured cpplint exclude dirs and/or files: 
[1.830s] -- Added test 'flake8' to check Python code syntax and style conventions
[1.833s] -- Added test 'lint_cmake' to check CMake code style
[1.835s] -- Added test 'pep257' to check Python code against some of the style conventions in PEP 257
[1.846s] -- Added test 'uncrustify' to check C / C++ code style
[1.846s] -- Configured uncrustify additional arguments: 
[1.846s] -- Added test 'xmllint' to check XML markup files
[1.850s] -- Configuring done
[1.854s] -- Generating done
[1.859s] -- Build files have been written to: /home/diego/Workspaces/dev_ws/src/basic_mobile_robot/build/basic_mobile_robot
[1.866s] Invoked command in '/home/diego/Workspaces/dev_ws/src/basic_mobile_robot/build/basic_mobile_robot' returned '0': CMAKE_PREFIX_PATH=/opt/ros/foxy /usr/bin/cmake /home/diego/Workspaces/dev_ws/src/basic_mobile_robot -DCMAKE_INSTALL_PREFIX=/home/diego/Workspaces/dev_ws/src/basic_mobile_robot/install/basic_mobile_robot
[1.875s] Invoking command in '/home/diego/Workspaces/dev_ws/src/basic_mobile_robot/build/basic_mobile_robot': CMAKE_PREFIX_PATH=/opt/ros/foxy /usr/bin/cmake --build /home/diego/Workspaces/dev_ws/src/basic_mobile_robot/build/basic_mobile_robot -- -j2 -l2
[1.967s] Invoked command in '/home/diego/Workspaces/dev_ws/src/basic_mobile_robot/build/basic_mobile_robot' returned '0': CMAKE_PREFIX_PATH=/opt/ros/foxy /usr/bin/cmake --build /home/diego/Workspaces/dev_ws/src/basic_mobile_robot/build/basic_mobile_robot -- -j2 -l2
[2.057s] Invoking command in '/home/diego/Workspaces/dev_ws/src/basic_mobile_robot/build/basic_mobile_robot': CMAKE_PREFIX_PATH=/opt/ros/foxy /usr/bin/cmake --install /home/diego/Workspaces/dev_ws/src/basic_mobile_robot/build/basic_mobile_robot
[2.075s] -- Install configuration: ""
[2.076s] -- Installing: /home/diego/Workspaces/dev_ws/src/basic_mobile_robot/install/basic_mobile_robot/share/basic_mobile_robot/config
[2.076s] -- Installing: /home/diego/Workspaces/dev_ws/src/basic_mobile_robot/install/basic_mobile_robot/share/basic_mobile_robot/launch
[2.076s] -- Installing: /home/diego/Workspaces/dev_ws/src/basic_mobile_robot/install/basic_mobile_robot/share/basic_mobile_robot/launch/basic_mobile_bot_v1.launch.py
[2.076s] -- Installing: /home/diego/Workspaces/dev_ws/src/basic_mobile_robot/install/basic_mobile_robot/share/basic_mobile_robot/maps
[2.077s] -- Installing: /home/diego/Workspaces/dev_ws/src/basic_mobile_robot/install/basic_mobile_robot/share/basic_mobile_robot/meshes
[2.077s] -- Installing: /home/diego/Workspaces/dev_ws/src/basic_mobile_robot/install/basic_mobile_robot/share/basic_mobile_robot/models
[2.077s] -- Installing: /home/diego/Workspaces/dev_ws/src/basic_mobile_robot/install/basic_mobile_robot/share/basic_mobile_robot/models/basic_mobile_bot_v1.urdf
[2.077s] -- Installing: /home/diego/Workspaces/dev_ws/src/basic_mobile_robot/install/basic_mobile_robot/share/basic_mobile_robot/params
[2.077s] -- Installing: /home/diego/Workspaces/dev_ws/src/basic_mobile_robot/install/basic_mobile_robot/share/basic_mobile_robot/rviz
[2.077s] -- Installing: /home/diego/Workspaces/dev_ws/src/basic_mobile_robot/install/basic_mobile_robot/share/basic_mobile_robot/rviz/urdf_config.rviz
[2.077s] -- Installing: /home/diego/Workspaces/dev_ws/src/basic_mobile_robot/install/basic_mobile_robot/share/basic_mobile_robot/src
[2.078s] -- Installing: /home/diego/Workspaces/dev_ws/src/basic_mobile_robot/install/basic_mobile_robot/share/basic_mobile_robot/worlds
[2.078s] -- Installing: /home/diego/Workspaces/dev_ws/src/basic_mobile_robot/install/basic_mobile_robot/share/ament_index/resource_index/package_run_dependencies/basic_mobile_robot
[2.078s] -- Installing: /home/diego/Workspaces/dev_ws/src/basic_mobile_robot/install/basic_mobile_robot/share/ament_index/resource_index/parent_prefix_path/basic_mobile_robot
[2.079s] -- Installing: /home/diego/Workspaces/dev_ws/src/basic_mobile_robot/install/basic_mobile_robot/share/basic_mobile_robot/environment/ament_prefix_path.sh
[2.079s] -- Installing: /home/diego/Workspaces/dev_ws/src/basic_mobile_robot/install/basic_mobile_robot/share/basic_mobile_robot/environment/ament_prefix_path.dsv
[2.079s] -- Installing: /home/diego/Workspaces/dev_ws/src/basic_mobile_robot/install/basic_mobile_robot/share/basic_mobile_robot/environment/path.sh
[2.079s] -- Installing: /home/diego/Workspaces/dev_ws/src/basic_mobile_robot/install/basic_mobile_robot/share/basic_mobile_robot/environment/path.dsv
[2.080s] -- Installing: /home/diego/Workspaces/dev_ws/src/basic_mobile_robot/install/basic_mobile_robot/share/basic_mobile_robot/local_setup.bash
[2.080s] -- Installing: /home/diego/Workspaces/dev_ws/src/basic_mobile_robot/install/basic_mobile_robot/share/basic_mobile_robot/local_setup.sh
[2.080s] -- Installing: /home/diego/Workspaces/dev_ws/src/basic_mobile_robot/install/basic_mobile_robot/share/basic_mobile_robot/local_setup.zsh
[2.080s] -- Installing: /home/diego/Workspaces/dev_ws/src/basic_mobile_robot/install/basic_mobile_robot/share/basic_mobile_robot/local_setup.dsv
[2.080s] -- Installing: /home/diego/Workspaces/dev_ws/src/basic_mobile_robot/install/basic_mobile_robot/share/basic_mobile_robot/package.dsv
[2.081s] -- Installing: /home/diego/Workspaces/dev_ws/src/basic_mobile_robot/install/basic_mobile_robot/share/ament_index/resource_index/packages/basic_mobile_robot
[2.081s] -- Installing: /home/diego/Workspaces/dev_ws/src/basic_mobile_robot/install/basic_mobile_robot/share/basic_mobile_robot/cmake/basic_mobile_robotConfig.cmake
[2.081s] -- Installing: /home/diego/Workspaces/dev_ws/src/basic_mobile_robot/install/basic_mobile_robot/share/basic_mobile_robot/cmake/basic_mobile_robotConfig-version.cmake
[2.081s] -- Installing: /home/diego/Workspaces/dev_ws/src/basic_mobile_robot/install/basic_mobile_robot/share/basic_mobile_robot/package.xml
[2.086s] Invoked command in '/home/diego/Workspaces/dev_ws/src/basic_mobile_robot/build/basic_mobile_robot' returned '0': CMAKE_PREFIX_PATH=/opt/ros/foxy /usr/bin/cmake --install /home/diego/Workspaces/dev_ws/src/basic_mobile_robot/build/basic_mobile_robot
