[3.411s] Invoking command in '/home/diego/Workspaces/dev_ws/src/controllers': PYTHONPATH=/home/diego/Workspaces/dev_ws/install/controllers/lib/python3.8/site-packages:${PYTHONPATH} /usr/bin/python3 setup.py egg_info --egg-base ../../build/controllers build --build-base /home/diego/Workspaces/dev_ws/build/controllers/build install --prefix /home/diego/Workspaces/dev_ws/install/controllers --record /home/diego/Workspaces/dev_ws/build/controllers/install.log --single-version-externally-managed
[4.262s] running egg_info
[4.266s] writing ../../build/controllers/controllers.egg-info/PKG-INFO
[4.268s] writing dependency_links to ../../build/controllers/controllers.egg-info/dependency_links.txt
[4.271s] writing entry points to ../../build/controllers/controllers.egg-info/entry_points.txt
[4.273s] writing requirements to ../../build/controllers/controllers.egg-info/requires.txt
[4.274s] writing top-level names to ../../build/controllers/controllers.egg-info/top_level.txt
[4.381s] reading manifest file '../../build/controllers/controllers.egg-info/SOURCES.txt'
[4.384s] writing manifest file '../../build/controllers/controllers.egg-info/SOURCES.txt'
[4.385s] running build
[4.385s] running build_py
[4.387s] running install
[4.390s] running install_lib
[4.395s] running install_data
[4.398s] running install_egg_info
[4.411s] removing '/home/diego/Workspaces/dev_ws/install/controllers/lib/python3.8/site-packages/controllers-0.0.0-py3.8.egg-info' (and everything under it)
[4.412s] Copying ../../build/controllers/controllers.egg-info to /home/diego/Workspaces/dev_ws/install/controllers/lib/python3.8/site-packages/controllers-0.0.0-py3.8.egg-info
[4.415s] running install_scripts
[4.475s] Installing simple_controller script to /home/diego/Workspaces/dev_ws/install/controllers/lib/controllers
[4.477s] writing list of installed files to '/home/diego/Workspaces/dev_ws/build/controllers/install.log'
[4.575s] Invoked command in '/home/diego/Workspaces/dev_ws/src/controllers' returned '0': PYTHONPATH=/home/diego/Workspaces/dev_ws/install/controllers/lib/python3.8/site-packages:${PYTHONPATH} /usr/bin/python3 setup.py egg_info --egg-base ../../build/controllers build --build-base /home/diego/Workspaces/dev_ws/build/controllers/build install --prefix /home/diego/Workspaces/dev_ws/install/controllers --record /home/diego/Workspaces/dev_ws/build/controllers/install.log --single-version-externally-managed
