[0.056s] Invoking command in '/home/diego/Workspaces/dev_ws/src/build/basic_mobile_robot': CMAKE_PREFIX_PATH=/opt/ros/foxy /usr/bin/cmake /home/diego/Workspaces/dev_ws/src/basic_mobile_robot -DCMAKE_INSTALL_PREFIX=/home/diego/Workspaces/dev_ws/src/install/basic_mobile_robot
[0.198s] -- The C compiler identification is GNU 9.4.0
[0.329s] -- The CXX compiler identification is GNU 9.4.0
[0.341s] -- Check for working C compiler: /usr/bin/cc
[0.509s] -- Check for working C compiler: /usr/bin/cc -- works
[0.511s] -- Detecting C compiler ABI info
[0.695s] -- Detecting C compiler ABI info - done
[0.722s] -- Detecting C compile features
[0.723s] -- Detecting C compile features - done
[0.730s] -- Check for working CXX compiler: /usr/bin/c++
[0.909s] -- Check for working CXX compiler: /usr/bin/c++ -- works
[0.912s] -- Detecting CXX compiler ABI info
[1.087s] -- Detecting CXX compiler ABI info - done
[1.117s] -- Detecting CXX compile features
[1.118s] -- Detecting CXX compile features - done
[1.122s] -- Found ament_cmake: 0.9.9 (/opt/ros/foxy/share/ament_cmake/cmake)
[1.180s] -- Found PythonInterp: /usr/bin/python3 (found suitable version "3.8.10", minimum required is "3") 
[1.181s] -- Using PYTHON_EXECUTABLE: /usr/bin/python3
[1.714s] -- Found ament_lint_auto: 0.9.6 (/opt/ros/foxy/share/ament_lint_auto/cmake)
[1.936s] -- Added test 'copyright' to check source files copyright and LICENSE
[1.958s] -- Added test 'cppcheck' to perform static code analysis on C / C++ code
[1.958s] -- Configured cppcheck include dirs: 
[1.958s] -- Configured cppcheck exclude dirs and/or files: 
[1.967s] -- Added test 'cpplint' to check C / C++ code against the Google style
[1.967s] -- Configured cpplint exclude dirs and/or files: 
[1.971s] -- Added test 'flake8' to check Python code syntax and style conventions
[1.976s] -- Added test 'lint_cmake' to check CMake code style
[1.979s] -- Added test 'pep257' to check Python code against some of the style conventions in PEP 257
[1.993s] -- Added test 'uncrustify' to check C / C++ code style
[1.994s] -- Configured uncrustify additional arguments: 
[1.997s] -- Added test 'xmllint' to check XML markup files
[2.001s] -- Configuring done
[2.006s] -- Generating done
[2.009s] -- Build files have been written to: /home/diego/Workspaces/dev_ws/src/build/basic_mobile_robot
[2.019s] Invoked command in '/home/diego/Workspaces/dev_ws/src/build/basic_mobile_robot' returned '0': CMAKE_PREFIX_PATH=/opt/ros/foxy /usr/bin/cmake /home/diego/Workspaces/dev_ws/src/basic_mobile_robot -DCMAKE_INSTALL_PREFIX=/home/diego/Workspaces/dev_ws/src/install/basic_mobile_robot
[2.026s] Invoking command in '/home/diego/Workspaces/dev_ws/src/build/basic_mobile_robot': CMAKE_PREFIX_PATH=/opt/ros/foxy /usr/bin/cmake --build /home/diego/Workspaces/dev_ws/src/build/basic_mobile_robot -- -j2 -l2
[2.117s] Invoked command in '/home/diego/Workspaces/dev_ws/src/build/basic_mobile_robot' returned '0': CMAKE_PREFIX_PATH=/opt/ros/foxy /usr/bin/cmake --build /home/diego/Workspaces/dev_ws/src/build/basic_mobile_robot -- -j2 -l2
[2.194s] Invoking command in '/home/diego/Workspaces/dev_ws/src/build/basic_mobile_robot': CMAKE_PREFIX_PATH=/opt/ros/foxy /usr/bin/cmake --install /home/diego/Workspaces/dev_ws/src/build/basic_mobile_robot
[2.215s] -- Install configuration: ""
[2.216s] -- Installing: /home/diego/Workspaces/dev_ws/src/install/basic_mobile_robot/share/basic_mobile_robot/config
[2.216s] -- Installing: /home/diego/Workspaces/dev_ws/src/install/basic_mobile_robot/share/basic_mobile_robot/launch
[2.217s] -- Installing: /home/diego/Workspaces/dev_ws/src/install/basic_mobile_robot/share/basic_mobile_robot/launch/basic_mobile_bot_v1.launch.py
[2.217s] -- Installing: /home/diego/Workspaces/dev_ws/src/install/basic_mobile_robot/share/basic_mobile_robot/maps
[2.217s] -- Installing: /home/diego/Workspaces/dev_ws/src/install/basic_mobile_robot/share/basic_mobile_robot/meshes
[2.217s] -- Installing: /home/diego/Workspaces/dev_ws/src/install/basic_mobile_robot/share/basic_mobile_robot/models
[2.221s] -- Installing: /home/diego/Workspaces/dev_ws/src/install/basic_mobile_robot/share/basic_mobile_robot/models/basic_mobile_bot_v1.urdf
[2.221s] -- Installing: /home/diego/Workspaces/dev_ws/src/install/basic_mobile_robot/share/basic_mobile_robot/params
[2.222s] -- Installing: /home/diego/Workspaces/dev_ws/src/install/basic_mobile_robot/share/basic_mobile_robot/rviz
[2.222s] -- Installing: /home/diego/Workspaces/dev_ws/src/install/basic_mobile_robot/share/basic_mobile_robot/rviz/urdf_config.rviz
[2.222s] -- Installing: /home/diego/Workspaces/dev_ws/src/install/basic_mobile_robot/share/basic_mobile_robot/src
[2.222s] -- Installing: /home/diego/Workspaces/dev_ws/src/install/basic_mobile_robot/share/basic_mobile_robot/worlds
[2.222s] -- Installing: /home/diego/Workspaces/dev_ws/src/install/basic_mobile_robot/share/ament_index/resource_index/package_run_dependencies/basic_mobile_robot
[2.224s] -- Installing: /home/diego/Workspaces/dev_ws/src/install/basic_mobile_robot/share/ament_index/resource_index/parent_prefix_path/basic_mobile_robot
[2.225s] -- Installing: /home/diego/Workspaces/dev_ws/src/install/basic_mobile_robot/share/basic_mobile_robot/environment/ament_prefix_path.sh
[2.231s] -- Installing: /home/diego/Workspaces/dev_ws/src/install/basic_mobile_robot/share/basic_mobile_robot/environment/ament_prefix_path.dsv
[2.231s] -- Installing: /home/diego/Workspaces/dev_ws/src/install/basic_mobile_robot/share/basic_mobile_robot/environment/path.sh
[2.232s] -- Installing: /home/diego/Workspaces/dev_ws/src/install/basic_mobile_robot/share/basic_mobile_robot/environment/path.dsv
[2.232s] -- Installing: /home/diego/Workspaces/dev_ws/src/install/basic_mobile_robot/share/basic_mobile_robot/local_setup.bash
[2.233s] -- Installing: /home/diego/Workspaces/dev_ws/src/install/basic_mobile_robot/share/basic_mobile_robot/local_setup.sh
[2.233s] -- Installing: /home/diego/Workspaces/dev_ws/src/install/basic_mobile_robot/share/basic_mobile_robot/local_setup.zsh
[2.233s] -- Installing: /home/diego/Workspaces/dev_ws/src/install/basic_mobile_robot/share/basic_mobile_robot/local_setup.dsv
[2.234s] -- Installing: /home/diego/Workspaces/dev_ws/src/install/basic_mobile_robot/share/basic_mobile_robot/package.dsv
[2.234s] -- Installing: /home/diego/Workspaces/dev_ws/src/install/basic_mobile_robot/share/ament_index/resource_index/packages/basic_mobile_robot
[2.234s] -- Installing: /home/diego/Workspaces/dev_ws/src/install/basic_mobile_robot/share/basic_mobile_robot/cmake/basic_mobile_robotConfig.cmake
[2.234s] -- Installing: /home/diego/Workspaces/dev_ws/src/install/basic_mobile_robot/share/basic_mobile_robot/cmake/basic_mobile_robotConfig-version.cmake
[2.235s] -- Installing: /home/diego/Workspaces/dev_ws/src/install/basic_mobile_robot/share/basic_mobile_robot/package.xml
[2.235s] Invoked command in '/home/diego/Workspaces/dev_ws/src/build/basic_mobile_robot' returned '0': CMAKE_PREFIX_PATH=/opt/ros/foxy /usr/bin/cmake --install /home/diego/Workspaces/dev_ws/src/build/basic_mobile_robot
