[0.041s] Invoking command in '/home/diego/Workspaces/dev_ws/build/basic_mobile_robot': CMAKE_PREFIX_PATH=/opt/ros/foxy /usr/bin/cmake --build /home/diego/Workspaces/dev_ws/build/basic_mobile_robot -- -j2 -l2
[0.108s] -- Found ament_cmake: 0.9.9 (/opt/ros/foxy/share/ament_cmake/cmake)
[0.162s] -- Using PYTHON_EXECUTABLE: /usr/bin/python3
[0.606s] -- Found ament_lint_auto: 0.9.6 (/opt/ros/foxy/share/ament_lint_auto/cmake)
[0.766s] -- Added test 'copyright' to check source files copyright and LICENSE
[0.771s] -- Added test 'flake8' to check Python code syntax and style conventions
[0.772s] -- Added test 'lint_cmake' to check CMake code style
[0.773s] -- Added test 'pep257' to check Python code against some of the style conventions in PEP 257
[0.776s] -- Added test 'xmllint' to check XML markup files
[0.779s] -- Configuring done
[0.785s] -- Generating done
[0.787s] -- Build files have been written to: /home/diego/Workspaces/dev_ws/build/basic_mobile_robot
[0.828s] Invoked command in '/home/diego/Workspaces/dev_ws/build/basic_mobile_robot' returned '0': CMAKE_PREFIX_PATH=/opt/ros/foxy /usr/bin/cmake --build /home/diego/Workspaces/dev_ws/build/basic_mobile_robot -- -j2 -l2
[0.901s] Invoking command in '/home/diego/Workspaces/dev_ws/build/basic_mobile_robot': CMAKE_PREFIX_PATH=/opt/ros/foxy /usr/bin/cmake --install /home/diego/Workspaces/dev_ws/build/basic_mobile_robot
[0.918s] -- Install configuration: ""
[0.918s] -- Installing: /home/diego/Workspaces/dev_ws/install/basic_mobile_robot/share/basic_mobile_robot/config
[0.918s] -- Installing: /home/diego/Workspaces/dev_ws/install/basic_mobile_robot/share/basic_mobile_robot/launch
[0.919s] -- Installing: /home/diego/Workspaces/dev_ws/install/basic_mobile_robot/share/basic_mobile_robot/launch/basic_mobile_bot_v1.launch.py
[0.919s] -- Installing: /home/diego/Workspaces/dev_ws/install/basic_mobile_robot/share/basic_mobile_robot/maps
[0.919s] -- Installing: /home/diego/Workspaces/dev_ws/install/basic_mobile_robot/share/basic_mobile_robot/meshes
[0.919s] -- Installing: /home/diego/Workspaces/dev_ws/install/basic_mobile_robot/share/basic_mobile_robot/models
[0.919s] -- Installing: /home/diego/Workspaces/dev_ws/install/basic_mobile_robot/share/basic_mobile_robot/models/basic_mobile_bot_v1.urdf
[0.919s] -- Installing: /home/diego/Workspaces/dev_ws/install/basic_mobile_robot/share/basic_mobile_robot/params
[0.920s] -- Installing: /home/diego/Workspaces/dev_ws/install/basic_mobile_robot/share/basic_mobile_robot/rviz
[0.920s] -- Installing: /home/diego/Workspaces/dev_ws/install/basic_mobile_robot/share/basic_mobile_robot/rviz/urdf_config.rviz
[0.920s] -- Installing: /home/diego/Workspaces/dev_ws/install/basic_mobile_robot/share/basic_mobile_robot/src
[0.920s] -- Installing: /home/diego/Workspaces/dev_ws/install/basic_mobile_robot/share/basic_mobile_robot/worlds
[0.921s] -- Installing: /home/diego/Workspaces/dev_ws/install/basic_mobile_robot/share/ament_index/resource_index/package_run_dependencies/basic_mobile_robot
[0.921s] -- Up-to-date: /home/diego/Workspaces/dev_ws/install/basic_mobile_robot/share/ament_index/resource_index/parent_prefix_path/basic_mobile_robot
[0.921s] -- Up-to-date: /home/diego/Workspaces/dev_ws/install/basic_mobile_robot/share/basic_mobile_robot/environment/ament_prefix_path.sh
[0.921s] -- Installing: /home/diego/Workspaces/dev_ws/install/basic_mobile_robot/share/basic_mobile_robot/environment/ament_prefix_path.dsv
[0.922s] -- Up-to-date: /home/diego/Workspaces/dev_ws/install/basic_mobile_robot/share/basic_mobile_robot/environment/path.sh
[0.922s] -- Installing: /home/diego/Workspaces/dev_ws/install/basic_mobile_robot/share/basic_mobile_robot/environment/path.dsv
[0.922s] -- Up-to-date: /home/diego/Workspaces/dev_ws/install/basic_mobile_robot/share/basic_mobile_robot/local_setup.bash
[0.922s] -- Up-to-date: /home/diego/Workspaces/dev_ws/install/basic_mobile_robot/share/basic_mobile_robot/local_setup.sh
[0.922s] -- Up-to-date: /home/diego/Workspaces/dev_ws/install/basic_mobile_robot/share/basic_mobile_robot/local_setup.zsh
[0.923s] -- Installing: /home/diego/Workspaces/dev_ws/install/basic_mobile_robot/share/basic_mobile_robot/local_setup.dsv
[0.923s] -- Installing: /home/diego/Workspaces/dev_ws/install/basic_mobile_robot/share/basic_mobile_robot/package.dsv
[0.923s] -- Up-to-date: /home/diego/Workspaces/dev_ws/install/basic_mobile_robot/share/ament_index/resource_index/packages/basic_mobile_robot
[0.923s] -- Up-to-date: /home/diego/Workspaces/dev_ws/install/basic_mobile_robot/share/basic_mobile_robot/cmake/basic_mobile_robotConfig.cmake
[0.924s] -- Up-to-date: /home/diego/Workspaces/dev_ws/install/basic_mobile_robot/share/basic_mobile_robot/cmake/basic_mobile_robotConfig-version.cmake
[0.924s] -- Installing: /home/diego/Workspaces/dev_ws/install/basic_mobile_robot/share/basic_mobile_robot/package.xml
[0.927s] Invoked command in '/home/diego/Workspaces/dev_ws/build/basic_mobile_robot' returned '0': CMAKE_PREFIX_PATH=/opt/ros/foxy /usr/bin/cmake --install /home/diego/Workspaces/dev_ws/build/basic_mobile_robot
