[2.067s] Invoking command in '/home/diego/Workspaces/dev_ws/src/controllers': PYTHONPATH=/home/diego/Workspaces/dev_ws/install/controllers/lib/python3.8/site-packages:${PYTHONPATH} /usr/bin/python3 setup.py egg_info --egg-base ../../build/controllers build --build-base /home/diego/Workspaces/dev_ws/build/controllers/build install --prefix /home/diego/Workspaces/dev_ws/install/controllers --record /home/diego/Workspaces/dev_ws/build/controllers/install.log --single-version-externally-managed
[2.667s] running egg_info
[2.668s] writing ../../build/controllers/controllers.egg-info/PKG-INFO
[2.670s] writing dependency_links to ../../build/controllers/controllers.egg-info/dependency_links.txt
[2.671s] writing entry points to ../../build/controllers/controllers.egg-info/entry_points.txt
[2.671s] writing requirements to ../../build/controllers/controllers.egg-info/requires.txt
[2.672s] writing top-level names to ../../build/controllers/controllers.egg-info/top_level.txt
[2.762s] reading manifest file '../../build/controllers/controllers.egg-info/SOURCES.txt'
[2.773s] writing manifest file '../../build/controllers/controllers.egg-info/SOURCES.txt'
[2.773s] running build
[2.774s] running build_py
[2.774s] running install
[2.774s] running install_lib
[2.774s] running install_data
[2.775s] running install_egg_info
[2.779s] removing '/home/diego/Workspaces/dev_ws/install/controllers/lib/python3.8/site-packages/controllers-0.0.0-py3.8.egg-info' (and everything under it)
[2.780s] Copying ../../build/controllers/controllers.egg-info to /home/diego/Workspaces/dev_ws/install/controllers/lib/python3.8/site-packages/controllers-0.0.0-py3.8.egg-info
[2.782s] running install_scripts
[2.829s] Installing simple_controller script to /home/diego/Workspaces/dev_ws/install/controllers/lib/controllers
[2.837s] writing list of installed files to '/home/diego/Workspaces/dev_ws/build/controllers/install.log'
[2.907s] Invoked command in '/home/diego/Workspaces/dev_ws/src/controllers' returned '0': PYTHONPATH=/home/diego/Workspaces/dev_ws/install/controllers/lib/python3.8/site-packages:${PYTHONPATH} /usr/bin/python3 setup.py egg_info --egg-base ../../build/controllers build --build-base /home/diego/Workspaces/dev_ws/build/controllers/build install --prefix /home/diego/Workspaces/dev_ws/install/controllers --record /home/diego/Workspaces/dev_ws/build/controllers/install.log --single-version-externally-managed
