[2.575s] Invoking command in '/home/diego/Workspaces/dev_ws/src/controllers': PYTHONPATH=/home/diego/Workspaces/dev_ws/src/install/controllers/lib/python3.8/site-packages:${PYTHONPATH} /usr/bin/python3 setup.py egg_info --egg-base ../build/controllers build --build-base /home/diego/Workspaces/dev_ws/src/build/controllers/build install --prefix /home/diego/Workspaces/dev_ws/src/install/controllers --record /home/diego/Workspaces/dev_ws/src/build/controllers/install.log --single-version-externally-managed
[3.269s] running egg_info
[3.273s] writing ../build/controllers/controllers.egg-info/PKG-INFO
[3.275s] writing dependency_links to ../build/controllers/controllers.egg-info/dependency_links.txt
[3.276s] writing entry points to ../build/controllers/controllers.egg-info/entry_points.txt
[3.278s] writing requirements to ../build/controllers/controllers.egg-info/requires.txt
[3.279s] writing top-level names to ../build/controllers/controllers.egg-info/top_level.txt
[3.395s] reading manifest file '../build/controllers/controllers.egg-info/SOURCES.txt'
[3.398s] writing manifest file '../build/controllers/controllers.egg-info/SOURCES.txt'
[3.399s] running build
[3.399s] running build_py
[3.400s] copying controllers/simple_controller.py -> /home/diego/Workspaces/dev_ws/src/build/controllers/build/lib/controllers
[3.402s] running install
[3.405s] running install_lib
[3.408s] copying /home/diego/Workspaces/dev_ws/src/build/controllers/build/lib/controllers/simple_controller.py -> /home/diego/Workspaces/dev_ws/src/install/controllers/lib/python3.8/site-packages/controllers
[3.410s] byte-compiling /home/diego/Workspaces/dev_ws/src/install/controllers/lib/python3.8/site-packages/controllers/simple_controller.py to simple_controller.cpython-38.pyc
[3.415s] running install_data
[3.417s] running install_egg_info
[3.427s] removing '/home/diego/Workspaces/dev_ws/src/install/controllers/lib/python3.8/site-packages/controllers-0.0.0-py3.8.egg-info' (and everything under it)
[3.429s] Copying ../build/controllers/controllers.egg-info to /home/diego/Workspaces/dev_ws/src/install/controllers/lib/python3.8/site-packages/controllers-0.0.0-py3.8.egg-info
[3.432s] running install_scripts
[3.481s] Installing simple_controller script to /home/diego/Workspaces/dev_ws/src/install/controllers/lib/controllers
[3.483s] writing list of installed files to '/home/diego/Workspaces/dev_ws/src/build/controllers/install.log'
[3.569s] Invoked command in '/home/diego/Workspaces/dev_ws/src/controllers' returned '0': PYTHONPATH=/home/diego/Workspaces/dev_ws/src/install/controllers/lib/python3.8/site-packages:${PYTHONPATH} /usr/bin/python3 setup.py egg_info --egg-base ../build/controllers build --build-base /home/diego/Workspaces/dev_ws/src/build/controllers/build install --prefix /home/diego/Workspaces/dev_ws/src/install/controllers --record /home/diego/Workspaces/dev_ws/src/build/controllers/install.log --single-version-externally-managed
