[2.766s] Invoking command in '/home/diego/Workspaces/dev_ws/src/controllers': PYTHONPATH=/home/diego/Workspaces/dev_ws/install/controllers/lib/python3.8/site-packages:${PYTHONPATH} /usr/bin/python3 setup.py egg_info --egg-base ../../build/controllers build --build-base /home/diego/Workspaces/dev_ws/build/controllers/build install --prefix /home/diego/Workspaces/dev_ws/install/controllers --record /home/diego/Workspaces/dev_ws/build/controllers/install.log --single-version-externally-managed
[3.468s] running egg_info
[3.468s] writing ../../build/controllers/controllers.egg-info/PKG-INFO
[3.470s] writing dependency_links to ../../build/controllers/controllers.egg-info/dependency_links.txt
[3.471s] writing entry points to ../../build/controllers/controllers.egg-info/entry_points.txt
[3.472s] writing requirements to ../../build/controllers/controllers.egg-info/requires.txt
[3.474s] writing top-level names to ../../build/controllers/controllers.egg-info/top_level.txt
[3.585s] reading manifest file '../../build/controllers/controllers.egg-info/SOURCES.txt'
[3.589s] writing manifest file '../../build/controllers/controllers.egg-info/SOURCES.txt'
[3.590s] running build
[3.591s] running build_py
[3.593s] copying controllers/simple_controller.py -> /home/diego/Workspaces/dev_ws/build/controllers/build/lib/controllers
[3.596s] running install
[3.600s] running install_lib
[3.604s] copying /home/diego/Workspaces/dev_ws/build/controllers/build/lib/controllers/simple_controller.py -> /home/diego/Workspaces/dev_ws/install/controllers/lib/python3.8/site-packages/controllers
[3.607s] byte-compiling /home/diego/Workspaces/dev_ws/install/controllers/lib/python3.8/site-packages/controllers/simple_controller.py to simple_controller.cpython-38.pyc
[3.617s] running install_data
[3.620s] running install_egg_info
[3.626s] removing '/home/diego/Workspaces/dev_ws/install/controllers/lib/python3.8/site-packages/controllers-0.0.0-py3.8.egg-info' (and everything under it)
[3.627s] Copying ../../build/controllers/controllers.egg-info to /home/diego/Workspaces/dev_ws/install/controllers/lib/python3.8/site-packages/controllers-0.0.0-py3.8.egg-info
[3.632s] running install_scripts
[3.689s] Installing simple_controller script to /home/diego/Workspaces/dev_ws/install/controllers/lib/controllers
[3.691s] writing list of installed files to '/home/diego/Workspaces/dev_ws/build/controllers/install.log'
[3.777s] Invoked command in '/home/diego/Workspaces/dev_ws/src/controllers' returned '0': PYTHONPATH=/home/diego/Workspaces/dev_ws/install/controllers/lib/python3.8/site-packages:${PYTHONPATH} /usr/bin/python3 setup.py egg_info --egg-base ../../build/controllers build --build-base /home/diego/Workspaces/dev_ws/build/controllers/build install --prefix /home/diego/Workspaces/dev_ws/install/controllers --record /home/diego/Workspaces/dev_ws/build/controllers/install.log --single-version-externally-managed
