[2.840s] Invoking command in '/home/diego/Workspaces/dev_ws/src/controllers': PYTHONPATH=/home/diego/Workspaces/dev_ws/install/controllers/lib/python3.8/site-packages:${PYTHONPATH} /usr/bin/python3 setup.py egg_info --egg-base ../../build/controllers build --build-base /home/diego/Workspaces/dev_ws/build/controllers/build install --prefix /home/diego/Workspaces/dev_ws/install/controllers --record /home/diego/Workspaces/dev_ws/build/controllers/install.log --single-version-externally-managed
[3.589s] running egg_info
[3.592s] writing ../../build/controllers/controllers.egg-info/PKG-INFO
[3.595s] writing dependency_links to ../../build/controllers/controllers.egg-info/dependency_links.txt
[3.595s] writing entry points to ../../build/controllers/controllers.egg-info/entry_points.txt
[3.596s] writing requirements to ../../build/controllers/controllers.egg-info/requires.txt
[3.598s] writing top-level names to ../../build/controllers/controllers.egg-info/top_level.txt
[3.700s] reading manifest file '../../build/controllers/controllers.egg-info/SOURCES.txt'
[3.704s] writing manifest file '../../build/controllers/controllers.egg-info/SOURCES.txt'
[3.704s] running build
[3.704s] running build_py
[3.705s] running install
[3.707s] running install_lib
[3.711s] running install_data
[3.713s] running install_egg_info
[3.718s] removing '/home/diego/Workspaces/dev_ws/install/controllers/lib/python3.8/site-packages/controllers-0.0.0-py3.8.egg-info' (and everything under it)
[3.719s] Copying ../../build/controllers/controllers.egg-info to /home/diego/Workspaces/dev_ws/install/controllers/lib/python3.8/site-packages/controllers-0.0.0-py3.8.egg-info
[3.725s] running install_scripts
[3.783s] Installing simple_controller script to /home/diego/Workspaces/dev_ws/install/controllers/lib/controllers
[3.784s] writing list of installed files to '/home/diego/Workspaces/dev_ws/build/controllers/install.log'
[3.874s] Invoked command in '/home/diego/Workspaces/dev_ws/src/controllers' returned '0': PYTHONPATH=/home/diego/Workspaces/dev_ws/install/controllers/lib/python3.8/site-packages:${PYTHONPATH} /usr/bin/python3 setup.py egg_info --egg-base ../../build/controllers build --build-base /home/diego/Workspaces/dev_ws/build/controllers/build install --prefix /home/diego/Workspaces/dev_ws/install/controllers --record /home/diego/Workspaces/dev_ws/build/controllers/install.log --single-version-externally-managed
