[2.049s] Invoking command in '/home/diego/Workspaces/dev_ws/src/controllers': PYTHONPATH=/home/diego/Workspaces/dev_ws/install/controllers/lib/python3.8/site-packages:${PYTHONPATH} /usr/bin/python3 setup.py egg_info --egg-base ../../build/controllers build --build-base /home/diego/Workspaces/dev_ws/build/controllers/build install --prefix /home/diego/Workspaces/dev_ws/install/controllers --record /home/diego/Workspaces/dev_ws/build/controllers/install.log --single-version-externally-managed
[2.627s] running egg_info
[2.629s] writing ../../build/controllers/controllers.egg-info/PKG-INFO
[2.630s] writing dependency_links to ../../build/controllers/controllers.egg-info/dependency_links.txt
[2.631s] writing entry points to ../../build/controllers/controllers.egg-info/entry_points.txt
[2.632s] writing requirements to ../../build/controllers/controllers.egg-info/requires.txt
[2.632s] writing top-level names to ../../build/controllers/controllers.egg-info/top_level.txt
[2.722s] reading manifest file '../../build/controllers/controllers.egg-info/SOURCES.txt'
[2.725s] writing manifest file '../../build/controllers/controllers.egg-info/SOURCES.txt'
[2.725s] running build
[2.726s] running build_py
[2.726s] running install
[2.728s] running install_lib
[2.732s] running install_data
[2.734s] running install_egg_info
[2.747s] removing '/home/diego/Workspaces/dev_ws/install/controllers/lib/python3.8/site-packages/controllers-0.0.0-py3.8.egg-info' (and everything under it)
[2.748s] Copying ../../build/controllers/controllers.egg-info to /home/diego/Workspaces/dev_ws/install/controllers/lib/python3.8/site-packages/controllers-0.0.0-py3.8.egg-info
[2.748s] running install_scripts
[2.793s] Installing simple_controller script to /home/diego/Workspaces/dev_ws/install/controllers/lib/controllers
[2.794s] writing list of installed files to '/home/diego/Workspaces/dev_ws/build/controllers/install.log'
[2.865s] Invoked command in '/home/diego/Workspaces/dev_ws/src/controllers' returned '0': PYTHONPATH=/home/diego/Workspaces/dev_ws/install/controllers/lib/python3.8/site-packages:${PYTHONPATH} /usr/bin/python3 setup.py egg_info --egg-base ../../build/controllers build --build-base /home/diego/Workspaces/dev_ws/build/controllers/build install --prefix /home/diego/Workspaces/dev_ws/install/controllers --record /home/diego/Workspaces/dev_ws/build/controllers/install.log --single-version-externally-managed
