[2.082s] Invoking command in '/home/diego/Workspaces/dev_ws/src/controllers': PYTHONPATH=/home/diego/Workspaces/dev_ws/install/controllers/lib/python3.8/site-packages:${PYTHONPATH} /usr/bin/python3 setup.py egg_info --egg-base ../../build/controllers build --build-base /home/diego/Workspaces/dev_ws/build/controllers/build install --prefix /home/diego/Workspaces/dev_ws/install/controllers --record /home/diego/Workspaces/dev_ws/build/controllers/install.log --single-version-externally-managed
[2.671s] running egg_info
[2.673s] writing ../../build/controllers/controllers.egg-info/PKG-INFO
[2.674s] writing dependency_links to ../../build/controllers/controllers.egg-info/dependency_links.txt
[2.677s] writing entry points to ../../build/controllers/controllers.egg-info/entry_points.txt
[2.678s] writing requirements to ../../build/controllers/controllers.egg-info/requires.txt
[2.679s] writing top-level names to ../../build/controllers/controllers.egg-info/top_level.txt
[2.774s] reading manifest file '../../build/controllers/controllers.egg-info/SOURCES.txt'
[2.777s] writing manifest file '../../build/controllers/controllers.egg-info/SOURCES.txt'
[2.778s] running build
[2.778s] running build_py
[2.780s] running install
[2.783s] running install_lib
[2.787s] running install_data
[2.789s] running install_egg_info
[2.795s] removing '/home/diego/Workspaces/dev_ws/install/controllers/lib/python3.8/site-packages/controllers-0.0.0-py3.8.egg-info' (and everything under it)
[2.796s] Copying ../../build/controllers/controllers.egg-info to /home/diego/Workspaces/dev_ws/install/controllers/lib/python3.8/site-packages/controllers-0.0.0-py3.8.egg-info
[2.799s] running install_scripts
[2.848s] Installing simple_controller script to /home/diego/Workspaces/dev_ws/install/controllers/lib/controllers
[2.850s] writing list of installed files to '/home/diego/Workspaces/dev_ws/build/controllers/install.log'
[2.932s] Invoked command in '/home/diego/Workspaces/dev_ws/src/controllers' returned '0': PYTHONPATH=/home/diego/Workspaces/dev_ws/install/controllers/lib/python3.8/site-packages:${PYTHONPATH} /usr/bin/python3 setup.py egg_info --egg-base ../../build/controllers build --build-base /home/diego/Workspaces/dev_ws/build/controllers/build install --prefix /home/diego/Workspaces/dev_ws/install/controllers --record /home/diego/Workspaces/dev_ws/build/controllers/install.log --single-version-externally-managed
