[2.029s] Invoking command in '/home/diego/Workspaces/dev_ws/src/controllers': PYTHONPATH=/home/diego/Workspaces/dev_ws/src/install/controllers/lib/python3.8/site-packages:${PYTHONPATH} /usr/bin/python3 setup.py egg_info --egg-base ../build/controllers build --build-base /home/diego/Workspaces/dev_ws/src/build/controllers/build install --prefix /home/diego/Workspaces/dev_ws/src/install/controllers --record /home/diego/Workspaces/dev_ws/src/build/controllers/install.log --single-version-externally-managed
[2.620s] running egg_info
[2.621s] writing ../build/controllers/controllers.egg-info/PKG-INFO
[2.623s] writing dependency_links to ../build/controllers/controllers.egg-info/dependency_links.txt
[2.624s] writing entry points to ../build/controllers/controllers.egg-info/entry_points.txt
[2.625s] writing requirements to ../build/controllers/controllers.egg-info/requires.txt
[2.625s] writing top-level names to ../build/controllers/controllers.egg-info/top_level.txt
[2.711s] reading manifest file '../build/controllers/controllers.egg-info/SOURCES.txt'
[2.714s] writing manifest file '../build/controllers/controllers.egg-info/SOURCES.txt'
[2.717s] running build
[2.717s] running build_py
[2.717s] copying controllers/simple_controller.py -> /home/diego/Workspaces/dev_ws/src/build/controllers/build/lib/controllers
[2.717s] running install
[2.721s] running install_lib
[2.723s] copying /home/diego/Workspaces/dev_ws/src/build/controllers/build/lib/controllers/simple_controller.py -> /home/diego/Workspaces/dev_ws/src/install/controllers/lib/python3.8/site-packages/controllers
[2.724s] byte-compiling /home/diego/Workspaces/dev_ws/src/install/controllers/lib/python3.8/site-packages/controllers/simple_controller.py to simple_controller.cpython-38.pyc
[2.728s] running install_data
[2.730s] running install_egg_info
[2.734s] removing '/home/diego/Workspaces/dev_ws/src/install/controllers/lib/python3.8/site-packages/controllers-0.0.0-py3.8.egg-info' (and everything under it)
[2.735s] Copying ../build/controllers/controllers.egg-info to /home/diego/Workspaces/dev_ws/src/install/controllers/lib/python3.8/site-packages/controllers-0.0.0-py3.8.egg-info
[2.738s] running install_scripts
[2.786s] Installing simple_controller script to /home/diego/Workspaces/dev_ws/src/install/controllers/lib/controllers
[2.790s] writing list of installed files to '/home/diego/Workspaces/dev_ws/src/build/controllers/install.log'
[2.865s] Invoked command in '/home/diego/Workspaces/dev_ws/src/controllers' returned '0': PYTHONPATH=/home/diego/Workspaces/dev_ws/src/install/controllers/lib/python3.8/site-packages:${PYTHONPATH} /usr/bin/python3 setup.py egg_info --egg-base ../build/controllers build --build-base /home/diego/Workspaces/dev_ws/src/build/controllers/build install --prefix /home/diego/Workspaces/dev_ws/src/install/controllers --record /home/diego/Workspaces/dev_ws/src/build/controllers/install.log --single-version-externally-managed
