[0.072s] Invoking command in '/home/diego/Workspaces/dev_ws/src/basic_mobile_robot/build/basic_mobile_robot': CMAKE_PREFIX_PATH=/opt/ros/foxy /usr/bin/cmake --build /home/diego/Workspaces/dev_ws/src/basic_mobile_robot/build/basic_mobile_robot -- -j2 -l2
[0.299s] Invoked command in '/home/diego/Workspaces/dev_ws/src/basic_mobile_robot/build/basic_mobile_robot' returned '0': CMAKE_PREFIX_PATH=/opt/ros/foxy /usr/bin/cmake --build /home/diego/Workspaces/dev_ws/src/basic_mobile_robot/build/basic_mobile_robot -- -j2 -l2
[0.380s] Invoking command in '/home/diego/Workspaces/dev_ws/src/basic_mobile_robot/build/basic_mobile_robot': CMAKE_PREFIX_PATH=/opt/ros/foxy /usr/bin/cmake --install /home/diego/Workspaces/dev_ws/src/basic_mobile_robot/build/basic_mobile_robot
[0.399s] -- Install configuration: ""
[0.402s] -- Up-to-date: /home/diego/Workspaces/dev_ws/src/basic_mobile_robot/install/basic_mobile_robot/share/basic_mobile_robot/config
[0.402s] -- Up-to-date: /home/diego/Workspaces/dev_ws/src/basic_mobile_robot/install/basic_mobile_robot/share/basic_mobile_robot/launch
[0.403s] -- Up-to-date: /home/diego/Workspaces/dev_ws/src/basic_mobile_robot/install/basic_mobile_robot/share/basic_mobile_robot/launch/basic_mobile_bot_v1.launch.py
[0.405s] -- Up-to-date: /home/diego/Workspaces/dev_ws/src/basic_mobile_robot/install/basic_mobile_robot/share/basic_mobile_robot/maps
[0.405s] -- Up-to-date: /home/diego/Workspaces/dev_ws/src/basic_mobile_robot/install/basic_mobile_robot/share/basic_mobile_robot/meshes
[0.405s] -- Up-to-date: /home/diego/Workspaces/dev_ws/src/basic_mobile_robot/install/basic_mobile_robot/share/basic_mobile_robot/meshes/arm_base.stl
[0.406s] -- Up-to-date: /home/diego/Workspaces/dev_ws/src/basic_mobile_robot/install/basic_mobile_robot/share/basic_mobile_robot/meshes/wrist.stl
[0.406s] -- Up-to-date: /home/diego/Workspaces/dev_ws/src/basic_mobile_robot/install/basic_mobile_robot/share/basic_mobile_robot/meshes/bicep.stl
[0.406s] -- Up-to-date: /home/diego/Workspaces/dev_ws/src/basic_mobile_robot/install/basic_mobile_robot/share/basic_mobile_robot/meshes/elbow.stl
[0.406s] -- Up-to-date: /home/diego/Workspaces/dev_ws/src/basic_mobile_robot/install/basic_mobile_robot/share/basic_mobile_robot/meshes/robot_base.stl
[0.407s] -- Up-to-date: /home/diego/Workspaces/dev_ws/src/basic_mobile_robot/install/basic_mobile_robot/share/basic_mobile_robot/meshes/wheel.stl
[0.407s] -- Up-to-date: /home/diego/Workspaces/dev_ws/src/basic_mobile_robot/install/basic_mobile_robot/share/basic_mobile_robot/models
[0.408s] -- Up-to-date: /home/diego/Workspaces/dev_ws/src/basic_mobile_robot/install/basic_mobile_robot/share/basic_mobile_robot/models/basic_mobile_bot_description
[0.409s] -- Up-to-date: /home/diego/Workspaces/dev_ws/src/basic_mobile_robot/install/basic_mobile_robot/share/basic_mobile_robot/models/basic_mobile_bot_description/meshes
[0.409s] -- Up-to-date: /home/diego/Workspaces/dev_ws/src/basic_mobile_robot/install/basic_mobile_robot/share/basic_mobile_robot/models/basic_mobile_bot_description/meshes/arm_base.stl
[0.409s] -- Up-to-date: /home/diego/Workspaces/dev_ws/src/basic_mobile_robot/install/basic_mobile_robot/share/basic_mobile_robot/models/basic_mobile_bot_description/meshes/wrist.stl
[0.409s] -- Up-to-date: /home/diego/Workspaces/dev_ws/src/basic_mobile_robot/install/basic_mobile_robot/share/basic_mobile_robot/models/basic_mobile_bot_description/meshes/bicep.stl
[0.410s] -- Up-to-date: /home/diego/Workspaces/dev_ws/src/basic_mobile_robot/install/basic_mobile_robot/share/basic_mobile_robot/models/basic_mobile_bot_description/meshes/elbow.stl
[0.410s] -- Up-to-date: /home/diego/Workspaces/dev_ws/src/basic_mobile_robot/install/basic_mobile_robot/share/basic_mobile_robot/models/basic_mobile_bot_description/meshes/robot_base.stl
[0.410s] -- Up-to-date: /home/diego/Workspaces/dev_ws/src/basic_mobile_robot/install/basic_mobile_robot/share/basic_mobile_robot/models/basic_mobile_bot_description/meshes/wheel.stl
[0.410s] -- Up-to-date: /home/diego/Workspaces/dev_ws/src/basic_mobile_robot/install/basic_mobile_robot/share/basic_mobile_robot/models/basic_mobile_bot_description/model.config
[0.411s] -- Up-to-date: /home/diego/Workspaces/dev_ws/src/basic_mobile_robot/install/basic_mobile_robot/share/basic_mobile_robot/models/basic_mobile_bot_description/model.sdf
[0.411s] -- Up-to-date: /home/diego/Workspaces/dev_ws/src/basic_mobile_robot/install/basic_mobile_robot/share/basic_mobile_robot/models/basic_mobile_bot_v1.urdf
[0.411s] -- Up-to-date: /home/diego/Workspaces/dev_ws/src/basic_mobile_robot/install/basic_mobile_robot/share/basic_mobile_robot/params
[0.411s] -- Up-to-date: /home/diego/Workspaces/dev_ws/src/basic_mobile_robot/install/basic_mobile_robot/share/basic_mobile_robot/rviz
[0.412s] -- Up-to-date: /home/diego/Workspaces/dev_ws/src/basic_mobile_robot/install/basic_mobile_robot/share/basic_mobile_robot/rviz/urdf_config.rviz
[0.412s] -- Up-to-date: /home/diego/Workspaces/dev_ws/src/basic_mobile_robot/install/basic_mobile_robot/share/basic_mobile_robot/src
[0.413s] -- Up-to-date: /home/diego/Workspaces/dev_ws/src/basic_mobile_robot/install/basic_mobile_robot/share/basic_mobile_robot/worlds
[0.413s] -- Up-to-date: /home/diego/Workspaces/dev_ws/src/basic_mobile_robot/install/basic_mobile_robot/share/ament_index/resource_index/package_run_dependencies/basic_mobile_robot
[0.413s] -- Up-to-date: /home/diego/Workspaces/dev_ws/src/basic_mobile_robot/install/basic_mobile_robot/share/ament_index/resource_index/parent_prefix_path/basic_mobile_robot
[0.414s] -- Up-to-date: /home/diego/Workspaces/dev_ws/src/basic_mobile_robot/install/basic_mobile_robot/share/basic_mobile_robot/environment/ament_prefix_path.sh
[0.415s] -- Up-to-date: /home/diego/Workspaces/dev_ws/src/basic_mobile_robot/install/basic_mobile_robot/share/basic_mobile_robot/environment/ament_prefix_path.dsv
[0.415s] -- Up-to-date: /home/diego/Workspaces/dev_ws/src/basic_mobile_robot/install/basic_mobile_robot/share/basic_mobile_robot/environment/path.sh
[0.416s] -- Up-to-date: /home/diego/Workspaces/dev_ws/src/basic_mobile_robot/install/basic_mobile_robot/share/basic_mobile_robot/environment/path.dsv
[0.416s] -- Up-to-date: /home/diego/Workspaces/dev_ws/src/basic_mobile_robot/install/basic_mobile_robot/share/basic_mobile_robot/local_setup.bash
[0.416s] -- Up-to-date: /home/diego/Workspaces/dev_ws/src/basic_mobile_robot/install/basic_mobile_robot/share/basic_mobile_robot/local_setup.sh
[0.417s] -- Up-to-date: /home/diego/Workspaces/dev_ws/src/basic_mobile_robot/install/basic_mobile_robot/share/basic_mobile_robot/local_setup.zsh
[0.417s] -- Up-to-date: /home/diego/Workspaces/dev_ws/src/basic_mobile_robot/install/basic_mobile_robot/share/basic_mobile_robot/local_setup.dsv
[0.417s] -- Installing: /home/diego/Workspaces/dev_ws/src/basic_mobile_robot/install/basic_mobile_robot/share/basic_mobile_robot/package.dsv
[0.418s] -- Up-to-date: /home/diego/Workspaces/dev_ws/src/basic_mobile_robot/install/basic_mobile_robot/share/ament_index/resource_index/packages/basic_mobile_robot
[0.419s] -- Up-to-date: /home/diego/Workspaces/dev_ws/src/basic_mobile_robot/install/basic_mobile_robot/share/basic_mobile_robot/cmake/basic_mobile_robotConfig.cmake
[0.420s] -- Up-to-date: /home/diego/Workspaces/dev_ws/src/basic_mobile_robot/install/basic_mobile_robot/share/basic_mobile_robot/cmake/basic_mobile_robotConfig-version.cmake
[0.420s] -- Up-to-date: /home/diego/Workspaces/dev_ws/src/basic_mobile_robot/install/basic_mobile_robot/share/basic_mobile_robot/package.xml
[0.424s] Invoked command in '/home/diego/Workspaces/dev_ws/src/basic_mobile_robot/build/basic_mobile_robot' returned '0': CMAKE_PREFIX_PATH=/opt/ros/foxy /usr/bin/cmake --install /home/diego/Workspaces/dev_ws/src/basic_mobile_robot/build/basic_mobile_robot
