[0.088s] Invoking command in '/home/diego/Workspaces/dev_ws/build/basic_mobile_robot': CMAKE_PREFIX_PATH=${CMAKE_PREFIX_PATH}:/home/diego/Workspaces/dev_ws/install/controllers:/opt/ros/foxy /usr/bin/cmake --build /home/diego/Workspaces/dev_ws/build/basic_mobile_robot -- -j2 -l2
[0.858s] Invoked command in '/home/diego/Workspaces/dev_ws/build/basic_mobile_robot' returned '0': CMAKE_PREFIX_PATH=${CMAKE_PREFIX_PATH}:/home/diego/Workspaces/dev_ws/install/controllers:/opt/ros/foxy /usr/bin/cmake --build /home/diego/Workspaces/dev_ws/build/basic_mobile_robot -- -j2 -l2
[0.955s] Invoking command in '/home/diego/Workspaces/dev_ws/build/basic_mobile_robot': CMAKE_PREFIX_PATH=${CMAKE_PREFIX_PATH}:/home/diego/Workspaces/dev_ws/install/controllers:/opt/ros/foxy /usr/bin/cmake --install /home/diego/Workspaces/dev_ws/build/basic_mobile_robot
[0.986s] -- Install configuration: ""
[0.986s] -- Up-to-date: /home/diego/Workspaces/dev_ws/install/basic_mobile_robot/share/basic_mobile_robot/basic_mobile_robot
[0.987s] -- Up-to-date: /home/diego/Workspaces/dev_ws/install/basic_mobile_robot/share/basic_mobile_robot/basic_mobile_robot/__init__.py
[0.987s] -- Up-to-date: /home/diego/Workspaces/dev_ws/install/basic_mobile_robot/share/basic_mobile_robot/config
[0.987s] -- Up-to-date: /home/diego/Workspaces/dev_ws/install/basic_mobile_robot/share/basic_mobile_robot/config/ekf_real.yaml
[0.987s] -- Up-to-date: /home/diego/Workspaces/dev_ws/install/basic_mobile_robot/share/basic_mobile_robot/config/ekf.yaml
[0.987s] -- Up-to-date: /home/diego/Workspaces/dev_ws/install/basic_mobile_robot/share/basic_mobile_robot/launch
[0.988s] -- Up-to-date: /home/diego/Workspaces/dev_ws/install/basic_mobile_robot/share/basic_mobile_robot/launch/basic_mobile_bot_v5.launch.py
[0.988s] -- Up-to-date: /home/diego/Workspaces/dev_ws/install/basic_mobile_robot/share/basic_mobile_robot/launch/basic_mobile_bot_rviz_visualize.launch.py
[0.989s] -- Up-to-date: /home/diego/Workspaces/dev_ws/install/basic_mobile_robot/share/basic_mobile_robot/launch/basic_mobile_bot_v1.launch.py
[0.989s] -- Up-to-date: /home/diego/Workspaces/dev_ws/install/basic_mobile_robot/share/basic_mobile_robot/launch/basic_mobile_bot_v4.launch.py
[0.989s] -- Up-to-date: /home/diego/Workspaces/dev_ws/install/basic_mobile_robot/share/basic_mobile_robot/launch/basic_mobile_bot_slam.launch.py
[0.989s] -- Up-to-date: /home/diego/Workspaces/dev_ws/install/basic_mobile_robot/share/basic_mobile_robot/launch/basic_mobile_bot_slam_real.launch.py
[0.989s] -- Up-to-date: /home/diego/Workspaces/dev_ws/install/basic_mobile_robot/share/basic_mobile_robot/launch/basic_mobile_bot_v2.launch.py
[0.990s] -- Up-to-date: /home/diego/Workspaces/dev_ws/install/basic_mobile_robot/share/basic_mobile_robot/launch/rover_uvg_slam.launch.py
[0.990s] -- Up-to-date: /home/diego/Workspaces/dev_ws/install/basic_mobile_robot/share/basic_mobile_robot/launch/__pycache__
[0.990s] -- Up-to-date: /home/diego/Workspaces/dev_ws/install/basic_mobile_robot/share/basic_mobile_robot/launch/__pycache__/basic_mobile_bot_v1.launch.cpython-38.pyc
[0.990s] -- Up-to-date: /home/diego/Workspaces/dev_ws/install/basic_mobile_robot/share/basic_mobile_robot/launch/urg_launch.py
[0.990s] -- Up-to-date: /home/diego/Workspaces/dev_ws/install/basic_mobile_robot/share/basic_mobile_robot/maps
[0.991s] -- Up-to-date: /home/diego/Workspaces/dev_ws/install/basic_mobile_robot/share/basic_mobile_robot/maps/smalltown_world.yaml
[0.991s] -- Up-to-date: /home/diego/Workspaces/dev_ws/install/basic_mobile_robot/share/basic_mobile_robot/maps/smalltown_world.pgm
[0.991s] -- Up-to-date: /home/diego/Workspaces/dev_ws/install/basic_mobile_robot/share/basic_mobile_robot/meshes
[0.991s] -- Up-to-date: /home/diego/Workspaces/dev_ws/install/basic_mobile_robot/share/basic_mobile_robot/meshes/arm_base.stl
[0.991s] -- Up-to-date: /home/diego/Workspaces/dev_ws/install/basic_mobile_robot/share/basic_mobile_robot/meshes/wrist.stl
[0.991s] -- Up-to-date: /home/diego/Workspaces/dev_ws/install/basic_mobile_robot/share/basic_mobile_robot/meshes/Orugas.stl
[0.992s] -- Up-to-date: /home/diego/Workspaces/dev_ws/install/basic_mobile_robot/share/basic_mobile_robot/meshes/bicep.stl
[0.992s] -- Up-to-date: /home/diego/Workspaces/dev_ws/install/basic_mobile_robot/share/basic_mobile_robot/meshes/elbow.stl
[0.992s] -- Up-to-date: /home/diego/Workspaces/dev_ws/install/basic_mobile_robot/share/basic_mobile_robot/meshes/robot_base.stl
[0.993s] -- Up-to-date: /home/diego/Workspaces/dev_ws/install/basic_mobile_robot/share/basic_mobile_robot/meshes/wheel.stl
[0.993s] -- Up-to-date: /home/diego/Workspaces/dev_ws/install/basic_mobile_robot/share/basic_mobile_robot/meshes/Chasis.stl
[0.993s] -- Up-to-date: /home/diego/Workspaces/dev_ws/install/basic_mobile_robot/share/basic_mobile_robot/models
[0.994s] -- Up-to-date: /home/diego/Workspaces/dev_ws/install/basic_mobile_robot/share/basic_mobile_robot/models/basic_mobile_bot_description
[0.994s] -- Up-to-date: /home/diego/Workspaces/dev_ws/install/basic_mobile_robot/share/basic_mobile_robot/models/basic_mobile_bot_description/meshes
[0.994s] -- Up-to-date: /home/diego/Workspaces/dev_ws/install/basic_mobile_robot/share/basic_mobile_robot/models/basic_mobile_bot_description/meshes/arm_base.stl
[0.994s] -- Up-to-date: /home/diego/Workspaces/dev_ws/install/basic_mobile_robot/share/basic_mobile_robot/models/basic_mobile_bot_description/meshes/wrist.stl
[0.995s] -- Up-to-date: /home/diego/Workspaces/dev_ws/install/basic_mobile_robot/share/basic_mobile_robot/models/basic_mobile_bot_description/meshes/bicep.stl
[0.996s] -- Up-to-date: /home/diego/Workspaces/dev_ws/install/basic_mobile_robot/share/basic_mobile_robot/models/basic_mobile_bot_description/meshes/elbow.stl
[0.996s] -- Up-to-date: /home/diego/Workspaces/dev_ws/install/basic_mobile_robot/share/basic_mobile_robot/models/basic_mobile_bot_description/meshes/robot_base.stl
[0.996s] -- Up-to-date: /home/diego/Workspaces/dev_ws/install/basic_mobile_robot/share/basic_mobile_robot/models/basic_mobile_bot_description/meshes/wheel.stl
[0.997s] -- Up-to-date: /home/diego/Workspaces/dev_ws/install/basic_mobile_robot/share/basic_mobile_robot/models/basic_mobile_bot_description/meshes/Chasis.stl
[0.997s] -- Up-to-date: /home/diego/Workspaces/dev_ws/install/basic_mobile_robot/share/basic_mobile_robot/models/basic_mobile_bot_description/model.config
[0.997s] -- Up-to-date: /home/diego/Workspaces/dev_ws/install/basic_mobile_robot/share/basic_mobile_robot/models/basic_mobile_bot_description/model.sdf
[0.997s] -- Up-to-date: /home/diego/Workspaces/dev_ws/install/basic_mobile_robot/share/basic_mobile_robot/models/basic_mobile_bot_v1.urdf
[0.997s] -- Up-to-date: /home/diego/Workspaces/dev_ws/install/basic_mobile_robot/share/basic_mobile_robot/models/basic_mobile_bot_v2.urdf
[0.997s] -- Up-to-date: /home/diego/Workspaces/dev_ws/install/basic_mobile_robot/share/basic_mobile_robot/params
[0.998s] -- Up-to-date: /home/diego/Workspaces/dev_ws/install/basic_mobile_robot/share/basic_mobile_robot/params/urg.yaml
[0.998s] -- Installing: /home/diego/Workspaces/dev_ws/install/basic_mobile_robot/share/basic_mobile_robot/params/mapper_params_online_sync.yaml
[0.998s] -- Up-to-date: /home/diego/Workspaces/dev_ws/install/basic_mobile_robot/share/basic_mobile_robot/params/nav2_params.yaml
[0.998s] -- Up-to-date: /home/diego/Workspaces/dev_ws/install/basic_mobile_robot/share/basic_mobile_robot/rviz
[0.998s] -- Up-to-date: /home/diego/Workspaces/dev_ws/install/basic_mobile_robot/share/basic_mobile_robot/rviz/urdf_config.rviz
[0.999s] -- Up-to-date: /home/diego/Workspaces/dev_ws/install/basic_mobile_robot/share/basic_mobile_robot/rviz/nav2_config.rviz
[0.999s] -- Up-to-date: /home/diego/Workspaces/dev_ws/install/basic_mobile_robot/share/basic_mobile_robot/scripts
[0.999s] -- Up-to-date: /home/diego/Workspaces/dev_ws/install/basic_mobile_robot/share/basic_mobile_robot/scripts/hardware_arduino_wheels.py
[0.999s] -- Up-to-date: /home/diego/Workspaces/dev_ws/install/basic_mobile_robot/share/basic_mobile_robot/scripts/optitrack_client.py
[1.008s] -- Up-to-date: /home/diego/Workspaces/dev_ws/install/basic_mobile_robot/share/basic_mobile_robot/scripts/node_dwm1001.py
[1.008s] -- Up-to-date: /home/diego/Workspaces/dev_ws/install/basic_mobile_robot/share/basic_mobile_robot/src
[1.009s] -- Up-to-date: /home/diego/Workspaces/dev_ws/install/basic_mobile_robot/share/basic_mobile_robot/worlds
[1.009s] -- Up-to-date: /home/diego/Workspaces/dev_ws/install/basic_mobile_robot/share/basic_mobile_robot/worlds/basic_mobile_bot_world
[1.010s] -- Up-to-date: /home/diego/Workspaces/dev_ws/install/basic_mobile_robot/share/basic_mobile_robot/worlds/basic_mobile_bot_world/smalltown.world
[1.010s] -- Up-to-date: /home/diego/Workspaces/dev_ws/install/basic_mobile_robot/share/basic_mobile_robot/environment/pythonpath.sh
[1.010s] -- Up-to-date: /home/diego/Workspaces/dev_ws/install/basic_mobile_robot/share/basic_mobile_robot/environment/pythonpath.dsv
[1.010s] -- Up-to-date: /home/diego/Workspaces/dev_ws/install/basic_mobile_robot/lib/python3.8/site-packages/basic_mobile_robot
[1.011s] -- Up-to-date: /home/diego/Workspaces/dev_ws/install/basic_mobile_robot/lib/python3.8/site-packages/basic_mobile_robot/__init__.py
[1.086s] Listing '/home/diego/Workspaces/dev_ws/install/basic_mobile_robot/lib/python3.8/site-packages/basic_mobile_robot'...
[1.100s] -- Up-to-date: /home/diego/Workspaces/dev_ws/install/basic_mobile_robot/lib/basic_mobile_robot/hardware_arduino_wheels.py
[1.100s] -- Up-to-date: /home/diego/Workspaces/dev_ws/install/basic_mobile_robot/lib/basic_mobile_robot/optitrack_client.py
[1.101s] -- Up-to-date: /home/diego/Workspaces/dev_ws/install/basic_mobile_robot/share/ament_index/resource_index/package_run_dependencies/basic_mobile_robot
[1.101s] -- Up-to-date: /home/diego/Workspaces/dev_ws/install/basic_mobile_robot/share/ament_index/resource_index/parent_prefix_path/basic_mobile_robot
[1.101s] -- Up-to-date: /home/diego/Workspaces/dev_ws/install/basic_mobile_robot/share/basic_mobile_robot/environment/ament_prefix_path.sh
[1.102s] -- Up-to-date: /home/diego/Workspaces/dev_ws/install/basic_mobile_robot/share/basic_mobile_robot/environment/ament_prefix_path.dsv
[1.102s] -- Up-to-date: /home/diego/Workspaces/dev_ws/install/basic_mobile_robot/share/basic_mobile_robot/environment/path.sh
[1.103s] -- Up-to-date: /home/diego/Workspaces/dev_ws/install/basic_mobile_robot/share/basic_mobile_robot/environment/path.dsv
[1.104s] -- Up-to-date: /home/diego/Workspaces/dev_ws/install/basic_mobile_robot/share/basic_mobile_robot/local_setup.bash
[1.104s] -- Up-to-date: /home/diego/Workspaces/dev_ws/install/basic_mobile_robot/share/basic_mobile_robot/local_setup.sh
[1.105s] -- Up-to-date: /home/diego/Workspaces/dev_ws/install/basic_mobile_robot/share/basic_mobile_robot/local_setup.zsh
[1.105s] -- Up-to-date: /home/diego/Workspaces/dev_ws/install/basic_mobile_robot/share/basic_mobile_robot/local_setup.dsv
[1.105s] -- Installing: /home/diego/Workspaces/dev_ws/install/basic_mobile_robot/share/basic_mobile_robot/package.dsv
[1.105s] -- Up-to-date: /home/diego/Workspaces/dev_ws/install/basic_mobile_robot/share/ament_index/resource_index/packages/basic_mobile_robot
[1.106s] -- Up-to-date: /home/diego/Workspaces/dev_ws/install/basic_mobile_robot/share/basic_mobile_robot/cmake/basic_mobile_robotConfig.cmake
[1.106s] -- Up-to-date: /home/diego/Workspaces/dev_ws/install/basic_mobile_robot/share/basic_mobile_robot/cmake/basic_mobile_robotConfig-version.cmake
[1.106s] -- Up-to-date: /home/diego/Workspaces/dev_ws/install/basic_mobile_robot/share/basic_mobile_robot/package.xml
[1.119s] Invoked command in '/home/diego/Workspaces/dev_ws/build/basic_mobile_robot' returned '0': CMAKE_PREFIX_PATH=${CMAKE_PREFIX_PATH}:/home/diego/Workspaces/dev_ws/install/controllers:/opt/ros/foxy /usr/bin/cmake --install /home/diego/Workspaces/dev_ws/build/basic_mobile_robot
