[0.500s] DEBUG:colcon:Command line arguments: ['/usr/bin/colcon', 'build']
[0.500s] DEBUG:colcon:Parsed command line arguments: Namespace(allow_overriding=[], ament_cmake_args=None, base_paths=['.'], build_base='build', catkin_cmake_args=None, catkin_skip_building_tests=False, cmake_args=None, cmake_clean_cache=False, cmake_clean_first=False, cmake_force_configure=False, cmake_target=None, cmake_target_skip_unavailable=False, continue_on_error=False, event_handlers=None, executor='parallel', ignore_user_meta=False, install_base='install', log_base=None, log_level=None, main=<bound method BuildVerb.main of <colcon_core.verb.build.BuildVerb object at 0x7f463da32fd0>>, merge_install=False, metas=['./colcon.meta'], packages_above=None, packages_above_and_dependencies=None, packages_above_depth=None, packages_end=None, packages_ignore=None, packages_ignore_regex=None, packages_select=None, packages_select_build_failed=False, packages_select_by_dep=None, packages_select_regex=None, packages_select_test_failures=False, packages_skip=None, packages_skip_build_finished=False, packages_skip_by_dep=None, packages_skip_regex=None, packages_skip_test_passed=False, packages_skip_up_to=None, packages_start=None, packages_up_to=None, packages_up_to_regex=None, parallel_workers=2, paths=None, symlink_install=False, test_result_base=None, verb_extension=<colcon_core.verb.build.BuildVerb object at 0x7f463da32fd0>, verb_name='build', verb_parser=<colcon_defaults.argument_parser.defaults.DefaultArgumentsDecorator object at 0x7f463da3d490>)
[0.579s] Level 1:colcon.colcon_core.package_discovery:discover_packages(colcon_meta) check parameters
[0.580s] Level 1:colcon.colcon_core.package_discovery:discover_packages(recursive) check parameters
[0.580s] Level 1:colcon.colcon_core.package_discovery:discover_packages(ignore) check parameters
[0.580s] Level 1:colcon.colcon_core.package_discovery:discover_packages(path) check parameters
[0.580s] Level 1:colcon.colcon_core.package_discovery:discover_packages(colcon_meta) discover
[0.580s] Level 1:colcon.colcon_core.package_discovery:discover_packages(recursive) discover
[0.581s] INFO:colcon.colcon_core.package_discovery:Crawling recursively for packages in '/home/diego/Workspaces/dev_ws/src'
[0.581s] Level 1:colcon.colcon_core.package_identification:_identify(.) by extensions ['ignore', 'ignore_ament_install']
[0.581s] Level 1:colcon.colcon_core.package_identification:_identify(.) by extension 'ignore'
[0.581s] Level 1:colcon.colcon_core.package_identification:_identify(.) by extension 'ignore_ament_install'
[0.582s] Level 1:colcon.colcon_core.package_identification:_identify(.) by extensions ['colcon_pkg']
[0.582s] Level 1:colcon.colcon_core.package_identification:_identify(.) by extension 'colcon_pkg'
[0.582s] Level 1:colcon.colcon_core.package_identification:_identify(.) by extensions ['colcon_meta']
[0.582s] Level 1:colcon.colcon_core.package_identification:_identify(.) by extension 'colcon_meta'
[0.582s] Level 1:colcon.colcon_core.package_identification:_identify(.) by extensions ['ros']
[0.582s] Level 1:colcon.colcon_core.package_identification:_identify(.) by extension 'ros'
[0.619s] Level 1:colcon.colcon_core.package_identification:_identify(.) by extensions ['cmake', 'python']
[0.619s] Level 1:colcon.colcon_core.package_identification:_identify(.) by extension 'cmake'
[0.619s] Level 1:colcon.colcon_core.package_identification:_identify(.) by extension 'python'
[0.619s] Level 1:colcon.colcon_core.package_identification:_identify(.) by extensions ['python_setup_py']
[0.619s] Level 1:colcon.colcon_core.package_identification:_identify(.) by extension 'python_setup_py'
[0.620s] Level 1:colcon.colcon_core.package_identification:_identify(basic_mobile_robot) by extensions ['ignore', 'ignore_ament_install']
[0.620s] Level 1:colcon.colcon_core.package_identification:_identify(basic_mobile_robot) by extension 'ignore'
[0.620s] Level 1:colcon.colcon_core.package_identification:_identify(basic_mobile_robot) by extension 'ignore_ament_install'
[0.620s] Level 1:colcon.colcon_core.package_identification:_identify(basic_mobile_robot) by extensions ['colcon_pkg']
[0.620s] Level 1:colcon.colcon_core.package_identification:_identify(basic_mobile_robot) by extension 'colcon_pkg'
[0.620s] Level 1:colcon.colcon_core.package_identification:_identify(basic_mobile_robot) by extensions ['colcon_meta']
[0.620s] Level 1:colcon.colcon_core.package_identification:_identify(basic_mobile_robot) by extension 'colcon_meta'
[0.621s] Level 1:colcon.colcon_core.package_identification:_identify(basic_mobile_robot) by extensions ['ros']
[0.621s] Level 1:colcon.colcon_core.package_identification:_identify(basic_mobile_robot) by extension 'ros'
[0.628s] DEBUG:colcon.colcon_core.package_identification:Package 'basic_mobile_robot' with type 'ros.ament_cmake' and name 'basic_mobile_robot'
[0.629s] Level 1:colcon.colcon_core.package_identification:_identify(build) by extensions ['ignore', 'ignore_ament_install']
[0.629s] Level 1:colcon.colcon_core.package_identification:_identify(build) by extension 'ignore'
[0.629s] Level 1:colcon.colcon_core.package_identification:_identify(build) ignored
[0.629s] Level 1:colcon.colcon_core.package_identification:_identify(controllers) by extensions ['ignore', 'ignore_ament_install']
[0.630s] Level 1:colcon.colcon_core.package_identification:_identify(controllers) by extension 'ignore'
[0.630s] Level 1:colcon.colcon_core.package_identification:_identify(controllers) by extension 'ignore_ament_install'
[0.630s] Level 1:colcon.colcon_core.package_identification:_identify(controllers) by extensions ['colcon_pkg']
[0.630s] Level 1:colcon.colcon_core.package_identification:_identify(controllers) by extension 'colcon_pkg'
[0.630s] Level 1:colcon.colcon_core.package_identification:_identify(controllers) by extensions ['colcon_meta']
[0.630s] Level 1:colcon.colcon_core.package_identification:_identify(controllers) by extension 'colcon_meta'
[0.630s] Level 1:colcon.colcon_core.package_identification:_identify(controllers) by extensions ['ros']
[0.630s] Level 1:colcon.colcon_core.package_identification:_identify(controllers) by extension 'ros'
[0.632s] DEBUG:colcon.colcon_core.package_identification:Package 'controllers' with type 'ros.ament_python' and name 'controllers'
[0.632s] Level 1:colcon.colcon_core.package_identification:_identify(install) by extensions ['ignore', 'ignore_ament_install']
[0.632s] Level 1:colcon.colcon_core.package_identification:_identify(install) by extension 'ignore'
[0.633s] Level 1:colcon.colcon_core.package_identification:_identify(install) ignored
[0.633s] Level 1:colcon.colcon_core.package_identification:_identify(log) by extensions ['ignore', 'ignore_ament_install']
[0.633s] Level 1:colcon.colcon_core.package_identification:_identify(log) by extension 'ignore'
[0.633s] Level 1:colcon.colcon_core.package_identification:_identify(log) ignored
[0.634s] Level 1:colcon.colcon_core.package_discovery:discover_packages(recursive) using defaults
[0.634s] Level 1:colcon.colcon_core.package_discovery:discover_packages(ignore) discover
[0.634s] Level 1:colcon.colcon_core.package_discovery:discover_packages(ignore) using defaults
[0.634s] Level 1:colcon.colcon_core.package_discovery:discover_packages(path) discover
[0.634s] Level 1:colcon.colcon_core.package_discovery:discover_packages(path) using defaults
[0.719s] Level 1:colcon.colcon_core.package_discovery:discover_packages(prefix_path) check parameters
[0.719s] Level 1:colcon.colcon_core.package_discovery:discover_packages(prefix_path) discover
[0.728s] DEBUG:colcon.colcon_installed_package_information.package_discovery:Found 2 installed packages in /home/diego/Workspaces/dev_ws/src/install
[0.733s] DEBUG:colcon.colcon_installed_package_information.package_discovery:Found 312 installed packages in /opt/ros/foxy
[0.738s] Level 1:colcon.colcon_core.package_discovery:discover_packages(prefix_path) using defaults
[0.988s] Level 5:colcon.colcon_core.verb:set package 'basic_mobile_robot' build argument 'cmake_args' from command line to 'None'
[0.988s] Level 5:colcon.colcon_core.verb:set package 'basic_mobile_robot' build argument 'cmake_target' from command line to 'None'
[0.988s] Level 5:colcon.colcon_core.verb:set package 'basic_mobile_robot' build argument 'cmake_target_skip_unavailable' from command line to 'False'
[0.988s] Level 5:colcon.colcon_core.verb:set package 'basic_mobile_robot' build argument 'cmake_clean_cache' from command line to 'False'
[0.988s] Level 5:colcon.colcon_core.verb:set package 'basic_mobile_robot' build argument 'cmake_clean_first' from command line to 'False'
[0.988s] Level 5:colcon.colcon_core.verb:set package 'basic_mobile_robot' build argument 'cmake_force_configure' from command line to 'False'
[0.988s] Level 5:colcon.colcon_core.verb:set package 'basic_mobile_robot' build argument 'ament_cmake_args' from command line to 'None'
[0.988s] Level 5:colcon.colcon_core.verb:set package 'basic_mobile_robot' build argument 'catkin_cmake_args' from command line to 'None'
[0.988s] Level 5:colcon.colcon_core.verb:set package 'basic_mobile_robot' build argument 'catkin_skip_building_tests' from command line to 'False'
[0.989s] DEBUG:colcon.colcon_core.verb:Building package 'basic_mobile_robot' with the following arguments: {'ament_cmake_args': None, 'build_base': '/home/diego/Workspaces/dev_ws/src/build/basic_mobile_robot', 'catkin_cmake_args': None, 'catkin_skip_building_tests': False, 'cmake_args': None, 'cmake_clean_cache': False, 'cmake_clean_first': False, 'cmake_force_configure': False, 'cmake_target': None, 'cmake_target_skip_unavailable': False, 'install_base': '/home/diego/Workspaces/dev_ws/src/install/basic_mobile_robot', 'merge_install': False, 'path': '/home/diego/Workspaces/dev_ws/src/basic_mobile_robot', 'symlink_install': False, 'test_result_base': None}
[0.992s] Level 5:colcon.colcon_core.verb:set package 'controllers' build argument 'cmake_args' from command line to 'None'
[0.992s] Level 5:colcon.colcon_core.verb:set package 'controllers' build argument 'cmake_target' from command line to 'None'
[0.992s] Level 5:colcon.colcon_core.verb:set package 'controllers' build argument 'cmake_target_skip_unavailable' from command line to 'False'
[0.992s] Level 5:colcon.colcon_core.verb:set package 'controllers' build argument 'cmake_clean_cache' from command line to 'False'
[0.992s] Level 5:colcon.colcon_core.verb:set package 'controllers' build argument 'cmake_clean_first' from command line to 'False'
[0.992s] Level 5:colcon.colcon_core.verb:set package 'controllers' build argument 'cmake_force_configure' from command line to 'False'
[0.992s] Level 5:colcon.colcon_core.verb:set package 'controllers' build argument 'ament_cmake_args' from command line to 'None'
[0.992s] Level 5:colcon.colcon_core.verb:set package 'controllers' build argument 'catkin_cmake_args' from command line to 'None'
[0.992s] Level 5:colcon.colcon_core.verb:set package 'controllers' build argument 'catkin_skip_building_tests' from command line to 'False'
[0.992s] DEBUG:colcon.colcon_core.verb:Building package 'controllers' with the following arguments: {'ament_cmake_args': None, 'build_base': '/home/diego/Workspaces/dev_ws/src/build/controllers', 'catkin_cmake_args': None, 'catkin_skip_building_tests': False, 'cmake_args': None, 'cmake_clean_cache': False, 'cmake_clean_first': False, 'cmake_force_configure': False, 'cmake_target': None, 'cmake_target_skip_unavailable': False, 'install_base': '/home/diego/Workspaces/dev_ws/src/install/controllers', 'merge_install': False, 'path': '/home/diego/Workspaces/dev_ws/src/controllers', 'symlink_install': False, 'test_result_base': None}
[0.994s] INFO:colcon.colcon_core.executor:Executing jobs using 'parallel' executor
[1.008s] DEBUG:colcon.colcon_parallel_executor.executor.parallel:run_until_complete
[1.009s] INFO:colcon.colcon_ros.task.ament_cmake.build:Building ROS package in '/home/diego/Workspaces/dev_ws/src/basic_mobile_robot' with build type 'ament_cmake'
[1.009s] INFO:colcon.colcon_cmake.task.cmake.build:Building CMake package in '/home/diego/Workspaces/dev_ws/src/basic_mobile_robot'
[1.022s] INFO:colcon.colcon_core.plugin_system:Skipping extension 'colcon_core.shell.bat': Not used on non-Windows systems
[1.023s] INFO:colcon.colcon_core.shell:Skip shell extension 'powershell' for command environment: Not usable outside of PowerShell
[1.023s] DEBUG:colcon.colcon_core.shell:Skip shell extension 'dsv' for command environment
[1.047s] INFO:colcon.colcon_ros.task.ament_python.build:Building ROS package in '/home/diego/Workspaces/dev_ws/src/controllers' with build type 'ament_python'
[1.048s] Level 1:colcon.colcon_core.shell:create_environment_hook('controllers', 'ament_prefix_path')
[1.052s] INFO:colcon.colcon_core.shell:Creating environment hook '/home/diego/Workspaces/dev_ws/src/install/controllers/share/controllers/hook/ament_prefix_path.ps1'
[1.058s] INFO:colcon.colcon_core.shell:Creating environment descriptor '/home/diego/Workspaces/dev_ws/src/install/controllers/share/controllers/hook/ament_prefix_path.dsv'
[1.061s] INFO:colcon.colcon_core.shell:Creating environment hook '/home/diego/Workspaces/dev_ws/src/install/controllers/share/controllers/hook/ament_prefix_path.sh'
[1.067s] INFO:colcon.colcon_core.shell:Skip shell extension 'powershell' for command environment: Not usable outside of PowerShell
[1.068s] DEBUG:colcon.colcon_core.shell:Skip shell extension 'dsv' for command environment
[1.117s] DEBUG:colcon.colcon_core.event_handler.log_command:Invoking command in '/home/diego/Workspaces/dev_ws/src/build/basic_mobile_robot': CMAKE_PREFIX_PATH=${CMAKE_PREFIX_PATH}:/home/diego/Workspaces/dev_ws/src/install/controllers:/opt/ros/foxy /usr/bin/cmake --build /home/diego/Workspaces/dev_ws/src/build/basic_mobile_robot -- -j2 -l2
[1.994s] INFO:colcon.colcon_core.task.python.build:Building Python package in '/home/diego/Workspaces/dev_ws/src/controllers'
[1.999s] INFO:colcon.colcon_core.shell:Skip shell extension 'powershell' for command environment: Not usable outside of PowerShell
[1.999s] DEBUG:colcon.colcon_core.shell:Skip shell extension 'dsv' for command environment
[2.034s] DEBUG:colcon.colcon_core.event_handler.log_command:Invoked command in '/home/diego/Workspaces/dev_ws/src/build/basic_mobile_robot' returned '0': CMAKE_PREFIX_PATH=${CMAKE_PREFIX_PATH}:/home/diego/Workspaces/dev_ws/src/install/controllers:/opt/ros/foxy /usr/bin/cmake --build /home/diego/Workspaces/dev_ws/src/build/basic_mobile_robot -- -j2 -l2
[2.352s] DEBUG:colcon.colcon_core.event_handler.log_command:Invoking command in '/home/diego/Workspaces/dev_ws/src/build/basic_mobile_robot': CMAKE_PREFIX_PATH=${CMAKE_PREFIX_PATH}:/home/diego/Workspaces/dev_ws/src/install/controllers:/opt/ros/foxy /usr/bin/cmake --install /home/diego/Workspaces/dev_ws/src/build/basic_mobile_robot
[2.481s] Level 1:colcon.colcon_core.environment:create_environment_scripts_only(basic_mobile_robot)
[2.494s] DEBUG:colcon.colcon_core.event_handler.log_command:Invoked command in '/home/diego/Workspaces/dev_ws/src/build/basic_mobile_robot' returned '0': CMAKE_PREFIX_PATH=${CMAKE_PREFIX_PATH}:/home/diego/Workspaces/dev_ws/src/install/controllers:/opt/ros/foxy /usr/bin/cmake --install /home/diego/Workspaces/dev_ws/src/build/basic_mobile_robot
[2.535s] Level 1:colcon.colcon_core.environment:checking '/home/diego/Workspaces/dev_ws/src/install/basic_mobile_robot' for CMake module files
[2.537s] Level 1:colcon.colcon_core.environment:checking '/home/diego/Workspaces/dev_ws/src/install/basic_mobile_robot' for CMake config files
[2.538s] Level 1:colcon.colcon_core.shell:create_environment_hook('basic_mobile_robot', 'cmake_prefix_path')
[2.552s] INFO:colcon.colcon_core.shell:Creating environment hook '/home/diego/Workspaces/dev_ws/src/install/basic_mobile_robot/share/basic_mobile_robot/hook/cmake_prefix_path.ps1'
[2.560s] INFO:colcon.colcon_core.shell:Creating environment descriptor '/home/diego/Workspaces/dev_ws/src/install/basic_mobile_robot/share/basic_mobile_robot/hook/cmake_prefix_path.dsv'
[2.562s] INFO:colcon.colcon_core.shell:Creating environment hook '/home/diego/Workspaces/dev_ws/src/install/basic_mobile_robot/share/basic_mobile_robot/hook/cmake_prefix_path.sh'
[2.570s] Level 1:colcon.colcon_core.environment:checking '/home/diego/Workspaces/dev_ws/src/install/basic_mobile_robot/bin'
[2.571s] Level 1:colcon.colcon_core.environment:checking '/home/diego/Workspaces/dev_ws/src/install/basic_mobile_robot/lib/pkgconfig/basic_mobile_robot.pc'
[2.572s] Level 1:colcon.colcon_core.environment:checking '/home/diego/Workspaces/dev_ws/src/install/basic_mobile_robot/lib/python3.8/site-packages'
[2.577s] Level 1:colcon.colcon_core.environment:checking '/home/diego/Workspaces/dev_ws/src/install/basic_mobile_robot/bin'
[2.588s] INFO:colcon.colcon_core.shell:Creating package script '/home/diego/Workspaces/dev_ws/src/install/basic_mobile_robot/share/basic_mobile_robot/package.ps1'
[2.596s] INFO:colcon.colcon_core.shell:Creating package descriptor '/home/diego/Workspaces/dev_ws/src/install/basic_mobile_robot/share/basic_mobile_robot/package.dsv'
[2.601s] INFO:colcon.colcon_core.shell:Creating package script '/home/diego/Workspaces/dev_ws/src/install/basic_mobile_robot/share/basic_mobile_robot/package.sh'
[2.610s] INFO:colcon.colcon_core.shell:Creating package script '/home/diego/Workspaces/dev_ws/src/install/basic_mobile_robot/share/basic_mobile_robot/package.bash'
[2.613s] INFO:colcon.colcon_core.shell:Creating package script '/home/diego/Workspaces/dev_ws/src/install/basic_mobile_robot/share/basic_mobile_robot/package.zsh'
[2.623s] Level 1:colcon.colcon_core.environment:create_file_with_runtime_dependencies(/home/diego/Workspaces/dev_ws/src/install/basic_mobile_robot/share/colcon-core/packages/basic_mobile_robot)
[2.822s] Level 1:colcon.colcon_core.environment:create_environment_scripts_only(basic_mobile_robot)
[2.836s] Level 1:colcon.colcon_core.environment:checking '/home/diego/Workspaces/dev_ws/src/install/basic_mobile_robot' for CMake module files
[2.844s] Level 1:colcon.colcon_core.environment:checking '/home/diego/Workspaces/dev_ws/src/install/basic_mobile_robot' for CMake config files
[2.846s] Level 1:colcon.colcon_core.shell:create_environment_hook('basic_mobile_robot', 'cmake_prefix_path')
[2.858s] INFO:colcon.colcon_core.shell:Creating environment hook '/home/diego/Workspaces/dev_ws/src/install/basic_mobile_robot/share/basic_mobile_robot/hook/cmake_prefix_path.ps1'
[2.866s] INFO:colcon.colcon_core.shell:Creating environment descriptor '/home/diego/Workspaces/dev_ws/src/install/basic_mobile_robot/share/basic_mobile_robot/hook/cmake_prefix_path.dsv'
[2.870s] INFO:colcon.colcon_core.shell:Creating environment hook '/home/diego/Workspaces/dev_ws/src/install/basic_mobile_robot/share/basic_mobile_robot/hook/cmake_prefix_path.sh'
[2.879s] Level 1:colcon.colcon_core.environment:checking '/home/diego/Workspaces/dev_ws/src/install/basic_mobile_robot/bin'
[2.879s] Level 1:colcon.colcon_core.environment:checking '/home/diego/Workspaces/dev_ws/src/install/basic_mobile_robot/lib/pkgconfig/basic_mobile_robot.pc'
[2.880s] Level 1:colcon.colcon_core.environment:checking '/home/diego/Workspaces/dev_ws/src/install/basic_mobile_robot/lib/python3.8/site-packages'
[2.880s] Level 1:colcon.colcon_core.environment:checking '/home/diego/Workspaces/dev_ws/src/install/basic_mobile_robot/bin'
[2.894s] INFO:colcon.colcon_core.shell:Creating package script '/home/diego/Workspaces/dev_ws/src/install/basic_mobile_robot/share/basic_mobile_robot/package.ps1'
[2.901s] INFO:colcon.colcon_core.shell:Creating package descriptor '/home/diego/Workspaces/dev_ws/src/install/basic_mobile_robot/share/basic_mobile_robot/package.dsv'
[2.904s] INFO:colcon.colcon_core.shell:Creating package script '/home/diego/Workspaces/dev_ws/src/install/basic_mobile_robot/share/basic_mobile_robot/package.sh'
[2.911s] INFO:colcon.colcon_core.shell:Creating package script '/home/diego/Workspaces/dev_ws/src/install/basic_mobile_robot/share/basic_mobile_robot/package.bash'
[2.916s] INFO:colcon.colcon_core.shell:Creating package script '/home/diego/Workspaces/dev_ws/src/install/basic_mobile_robot/share/basic_mobile_robot/package.zsh'
[2.919s] Level 1:colcon.colcon_core.environment:create_file_with_runtime_dependencies(/home/diego/Workspaces/dev_ws/src/install/basic_mobile_robot/share/colcon-core/packages/basic_mobile_robot)
[3.915s] DEBUG:colcon.colcon_core.event_handler.log_command:Invoking command in '/home/diego/Workspaces/dev_ws/src/controllers': PYTHONPATH=/home/diego/Workspaces/dev_ws/src/install/controllers/lib/python3.8/site-packages:${PYTHONPATH} /usr/bin/python3 setup.py egg_info --egg-base ../build/controllers build --build-base /home/diego/Workspaces/dev_ws/src/build/controllers/build install --prefix /home/diego/Workspaces/dev_ws/src/install/controllers --record /home/diego/Workspaces/dev_ws/src/build/controllers/install.log --single-version-externally-managed
[4.881s] Level 1:colcon.colcon_core.environment:checking '/home/diego/Workspaces/dev_ws/src/install/controllers' for CMake module files
[4.884s] DEBUG:colcon.colcon_core.event_handler.log_command:Invoked command in '/home/diego/Workspaces/dev_ws/src/controllers' returned '0': PYTHONPATH=/home/diego/Workspaces/dev_ws/src/install/controllers/lib/python3.8/site-packages:${PYTHONPATH} /usr/bin/python3 setup.py egg_info --egg-base ../build/controllers build --build-base /home/diego/Workspaces/dev_ws/src/build/controllers/build install --prefix /home/diego/Workspaces/dev_ws/src/install/controllers --record /home/diego/Workspaces/dev_ws/src/build/controllers/install.log --single-version-externally-managed
[4.885s] Level 1:colcon.colcon_core.environment:checking '/home/diego/Workspaces/dev_ws/src/install/controllers' for CMake config files
[4.887s] Level 1:colcon.colcon_core.environment:checking '/home/diego/Workspaces/dev_ws/src/install/controllers/lib'
[4.888s] Level 1:colcon.colcon_core.environment:checking '/home/diego/Workspaces/dev_ws/src/install/controllers/bin'
[4.891s] Level 1:colcon.colcon_core.environment:checking '/home/diego/Workspaces/dev_ws/src/install/controllers/lib/pkgconfig/controllers.pc'
[4.891s] Level 1:colcon.colcon_core.environment:checking '/home/diego/Workspaces/dev_ws/src/install/controllers/lib/python3.8/site-packages'
[4.892s] Level 1:colcon.colcon_core.shell:create_environment_hook('controllers', 'pythonpath')
[4.902s] INFO:colcon.colcon_core.shell:Creating environment hook '/home/diego/Workspaces/dev_ws/src/install/controllers/share/controllers/hook/pythonpath.ps1'
[4.907s] INFO:colcon.colcon_core.shell:Creating environment descriptor '/home/diego/Workspaces/dev_ws/src/install/controllers/share/controllers/hook/pythonpath.dsv'
[4.909s] INFO:colcon.colcon_core.shell:Creating environment hook '/home/diego/Workspaces/dev_ws/src/install/controllers/share/controllers/hook/pythonpath.sh'
[4.911s] Level 1:colcon.colcon_core.environment:checking '/home/diego/Workspaces/dev_ws/src/install/controllers/bin'
[4.911s] Level 1:colcon.colcon_core.environment:create_environment_scripts_only(controllers)
[4.917s] INFO:colcon.colcon_core.shell:Creating package script '/home/diego/Workspaces/dev_ws/src/install/controllers/share/controllers/package.ps1'
[4.922s] INFO:colcon.colcon_core.shell:Creating package descriptor '/home/diego/Workspaces/dev_ws/src/install/controllers/share/controllers/package.dsv'
[4.924s] INFO:colcon.colcon_core.shell:Creating package script '/home/diego/Workspaces/dev_ws/src/install/controllers/share/controllers/package.sh'
[4.930s] INFO:colcon.colcon_core.shell:Creating package script '/home/diego/Workspaces/dev_ws/src/install/controllers/share/controllers/package.bash'
[4.932s] INFO:colcon.colcon_core.shell:Creating package script '/home/diego/Workspaces/dev_ws/src/install/controllers/share/controllers/package.zsh'
[4.934s] Level 1:colcon.colcon_core.environment:create_file_with_runtime_dependencies(/home/diego/Workspaces/dev_ws/src/install/controllers/share/colcon-core/packages/controllers)
[4.938s] DEBUG:colcon.colcon_parallel_executor.executor.parallel:closing loop
[4.939s] DEBUG:colcon.colcon_parallel_executor.executor.parallel:loop closed
[4.939s] DEBUG:colcon.colcon_parallel_executor.executor.parallel:run_until_complete finished with '0'
[4.939s] DEBUG:colcon.colcon_core.event_reactor:joining thread
[4.970s] INFO:colcon.colcon_core.plugin_system:Skipping extension 'colcon_notification.desktop_notification.terminal_notifier': Not used on non-Darwin systems
[4.970s] INFO:colcon.colcon_core.plugin_system:Skipping extension 'colcon_notification.desktop_notification.win32': Not used on non-Windows systems
[4.970s] INFO:colcon.colcon_notification.desktop_notification:Sending desktop notification using 'notify2'
[5.050s] DEBUG:colcon.colcon_core.event_reactor:joined thread
[5.053s] INFO:colcon.colcon_core.shell:Creating prefix script '/home/diego/Workspaces/dev_ws/src/install/local_setup.ps1'
[5.058s] INFO:colcon.colcon_core.shell:Creating prefix util module '/home/diego/Workspaces/dev_ws/src/install/_local_setup_util_ps1.py'
[5.066s] INFO:colcon.colcon_core.shell:Creating prefix chain script '/home/diego/Workspaces/dev_ws/src/install/setup.ps1'
[5.079s] INFO:colcon.colcon_core.shell:Creating prefix script '/home/diego/Workspaces/dev_ws/src/install/local_setup.sh'
[5.081s] INFO:colcon.colcon_core.shell:Creating prefix util module '/home/diego/Workspaces/dev_ws/src/install/_local_setup_util_sh.py'
[5.085s] INFO:colcon.colcon_core.shell:Creating prefix chain script '/home/diego/Workspaces/dev_ws/src/install/setup.sh'
[5.092s] INFO:colcon.colcon_core.shell:Creating prefix script '/home/diego/Workspaces/dev_ws/src/install/local_setup.bash'
[5.098s] INFO:colcon.colcon_core.shell:Creating prefix chain script '/home/diego/Workspaces/dev_ws/src/install/setup.bash'
[5.105s] INFO:colcon.colcon_core.shell:Creating prefix script '/home/diego/Workspaces/dev_ws/src/install/local_setup.zsh'
[5.107s] INFO:colcon.colcon_core.shell:Creating prefix chain script '/home/diego/Workspaces/dev_ws/src/install/setup.zsh'
