[2.481s] Invoking command in '/home/diego/Workspaces/dev_ws/src/controllers': PYTHONPATH=/home/diego/Workspaces/dev_ws/install/controllers/lib/python3.8/site-packages:${PYTHONPATH} /usr/bin/python3 setup.py egg_info --egg-base ../../build/controllers build --build-base /home/diego/Workspaces/dev_ws/build/controllers/build install --prefix /home/diego/Workspaces/dev_ws/install/controllers --record /home/diego/Workspaces/dev_ws/build/controllers/install.log --single-version-externally-managed
[3.145s] running egg_info
[3.147s] writing ../../build/controllers/controllers.egg-info/PKG-INFO
[3.149s] writing dependency_links to ../../build/controllers/controllers.egg-info/dependency_links.txt
[3.151s] writing entry points to ../../build/controllers/controllers.egg-info/entry_points.txt
[3.152s] writing requirements to ../../build/controllers/controllers.egg-info/requires.txt
[3.153s] writing top-level names to ../../build/controllers/controllers.egg-info/top_level.txt
[3.247s] reading manifest file '../../build/controllers/controllers.egg-info/SOURCES.txt'
[3.250s] writing manifest file '../../build/controllers/controllers.egg-info/SOURCES.txt'
[3.251s] running build
[3.251s] running build_py
[3.253s] running install
[3.255s] running install_lib
[3.259s] running install_data
[3.261s] running install_egg_info
[3.266s] removing '/home/diego/Workspaces/dev_ws/install/controllers/lib/python3.8/site-packages/controllers-0.0.0-py3.8.egg-info' (and everything under it)
[3.269s] Copying ../../build/controllers/controllers.egg-info to /home/diego/Workspaces/dev_ws/install/controllers/lib/python3.8/site-packages/controllers-0.0.0-py3.8.egg-info
[3.272s] running install_scripts
[3.321s] Installing simple_controller script to /home/diego/Workspaces/dev_ws/install/controllers/lib/controllers
[3.324s] writing list of installed files to '/home/diego/Workspaces/dev_ws/build/controllers/install.log'
[3.403s] Invoked command in '/home/diego/Workspaces/dev_ws/src/controllers' returned '0': PYTHONPATH=/home/diego/Workspaces/dev_ws/install/controllers/lib/python3.8/site-packages:${PYTHONPATH} /usr/bin/python3 setup.py egg_info --egg-base ../../build/controllers build --build-base /home/diego/Workspaces/dev_ws/build/controllers/build install --prefix /home/diego/Workspaces/dev_ws/install/controllers --record /home/diego/Workspaces/dev_ws/build/controllers/install.log --single-version-externally-managed
