[2.095s] Invoking command in '/home/diego/Workspaces/dev_ws/src/controllers': PYTHONPATH=/home/diego/Workspaces/dev_ws/install/controllers/lib/python3.8/site-packages:${PYTHONPATH} /usr/bin/python3 setup.py egg_info --egg-base ../../build/controllers build --build-base /home/diego/Workspaces/dev_ws/build/controllers/build install --prefix /home/diego/Workspaces/dev_ws/install/controllers --record /home/diego/Workspaces/dev_ws/build/controllers/install.log --single-version-externally-managed
[2.712s] running egg_info
[2.714s] writing ../../build/controllers/controllers.egg-info/PKG-INFO
[2.714s] writing dependency_links to ../../build/controllers/controllers.egg-info/dependency_links.txt
[2.715s] writing entry points to ../../build/controllers/controllers.egg-info/entry_points.txt
[2.716s] writing requirements to ../../build/controllers/controllers.egg-info/requires.txt
[2.716s] writing top-level names to ../../build/controllers/controllers.egg-info/top_level.txt
[2.810s] reading manifest file '../../build/controllers/controllers.egg-info/SOURCES.txt'
[2.812s] writing manifest file '../../build/controllers/controllers.egg-info/SOURCES.txt'
[2.812s] running build
[2.812s] running build_py
[2.813s] running install
[2.815s] running install_lib
[2.819s] running install_data
[2.820s] running install_egg_info
[2.824s] removing '/home/diego/Workspaces/dev_ws/install/controllers/lib/python3.8/site-packages/controllers-0.0.0-py3.8.egg-info' (and everything under it)
[2.825s] Copying ../../build/controllers/controllers.egg-info to /home/diego/Workspaces/dev_ws/install/controllers/lib/python3.8/site-packages/controllers-0.0.0-py3.8.egg-info
[2.827s] running install_scripts
[2.876s] Installing simple_controller script to /home/diego/Workspaces/dev_ws/install/controllers/lib/controllers
[2.877s] writing list of installed files to '/home/diego/Workspaces/dev_ws/build/controllers/install.log'
[2.955s] Invoked command in '/home/diego/Workspaces/dev_ws/src/controllers' returned '0': PYTHONPATH=/home/diego/Workspaces/dev_ws/install/controllers/lib/python3.8/site-packages:${PYTHONPATH} /usr/bin/python3 setup.py egg_info --egg-base ../../build/controllers build --build-base /home/diego/Workspaces/dev_ws/build/controllers/build install --prefix /home/diego/Workspaces/dev_ws/install/controllers --record /home/diego/Workspaces/dev_ws/build/controllers/install.log --single-version-externally-managed
