[4.133s] Invoking command in '/home/diego/Workspaces/dev_ws/src/controllers': PYTHONPATH=/home/diego/Workspaces/dev_ws/src/install/controllers/lib/python3.8/site-packages:${PYTHONPATH} /usr/bin/python3 setup.py egg_info --egg-base ../build/controllers build --build-base /home/diego/Workspaces/dev_ws/src/build/controllers/build install --prefix /home/diego/Workspaces/dev_ws/src/install/controllers --record /home/diego/Workspaces/dev_ws/src/build/controllers/install.log --single-version-externally-managed
[5.180s] running egg_info
[5.184s] writing ../build/controllers/controllers.egg-info/PKG-INFO
[5.187s] writing dependency_links to ../build/controllers/controllers.egg-info/dependency_links.txt
[5.189s] writing entry points to ../build/controllers/controllers.egg-info/entry_points.txt
[5.191s] writing requirements to ../build/controllers/controllers.egg-info/requires.txt
[5.193s] writing top-level names to ../build/controllers/controllers.egg-info/top_level.txt
[5.355s] reading manifest file '../build/controllers/controllers.egg-info/SOURCES.txt'
[5.359s] writing manifest file '../build/controllers/controllers.egg-info/SOURCES.txt'
[5.361s] running build
[5.361s] running build_py
[5.363s] running install
[5.366s] running install_lib
[5.376s] running install_data
[5.379s] running install_egg_info
[5.388s] removing '/home/diego/Workspaces/dev_ws/src/install/controllers/lib/python3.8/site-packages/controllers-0.0.0-py3.8.egg-info' (and everything under it)
[5.389s] Copying ../build/controllers/controllers.egg-info to /home/diego/Workspaces/dev_ws/src/install/controllers/lib/python3.8/site-packages/controllers-0.0.0-py3.8.egg-info
[5.392s] running install_scripts
[5.470s] Installing simple_controller script to /home/diego/Workspaces/dev_ws/src/install/controllers/lib/controllers
[5.472s] writing list of installed files to '/home/diego/Workspaces/dev_ws/src/build/controllers/install.log'
[5.617s] Invoked command in '/home/diego/Workspaces/dev_ws/src/controllers' returned '0': PYTHONPATH=/home/diego/Workspaces/dev_ws/src/install/controllers/lib/python3.8/site-packages:${PYTHONPATH} /usr/bin/python3 setup.py egg_info --egg-base ../build/controllers build --build-base /home/diego/Workspaces/dev_ws/src/build/controllers/build install --prefix /home/diego/Workspaces/dev_ws/src/install/controllers --record /home/diego/Workspaces/dev_ws/src/build/controllers/install.log --single-version-externally-managed
