[4.923s] Invoking command in '/home/diego/Workspaces/dev_ws/src/controllers': PYTHONPATH=/home/diego/Workspaces/dev_ws/install/controllers/lib/python3.8/site-packages:${PYTHONPATH} /usr/bin/python3 setup.py egg_info --egg-base ../../build/controllers build --build-base /home/diego/Workspaces/dev_ws/build/controllers/build install --prefix /home/diego/Workspaces/dev_ws/install/controllers --record /home/diego/Workspaces/dev_ws/build/controllers/install.log --single-version-externally-managed
[6.209s] running egg_info
[6.216s] writing ../../build/controllers/controllers.egg-info/PKG-INFO
[6.226s] writing dependency_links to ../../build/controllers/controllers.egg-info/dependency_links.txt
[6.228s] writing entry points to ../../build/controllers/controllers.egg-info/entry_points.txt
[6.229s] writing requirements to ../../build/controllers/controllers.egg-info/requires.txt
[6.230s] writing top-level names to ../../build/controllers/controllers.egg-info/top_level.txt
[6.462s] reading manifest file '../../build/controllers/controllers.egg-info/SOURCES.txt'
[6.470s] writing manifest file '../../build/controllers/controllers.egg-info/SOURCES.txt'
[6.471s] running build
[6.476s] running build_py
[6.477s] running install
[6.486s] running install_lib
[6.490s] running install_data
[6.494s] running install_egg_info
[6.507s] removing '/home/diego/Workspaces/dev_ws/install/controllers/lib/python3.8/site-packages/controllers-0.0.0-py3.8.egg-info' (and everything under it)
[6.508s] Copying ../../build/controllers/controllers.egg-info to /home/diego/Workspaces/dev_ws/install/controllers/lib/python3.8/site-packages/controllers-0.0.0-py3.8.egg-info
[6.515s] running install_scripts
[6.611s] Installing simple_controller script to /home/diego/Workspaces/dev_ws/install/controllers/lib/controllers
[6.615s] writing list of installed files to '/home/diego/Workspaces/dev_ws/build/controllers/install.log'
[6.785s] Invoked command in '/home/diego/Workspaces/dev_ws/src/controllers' returned '0': PYTHONPATH=/home/diego/Workspaces/dev_ws/install/controllers/lib/python3.8/site-packages:${PYTHONPATH} /usr/bin/python3 setup.py egg_info --egg-base ../../build/controllers build --build-base /home/diego/Workspaces/dev_ws/build/controllers/build install --prefix /home/diego/Workspaces/dev_ws/install/controllers --record /home/diego/Workspaces/dev_ws/build/controllers/install.log --single-version-externally-managed
