[3.243s] Invoking command in '/home/diego/Workspaces/dev_ws/src/controllers': PYTHONPATH=/home/diego/Workspaces/dev_ws/install/controllers/lib/python3.8/site-packages:${PYTHONPATH} /usr/bin/python3 setup.py egg_info --egg-base ../../build/controllers build --build-base /home/diego/Workspaces/dev_ws/build/controllers/build install --prefix /home/diego/Workspaces/dev_ws/install/controllers --record /home/diego/Workspaces/dev_ws/build/controllers/install.log --single-version-externally-managed
[4.079s] running egg_info
[4.084s] writing ../../build/controllers/controllers.egg-info/PKG-INFO
[4.085s] writing dependency_links to ../../build/controllers/controllers.egg-info/dependency_links.txt
[4.086s] writing entry points to ../../build/controllers/controllers.egg-info/entry_points.txt
[4.086s] writing requirements to ../../build/controllers/controllers.egg-info/requires.txt
[4.087s] writing top-level names to ../../build/controllers/controllers.egg-info/top_level.txt
[4.230s] reading manifest file '../../build/controllers/controllers.egg-info/SOURCES.txt'
[4.233s] writing manifest file '../../build/controllers/controllers.egg-info/SOURCES.txt'
[4.235s] running build
[4.236s] running build_py
[4.236s] running install
[4.240s] running install_lib
[4.246s] running install_data
[4.247s] running install_egg_info
[4.254s] removing '/home/diego/Workspaces/dev_ws/install/controllers/lib/python3.8/site-packages/controllers-0.0.0-py3.8.egg-info' (and everything under it)
[4.254s] Copying ../../build/controllers/controllers.egg-info to /home/diego/Workspaces/dev_ws/install/controllers/lib/python3.8/site-packages/controllers-0.0.0-py3.8.egg-info
[4.257s] running install_scripts
[4.329s] Installing simple_controller script to /home/diego/Workspaces/dev_ws/install/controllers/lib/controllers
[4.330s] writing list of installed files to '/home/diego/Workspaces/dev_ws/build/controllers/install.log'
[4.429s] Invoked command in '/home/diego/Workspaces/dev_ws/src/controllers' returned '0': PYTHONPATH=/home/diego/Workspaces/dev_ws/install/controllers/lib/python3.8/site-packages:${PYTHONPATH} /usr/bin/python3 setup.py egg_info --egg-base ../../build/controllers build --build-base /home/diego/Workspaces/dev_ws/build/controllers/build install --prefix /home/diego/Workspaces/dev_ws/install/controllers --record /home/diego/Workspaces/dev_ws/build/controllers/install.log --single-version-externally-managed
