[2.396s] Invoking command in '/home/diego/Workspaces/dev_ws/src/controllers': PYTHONPATH=/home/diego/Workspaces/dev_ws/install/controllers/lib/python3.8/site-packages:${PYTHONPATH} /usr/bin/python3 setup.py egg_info --egg-base ../../build/controllers build --build-base /home/diego/Workspaces/dev_ws/build/controllers/build install --prefix /home/diego/Workspaces/dev_ws/install/controllers --record /home/diego/Workspaces/dev_ws/build/controllers/install.log --single-version-externally-managed
[3.020s] running egg_info
[3.022s] writing ../../build/controllers/controllers.egg-info/PKG-INFO
[3.024s] writing dependency_links to ../../build/controllers/controllers.egg-info/dependency_links.txt
[3.025s] writing entry points to ../../build/controllers/controllers.egg-info/entry_points.txt
[3.027s] writing requirements to ../../build/controllers/controllers.egg-info/requires.txt
[3.028s] writing top-level names to ../../build/controllers/controllers.egg-info/top_level.txt
[3.116s] reading manifest file '../../build/controllers/controllers.egg-info/SOURCES.txt'
[3.119s] writing manifest file '../../build/controllers/controllers.egg-info/SOURCES.txt'
[3.120s] running build
[3.120s] running build_py
[3.121s] running install
[3.124s] running install_lib
[3.127s] running install_data
[3.129s] running install_egg_info
[3.134s] removing '/home/diego/Workspaces/dev_ws/install/controllers/lib/python3.8/site-packages/controllers-0.0.0-py3.8.egg-info' (and everything under it)
[3.135s] Copying ../../build/controllers/controllers.egg-info to /home/diego/Workspaces/dev_ws/install/controllers/lib/python3.8/site-packages/controllers-0.0.0-py3.8.egg-info
[3.138s] running install_scripts
[3.181s] Installing simple_controller script to /home/diego/Workspaces/dev_ws/install/controllers/lib/controllers
[3.182s] writing list of installed files to '/home/diego/Workspaces/dev_ws/build/controllers/install.log'
[3.255s] Invoked command in '/home/diego/Workspaces/dev_ws/src/controllers' returned '0': PYTHONPATH=/home/diego/Workspaces/dev_ws/install/controllers/lib/python3.8/site-packages:${PYTHONPATH} /usr/bin/python3 setup.py egg_info --egg-base ../../build/controllers build --build-base /home/diego/Workspaces/dev_ws/build/controllers/build install --prefix /home/diego/Workspaces/dev_ws/install/controllers --record /home/diego/Workspaces/dev_ws/build/controllers/install.log --single-version-externally-managed
