[2.899s] Invoking command in '/home/diego/Workspaces/dev_ws/src/controllers': PYTHONPATH=/home/diego/Workspaces/dev_ws/install/controllers/lib/python3.8/site-packages:${PYTHONPATH} /usr/bin/python3 setup.py egg_info --egg-base ../../build/controllers build --build-base /home/diego/Workspaces/dev_ws/build/controllers/build install --prefix /home/diego/Workspaces/dev_ws/install/controllers --record /home/diego/Workspaces/dev_ws/build/controllers/install.log --single-version-externally-managed
[3.713s] running egg_info
[3.715s] writing ../../build/controllers/controllers.egg-info/PKG-INFO
[3.716s] writing dependency_links to ../../build/controllers/controllers.egg-info/dependency_links.txt
[3.718s] writing entry points to ../../build/controllers/controllers.egg-info/entry_points.txt
[3.719s] writing requirements to ../../build/controllers/controllers.egg-info/requires.txt
[3.720s] writing top-level names to ../../build/controllers/controllers.egg-info/top_level.txt
[3.825s] reading manifest file '../../build/controllers/controllers.egg-info/SOURCES.txt'
[3.830s] writing manifest file '../../build/controllers/controllers.egg-info/SOURCES.txt'
[3.831s] running build
[3.833s] running build_py
[3.834s] copying controllers/simple_controller.py -> /home/diego/Workspaces/dev_ws/build/controllers/build/lib/controllers
[3.836s] running install
[3.839s] running install_lib
[3.843s] copying /home/diego/Workspaces/dev_ws/build/controllers/build/lib/controllers/simple_controller.py -> /home/diego/Workspaces/dev_ws/install/controllers/lib/python3.8/site-packages/controllers
[3.847s] byte-compiling /home/diego/Workspaces/dev_ws/install/controllers/lib/python3.8/site-packages/controllers/simple_controller.py to simple_controller.cpython-38.pyc
[3.853s] running install_data
[3.855s] running install_egg_info
[3.861s] removing '/home/diego/Workspaces/dev_ws/install/controllers/lib/python3.8/site-packages/controllers-0.0.0-py3.8.egg-info' (and everything under it)
[3.863s] Copying ../../build/controllers/controllers.egg-info to /home/diego/Workspaces/dev_ws/install/controllers/lib/python3.8/site-packages/controllers-0.0.0-py3.8.egg-info
[3.866s] running install_scripts
[3.916s] Installing simple_controller script to /home/diego/Workspaces/dev_ws/install/controllers/lib/controllers
[3.917s] writing list of installed files to '/home/diego/Workspaces/dev_ws/build/controllers/install.log'
[4.008s] Invoked command in '/home/diego/Workspaces/dev_ws/src/controllers' returned '0': PYTHONPATH=/home/diego/Workspaces/dev_ws/install/controllers/lib/python3.8/site-packages:${PYTHONPATH} /usr/bin/python3 setup.py egg_info --egg-base ../../build/controllers build --build-base /home/diego/Workspaces/dev_ws/build/controllers/build install --prefix /home/diego/Workspaces/dev_ws/install/controllers --record /home/diego/Workspaces/dev_ws/build/controllers/install.log --single-version-externally-managed
