[2.783s] Invoking command in '/home/diego/Workspaces/dev_ws/src/controllers': PYTHONPATH=/home/diego/Workspaces/dev_ws/install/controllers/lib/python3.8/site-packages:${PYTHONPATH} /usr/bin/python3 setup.py egg_info --egg-base ../../build/controllers build --build-base /home/diego/Workspaces/dev_ws/build/controllers/build install --prefix /home/diego/Workspaces/dev_ws/install/controllers --record /home/diego/Workspaces/dev_ws/build/controllers/install.log --single-version-externally-managed
[3.889s] running egg_info
[3.893s] writing ../../build/controllers/controllers.egg-info/PKG-INFO
[3.895s] writing dependency_links to ../../build/controllers/controllers.egg-info/dependency_links.txt
[3.897s] writing entry points to ../../build/controllers/controllers.egg-info/entry_points.txt
[3.899s] writing requirements to ../../build/controllers/controllers.egg-info/requires.txt
[3.901s] writing top-level names to ../../build/controllers/controllers.egg-info/top_level.txt
[4.036s] reading manifest file '../../build/controllers/controllers.egg-info/SOURCES.txt'
[4.040s] writing manifest file '../../build/controllers/controllers.egg-info/SOURCES.txt'
[4.042s] running build
[4.043s] running build_py
[4.044s] running install
[4.047s] running install_lib
[4.053s] running install_data
[4.055s] running install_egg_info
[4.061s] removing '/home/diego/Workspaces/dev_ws/install/controllers/lib/python3.8/site-packages/controllers-0.0.0-py3.8.egg-info' (and everything under it)
[4.063s] Copying ../../build/controllers/controllers.egg-info to /home/diego/Workspaces/dev_ws/install/controllers/lib/python3.8/site-packages/controllers-0.0.0-py3.8.egg-info
[4.066s] running install_scripts
[4.137s] Installing simple_controller script to /home/diego/Workspaces/dev_ws/install/controllers/lib/controllers
[4.141s] writing list of installed files to '/home/diego/Workspaces/dev_ws/build/controllers/install.log'
[4.238s] Invoked command in '/home/diego/Workspaces/dev_ws/src/controllers' returned '0': PYTHONPATH=/home/diego/Workspaces/dev_ws/install/controllers/lib/python3.8/site-packages:${PYTHONPATH} /usr/bin/python3 setup.py egg_info --egg-base ../../build/controllers build --build-base /home/diego/Workspaces/dev_ws/build/controllers/build install --prefix /home/diego/Workspaces/dev_ws/install/controllers --record /home/diego/Workspaces/dev_ws/build/controllers/install.log --single-version-externally-managed
