[1.770s] Invoking command in '/home/diego/Workspaces/dev_ws/src/controllers': PYTHONPATH=/home/diego/Workspaces/dev_ws/install/controllers/lib/python3.8/site-packages:${PYTHONPATH} /usr/bin/python3 setup.py egg_info --egg-base ../../build/controllers build --build-base /home/diego/Workspaces/dev_ws/build/controllers/build install --prefix /home/diego/Workspaces/dev_ws/install/controllers --record /home/diego/Workspaces/dev_ws/build/controllers/install.log --single-version-externally-managed
[2.322s] running egg_info
[2.323s] writing ../../build/controllers/controllers.egg-info/PKG-INFO
[2.323s] writing dependency_links to ../../build/controllers/controllers.egg-info/dependency_links.txt
[2.325s] writing entry points to ../../build/controllers/controllers.egg-info/entry_points.txt
[2.326s] writing requirements to ../../build/controllers/controllers.egg-info/requires.txt
[2.326s] writing top-level names to ../../build/controllers/controllers.egg-info/top_level.txt
[2.406s] reading manifest file '../../build/controllers/controllers.egg-info/SOURCES.txt'
[2.408s] writing manifest file '../../build/controllers/controllers.egg-info/SOURCES.txt'
[2.408s] running build
[2.408s] running build_py
[2.409s] running install
[2.410s] running install_lib
[2.413s] running install_data
[2.415s] running install_egg_info
[2.419s] removing '/home/diego/Workspaces/dev_ws/install/controllers/lib/python3.8/site-packages/controllers-0.0.0-py3.8.egg-info' (and everything under it)
[2.419s] Copying ../../build/controllers/controllers.egg-info to /home/diego/Workspaces/dev_ws/install/controllers/lib/python3.8/site-packages/controllers-0.0.0-py3.8.egg-info
[2.421s] running install_scripts
[2.466s] Installing simple_controller script to /home/diego/Workspaces/dev_ws/install/controllers/lib/controllers
[2.467s] writing list of installed files to '/home/diego/Workspaces/dev_ws/build/controllers/install.log'
[2.534s] Invoked command in '/home/diego/Workspaces/dev_ws/src/controllers' returned '0': PYTHONPATH=/home/diego/Workspaces/dev_ws/install/controllers/lib/python3.8/site-packages:${PYTHONPATH} /usr/bin/python3 setup.py egg_info --egg-base ../../build/controllers build --build-base /home/diego/Workspaces/dev_ws/build/controllers/build install --prefix /home/diego/Workspaces/dev_ws/install/controllers --record /home/diego/Workspaces/dev_ws/build/controllers/install.log --single-version-externally-managed
