[2.938s] Invoking command in '/home/diego/Workspaces/dev_ws/src/controllers': PYTHONPATH=/home/diego/Workspaces/dev_ws/install/controllers/lib/python3.8/site-packages:${PYTHONPATH} /usr/bin/python3 setup.py egg_info --egg-base ../../build/controllers build --build-base /home/diego/Workspaces/dev_ws/build/controllers/build install --prefix /home/diego/Workspaces/dev_ws/install/controllers --record /home/diego/Workspaces/dev_ws/build/controllers/install.log --single-version-externally-managed
[3.593s] running egg_info
[3.596s] writing ../../build/controllers/controllers.egg-info/PKG-INFO
[3.597s] writing dependency_links to ../../build/controllers/controllers.egg-info/dependency_links.txt
[3.599s] writing entry points to ../../build/controllers/controllers.egg-info/entry_points.txt
[3.599s] writing requirements to ../../build/controllers/controllers.egg-info/requires.txt
[3.600s] writing top-level names to ../../build/controllers/controllers.egg-info/top_level.txt
[3.707s] reading manifest file '../../build/controllers/controllers.egg-info/SOURCES.txt'
[3.710s] writing manifest file '../../build/controllers/controllers.egg-info/SOURCES.txt'
[3.712s] running build
[3.713s] running build_py
[3.713s] copying controllers/simple_controller.py -> /home/diego/Workspaces/dev_ws/build/controllers/build/lib/controllers
[3.713s] running install
[3.716s] running install_lib
[3.718s] copying /home/diego/Workspaces/dev_ws/build/controllers/build/lib/controllers/simple_controller.py -> /home/diego/Workspaces/dev_ws/install/controllers/lib/python3.8/site-packages/controllers
[3.720s] byte-compiling /home/diego/Workspaces/dev_ws/install/controllers/lib/python3.8/site-packages/controllers/simple_controller.py to simple_controller.cpython-38.pyc
[3.726s] running install_data
[3.726s] running install_egg_info
[3.730s] removing '/home/diego/Workspaces/dev_ws/install/controllers/lib/python3.8/site-packages/controllers-0.0.0-py3.8.egg-info' (and everything under it)
[3.731s] Copying ../../build/controllers/controllers.egg-info to /home/diego/Workspaces/dev_ws/install/controllers/lib/python3.8/site-packages/controllers-0.0.0-py3.8.egg-info
[3.736s] running install_scripts
[3.791s] Installing simple_controller script to /home/diego/Workspaces/dev_ws/install/controllers/lib/controllers
[3.791s] writing list of installed files to '/home/diego/Workspaces/dev_ws/build/controllers/install.log'
[3.881s] Invoked command in '/home/diego/Workspaces/dev_ws/src/controllers' returned '0': PYTHONPATH=/home/diego/Workspaces/dev_ws/install/controllers/lib/python3.8/site-packages:${PYTHONPATH} /usr/bin/python3 setup.py egg_info --egg-base ../../build/controllers build --build-base /home/diego/Workspaces/dev_ws/build/controllers/build install --prefix /home/diego/Workspaces/dev_ws/install/controllers --record /home/diego/Workspaces/dev_ws/build/controllers/install.log --single-version-externally-managed
