[2.937s] Invoking command in '/home/diego/Workspaces/dev_ws/src/controllers': PYTHONPATH=/home/diego/Workspaces/dev_ws/install/controllers/lib/python3.8/site-packages:${PYTHONPATH} /usr/bin/python3 setup.py egg_info --egg-base ../../build/controllers build --build-base /home/diego/Workspaces/dev_ws/build/controllers/build install --prefix /home/diego/Workspaces/dev_ws/install/controllers --record /home/diego/Workspaces/dev_ws/build/controllers/install.log --single-version-externally-managed
[3.635s] running egg_info
[3.638s] writing ../../build/controllers/controllers.egg-info/PKG-INFO
[3.640s] writing dependency_links to ../../build/controllers/controllers.egg-info/dependency_links.txt
[3.642s] writing entry points to ../../build/controllers/controllers.egg-info/entry_points.txt
[3.643s] writing requirements to ../../build/controllers/controllers.egg-info/requires.txt
[3.645s] writing top-level names to ../../build/controllers/controllers.egg-info/top_level.txt
[3.744s] reading manifest file '../../build/controllers/controllers.egg-info/SOURCES.txt'
[3.747s] writing manifest file '../../build/controllers/controllers.egg-info/SOURCES.txt'
[3.749s] running build
[3.750s] running build_py
[3.752s] running install
[3.755s] running install_lib
[3.760s] running install_data
[3.762s] running install_egg_info
[3.768s] removing '/home/diego/Workspaces/dev_ws/install/controllers/lib/python3.8/site-packages/controllers-0.0.0-py3.8.egg-info' (and everything under it)
[3.770s] Copying ../../build/controllers/controllers.egg-info to /home/diego/Workspaces/dev_ws/install/controllers/lib/python3.8/site-packages/controllers-0.0.0-py3.8.egg-info
[3.774s] running install_scripts
[3.831s] Installing simple_controller script to /home/diego/Workspaces/dev_ws/install/controllers/lib/controllers
[3.834s] writing list of installed files to '/home/diego/Workspaces/dev_ws/build/controllers/install.log'
[3.922s] Invoked command in '/home/diego/Workspaces/dev_ws/src/controllers' returned '0': PYTHONPATH=/home/diego/Workspaces/dev_ws/install/controllers/lib/python3.8/site-packages:${PYTHONPATH} /usr/bin/python3 setup.py egg_info --egg-base ../../build/controllers build --build-base /home/diego/Workspaces/dev_ws/build/controllers/build install --prefix /home/diego/Workspaces/dev_ws/install/controllers --record /home/diego/Workspaces/dev_ws/build/controllers/install.log --single-version-externally-managed
