[2.344s] Invoking command in '/home/diego/Workspaces/dev_ws/src/controllers': PYTHONPATH=/home/diego/Workspaces/dev_ws/install/controllers/lib/python3.8/site-packages:${PYTHONPATH} /usr/bin/python3 setup.py egg_info --egg-base ../../build/controllers build --build-base /home/diego/Workspaces/dev_ws/build/controllers/build install --prefix /home/diego/Workspaces/dev_ws/install/controllers --record /home/diego/Workspaces/dev_ws/build/controllers/install.log --single-version-externally-managed
[2.981s] running egg_info
[2.983s] writing ../../build/controllers/controllers.egg-info/PKG-INFO
[2.985s] writing dependency_links to ../../build/controllers/controllers.egg-info/dependency_links.txt
[2.985s] writing entry points to ../../build/controllers/controllers.egg-info/entry_points.txt
[2.990s] writing requirements to ../../build/controllers/controllers.egg-info/requires.txt
[2.990s] writing top-level names to ../../build/controllers/controllers.egg-info/top_level.txt
[3.089s] reading manifest file '../../build/controllers/controllers.egg-info/SOURCES.txt'
[3.092s] writing manifest file '../../build/controllers/controllers.egg-info/SOURCES.txt'
[3.092s] running build
[3.093s] running build_py
[3.093s] running install
[3.097s] running install_lib
[3.099s] running install_data
[3.101s] running install_egg_info
[3.105s] removing '/home/diego/Workspaces/dev_ws/install/controllers/lib/python3.8/site-packages/controllers-0.0.0-py3.8.egg-info' (and everything under it)
[3.106s] Copying ../../build/controllers/controllers.egg-info to /home/diego/Workspaces/dev_ws/install/controllers/lib/python3.8/site-packages/controllers-0.0.0-py3.8.egg-info
[3.110s] running install_scripts
[3.158s] Installing simple_controller script to /home/diego/Workspaces/dev_ws/install/controllers/lib/controllers
[3.159s] writing list of installed files to '/home/diego/Workspaces/dev_ws/build/controllers/install.log'
[3.234s] Invoked command in '/home/diego/Workspaces/dev_ws/src/controllers' returned '0': PYTHONPATH=/home/diego/Workspaces/dev_ws/install/controllers/lib/python3.8/site-packages:${PYTHONPATH} /usr/bin/python3 setup.py egg_info --egg-base ../../build/controllers build --build-base /home/diego/Workspaces/dev_ws/build/controllers/build install --prefix /home/diego/Workspaces/dev_ws/install/controllers --record /home/diego/Workspaces/dev_ws/build/controllers/install.log --single-version-externally-managed
