[3.177s] Invoking command in '/home/diego/Workspaces/dev_ws/src/controllers': PYTHONPATH=/home/diego/Workspaces/dev_ws/install/controllers/lib/python3.8/site-packages:${PYTHONPATH} /usr/bin/python3 setup.py egg_info --egg-base ../../build/controllers build --build-base /home/diego/Workspaces/dev_ws/build/controllers/build install --prefix /home/diego/Workspaces/dev_ws/install/controllers --record /home/diego/Workspaces/dev_ws/build/controllers/install.log --single-version-externally-managed
[3.875s] running egg_info
[3.878s] writing ../../build/controllers/controllers.egg-info/PKG-INFO
[3.881s] writing dependency_links to ../../build/controllers/controllers.egg-info/dependency_links.txt
[3.883s] writing entry points to ../../build/controllers/controllers.egg-info/entry_points.txt
[3.884s] writing requirements to ../../build/controllers/controllers.egg-info/requires.txt
[3.887s] writing top-level names to ../../build/controllers/controllers.egg-info/top_level.txt
[3.986s] reading manifest file '../../build/controllers/controllers.egg-info/SOURCES.txt'
[3.991s] writing manifest file '../../build/controllers/controllers.egg-info/SOURCES.txt'
[3.992s] running build
[3.994s] running build_py
[3.996s] running install
[3.999s] running install_lib
[4.003s] running install_data
[4.005s] running install_egg_info
[4.011s] removing '/home/diego/Workspaces/dev_ws/install/controllers/lib/python3.8/site-packages/controllers-0.0.0-py3.8.egg-info' (and everything under it)
[4.013s] Copying ../../build/controllers/controllers.egg-info to /home/diego/Workspaces/dev_ws/install/controllers/lib/python3.8/site-packages/controllers-0.0.0-py3.8.egg-info
[4.016s] running install_scripts
[4.069s] Installing simple_controller script to /home/diego/Workspaces/dev_ws/install/controllers/lib/controllers
[4.071s] writing list of installed files to '/home/diego/Workspaces/dev_ws/build/controllers/install.log'
[4.178s] Invoked command in '/home/diego/Workspaces/dev_ws/src/controllers' returned '0': PYTHONPATH=/home/diego/Workspaces/dev_ws/install/controllers/lib/python3.8/site-packages:${PYTHONPATH} /usr/bin/python3 setup.py egg_info --egg-base ../../build/controllers build --build-base /home/diego/Workspaces/dev_ws/build/controllers/build install --prefix /home/diego/Workspaces/dev_ws/install/controllers --record /home/diego/Workspaces/dev_ws/build/controllers/install.log --single-version-externally-managed
