[2.577s] Invoking command in '/home/diego/Workspaces/dev_ws/src/controllers': PYTHONPATH=/home/diego/Workspaces/dev_ws/install/controllers/lib/python3.8/site-packages:${PYTHONPATH} /usr/bin/python3 setup.py egg_info --egg-base ../../build/controllers build --build-base /home/diego/Workspaces/dev_ws/build/controllers/build install --prefix /home/diego/Workspaces/dev_ws/install/controllers --record /home/diego/Workspaces/dev_ws/build/controllers/install.log --single-version-externally-managed
[3.111s] running egg_info
[3.113s] writing ../../build/controllers/controllers.egg-info/PKG-INFO
[3.115s] writing dependency_links to ../../build/controllers/controllers.egg-info/dependency_links.txt
[3.116s] writing entry points to ../../build/controllers/controllers.egg-info/entry_points.txt
[3.117s] writing requirements to ../../build/controllers/controllers.egg-info/requires.txt
[3.118s] writing top-level names to ../../build/controllers/controllers.egg-info/top_level.txt
[3.207s] reading manifest file '../../build/controllers/controllers.egg-info/SOURCES.txt'
[3.209s] writing manifest file '../../build/controllers/controllers.egg-info/SOURCES.txt'
[3.210s] running build
[3.210s] running build_py
[3.212s] running install
[3.214s] running install_lib
[3.218s] running install_data
[3.220s] running install_egg_info
[3.225s] removing '/home/diego/Workspaces/dev_ws/install/controllers/lib/python3.8/site-packages/controllers-0.0.0-py3.8.egg-info' (and everything under it)
[3.226s] Copying ../../build/controllers/controllers.egg-info to /home/diego/Workspaces/dev_ws/install/controllers/lib/python3.8/site-packages/controllers-0.0.0-py3.8.egg-info
[3.228s] running install_scripts
[3.271s] Installing simple_controller script to /home/diego/Workspaces/dev_ws/install/controllers/lib/controllers
[3.272s] writing list of installed files to '/home/diego/Workspaces/dev_ws/build/controllers/install.log'
[3.338s] Invoked command in '/home/diego/Workspaces/dev_ws/src/controllers' returned '0': PYTHONPATH=/home/diego/Workspaces/dev_ws/install/controllers/lib/python3.8/site-packages:${PYTHONPATH} /usr/bin/python3 setup.py egg_info --egg-base ../../build/controllers build --build-base /home/diego/Workspaces/dev_ws/build/controllers/build install --prefix /home/diego/Workspaces/dev_ws/install/controllers --record /home/diego/Workspaces/dev_ws/build/controllers/install.log --single-version-externally-managed
