[6.274s] Invoking command in '/home/diego/Workspaces/dev_ws/src/controllers': PYTHONPATH=/home/diego/Workspaces/dev_ws/install/controllers/lib/python3.8/site-packages:${PYTHONPATH} /usr/bin/python3 setup.py egg_info --egg-base ../../build/controllers build --build-base /home/diego/Workspaces/dev_ws/build/controllers/build install --prefix /home/diego/Workspaces/dev_ws/install/controllers --record /home/diego/Workspaces/dev_ws/build/controllers/install.log --single-version-externally-managed
[8.171s] running egg_info
[8.184s] writing ../../build/controllers/controllers.egg-info/PKG-INFO
[8.187s] writing dependency_links to ../../build/controllers/controllers.egg-info/dependency_links.txt
[8.194s] writing entry points to ../../build/controllers/controllers.egg-info/entry_points.txt
[8.196s] writing requirements to ../../build/controllers/controllers.egg-info/requires.txt
[8.197s] writing top-level names to ../../build/controllers/controllers.egg-info/top_level.txt
[8.444s] reading manifest file '../../build/controllers/controllers.egg-info/SOURCES.txt'
[8.446s] writing manifest file '../../build/controllers/controllers.egg-info/SOURCES.txt'
[8.451s] running build
[8.452s] running build_py
[8.452s] running install
[8.455s] running install_lib
[8.470s] running install_data
[8.472s] running install_egg_info
[8.486s] removing '/home/diego/Workspaces/dev_ws/install/controllers/lib/python3.8/site-packages/controllers-0.0.0-py3.8.egg-info' (and everything under it)
[8.488s] Copying ../../build/controllers/controllers.egg-info to /home/diego/Workspaces/dev_ws/install/controllers/lib/python3.8/site-packages/controllers-0.0.0-py3.8.egg-info
[8.497s] running install_scripts
[8.636s] Installing simple_controller script to /home/diego/Workspaces/dev_ws/install/controllers/lib/controllers
[8.642s] writing list of installed files to '/home/diego/Workspaces/dev_ws/build/controllers/install.log'
[8.836s] Invoked command in '/home/diego/Workspaces/dev_ws/src/controllers' returned '0': PYTHONPATH=/home/diego/Workspaces/dev_ws/install/controllers/lib/python3.8/site-packages:${PYTHONPATH} /usr/bin/python3 setup.py egg_info --egg-base ../../build/controllers build --build-base /home/diego/Workspaces/dev_ws/build/controllers/build install --prefix /home/diego/Workspaces/dev_ws/install/controllers --record /home/diego/Workspaces/dev_ws/build/controllers/install.log --single-version-externally-managed
