[0.142s] Invoking command in '/home/diego/Workspaces/dev_ws/build/basic_mobile_robot': CMAKE_PREFIX_PATH=/opt/ros/foxy /usr/bin/cmake --build /home/diego/Workspaces/dev_ws/build/basic_mobile_robot -- -j2 -l2
[1.277s] Invoked command in '/home/diego/Workspaces/dev_ws/build/basic_mobile_robot' returned '0': CMAKE_PREFIX_PATH=/opt/ros/foxy /usr/bin/cmake --build /home/diego/Workspaces/dev_ws/build/basic_mobile_robot -- -j2 -l2
[1.528s] Invoking command in '/home/diego/Workspaces/dev_ws/build/basic_mobile_robot': CMAKE_PREFIX_PATH=/opt/ros/foxy /usr/bin/cmake --install /home/diego/Workspaces/dev_ws/build/basic_mobile_robot
[1.579s] -- Install configuration: ""
[1.583s] -- Up-to-date: /home/diego/Workspaces/dev_ws/install/basic_mobile_robot/share/basic_mobile_robot/config
[1.588s] -- Up-to-date: /home/diego/Workspaces/dev_ws/install/basic_mobile_robot/share/basic_mobile_robot/launch
[1.589s] -- Up-to-date: /home/diego/Workspaces/dev_ws/install/basic_mobile_robot/share/basic_mobile_robot/launch/basic_mobile_bot_v5.launch.py
[1.596s] -- Up-to-date: /home/diego/Workspaces/dev_ws/install/basic_mobile_robot/share/basic_mobile_robot/launch/basic_mobile_bot_rviz_visualize.launch.py
[1.596s] -- Up-to-date: /home/diego/Workspaces/dev_ws/install/basic_mobile_robot/share/basic_mobile_robot/launch/basic_mobile_bot_v1.launch.py
[1.596s] -- Up-to-date: /home/diego/Workspaces/dev_ws/install/basic_mobile_robot/share/basic_mobile_robot/launch/basic_mobile_bot_v4.launch.py
[1.596s] -- Up-to-date: /home/diego/Workspaces/dev_ws/install/basic_mobile_robot/share/basic_mobile_robot/launch/basic_mobile_bot_slam.launch.py
[1.596s] -- Up-to-date: /home/diego/Workspaces/dev_ws/install/basic_mobile_robot/share/basic_mobile_robot/launch/basic_mobile_bot_v2.launch.py
[1.596s] -- Up-to-date: /home/diego/Workspaces/dev_ws/install/basic_mobile_robot/share/basic_mobile_robot/launch/__pycache__
[1.598s] -- Up-to-date: /home/diego/Workspaces/dev_ws/install/basic_mobile_robot/share/basic_mobile_robot/launch/__pycache__/basic_mobile_bot_v1.launch.cpython-38.pyc
[1.599s] -- Up-to-date: /home/diego/Workspaces/dev_ws/install/basic_mobile_robot/share/basic_mobile_robot/launch/urg_launch.py
[1.599s] -- Up-to-date: /home/diego/Workspaces/dev_ws/install/basic_mobile_robot/share/basic_mobile_robot/maps
[1.599s] -- Up-to-date: /home/diego/Workspaces/dev_ws/install/basic_mobile_robot/share/basic_mobile_robot/maps/smalltown_world.yaml
[1.599s] -- Up-to-date: /home/diego/Workspaces/dev_ws/install/basic_mobile_robot/share/basic_mobile_robot/maps/smalltown_world.pgm
[1.599s] -- Up-to-date: /home/diego/Workspaces/dev_ws/install/basic_mobile_robot/share/basic_mobile_robot/meshes
[1.608s] -- Up-to-date: /home/diego/Workspaces/dev_ws/install/basic_mobile_robot/share/basic_mobile_robot/meshes/arm_base.stl
[1.608s] -- Up-to-date: /home/diego/Workspaces/dev_ws/install/basic_mobile_robot/share/basic_mobile_robot/meshes/wrist.stl
[1.608s] -- Up-to-date: /home/diego/Workspaces/dev_ws/install/basic_mobile_robot/share/basic_mobile_robot/meshes/Orugas.stl
[1.609s] -- Up-to-date: /home/diego/Workspaces/dev_ws/install/basic_mobile_robot/share/basic_mobile_robot/meshes/bicep.stl
[1.610s] -- Up-to-date: /home/diego/Workspaces/dev_ws/install/basic_mobile_robot/share/basic_mobile_robot/meshes/elbow.stl
[1.610s] -- Up-to-date: /home/diego/Workspaces/dev_ws/install/basic_mobile_robot/share/basic_mobile_robot/meshes/robot_base.stl
[1.610s] -- Up-to-date: /home/diego/Workspaces/dev_ws/install/basic_mobile_robot/share/basic_mobile_robot/meshes/wheel.stl
[1.611s] -- Up-to-date: /home/diego/Workspaces/dev_ws/install/basic_mobile_robot/share/basic_mobile_robot/meshes/Chasis.stl
[1.612s] -- Up-to-date: /home/diego/Workspaces/dev_ws/install/basic_mobile_robot/share/basic_mobile_robot/models
[1.613s] -- Up-to-date: /home/diego/Workspaces/dev_ws/install/basic_mobile_robot/share/basic_mobile_robot/models/basic_mobile_bot_v2_original.urdf
[1.613s] -- Up-to-date: /home/diego/Workspaces/dev_ws/install/basic_mobile_robot/share/basic_mobile_robot/models/basic_mobile_bot_description
[1.613s] -- Up-to-date: /home/diego/Workspaces/dev_ws/install/basic_mobile_robot/share/basic_mobile_robot/models/basic_mobile_bot_description/orignial.txt
[1.613s] -- Up-to-date: /home/diego/Workspaces/dev_ws/install/basic_mobile_robot/share/basic_mobile_robot/models/basic_mobile_bot_description/model1.sdf
[1.613s] -- Up-to-date: /home/diego/Workspaces/dev_ws/install/basic_mobile_robot/share/basic_mobile_robot/models/basic_mobile_bot_description/meshes
[1.614s] -- Up-to-date: /home/diego/Workspaces/dev_ws/install/basic_mobile_robot/share/basic_mobile_robot/models/basic_mobile_bot_description/meshes/arm_base.stl
[1.614s] -- Up-to-date: /home/diego/Workspaces/dev_ws/install/basic_mobile_robot/share/basic_mobile_robot/models/basic_mobile_bot_description/meshes/wrist.stl
[1.614s] -- Up-to-date: /home/diego/Workspaces/dev_ws/install/basic_mobile_robot/share/basic_mobile_robot/models/basic_mobile_bot_description/meshes/bicep.stl
[1.621s] -- Up-to-date: /home/diego/Workspaces/dev_ws/install/basic_mobile_robot/share/basic_mobile_robot/models/basic_mobile_bot_description/meshes/elbow.stl
[1.621s] -- Up-to-date: /home/diego/Workspaces/dev_ws/install/basic_mobile_robot/share/basic_mobile_robot/models/basic_mobile_bot_description/meshes/robot_base.stl
[1.634s] -- Up-to-date: /home/diego/Workspaces/dev_ws/install/basic_mobile_robot/share/basic_mobile_robot/models/basic_mobile_bot_description/meshes/wheel.stl
[1.635s] -- Up-to-date: /home/diego/Workspaces/dev_ws/install/basic_mobile_robot/share/basic_mobile_robot/models/basic_mobile_bot_description/meshes/Chasis.stl
[1.635s] -- Up-to-date: /home/diego/Workspaces/dev_ws/install/basic_mobile_robot/share/basic_mobile_robot/models/basic_mobile_bot_description/model.config
[1.635s] -- Installing: /home/diego/Workspaces/dev_ws/install/basic_mobile_robot/share/basic_mobile_robot/models/basic_mobile_bot_description/model.sdf
[1.636s] -- Up-to-date: /home/diego/Workspaces/dev_ws/install/basic_mobile_robot/share/basic_mobile_robot/models/basic_mobile_bot_v1.urdf
[1.636s] -- Up-to-date: /home/diego/Workspaces/dev_ws/install/basic_mobile_robot/share/basic_mobile_robot/models/basic_mobile_bot_v2.urdf
[1.636s] -- Up-to-date: /home/diego/Workspaces/dev_ws/install/basic_mobile_robot/share/basic_mobile_robot/params
[1.636s] -- Up-to-date: /home/diego/Workspaces/dev_ws/install/basic_mobile_robot/share/basic_mobile_robot/params/urg.yaml
[1.636s] -- Installing: /home/diego/Workspaces/dev_ws/install/basic_mobile_robot/share/basic_mobile_robot/params/mapper_params_online_sync.yaml
[1.638s] -- Up-to-date: /home/diego/Workspaces/dev_ws/install/basic_mobile_robot/share/basic_mobile_robot/params/nav2_params.yaml
[1.639s] -- Up-to-date: /home/diego/Workspaces/dev_ws/install/basic_mobile_robot/share/basic_mobile_robot/rviz
[1.640s] -- Up-to-date: /home/diego/Workspaces/dev_ws/install/basic_mobile_robot/share/basic_mobile_robot/rviz/urdf_config.rviz
[1.645s] -- Up-to-date: /home/diego/Workspaces/dev_ws/install/basic_mobile_robot/share/basic_mobile_robot/rviz/nav2_config.rviz
[1.645s] -- Up-to-date: /home/diego/Workspaces/dev_ws/install/basic_mobile_robot/share/basic_mobile_robot/src
[1.645s] -- Up-to-date: /home/diego/Workspaces/dev_ws/install/basic_mobile_robot/share/basic_mobile_robot/worlds
[1.646s] -- Up-to-date: /home/diego/Workspaces/dev_ws/install/basic_mobile_robot/share/basic_mobile_robot/worlds/basic_mobile_bot_world
[1.646s] -- Up-to-date: /home/diego/Workspaces/dev_ws/install/basic_mobile_robot/share/basic_mobile_robot/worlds/basic_mobile_bot_world/smalltown.world
[1.646s] -- Up-to-date: /home/diego/Workspaces/dev_ws/install/basic_mobile_robot/share/ament_index/resource_index/package_run_dependencies/basic_mobile_robot
[1.646s] -- Up-to-date: /home/diego/Workspaces/dev_ws/install/basic_mobile_robot/share/ament_index/resource_index/parent_prefix_path/basic_mobile_robot
[1.646s] -- Up-to-date: /home/diego/Workspaces/dev_ws/install/basic_mobile_robot/share/basic_mobile_robot/environment/ament_prefix_path.sh
[1.655s] -- Up-to-date: /home/diego/Workspaces/dev_ws/install/basic_mobile_robot/share/basic_mobile_robot/environment/ament_prefix_path.dsv
[1.655s] -- Up-to-date: /home/diego/Workspaces/dev_ws/install/basic_mobile_robot/share/basic_mobile_robot/environment/path.sh
[1.655s] -- Up-to-date: /home/diego/Workspaces/dev_ws/install/basic_mobile_robot/share/basic_mobile_robot/environment/path.dsv
[1.655s] -- Up-to-date: /home/diego/Workspaces/dev_ws/install/basic_mobile_robot/share/basic_mobile_robot/local_setup.bash
[1.655s] -- Up-to-date: /home/diego/Workspaces/dev_ws/install/basic_mobile_robot/share/basic_mobile_robot/local_setup.sh
[1.656s] -- Up-to-date: /home/diego/Workspaces/dev_ws/install/basic_mobile_robot/share/basic_mobile_robot/local_setup.zsh
[1.656s] -- Up-to-date: /home/diego/Workspaces/dev_ws/install/basic_mobile_robot/share/basic_mobile_robot/local_setup.dsv
[1.656s] -- Installing: /home/diego/Workspaces/dev_ws/install/basic_mobile_robot/share/basic_mobile_robot/package.dsv
[1.659s] -- Up-to-date: /home/diego/Workspaces/dev_ws/install/basic_mobile_robot/share/ament_index/resource_index/packages/basic_mobile_robot
[1.660s] -- Up-to-date: /home/diego/Workspaces/dev_ws/install/basic_mobile_robot/share/basic_mobile_robot/cmake/basic_mobile_robotConfig.cmake
[1.660s] -- Up-to-date: /home/diego/Workspaces/dev_ws/install/basic_mobile_robot/share/basic_mobile_robot/cmake/basic_mobile_robotConfig-version.cmake
[1.660s] -- Up-to-date: /home/diego/Workspaces/dev_ws/install/basic_mobile_robot/share/basic_mobile_robot/package.xml
[1.660s] Invoked command in '/home/diego/Workspaces/dev_ws/build/basic_mobile_robot' returned '0': CMAKE_PREFIX_PATH=/opt/ros/foxy /usr/bin/cmake --install /home/diego/Workspaces/dev_ws/build/basic_mobile_robot
