[2.245s] Invoking command in '/home/diego/Workspaces/dev_ws/src/controllers': PYTHONPATH=/home/diego/Workspaces/dev_ws/install/controllers/lib/python3.8/site-packages:${PYTHONPATH} /usr/bin/python3 setup.py egg_info --egg-base ../../build/controllers build --build-base /home/diego/Workspaces/dev_ws/build/controllers/build install --prefix /home/diego/Workspaces/dev_ws/install/controllers --record /home/diego/Workspaces/dev_ws/build/controllers/install.log --single-version-externally-managed
[2.837s] running egg_info
[2.839s] writing ../../build/controllers/controllers.egg-info/PKG-INFO
[2.841s] writing dependency_links to ../../build/controllers/controllers.egg-info/dependency_links.txt
[2.842s] writing entry points to ../../build/controllers/controllers.egg-info/entry_points.txt
[2.843s] writing requirements to ../../build/controllers/controllers.egg-info/requires.txt
[2.845s] writing top-level names to ../../build/controllers/controllers.egg-info/top_level.txt
[2.930s] reading manifest file '../../build/controllers/controllers.egg-info/SOURCES.txt'
[2.933s] writing manifest file '../../build/controllers/controllers.egg-info/SOURCES.txt'
[2.935s] running build
[2.936s] running build_py
[2.938s] running install
[2.942s] running install_lib
[2.946s] running install_data
[2.948s] running install_egg_info
[2.952s] removing '/home/diego/Workspaces/dev_ws/install/controllers/lib/python3.8/site-packages/controllers-0.0.0-py3.8.egg-info' (and everything under it)
[2.953s] Copying ../../build/controllers/controllers.egg-info to /home/diego/Workspaces/dev_ws/install/controllers/lib/python3.8/site-packages/controllers-0.0.0-py3.8.egg-info
[2.956s] running install_scripts
[3.001s] Installing simple_controller script to /home/diego/Workspaces/dev_ws/install/controllers/lib/controllers
[3.003s] writing list of installed files to '/home/diego/Workspaces/dev_ws/build/controllers/install.log'
[3.072s] Invoked command in '/home/diego/Workspaces/dev_ws/src/controllers' returned '0': PYTHONPATH=/home/diego/Workspaces/dev_ws/install/controllers/lib/python3.8/site-packages:${PYTHONPATH} /usr/bin/python3 setup.py egg_info --egg-base ../../build/controllers build --build-base /home/diego/Workspaces/dev_ws/build/controllers/build install --prefix /home/diego/Workspaces/dev_ws/install/controllers --record /home/diego/Workspaces/dev_ws/build/controllers/install.log --single-version-externally-managed
