[2.691s] Invoking command in '/home/diego/Workspaces/dev_ws/src/controllers': PYTHONPATH=/home/diego/Workspaces/dev_ws/install/controllers/lib/python3.8/site-packages:${PYTHONPATH} /usr/bin/python3 setup.py egg_info --egg-base ../../build/controllers build --build-base /home/diego/Workspaces/dev_ws/build/controllers/build install --prefix /home/diego/Workspaces/dev_ws/install/controllers --record /home/diego/Workspaces/dev_ws/build/controllers/install.log --single-version-externally-managed
[3.356s] running egg_info
[3.359s] writing ../../build/controllers/controllers.egg-info/PKG-INFO
[3.361s] writing dependency_links to ../../build/controllers/controllers.egg-info/dependency_links.txt
[3.362s] writing entry points to ../../build/controllers/controllers.egg-info/entry_points.txt
[3.364s] writing requirements to ../../build/controllers/controllers.egg-info/requires.txt
[3.365s] writing top-level names to ../../build/controllers/controllers.egg-info/top_level.txt
[3.465s] reading manifest file '../../build/controllers/controllers.egg-info/SOURCES.txt'
[3.468s] writing manifest file '../../build/controllers/controllers.egg-info/SOURCES.txt'
[3.469s] running build
[3.470s] running build_py
[3.471s] running install
[3.474s] running install_lib
[3.478s] running install_data
[3.480s] running install_egg_info
[3.485s] removing '/home/diego/Workspaces/dev_ws/install/controllers/lib/python3.8/site-packages/controllers-0.0.0-py3.8.egg-info' (and everything under it)
[3.487s] Copying ../../build/controllers/controllers.egg-info to /home/diego/Workspaces/dev_ws/install/controllers/lib/python3.8/site-packages/controllers-0.0.0-py3.8.egg-info
[3.491s] running install_scripts
[3.535s] Installing simple_controller script to /home/diego/Workspaces/dev_ws/install/controllers/lib/controllers
[3.538s] writing list of installed files to '/home/diego/Workspaces/dev_ws/build/controllers/install.log'
[3.622s] Invoked command in '/home/diego/Workspaces/dev_ws/src/controllers' returned '0': PYTHONPATH=/home/diego/Workspaces/dev_ws/install/controllers/lib/python3.8/site-packages:${PYTHONPATH} /usr/bin/python3 setup.py egg_info --egg-base ../../build/controllers build --build-base /home/diego/Workspaces/dev_ws/build/controllers/build install --prefix /home/diego/Workspaces/dev_ws/install/controllers --record /home/diego/Workspaces/dev_ws/build/controllers/install.log --single-version-externally-managed
