[2.965s] Invoking command in '/home/diego/Workspaces/dev_ws/src/controllers': PYTHONPATH=/home/diego/Workspaces/dev_ws/install/controllers/lib/python3.8/site-packages:${PYTHONPATH} /usr/bin/python3 setup.py egg_info --egg-base ../../build/controllers build --build-base /home/diego/Workspaces/dev_ws/build/controllers/build install --prefix /home/diego/Workspaces/dev_ws/install/controllers --record /home/diego/Workspaces/dev_ws/build/controllers/install.log --single-version-externally-managed
[3.703s] running egg_info
[3.705s] writing ../../build/controllers/controllers.egg-info/PKG-INFO
[3.707s] writing dependency_links to ../../build/controllers/controllers.egg-info/dependency_links.txt
[3.708s] writing entry points to ../../build/controllers/controllers.egg-info/entry_points.txt
[3.709s] writing requirements to ../../build/controllers/controllers.egg-info/requires.txt
[3.711s] writing top-level names to ../../build/controllers/controllers.egg-info/top_level.txt
[3.835s] reading manifest file '../../build/controllers/controllers.egg-info/SOURCES.txt'
[3.838s] writing manifest file '../../build/controllers/controllers.egg-info/SOURCES.txt'
[3.840s] running build
[3.840s] running build_py
[3.842s] running install
[3.845s] running install_lib
[3.851s] running install_data
[3.853s] running install_egg_info
[3.859s] removing '/home/diego/Workspaces/dev_ws/install/controllers/lib/python3.8/site-packages/controllers-0.0.0-py3.8.egg-info' (and everything under it)
[3.861s] Copying ../../build/controllers/controllers.egg-info to /home/diego/Workspaces/dev_ws/install/controllers/lib/python3.8/site-packages/controllers-0.0.0-py3.8.egg-info
[3.865s] running install_scripts
[3.914s] Installing simple_controller script to /home/diego/Workspaces/dev_ws/install/controllers/lib/controllers
[3.917s] writing list of installed files to '/home/diego/Workspaces/dev_ws/build/controllers/install.log'
[4.000s] Invoked command in '/home/diego/Workspaces/dev_ws/src/controllers' returned '0': PYTHONPATH=/home/diego/Workspaces/dev_ws/install/controllers/lib/python3.8/site-packages:${PYTHONPATH} /usr/bin/python3 setup.py egg_info --egg-base ../../build/controllers build --build-base /home/diego/Workspaces/dev_ws/build/controllers/build install --prefix /home/diego/Workspaces/dev_ws/install/controllers --record /home/diego/Workspaces/dev_ws/build/controllers/install.log --single-version-externally-managed
