[2.871s] Invoking command in '/home/diego/Workspaces/dev_ws/src/controllers': PYTHONPATH=/home/diego/Workspaces/dev_ws/install/controllers/lib/python3.8/site-packages:${PYTHONPATH} /usr/bin/python3 setup.py egg_info --egg-base ../../build/controllers build --build-base /home/diego/Workspaces/dev_ws/build/controllers/build install --prefix /home/diego/Workspaces/dev_ws/install/controllers --record /home/diego/Workspaces/dev_ws/build/controllers/install.log --single-version-externally-managed
[3.657s] running egg_info
[3.660s] writing ../../build/controllers/controllers.egg-info/PKG-INFO
[3.661s] writing dependency_links to ../../build/controllers/controllers.egg-info/dependency_links.txt
[3.666s] writing entry points to ../../build/controllers/controllers.egg-info/entry_points.txt
[3.666s] writing requirements to ../../build/controllers/controllers.egg-info/requires.txt
[3.666s] writing top-level names to ../../build/controllers/controllers.egg-info/top_level.txt
[3.778s] reading manifest file '../../build/controllers/controllers.egg-info/SOURCES.txt'
[3.781s] writing manifest file '../../build/controllers/controllers.egg-info/SOURCES.txt'
[3.781s] running build
[3.781s] running build_py
[3.781s] copying controllers/simple_controller.py -> /home/diego/Workspaces/dev_ws/build/controllers/build/lib/controllers
[3.785s] running install
[3.786s] running install_lib
[3.788s] copying /home/diego/Workspaces/dev_ws/build/controllers/build/lib/controllers/simple_controller.py -> /home/diego/Workspaces/dev_ws/install/controllers/lib/python3.8/site-packages/controllers
[3.790s] byte-compiling /home/diego/Workspaces/dev_ws/install/controllers/lib/python3.8/site-packages/controllers/simple_controller.py to simple_controller.cpython-38.pyc
[3.796s] running install_data
[3.797s] running install_egg_info
[3.801s] removing '/home/diego/Workspaces/dev_ws/install/controllers/lib/python3.8/site-packages/controllers-0.0.0-py3.8.egg-info' (and everything under it)
[3.802s] Copying ../../build/controllers/controllers.egg-info to /home/diego/Workspaces/dev_ws/install/controllers/lib/python3.8/site-packages/controllers-0.0.0-py3.8.egg-info
[3.804s] running install_scripts
[3.859s] Installing simple_controller script to /home/diego/Workspaces/dev_ws/install/controllers/lib/controllers
[3.861s] writing list of installed files to '/home/diego/Workspaces/dev_ws/build/controllers/install.log'
[3.947s] Invoked command in '/home/diego/Workspaces/dev_ws/src/controllers' returned '0': PYTHONPATH=/home/diego/Workspaces/dev_ws/install/controllers/lib/python3.8/site-packages:${PYTHONPATH} /usr/bin/python3 setup.py egg_info --egg-base ../../build/controllers build --build-base /home/diego/Workspaces/dev_ws/build/controllers/build install --prefix /home/diego/Workspaces/dev_ws/install/controllers --record /home/diego/Workspaces/dev_ws/build/controllers/install.log --single-version-externally-managed
