[2.821s] Invoking command in '/home/diego/Workspaces/dev_ws/src/controllers': PYTHONPATH=/home/diego/Workspaces/dev_ws/install/controllers/lib/python3.8/site-packages:${PYTHONPATH} /usr/bin/python3 setup.py egg_info --egg-base ../../build/controllers build --build-base /home/diego/Workspaces/dev_ws/build/controllers/build install --prefix /home/diego/Workspaces/dev_ws/install/controllers --record /home/diego/Workspaces/dev_ws/build/controllers/install.log --single-version-externally-managed
[3.538s] running egg_info
[3.540s] writing ../../build/controllers/controllers.egg-info/PKG-INFO
[3.542s] writing dependency_links to ../../build/controllers/controllers.egg-info/dependency_links.txt
[3.543s] writing entry points to ../../build/controllers/controllers.egg-info/entry_points.txt
[3.544s] writing requirements to ../../build/controllers/controllers.egg-info/requires.txt
[3.546s] writing top-level names to ../../build/controllers/controllers.egg-info/top_level.txt
[3.655s] reading manifest file '../../build/controllers/controllers.egg-info/SOURCES.txt'
[3.658s] writing manifest file '../../build/controllers/controllers.egg-info/SOURCES.txt'
[3.659s] running build
[3.660s] running build_py
[3.661s] copying controllers/simple_controller.py -> /home/diego/Workspaces/dev_ws/build/controllers/build/lib/controllers
[3.663s] running install
[3.666s] running install_lib
[3.671s] copying /home/diego/Workspaces/dev_ws/build/controllers/build/lib/controllers/simple_controller.py -> /home/diego/Workspaces/dev_ws/install/controllers/lib/python3.8/site-packages/controllers
[3.677s] byte-compiling /home/diego/Workspaces/dev_ws/install/controllers/lib/python3.8/site-packages/controllers/simple_controller.py to simple_controller.cpython-38.pyc
[3.683s] running install_data
[3.685s] running install_egg_info
[3.690s] removing '/home/diego/Workspaces/dev_ws/install/controllers/lib/python3.8/site-packages/controllers-0.0.0-py3.8.egg-info' (and everything under it)
[3.692s] Copying ../../build/controllers/controllers.egg-info to /home/diego/Workspaces/dev_ws/install/controllers/lib/python3.8/site-packages/controllers-0.0.0-py3.8.egg-info
[3.694s] running install_scripts
[3.752s] Installing simple_controller script to /home/diego/Workspaces/dev_ws/install/controllers/lib/controllers
[3.753s] writing list of installed files to '/home/diego/Workspaces/dev_ws/build/controllers/install.log'
[3.830s] Invoked command in '/home/diego/Workspaces/dev_ws/src/controllers' returned '0': PYTHONPATH=/home/diego/Workspaces/dev_ws/install/controllers/lib/python3.8/site-packages:${PYTHONPATH} /usr/bin/python3 setup.py egg_info --egg-base ../../build/controllers build --build-base /home/diego/Workspaces/dev_ws/build/controllers/build install --prefix /home/diego/Workspaces/dev_ws/install/controllers --record /home/diego/Workspaces/dev_ws/build/controllers/install.log --single-version-externally-managed
