[2.979s] Invoking command in '/home/diego/Workspaces/dev_ws/src/controllers': PYTHONPATH=/home/diego/Workspaces/dev_ws/install/controllers/lib/python3.8/site-packages:${PYTHONPATH} /usr/bin/python3 setup.py egg_info --egg-base ../../build/controllers build --build-base /home/diego/Workspaces/dev_ws/build/controllers/build install --prefix /home/diego/Workspaces/dev_ws/install/controllers --record /home/diego/Workspaces/dev_ws/build/controllers/install.log --single-version-externally-managed
[3.895s] running egg_info
[3.901s] writing ../../build/controllers/controllers.egg-info/PKG-INFO
[3.903s] writing dependency_links to ../../build/controllers/controllers.egg-info/dependency_links.txt
[3.906s] writing entry points to ../../build/controllers/controllers.egg-info/entry_points.txt
[3.908s] writing requirements to ../../build/controllers/controllers.egg-info/requires.txt
[3.910s] writing top-level names to ../../build/controllers/controllers.egg-info/top_level.txt
[4.022s] reading manifest file '../../build/controllers/controllers.egg-info/SOURCES.txt'
[4.027s] writing manifest file '../../build/controllers/controllers.egg-info/SOURCES.txt'
[4.028s] running build
[4.029s] running build_py
[4.030s] running install
[4.033s] running install_lib
[4.037s] running install_data
[4.039s] running install_egg_info
[4.045s] removing '/home/diego/Workspaces/dev_ws/install/controllers/lib/python3.8/site-packages/controllers-0.0.0-py3.8.egg-info' (and everything under it)
[4.047s] Copying ../../build/controllers/controllers.egg-info to /home/diego/Workspaces/dev_ws/install/controllers/lib/python3.8/site-packages/controllers-0.0.0-py3.8.egg-info
[4.053s] running install_scripts
[4.108s] Installing simple_controller script to /home/diego/Workspaces/dev_ws/install/controllers/lib/controllers
[4.111s] writing list of installed files to '/home/diego/Workspaces/dev_ws/build/controllers/install.log'
[4.197s] Invoked command in '/home/diego/Workspaces/dev_ws/src/controllers' returned '0': PYTHONPATH=/home/diego/Workspaces/dev_ws/install/controllers/lib/python3.8/site-packages:${PYTHONPATH} /usr/bin/python3 setup.py egg_info --egg-base ../../build/controllers build --build-base /home/diego/Workspaces/dev_ws/build/controllers/build install --prefix /home/diego/Workspaces/dev_ws/install/controllers --record /home/diego/Workspaces/dev_ws/build/controllers/install.log --single-version-externally-managed
