[3.961s] Invoking command in '/home/diego/Workspaces/dev_ws/src/controllers': PYTHONPATH=/home/diego/Workspaces/dev_ws/install/controllers/lib/python3.8/site-packages:${PYTHONPATH} /usr/bin/python3 setup.py egg_info --egg-base ../../build/controllers build --build-base /home/diego/Workspaces/dev_ws/build/controllers/build install --prefix /home/diego/Workspaces/dev_ws/install/controllers --record /home/diego/Workspaces/dev_ws/build/controllers/install.log --single-version-externally-managed
[4.957s] running egg_info
[4.961s] writing ../../build/controllers/controllers.egg-info/PKG-INFO
[4.962s] writing dependency_links to ../../build/controllers/controllers.egg-info/dependency_links.txt
[4.964s] writing entry points to ../../build/controllers/controllers.egg-info/entry_points.txt
[4.966s] writing requirements to ../../build/controllers/controllers.egg-info/requires.txt
[4.967s] writing top-level names to ../../build/controllers/controllers.egg-info/top_level.txt
[5.080s] reading manifest file '../../build/controllers/controllers.egg-info/SOURCES.txt'
[5.082s] writing manifest file '../../build/controllers/controllers.egg-info/SOURCES.txt'
[5.082s] running build
[5.082s] running build_py
[5.083s] running install
[5.085s] running install_lib
[5.089s] running install_data
[5.091s] running install_egg_info
[5.096s] removing '/home/diego/Workspaces/dev_ws/install/controllers/lib/python3.8/site-packages/controllers-0.0.0-py3.8.egg-info' (and everything under it)
[5.096s] Copying ../../build/controllers/controllers.egg-info to /home/diego/Workspaces/dev_ws/install/controllers/lib/python3.8/site-packages/controllers-0.0.0-py3.8.egg-info
[5.098s] running install_scripts
[5.156s] Installing simple_controller script to /home/diego/Workspaces/dev_ws/install/controllers/lib/controllers
[5.158s] writing list of installed files to '/home/diego/Workspaces/dev_ws/build/controllers/install.log'
[5.246s] Invoked command in '/home/diego/Workspaces/dev_ws/src/controllers' returned '0': PYTHONPATH=/home/diego/Workspaces/dev_ws/install/controllers/lib/python3.8/site-packages:${PYTHONPATH} /usr/bin/python3 setup.py egg_info --egg-base ../../build/controllers build --build-base /home/diego/Workspaces/dev_ws/build/controllers/build install --prefix /home/diego/Workspaces/dev_ws/install/controllers --record /home/diego/Workspaces/dev_ws/build/controllers/install.log --single-version-externally-managed
