[0.724s] DEBUG:colcon:Command line arguments: ['/usr/bin/colcon', 'build']
[0.724s] DEBUG:colcon:Parsed command line arguments: Namespace(allow_overriding=[], ament_cmake_args=None, base_paths=['.'], build_base='build', catkin_cmake_args=None, catkin_skip_building_tests=False, cmake_args=None, cmake_clean_cache=False, cmake_clean_first=False, cmake_force_configure=False, cmake_target=None, cmake_target_skip_unavailable=False, continue_on_error=False, event_handlers=None, executor='parallel', ignore_user_meta=False, install_base='install', log_base=None, log_level=None, main=<bound method BuildVerb.main of <colcon_core.verb.build.BuildVerb object at 0x7f6831980e80>>, merge_install=False, metas=['./colcon.meta'], packages_above=None, packages_above_and_dependencies=None, packages_above_depth=None, packages_end=None, packages_ignore=None, packages_ignore_regex=None, packages_select=None, packages_select_build_failed=False, packages_select_by_dep=None, packages_select_regex=None, packages_select_test_failures=False, packages_skip=None, packages_skip_build_finished=False, packages_skip_by_dep=None, packages_skip_regex=None, packages_skip_test_passed=False, packages_skip_up_to=None, packages_start=None, packages_up_to=None, packages_up_to_regex=None, parallel_workers=2, paths=None, symlink_install=False, test_result_base=None, verb_extension=<colcon_core.verb.build.BuildVerb object at 0x7f6831980e80>, verb_name='build', verb_parser=<colcon_defaults.argument_parser.defaults.DefaultArgumentsDecorator object at 0x7f683198b430>)
[0.831s] Level 1:colcon.colcon_core.package_discovery:discover_packages(colcon_meta) check parameters
[0.832s] Level 1:colcon.colcon_core.package_discovery:discover_packages(recursive) check parameters
[0.832s] Level 1:colcon.colcon_core.package_discovery:discover_packages(ignore) check parameters
[0.832s] Level 1:colcon.colcon_core.package_discovery:discover_packages(path) check parameters
[0.832s] Level 1:colcon.colcon_core.package_discovery:discover_packages(colcon_meta) discover
[0.832s] Level 1:colcon.colcon_core.package_discovery:discover_packages(recursive) discover
[0.832s] INFO:colcon.colcon_core.package_discovery:Crawling recursively for packages in '/home/diego/Workspaces/dev_ws'
[0.833s] Level 1:colcon.colcon_core.package_identification:_identify(.) by extensions ['ignore', 'ignore_ament_install']
[0.833s] Level 1:colcon.colcon_core.package_identification:_identify(.) by extension 'ignore'
[0.839s] Level 1:colcon.colcon_core.package_identification:_identify(.) by extension 'ignore_ament_install'
[0.839s] Level 1:colcon.colcon_core.package_identification:_identify(.) by extensions ['colcon_pkg']
[0.839s] Level 1:colcon.colcon_core.package_identification:_identify(.) by extension 'colcon_pkg'
[0.840s] Level 1:colcon.colcon_core.package_identification:_identify(.) by extensions ['colcon_meta']
[0.840s] Level 1:colcon.colcon_core.package_identification:_identify(.) by extension 'colcon_meta'
[0.840s] Level 1:colcon.colcon_core.package_identification:_identify(.) by extensions ['ros']
[0.840s] Level 1:colcon.colcon_core.package_identification:_identify(.) by extension 'ros'
[0.893s] Level 1:colcon.colcon_core.package_identification:_identify(.) by extensions ['cmake', 'python']
[0.894s] Level 1:colcon.colcon_core.package_identification:_identify(.) by extension 'cmake'
[0.894s] Level 1:colcon.colcon_core.package_identification:_identify(.) by extension 'python'
[0.894s] Level 1:colcon.colcon_core.package_identification:_identify(.) by extensions ['python_setup_py']
[0.894s] Level 1:colcon.colcon_core.package_identification:_identify(.) by extension 'python_setup_py'
[0.894s] Level 1:colcon.colcon_core.package_identification:_identify(Código) by extensions ['ignore', 'ignore_ament_install']
[0.895s] Level 1:colcon.colcon_core.package_identification:_identify(Código) by extension 'ignore'
[0.895s] Level 1:colcon.colcon_core.package_identification:_identify(Código) by extension 'ignore_ament_install'
[0.895s] Level 1:colcon.colcon_core.package_identification:_identify(Código) by extensions ['colcon_pkg']
[0.895s] Level 1:colcon.colcon_core.package_identification:_identify(Código) by extension 'colcon_pkg'
[0.895s] Level 1:colcon.colcon_core.package_identification:_identify(Código) by extensions ['colcon_meta']
[0.895s] Level 1:colcon.colcon_core.package_identification:_identify(Código) by extension 'colcon_meta'
[0.895s] Level 1:colcon.colcon_core.package_identification:_identify(Código) by extensions ['ros']
[0.895s] Level 1:colcon.colcon_core.package_identification:_identify(Código) by extension 'ros'
[0.896s] Level 1:colcon.colcon_core.package_identification:_identify(Código) by extensions ['cmake', 'python']
[0.896s] Level 1:colcon.colcon_core.package_identification:_identify(Código) by extension 'cmake'
[0.896s] Level 1:colcon.colcon_core.package_identification:_identify(Código) by extension 'python'
[0.896s] Level 1:colcon.colcon_core.package_identification:_identify(Código) by extensions ['python_setup_py']
[0.897s] Level 1:colcon.colcon_core.package_identification:_identify(Código) by extension 'python_setup_py'
[0.897s] Level 1:colcon.colcon_core.package_identification:_identify(Código/Simulacion) by extensions ['ignore', 'ignore_ament_install']
[0.902s] Level 1:colcon.colcon_core.package_identification:_identify(Código/Simulacion) by extension 'ignore'
[0.902s] Level 1:colcon.colcon_core.package_identification:_identify(Código/Simulacion) by extension 'ignore_ament_install'
[0.903s] Level 1:colcon.colcon_core.package_identification:_identify(Código/Simulacion) by extensions ['colcon_pkg']
[0.903s] Level 1:colcon.colcon_core.package_identification:_identify(Código/Simulacion) by extension 'colcon_pkg'
[0.904s] Level 1:colcon.colcon_core.package_identification:_identify(Código/Simulacion) by extensions ['colcon_meta']
[0.906s] Level 1:colcon.colcon_core.package_identification:_identify(Código/Simulacion) by extension 'colcon_meta'
[0.907s] Level 1:colcon.colcon_core.package_identification:_identify(Código/Simulacion) by extensions ['ros']
[0.907s] Level 1:colcon.colcon_core.package_identification:_identify(Código/Simulacion) by extension 'ros'
[0.907s] Level 1:colcon.colcon_core.package_identification:_identify(Código/Simulacion) by extensions ['cmake', 'python']
[0.907s] Level 1:colcon.colcon_core.package_identification:_identify(Código/Simulacion) by extension 'cmake'
[0.907s] Level 1:colcon.colcon_core.package_identification:_identify(Código/Simulacion) by extension 'python'
[0.908s] Level 1:colcon.colcon_core.package_identification:_identify(Código/Simulacion) by extensions ['python_setup_py']
[0.908s] Level 1:colcon.colcon_core.package_identification:_identify(Código/Simulacion) by extension 'python_setup_py'
[0.908s] Level 1:colcon.colcon_core.package_identification:_identify(Documentos) by extensions ['ignore', 'ignore_ament_install']
[0.908s] Level 1:colcon.colcon_core.package_identification:_identify(Documentos) by extension 'ignore'
[0.908s] Level 1:colcon.colcon_core.package_identification:_identify(Documentos) by extension 'ignore_ament_install'
[0.908s] Level 1:colcon.colcon_core.package_identification:_identify(Documentos) by extensions ['colcon_pkg']
[0.909s] Level 1:colcon.colcon_core.package_identification:_identify(Documentos) by extension 'colcon_pkg'
[0.909s] Level 1:colcon.colcon_core.package_identification:_identify(Documentos) by extensions ['colcon_meta']
[0.909s] Level 1:colcon.colcon_core.package_identification:_identify(Documentos) by extension 'colcon_meta'
[0.909s] Level 1:colcon.colcon_core.package_identification:_identify(Documentos) by extensions ['ros']
[0.909s] Level 1:colcon.colcon_core.package_identification:_identify(Documentos) by extension 'ros'
[0.909s] Level 1:colcon.colcon_core.package_identification:_identify(Documentos) by extensions ['cmake', 'python']
[0.909s] Level 1:colcon.colcon_core.package_identification:_identify(Documentos) by extension 'cmake'
[0.909s] Level 1:colcon.colcon_core.package_identification:_identify(Documentos) by extension 'python'
[0.909s] Level 1:colcon.colcon_core.package_identification:_identify(Documentos) by extensions ['python_setup_py']
[0.909s] Level 1:colcon.colcon_core.package_identification:_identify(Documentos) by extension 'python_setup_py'
[0.910s] Level 1:colcon.colcon_core.package_identification:_identify(build) by extensions ['ignore', 'ignore_ament_install']
[0.910s] Level 1:colcon.colcon_core.package_identification:_identify(build) by extension 'ignore'
[0.910s] Level 1:colcon.colcon_core.package_identification:_identify(build) ignored
[0.911s] Level 1:colcon.colcon_core.package_identification:_identify(install) by extensions ['ignore', 'ignore_ament_install']
[0.911s] Level 1:colcon.colcon_core.package_identification:_identify(install) by extension 'ignore'
[0.911s] Level 1:colcon.colcon_core.package_identification:_identify(install) ignored
[0.916s] Level 1:colcon.colcon_core.package_identification:_identify(log) by extensions ['ignore', 'ignore_ament_install']
[0.916s] Level 1:colcon.colcon_core.package_identification:_identify(log) by extension 'ignore'
[0.917s] Level 1:colcon.colcon_core.package_identification:_identify(log) ignored
[0.917s] Level 1:colcon.colcon_core.package_identification:_identify(rosbag2_2022_10_21-02_43_18) by extensions ['ignore', 'ignore_ament_install']
[0.917s] Level 1:colcon.colcon_core.package_identification:_identify(rosbag2_2022_10_21-02_43_18) by extension 'ignore'
[0.917s] Level 1:colcon.colcon_core.package_identification:_identify(rosbag2_2022_10_21-02_43_18) by extension 'ignore_ament_install'
[0.918s] Level 1:colcon.colcon_core.package_identification:_identify(rosbag2_2022_10_21-02_43_18) by extensions ['colcon_pkg']
[0.918s] Level 1:colcon.colcon_core.package_identification:_identify(rosbag2_2022_10_21-02_43_18) by extension 'colcon_pkg'
[0.918s] Level 1:colcon.colcon_core.package_identification:_identify(rosbag2_2022_10_21-02_43_18) by extensions ['colcon_meta']
[0.918s] Level 1:colcon.colcon_core.package_identification:_identify(rosbag2_2022_10_21-02_43_18) by extension 'colcon_meta'
[0.918s] Level 1:colcon.colcon_core.package_identification:_identify(rosbag2_2022_10_21-02_43_18) by extensions ['ros']
[0.918s] Level 1:colcon.colcon_core.package_identification:_identify(rosbag2_2022_10_21-02_43_18) by extension 'ros'
[0.918s] Level 1:colcon.colcon_core.package_identification:_identify(rosbag2_2022_10_21-02_43_18) by extensions ['cmake', 'python']
[0.919s] Level 1:colcon.colcon_core.package_identification:_identify(rosbag2_2022_10_21-02_43_18) by extension 'cmake'
[0.919s] Level 1:colcon.colcon_core.package_identification:_identify(rosbag2_2022_10_21-02_43_18) by extension 'python'
[0.919s] Level 1:colcon.colcon_core.package_identification:_identify(rosbag2_2022_10_21-02_43_18) by extensions ['python_setup_py']
[0.919s] Level 1:colcon.colcon_core.package_identification:_identify(rosbag2_2022_10_21-02_43_18) by extension 'python_setup_py'
[0.919s] Level 1:colcon.colcon_core.package_identification:_identify(src) by extensions ['ignore', 'ignore_ament_install']
[0.919s] Level 1:colcon.colcon_core.package_identification:_identify(src) by extension 'ignore'
[0.920s] Level 1:colcon.colcon_core.package_identification:_identify(src) by extension 'ignore_ament_install'
[0.920s] Level 1:colcon.colcon_core.package_identification:_identify(src) by extensions ['colcon_pkg']
[0.920s] Level 1:colcon.colcon_core.package_identification:_identify(src) by extension 'colcon_pkg'
[0.920s] Level 1:colcon.colcon_core.package_identification:_identify(src) by extensions ['colcon_meta']
[0.920s] Level 1:colcon.colcon_core.package_identification:_identify(src) by extension 'colcon_meta'
[0.920s] Level 1:colcon.colcon_core.package_identification:_identify(src) by extensions ['ros']
[0.920s] Level 1:colcon.colcon_core.package_identification:_identify(src) by extension 'ros'
[0.920s] Level 1:colcon.colcon_core.package_identification:_identify(src) by extensions ['cmake', 'python']
[0.921s] Level 1:colcon.colcon_core.package_identification:_identify(src) by extension 'cmake'
[0.921s] Level 1:colcon.colcon_core.package_identification:_identify(src) by extension 'python'
[0.921s] Level 1:colcon.colcon_core.package_identification:_identify(src) by extensions ['python_setup_py']
[0.921s] Level 1:colcon.colcon_core.package_identification:_identify(src) by extension 'python_setup_py'
[0.926s] Level 1:colcon.colcon_core.package_identification:_identify(src/basic_mobile_robot) by extensions ['ignore', 'ignore_ament_install']
[0.926s] Level 1:colcon.colcon_core.package_identification:_identify(src/basic_mobile_robot) by extension 'ignore'
[0.927s] Level 1:colcon.colcon_core.package_identification:_identify(src/basic_mobile_robot) by extension 'ignore_ament_install'
[0.927s] Level 1:colcon.colcon_core.package_identification:_identify(src/basic_mobile_robot) by extensions ['colcon_pkg']
[0.927s] Level 1:colcon.colcon_core.package_identification:_identify(src/basic_mobile_robot) by extension 'colcon_pkg'
[0.927s] Level 1:colcon.colcon_core.package_identification:_identify(src/basic_mobile_robot) by extensions ['colcon_meta']
[0.927s] Level 1:colcon.colcon_core.package_identification:_identify(src/basic_mobile_robot) by extension 'colcon_meta'
[0.927s] Level 1:colcon.colcon_core.package_identification:_identify(src/basic_mobile_robot) by extensions ['ros']
[0.927s] Level 1:colcon.colcon_core.package_identification:_identify(src/basic_mobile_robot) by extension 'ros'
[0.934s] DEBUG:colcon.colcon_core.package_identification:Package 'src/basic_mobile_robot' with type 'ros.ament_cmake' and name 'basic_mobile_robot'
[0.934s] Level 1:colcon.colcon_core.package_identification:_identify(src/controllers) by extensions ['ignore', 'ignore_ament_install']
[0.934s] Level 1:colcon.colcon_core.package_identification:_identify(src/controllers) by extension 'ignore'
[0.934s] Level 1:colcon.colcon_core.package_identification:_identify(src/controllers) by extension 'ignore_ament_install'
[0.935s] Level 1:colcon.colcon_core.package_identification:_identify(src/controllers) by extensions ['colcon_pkg']
[0.935s] Level 1:colcon.colcon_core.package_identification:_identify(src/controllers) by extension 'colcon_pkg'
[0.935s] Level 1:colcon.colcon_core.package_identification:_identify(src/controllers) by extensions ['colcon_meta']
[0.935s] Level 1:colcon.colcon_core.package_identification:_identify(src/controllers) by extension 'colcon_meta'
[0.935s] Level 1:colcon.colcon_core.package_identification:_identify(src/controllers) by extensions ['ros']
[0.935s] Level 1:colcon.colcon_core.package_identification:_identify(src/controllers) by extension 'ros'
[0.936s] DEBUG:colcon.colcon_core.package_identification:Package 'src/controllers' with type 'ros.ament_python' and name 'controllers'
[0.941s] Level 1:colcon.colcon_core.package_discovery:discover_packages(recursive) using defaults
[0.941s] Level 1:colcon.colcon_core.package_discovery:discover_packages(ignore) discover
[0.941s] Level 1:colcon.colcon_core.package_discovery:discover_packages(ignore) using defaults
[0.941s] Level 1:colcon.colcon_core.package_discovery:discover_packages(path) discover
[0.941s] Level 1:colcon.colcon_core.package_discovery:discover_packages(path) using defaults
[1.071s] Level 1:colcon.colcon_core.package_discovery:discover_packages(prefix_path) check parameters
[1.072s] Level 1:colcon.colcon_core.package_discovery:discover_packages(prefix_path) discover
[1.086s] DEBUG:colcon.colcon_installed_package_information.package_discovery:Found 3 installed packages in /home/diego/Workspaces/dev_ws/install
[1.096s] DEBUG:colcon.colcon_installed_package_information.package_discovery:Found 312 installed packages in /opt/ros/foxy
[1.103s] Level 1:colcon.colcon_core.package_discovery:discover_packages(prefix_path) using defaults
[1.484s] Level 5:colcon.colcon_core.verb:set package 'basic_mobile_robot' build argument 'cmake_args' from command line to 'None'
[1.488s] Level 5:colcon.colcon_core.verb:set package 'basic_mobile_robot' build argument 'cmake_target' from command line to 'None'
[1.488s] Level 5:colcon.colcon_core.verb:set package 'basic_mobile_robot' build argument 'cmake_target_skip_unavailable' from command line to 'False'
[1.488s] Level 5:colcon.colcon_core.verb:set package 'basic_mobile_robot' build argument 'cmake_clean_cache' from command line to 'False'
[1.489s] Level 5:colcon.colcon_core.verb:set package 'basic_mobile_robot' build argument 'cmake_clean_first' from command line to 'False'
[1.489s] Level 5:colcon.colcon_core.verb:set package 'basic_mobile_robot' build argument 'cmake_force_configure' from command line to 'False'
[1.489s] Level 5:colcon.colcon_core.verb:set package 'basic_mobile_robot' build argument 'ament_cmake_args' from command line to 'None'
[1.489s] Level 5:colcon.colcon_core.verb:set package 'basic_mobile_robot' build argument 'catkin_cmake_args' from command line to 'None'
[1.489s] Level 5:colcon.colcon_core.verb:set package 'basic_mobile_robot' build argument 'catkin_skip_building_tests' from command line to 'False'
[1.489s] DEBUG:colcon.colcon_core.verb:Building package 'basic_mobile_robot' with the following arguments: {'ament_cmake_args': None, 'build_base': '/home/diego/Workspaces/dev_ws/build/basic_mobile_robot', 'catkin_cmake_args': None, 'catkin_skip_building_tests': False, 'cmake_args': None, 'cmake_clean_cache': False, 'cmake_clean_first': False, 'cmake_force_configure': False, 'cmake_target': None, 'cmake_target_skip_unavailable': False, 'install_base': '/home/diego/Workspaces/dev_ws/install/basic_mobile_robot', 'merge_install': False, 'path': '/home/diego/Workspaces/dev_ws/src/basic_mobile_robot', 'symlink_install': False, 'test_result_base': None}
[1.494s] Level 5:colcon.colcon_core.verb:set package 'controllers' build argument 'cmake_args' from command line to 'None'
[1.494s] Level 5:colcon.colcon_core.verb:set package 'controllers' build argument 'cmake_target' from command line to 'None'
[1.494s] Level 5:colcon.colcon_core.verb:set package 'controllers' build argument 'cmake_target_skip_unavailable' from command line to 'False'
[1.494s] Level 5:colcon.colcon_core.verb:set package 'controllers' build argument 'cmake_clean_cache' from command line to 'False'
[1.494s] Level 5:colcon.colcon_core.verb:set package 'controllers' build argument 'cmake_clean_first' from command line to 'False'
[1.494s] Level 5:colcon.colcon_core.verb:set package 'controllers' build argument 'cmake_force_configure' from command line to 'False'
[1.494s] Level 5:colcon.colcon_core.verb:set package 'controllers' build argument 'ament_cmake_args' from command line to 'None'
[1.494s] Level 5:colcon.colcon_core.verb:set package 'controllers' build argument 'catkin_cmake_args' from command line to 'None'
[1.495s] Level 5:colcon.colcon_core.verb:set package 'controllers' build argument 'catkin_skip_building_tests' from command line to 'False'
[1.495s] DEBUG:colcon.colcon_core.verb:Building package 'controllers' with the following arguments: {'ament_cmake_args': None, 'build_base': '/home/diego/Workspaces/dev_ws/build/controllers', 'catkin_cmake_args': None, 'catkin_skip_building_tests': False, 'cmake_args': None, 'cmake_clean_cache': False, 'cmake_clean_first': False, 'cmake_force_configure': False, 'cmake_target': None, 'cmake_target_skip_unavailable': False, 'install_base': '/home/diego/Workspaces/dev_ws/install/controllers', 'merge_install': False, 'path': '/home/diego/Workspaces/dev_ws/src/controllers', 'symlink_install': False, 'test_result_base': None}
[1.497s] INFO:colcon.colcon_core.executor:Executing jobs using 'parallel' executor
[1.519s] DEBUG:colcon.colcon_parallel_executor.executor.parallel:run_until_complete
[1.520s] INFO:colcon.colcon_ros.task.ament_cmake.build:Building ROS package in '/home/diego/Workspaces/dev_ws/src/basic_mobile_robot' with build type 'ament_cmake'
[1.523s] INFO:colcon.colcon_cmake.task.cmake.build:Building CMake package in '/home/diego/Workspaces/dev_ws/src/basic_mobile_robot'
[1.544s] INFO:colcon.colcon_core.plugin_system:Skipping extension 'colcon_core.shell.bat': Not used on non-Windows systems
[1.545s] INFO:colcon.colcon_core.shell:Skip shell extension 'powershell' for command environment: Not usable outside of PowerShell
[1.545s] DEBUG:colcon.colcon_core.shell:Skip shell extension 'dsv' for command environment
[1.588s] INFO:colcon.colcon_ros.task.ament_python.build:Building ROS package in '/home/diego/Workspaces/dev_ws/src/controllers' with build type 'ament_python'
[1.589s] Level 1:colcon.colcon_core.shell:create_environment_hook('controllers', 'ament_prefix_path')
[1.593s] INFO:colcon.colcon_core.shell:Creating environment hook '/home/diego/Workspaces/dev_ws/install/controllers/share/controllers/hook/ament_prefix_path.ps1'
[1.600s] INFO:colcon.colcon_core.shell:Creating environment descriptor '/home/diego/Workspaces/dev_ws/install/controllers/share/controllers/hook/ament_prefix_path.dsv'
[1.602s] INFO:colcon.colcon_core.shell:Creating environment hook '/home/diego/Workspaces/dev_ws/install/controllers/share/controllers/hook/ament_prefix_path.sh'
[1.614s] INFO:colcon.colcon_core.shell:Skip shell extension 'powershell' for command environment: Not usable outside of PowerShell
[1.620s] DEBUG:colcon.colcon_core.shell:Skip shell extension 'dsv' for command environment
[1.684s] DEBUG:colcon.colcon_core.event_handler.log_command:Invoking command in '/home/diego/Workspaces/dev_ws/build/basic_mobile_robot': CMAKE_PREFIX_PATH=${CMAKE_PREFIX_PATH}:/home/diego/Workspaces/dev_ws/install/controllers:/opt/ros/foxy /usr/bin/cmake --build /home/diego/Workspaces/dev_ws/build/basic_mobile_robot -- -j2 -l2
[3.136s] INFO:colcon.colcon_core.task.python.build:Building Python package in '/home/diego/Workspaces/dev_ws/src/controllers'
[3.144s] INFO:colcon.colcon_core.shell:Skip shell extension 'powershell' for command environment: Not usable outside of PowerShell
[3.144s] DEBUG:colcon.colcon_core.shell:Skip shell extension 'dsv' for command environment
[3.201s] DEBUG:colcon.colcon_core.event_handler.log_command:Invoked command in '/home/diego/Workspaces/dev_ws/build/basic_mobile_robot' returned '0': CMAKE_PREFIX_PATH=${CMAKE_PREFIX_PATH}:/home/diego/Workspaces/dev_ws/install/controllers:/opt/ros/foxy /usr/bin/cmake --build /home/diego/Workspaces/dev_ws/build/basic_mobile_robot -- -j2 -l2
[3.607s] DEBUG:colcon.colcon_core.event_handler.log_command:Invoking command in '/home/diego/Workspaces/dev_ws/build/basic_mobile_robot': CMAKE_PREFIX_PATH=${CMAKE_PREFIX_PATH}:/home/diego/Workspaces/dev_ws/install/controllers:/opt/ros/foxy /usr/bin/cmake --install /home/diego/Workspaces/dev_ws/build/basic_mobile_robot
[3.817s] Level 1:colcon.colcon_core.environment:create_environment_scripts_only(basic_mobile_robot)
[3.839s] DEBUG:colcon.colcon_core.event_handler.log_command:Invoked command in '/home/diego/Workspaces/dev_ws/build/basic_mobile_robot' returned '0': CMAKE_PREFIX_PATH=${CMAKE_PREFIX_PATH}:/home/diego/Workspaces/dev_ws/install/controllers:/opt/ros/foxy /usr/bin/cmake --install /home/diego/Workspaces/dev_ws/build/basic_mobile_robot
[3.883s] Level 1:colcon.colcon_core.environment:checking '/home/diego/Workspaces/dev_ws/install/basic_mobile_robot' for CMake module files
[3.896s] Level 1:colcon.colcon_core.environment:checking '/home/diego/Workspaces/dev_ws/install/basic_mobile_robot' for CMake config files
[3.897s] Level 1:colcon.colcon_core.shell:create_environment_hook('basic_mobile_robot', 'cmake_prefix_path')
[3.901s] INFO:colcon.colcon_core.shell:Creating environment hook '/home/diego/Workspaces/dev_ws/install/basic_mobile_robot/share/basic_mobile_robot/hook/cmake_prefix_path.ps1'
[3.929s] INFO:colcon.colcon_core.shell:Creating environment descriptor '/home/diego/Workspaces/dev_ws/install/basic_mobile_robot/share/basic_mobile_robot/hook/cmake_prefix_path.dsv'
[3.930s] INFO:colcon.colcon_core.shell:Creating environment hook '/home/diego/Workspaces/dev_ws/install/basic_mobile_robot/share/basic_mobile_robot/hook/cmake_prefix_path.sh'
[3.939s] Level 1:colcon.colcon_core.environment:checking '/home/diego/Workspaces/dev_ws/install/basic_mobile_robot/bin'
[3.939s] Level 1:colcon.colcon_core.environment:checking '/home/diego/Workspaces/dev_ws/install/basic_mobile_robot/lib/pkgconfig/basic_mobile_robot.pc'
[3.940s] Level 1:colcon.colcon_core.environment:checking '/home/diego/Workspaces/dev_ws/install/basic_mobile_robot/lib/python3.8/site-packages'
[3.940s] Level 1:colcon.colcon_core.environment:checking '/home/diego/Workspaces/dev_ws/install/basic_mobile_robot/bin'
[3.954s] INFO:colcon.colcon_core.shell:Creating package script '/home/diego/Workspaces/dev_ws/install/basic_mobile_robot/share/basic_mobile_robot/package.ps1'
[3.957s] INFO:colcon.colcon_core.shell:Creating package descriptor '/home/diego/Workspaces/dev_ws/install/basic_mobile_robot/share/basic_mobile_robot/package.dsv'
[3.975s] INFO:colcon.colcon_core.shell:Creating package script '/home/diego/Workspaces/dev_ws/install/basic_mobile_robot/share/basic_mobile_robot/package.sh'
[3.989s] INFO:colcon.colcon_core.shell:Creating package script '/home/diego/Workspaces/dev_ws/install/basic_mobile_robot/share/basic_mobile_robot/package.bash'
[3.991s] INFO:colcon.colcon_core.shell:Creating package script '/home/diego/Workspaces/dev_ws/install/basic_mobile_robot/share/basic_mobile_robot/package.zsh'
[3.993s] Level 1:colcon.colcon_core.environment:create_file_with_runtime_dependencies(/home/diego/Workspaces/dev_ws/install/basic_mobile_robot/share/colcon-core/packages/basic_mobile_robot)
[4.348s] Level 1:colcon.colcon_core.environment:create_environment_scripts_only(basic_mobile_robot)
[4.383s] Level 1:colcon.colcon_core.environment:checking '/home/diego/Workspaces/dev_ws/install/basic_mobile_robot' for CMake module files
[4.403s] Level 1:colcon.colcon_core.environment:checking '/home/diego/Workspaces/dev_ws/install/basic_mobile_robot' for CMake config files
[4.404s] Level 1:colcon.colcon_core.shell:create_environment_hook('basic_mobile_robot', 'cmake_prefix_path')
[4.408s] INFO:colcon.colcon_core.shell:Creating environment hook '/home/diego/Workspaces/dev_ws/install/basic_mobile_robot/share/basic_mobile_robot/hook/cmake_prefix_path.ps1'
[4.409s] INFO:colcon.colcon_core.shell:Creating environment descriptor '/home/diego/Workspaces/dev_ws/install/basic_mobile_robot/share/basic_mobile_robot/hook/cmake_prefix_path.dsv'
[4.419s] INFO:colcon.colcon_core.shell:Creating environment hook '/home/diego/Workspaces/dev_ws/install/basic_mobile_robot/share/basic_mobile_robot/hook/cmake_prefix_path.sh'
[4.421s] Level 1:colcon.colcon_core.environment:checking '/home/diego/Workspaces/dev_ws/install/basic_mobile_robot/bin'
[4.421s] Level 1:colcon.colcon_core.environment:checking '/home/diego/Workspaces/dev_ws/install/basic_mobile_robot/lib/pkgconfig/basic_mobile_robot.pc'
[4.431s] Level 1:colcon.colcon_core.environment:checking '/home/diego/Workspaces/dev_ws/install/basic_mobile_robot/lib/python3.8/site-packages'
[4.431s] Level 1:colcon.colcon_core.environment:checking '/home/diego/Workspaces/dev_ws/install/basic_mobile_robot/bin'
[4.447s] INFO:colcon.colcon_core.shell:Creating package script '/home/diego/Workspaces/dev_ws/install/basic_mobile_robot/share/basic_mobile_robot/package.ps1'
[4.465s] INFO:colcon.colcon_core.shell:Creating package descriptor '/home/diego/Workspaces/dev_ws/install/basic_mobile_robot/share/basic_mobile_robot/package.dsv'
[4.467s] INFO:colcon.colcon_core.shell:Creating package script '/home/diego/Workspaces/dev_ws/install/basic_mobile_robot/share/basic_mobile_robot/package.sh'
[4.473s] INFO:colcon.colcon_core.shell:Creating package script '/home/diego/Workspaces/dev_ws/install/basic_mobile_robot/share/basic_mobile_robot/package.bash'
[4.475s] INFO:colcon.colcon_core.shell:Creating package script '/home/diego/Workspaces/dev_ws/install/basic_mobile_robot/share/basic_mobile_robot/package.zsh'
[4.476s] Level 1:colcon.colcon_core.environment:create_file_with_runtime_dependencies(/home/diego/Workspaces/dev_ws/install/basic_mobile_robot/share/colcon-core/packages/basic_mobile_robot)
[6.029s] DEBUG:colcon.colcon_core.event_handler.log_command:Invoking command in '/home/diego/Workspaces/dev_ws/src/controllers': PYTHONPATH=/home/diego/Workspaces/dev_ws/install/controllers/lib/python3.8/site-packages:${PYTHONPATH} /usr/bin/python3 setup.py egg_info --egg-base ../../build/controllers build --build-base /home/diego/Workspaces/dev_ws/build/controllers/build install --prefix /home/diego/Workspaces/dev_ws/install/controllers --record /home/diego/Workspaces/dev_ws/build/controllers/install.log --single-version-externally-managed
[7.766s] DEBUG:colcon.colcon_core.event_handler.log_command:Invoked command in '/home/diego/Workspaces/dev_ws/src/controllers' returned '0': PYTHONPATH=/home/diego/Workspaces/dev_ws/install/controllers/lib/python3.8/site-packages:${PYTHONPATH} /usr/bin/python3 setup.py egg_info --egg-base ../../build/controllers build --build-base /home/diego/Workspaces/dev_ws/build/controllers/build install --prefix /home/diego/Workspaces/dev_ws/install/controllers --record /home/diego/Workspaces/dev_ws/build/controllers/install.log --single-version-externally-managed
[7.769s] Level 1:colcon.colcon_core.environment:checking '/home/diego/Workspaces/dev_ws/install/controllers' for CMake module files
[7.770s] Level 1:colcon.colcon_core.environment:checking '/home/diego/Workspaces/dev_ws/install/controllers' for CMake config files
[7.772s] Level 1:colcon.colcon_core.environment:checking '/home/diego/Workspaces/dev_ws/install/controllers/lib'
[7.773s] Level 1:colcon.colcon_core.environment:checking '/home/diego/Workspaces/dev_ws/install/controllers/bin'
[7.773s] Level 1:colcon.colcon_core.environment:checking '/home/diego/Workspaces/dev_ws/install/controllers/lib/pkgconfig/controllers.pc'
[7.774s] Level 1:colcon.colcon_core.environment:checking '/home/diego/Workspaces/dev_ws/install/controllers/lib/python3.8/site-packages'
[7.774s] Level 1:colcon.colcon_core.shell:create_environment_hook('controllers', 'pythonpath')
[7.787s] INFO:colcon.colcon_core.shell:Creating environment hook '/home/diego/Workspaces/dev_ws/install/controllers/share/controllers/hook/pythonpath.ps1'
[7.789s] INFO:colcon.colcon_core.shell:Creating environment descriptor '/home/diego/Workspaces/dev_ws/install/controllers/share/controllers/hook/pythonpath.dsv'
[7.790s] INFO:colcon.colcon_core.shell:Creating environment hook '/home/diego/Workspaces/dev_ws/install/controllers/share/controllers/hook/pythonpath.sh'
[7.802s] Level 1:colcon.colcon_core.environment:checking '/home/diego/Workspaces/dev_ws/install/controllers/bin'
[7.803s] Level 1:colcon.colcon_core.environment:create_environment_scripts_only(controllers)
[7.811s] INFO:colcon.colcon_core.shell:Creating package script '/home/diego/Workspaces/dev_ws/install/controllers/share/controllers/package.ps1'
[7.812s] INFO:colcon.colcon_core.shell:Creating package descriptor '/home/diego/Workspaces/dev_ws/install/controllers/share/controllers/package.dsv'
[7.814s] INFO:colcon.colcon_core.shell:Creating package script '/home/diego/Workspaces/dev_ws/install/controllers/share/controllers/package.sh'
[7.816s] INFO:colcon.colcon_core.shell:Creating package script '/home/diego/Workspaces/dev_ws/install/controllers/share/controllers/package.bash'
[7.818s] INFO:colcon.colcon_core.shell:Creating package script '/home/diego/Workspaces/dev_ws/install/controllers/share/controllers/package.zsh'
[7.825s] Level 1:colcon.colcon_core.environment:create_file_with_runtime_dependencies(/home/diego/Workspaces/dev_ws/install/controllers/share/colcon-core/packages/controllers)
[7.827s] DEBUG:colcon.colcon_parallel_executor.executor.parallel:closing loop
[7.834s] DEBUG:colcon.colcon_parallel_executor.executor.parallel:loop closed
[7.834s] DEBUG:colcon.colcon_parallel_executor.executor.parallel:run_until_complete finished with '0'
[7.835s] DEBUG:colcon.colcon_core.event_reactor:joining thread
[7.906s] INFO:colcon.colcon_core.plugin_system:Skipping extension 'colcon_notification.desktop_notification.terminal_notifier': Not used on non-Darwin systems
[7.906s] INFO:colcon.colcon_core.plugin_system:Skipping extension 'colcon_notification.desktop_notification.win32': Not used on non-Windows systems
[7.907s] INFO:colcon.colcon_notification.desktop_notification:Sending desktop notification using 'notify2'
[8.019s] DEBUG:colcon.colcon_core.event_reactor:joined thread
[8.023s] INFO:colcon.colcon_core.shell:Creating prefix script '/home/diego/Workspaces/dev_ws/install/local_setup.ps1'
[8.026s] INFO:colcon.colcon_core.shell:Creating prefix util module '/home/diego/Workspaces/dev_ws/install/_local_setup_util_ps1.py'
[8.031s] INFO:colcon.colcon_core.shell:Creating prefix chain script '/home/diego/Workspaces/dev_ws/install/setup.ps1'
[8.044s] INFO:colcon.colcon_core.shell:Creating prefix script '/home/diego/Workspaces/dev_ws/install/local_setup.sh'
[8.052s] INFO:colcon.colcon_core.shell:Creating prefix util module '/home/diego/Workspaces/dev_ws/install/_local_setup_util_sh.py'
[8.054s] INFO:colcon.colcon_core.shell:Creating prefix chain script '/home/diego/Workspaces/dev_ws/install/setup.sh'
[8.079s] INFO:colcon.colcon_core.shell:Creating prefix script '/home/diego/Workspaces/dev_ws/install/local_setup.bash'
[8.086s] INFO:colcon.colcon_core.shell:Creating prefix chain script '/home/diego/Workspaces/dev_ws/install/setup.bash'
[8.097s] INFO:colcon.colcon_core.shell:Creating prefix script '/home/diego/Workspaces/dev_ws/install/local_setup.zsh'
[8.099s] INFO:colcon.colcon_core.shell:Creating prefix chain script '/home/diego/Workspaces/dev_ws/install/setup.zsh'
