[2.375s] Invoking command in '/home/diego/Workspaces/dev_ws/src/controllers': PYTHONPATH=/home/diego/Workspaces/dev_ws/src/install/controllers/lib/python3.8/site-packages:${PYTHONPATH} /usr/bin/python3 setup.py egg_info --egg-base ../build/controllers build --build-base /home/diego/Workspaces/dev_ws/src/build/controllers/build install --prefix /home/diego/Workspaces/dev_ws/src/install/controllers --record /home/diego/Workspaces/dev_ws/src/build/controllers/install.log --single-version-externally-managed
[2.982s] running egg_info
[2.984s] writing ../build/controllers/controllers.egg-info/PKG-INFO
[2.985s] writing dependency_links to ../build/controllers/controllers.egg-info/dependency_links.txt
[2.985s] writing entry points to ../build/controllers/controllers.egg-info/entry_points.txt
[2.986s] writing requirements to ../build/controllers/controllers.egg-info/requires.txt
[2.987s] writing top-level names to ../build/controllers/controllers.egg-info/top_level.txt
[3.082s] reading manifest file '../build/controllers/controllers.egg-info/SOURCES.txt'
[3.084s] writing manifest file '../build/controllers/controllers.egg-info/SOURCES.txt'
[3.084s] running build
[3.084s] running build_py
[3.085s] copying controllers/simple_controller.py -> /home/diego/Workspaces/dev_ws/src/build/controllers/build/lib/controllers
[3.085s] running install
[3.087s] running install_lib
[3.090s] copying /home/diego/Workspaces/dev_ws/src/build/controllers/build/lib/controllers/simple_controller.py -> /home/diego/Workspaces/dev_ws/src/install/controllers/lib/python3.8/site-packages/controllers
[3.092s] byte-compiling /home/diego/Workspaces/dev_ws/src/install/controllers/lib/python3.8/site-packages/controllers/simple_controller.py to simple_controller.cpython-38.pyc
[3.097s] running install_data
[3.098s] running install_egg_info
[3.102s] removing '/home/diego/Workspaces/dev_ws/src/install/controllers/lib/python3.8/site-packages/controllers-0.0.0-py3.8.egg-info' (and everything under it)
[3.103s] Copying ../build/controllers/controllers.egg-info to /home/diego/Workspaces/dev_ws/src/install/controllers/lib/python3.8/site-packages/controllers-0.0.0-py3.8.egg-info
[3.107s] running install_scripts
[3.157s] Installing simple_controller script to /home/diego/Workspaces/dev_ws/src/install/controllers/lib/controllers
[3.157s] writing list of installed files to '/home/diego/Workspaces/dev_ws/src/build/controllers/install.log'
[3.236s] Invoked command in '/home/diego/Workspaces/dev_ws/src/controllers' returned '0': PYTHONPATH=/home/diego/Workspaces/dev_ws/src/install/controllers/lib/python3.8/site-packages:${PYTHONPATH} /usr/bin/python3 setup.py egg_info --egg-base ../build/controllers build --build-base /home/diego/Workspaces/dev_ws/src/build/controllers/build install --prefix /home/diego/Workspaces/dev_ws/src/install/controllers --record /home/diego/Workspaces/dev_ws/src/build/controllers/install.log --single-version-externally-managed
