[1.967s] Invoking command in '/home/diego/Workspaces/dev_ws/src/controllers': PYTHONPATH=/home/diego/Workspaces/dev_ws/src/install/controllers/lib/python3.8/site-packages:${PYTHONPATH} /usr/bin/python3 setup.py egg_info --egg-base ../build/controllers build --build-base /home/diego/Workspaces/dev_ws/src/build/controllers/build install --prefix /home/diego/Workspaces/dev_ws/src/install/controllers --record /home/diego/Workspaces/dev_ws/src/build/controllers/install.log --single-version-externally-managed
[2.556s] running egg_info
[2.557s] writing ../build/controllers/controllers.egg-info/PKG-INFO
[2.558s] writing dependency_links to ../build/controllers/controllers.egg-info/dependency_links.txt
[2.559s] writing entry points to ../build/controllers/controllers.egg-info/entry_points.txt
[2.560s] writing requirements to ../build/controllers/controllers.egg-info/requires.txt
[2.561s] writing top-level names to ../build/controllers/controllers.egg-info/top_level.txt
[2.650s] reading manifest file '../build/controllers/controllers.egg-info/SOURCES.txt'
[2.652s] writing manifest file '../build/controllers/controllers.egg-info/SOURCES.txt'
[2.653s] running build
[2.653s] running build_py
[2.654s] copying controllers/simple_controller.py -> /home/diego/Workspaces/dev_ws/src/build/controllers/build/lib/controllers
[2.654s] running install
[2.656s] running install_lib
[2.659s] copying /home/diego/Workspaces/dev_ws/src/build/controllers/build/lib/controllers/simple_controller.py -> /home/diego/Workspaces/dev_ws/src/install/controllers/lib/python3.8/site-packages/controllers
[2.660s] byte-compiling /home/diego/Workspaces/dev_ws/src/install/controllers/lib/python3.8/site-packages/controllers/simple_controller.py to simple_controller.cpython-38.pyc
[2.665s] running install_data
[2.666s] running install_egg_info
[2.670s] removing '/home/diego/Workspaces/dev_ws/src/install/controllers/lib/python3.8/site-packages/controllers-0.0.0-py3.8.egg-info' (and everything under it)
[2.671s] Copying ../build/controllers/controllers.egg-info to /home/diego/Workspaces/dev_ws/src/install/controllers/lib/python3.8/site-packages/controllers-0.0.0-py3.8.egg-info
[2.673s] running install_scripts
[2.720s] Installing simple_controller script to /home/diego/Workspaces/dev_ws/src/install/controllers/lib/controllers
[2.721s] writing list of installed files to '/home/diego/Workspaces/dev_ws/src/build/controllers/install.log'
[2.800s] Invoked command in '/home/diego/Workspaces/dev_ws/src/controllers' returned '0': PYTHONPATH=/home/diego/Workspaces/dev_ws/src/install/controllers/lib/python3.8/site-packages:${PYTHONPATH} /usr/bin/python3 setup.py egg_info --egg-base ../build/controllers build --build-base /home/diego/Workspaces/dev_ws/src/build/controllers/build install --prefix /home/diego/Workspaces/dev_ws/src/install/controllers --record /home/diego/Workspaces/dev_ws/src/build/controllers/install.log --single-version-externally-managed
