[0.128s] Invoking command in '/home/diego/Workspaces/dev_ws/build/nav2_bringup': CMAKE_PREFIX_PATH=${CMAKE_PREFIX_PATH}:/home/diego/Workspaces/dev_ws/install/controllers:/opt/ros/foxy /usr/bin/cmake /home/diego/Workspaces/dev_ws/src/nav2_bringup/nav2_bringup/bringup -DCMAKE_INSTALL_PREFIX=/home/diego/Workspaces/dev_ws/install/nav2_bringup
[0.712s] -- The C compiler identification is GNU 9.4.0
[1.205s] -- The CXX compiler identification is GNU 9.4.0
[1.256s] -- Check for working C compiler: /usr/bin/cc
[1.518s] -- Check for working C compiler: /usr/bin/cc -- works
[1.525s] -- Detecting C compiler ABI info
[1.753s] -- Detecting C compiler ABI info - done
[1.799s] -- Detecting C compile features
[1.802s] -- Detecting C compile features - done
[1.814s] -- Check for working CXX compiler: /usr/bin/c++
[2.031s] -- Check for working CXX compiler: /usr/bin/c++ -- works
[2.035s] -- Detecting CXX compiler ABI info
[2.289s] -- Detecting CXX compiler ABI info - done
[2.327s] -- Detecting CXX compile features
[2.329s] -- Detecting CXX compile features - done
[2.346s] -- Found ament_cmake: 0.9.9 (/opt/ros/foxy/share/ament_cmake/cmake)
[2.439s] -- Found PythonInterp: /usr/bin/python3 (found suitable version "3.8.10", minimum required is "3") 
[2.440s] -- Using PYTHON_EXECUTABLE: /usr/bin/python3
[3.159s] -- Found nav2_common: 0.4.7 (/opt/ros/foxy/share/nav2_common/cmake)
[3.168s] -- Found navigation2: 0.4.7 (/opt/ros/foxy/share/navigation2/cmake)
[3.169s] -- Setting build type to Release as none was specified.
[3.175s] -- Found ament_lint_auto: 0.9.6 (/opt/ros/foxy/share/ament_lint_auto/cmake)
[3.598s] -- Added test 'copyright' to check source files copyright and LICENSE
[3.612s] -- Added test 'flake8' to check Python code syntax and style conventions
[3.617s] -- Added test 'lint_cmake' to check CMake code style
[3.621s] -- Added test 'pep257' to check Python code against some of the style conventions in PEP 257
[3.631s] -- Added test 'xmllint' to check XML markup files
[3.639s] -- Configuring done
[3.645s] -- Generating done
[3.649s] -- Build files have been written to: /home/diego/Workspaces/dev_ws/build/nav2_bringup
[3.664s] Invoked command in '/home/diego/Workspaces/dev_ws/build/nav2_bringup' returned '0': CMAKE_PREFIX_PATH=${CMAKE_PREFIX_PATH}:/home/diego/Workspaces/dev_ws/install/controllers:/opt/ros/foxy /usr/bin/cmake /home/diego/Workspaces/dev_ws/src/nav2_bringup/nav2_bringup/bringup -DCMAKE_INSTALL_PREFIX=/home/diego/Workspaces/dev_ws/install/nav2_bringup
[3.666s] Invoking command in '/home/diego/Workspaces/dev_ws/build/nav2_bringup': CMAKE_PREFIX_PATH=${CMAKE_PREFIX_PATH}:/home/diego/Workspaces/dev_ws/install/controllers:/opt/ros/foxy /usr/bin/cmake --build /home/diego/Workspaces/dev_ws/build/nav2_bringup -- -j2 -l2
[3.788s] Invoked command in '/home/diego/Workspaces/dev_ws/build/nav2_bringup' returned '0': CMAKE_PREFIX_PATH=${CMAKE_PREFIX_PATH}:/home/diego/Workspaces/dev_ws/install/controllers:/opt/ros/foxy /usr/bin/cmake --build /home/diego/Workspaces/dev_ws/build/nav2_bringup -- -j2 -l2
[3.853s] Invoking command in '/home/diego/Workspaces/dev_ws/build/nav2_bringup': CMAKE_PREFIX_PATH=${CMAKE_PREFIX_PATH}:/home/diego/Workspaces/dev_ws/install/controllers:/opt/ros/foxy /usr/bin/cmake --install /home/diego/Workspaces/dev_ws/build/nav2_bringup
[3.879s] -- Install configuration: "Release"
[3.880s] -- Installing: /home/diego/Workspaces/dev_ws/install/nav2_bringup/share/nav2_bringup/launch
[3.881s] -- Installing: /home/diego/Workspaces/dev_ws/install/nav2_bringup/share/nav2_bringup/launch/bringup_launch.py
[3.882s] -- Installing: /home/diego/Workspaces/dev_ws/install/nav2_bringup/share/nav2_bringup/launch/tb3_simulation_launch.py
[3.883s] -- Installing: /home/diego/Workspaces/dev_ws/install/nav2_bringup/share/nav2_bringup/launch/rviz_launch.py
[3.884s] -- Installing: /home/diego/Workspaces/dev_ws/install/nav2_bringup/share/nav2_bringup/launch/localization_launch.py
[3.885s] -- Installing: /home/diego/Workspaces/dev_ws/install/nav2_bringup/share/nav2_bringup/launch/multi_tb3_simulation_launch.py
[3.886s] -- Installing: /home/diego/Workspaces/dev_ws/install/nav2_bringup/share/nav2_bringup/launch/slam_launch.py
[3.887s] -- Installing: /home/diego/Workspaces/dev_ws/install/nav2_bringup/share/nav2_bringup/launch/spawn_tb3_launch.py
[3.888s] -- Installing: /home/diego/Workspaces/dev_ws/install/nav2_bringup/share/nav2_bringup/launch/navigation_launch.py
[3.890s] -- Installing: /home/diego/Workspaces/dev_ws/install/nav2_bringup/share/nav2_bringup/maps
[3.891s] -- Installing: /home/diego/Workspaces/dev_ws/install/nav2_bringup/share/nav2_bringup/maps/turtlebot3_world.pgm
[3.893s] -- Installing: /home/diego/Workspaces/dev_ws/install/nav2_bringup/share/nav2_bringup/maps/turtlebot3_world.yaml
[3.894s] -- Installing: /home/diego/Workspaces/dev_ws/install/nav2_bringup/share/nav2_bringup/rviz
[3.895s] -- Installing: /home/diego/Workspaces/dev_ws/install/nav2_bringup/share/nav2_bringup/rviz/nav2_default_view.rviz
[3.895s] -- Installing: /home/diego/Workspaces/dev_ws/install/nav2_bringup/share/nav2_bringup/rviz/nav2_namespaced_view.rviz
[3.896s] -- Installing: /home/diego/Workspaces/dev_ws/install/nav2_bringup/share/nav2_bringup/worlds
[3.897s] -- Installing: /home/diego/Workspaces/dev_ws/install/nav2_bringup/share/nav2_bringup/worlds/waffle.model
[3.898s] -- Installing: /home/diego/Workspaces/dev_ws/install/nav2_bringup/share/nav2_bringup/worlds/world_only.model
[3.899s] -- Installing: /home/diego/Workspaces/dev_ws/install/nav2_bringup/share/nav2_bringup/params
[3.900s] -- Installing: /home/diego/Workspaces/dev_ws/install/nav2_bringup/share/nav2_bringup/params/nav2_params.yaml
[3.902s] -- Installing: /home/diego/Workspaces/dev_ws/install/nav2_bringup/share/nav2_bringup/params/nav2_multirobot_params_1.yaml
[3.903s] -- Installing: /home/diego/Workspaces/dev_ws/install/nav2_bringup/share/nav2_bringup/params/nav2_multirobot_params_2.yaml
[3.904s] -- Installing: /home/diego/Workspaces/dev_ws/install/nav2_bringup/share/nav2_bringup/urdf
[3.905s] -- Installing: /home/diego/Workspaces/dev_ws/install/nav2_bringup/share/nav2_bringup/urdf/turtlebot3_waffle.urdf
[3.906s] -- Installing: /home/diego/Workspaces/dev_ws/install/nav2_bringup/share/ament_index/resource_index/package_run_dependencies/nav2_bringup
[3.907s] -- Installing: /home/diego/Workspaces/dev_ws/install/nav2_bringup/share/ament_index/resource_index/parent_prefix_path/nav2_bringup
[3.909s] -- Installing: /home/diego/Workspaces/dev_ws/install/nav2_bringup/share/nav2_bringup/environment/ament_prefix_path.sh
[3.910s] -- Installing: /home/diego/Workspaces/dev_ws/install/nav2_bringup/share/nav2_bringup/environment/ament_prefix_path.dsv
[3.911s] -- Installing: /home/diego/Workspaces/dev_ws/install/nav2_bringup/share/nav2_bringup/environment/path.sh
[3.912s] -- Installing: /home/diego/Workspaces/dev_ws/install/nav2_bringup/share/nav2_bringup/environment/path.dsv
[3.913s] -- Installing: /home/diego/Workspaces/dev_ws/install/nav2_bringup/share/nav2_bringup/local_setup.bash
[3.915s] -- Installing: /home/diego/Workspaces/dev_ws/install/nav2_bringup/share/nav2_bringup/local_setup.sh
[3.916s] -- Installing: /home/diego/Workspaces/dev_ws/install/nav2_bringup/share/nav2_bringup/local_setup.zsh
[3.918s] -- Installing: /home/diego/Workspaces/dev_ws/install/nav2_bringup/share/nav2_bringup/local_setup.dsv
[3.919s] -- Installing: /home/diego/Workspaces/dev_ws/install/nav2_bringup/share/nav2_bringup/package.dsv
[3.920s] -- Installing: /home/diego/Workspaces/dev_ws/install/nav2_bringup/share/ament_index/resource_index/packages/nav2_bringup
[3.924s] -- Installing: /home/diego/Workspaces/dev_ws/install/nav2_bringup/share/nav2_bringup/cmake/nav2_bringupConfig.cmake
[3.925s] -- Installing: /home/diego/Workspaces/dev_ws/install/nav2_bringup/share/nav2_bringup/cmake/nav2_bringupConfig-version.cmake
[3.925s] -- Installing: /home/diego/Workspaces/dev_ws/install/nav2_bringup/share/nav2_bringup/package.xml
[3.936s] Invoked command in '/home/diego/Workspaces/dev_ws/build/nav2_bringup' returned '0': CMAKE_PREFIX_PATH=${CMAKE_PREFIX_PATH}:/home/diego/Workspaces/dev_ws/install/controllers:/opt/ros/foxy /usr/bin/cmake --install /home/diego/Workspaces/dev_ws/build/nav2_bringup
