[3.515s] Invoking command in '/home/diego/Workspaces/dev_ws/src/controllers': PYTHONPATH=/home/diego/Workspaces/dev_ws/install/controllers/lib/python3.8/site-packages:${PYTHONPATH} /usr/bin/python3 setup.py egg_info --egg-base ../../build/controllers build --build-base /home/diego/Workspaces/dev_ws/build/controllers/build install --prefix /home/diego/Workspaces/dev_ws/install/controllers --record /home/diego/Workspaces/dev_ws/build/controllers/install.log --single-version-externally-managed
[4.383s] running egg_info
[4.385s] writing ../../build/controllers/controllers.egg-info/PKG-INFO
[4.387s] writing dependency_links to ../../build/controllers/controllers.egg-info/dependency_links.txt
[4.389s] writing entry points to ../../build/controllers/controllers.egg-info/entry_points.txt
[4.391s] writing requirements to ../../build/controllers/controllers.egg-info/requires.txt
[4.392s] writing top-level names to ../../build/controllers/controllers.egg-info/top_level.txt
[4.488s] reading manifest file '../../build/controllers/controllers.egg-info/SOURCES.txt'
[4.491s] writing manifest file '../../build/controllers/controllers.egg-info/SOURCES.txt'
[4.493s] running build
[4.494s] running build_py
[4.496s] running install
[4.500s] running install_lib
[4.505s] running install_data
[4.508s] running install_egg_info
[4.515s] removing '/home/diego/Workspaces/dev_ws/install/controllers/lib/python3.8/site-packages/controllers-0.0.0-py3.8.egg-info' (and everything under it)
[4.517s] Copying ../../build/controllers/controllers.egg-info to /home/diego/Workspaces/dev_ws/install/controllers/lib/python3.8/site-packages/controllers-0.0.0-py3.8.egg-info
[4.520s] running install_scripts
[4.571s] Installing simple_controller script to /home/diego/Workspaces/dev_ws/install/controllers/lib/controllers
[4.573s] writing list of installed files to '/home/diego/Workspaces/dev_ws/build/controllers/install.log'
[4.668s] Invoked command in '/home/diego/Workspaces/dev_ws/src/controllers' returned '0': PYTHONPATH=/home/diego/Workspaces/dev_ws/install/controllers/lib/python3.8/site-packages:${PYTHONPATH} /usr/bin/python3 setup.py egg_info --egg-base ../../build/controllers build --build-base /home/diego/Workspaces/dev_ws/build/controllers/build install --prefix /home/diego/Workspaces/dev_ws/install/controllers --record /home/diego/Workspaces/dev_ws/build/controllers/install.log --single-version-externally-managed
