[2.868s] Invoking command in '/home/diego/Workspaces/dev_ws/src/controllers': PYTHONPATH=/home/diego/Workspaces/dev_ws/src/install/controllers/lib/python3.8/site-packages:${PYTHONPATH} /usr/bin/python3 setup.py egg_info --egg-base ../build/controllers build --build-base /home/diego/Workspaces/dev_ws/src/build/controllers/build install --prefix /home/diego/Workspaces/dev_ws/src/install/controllers --record /home/diego/Workspaces/dev_ws/src/build/controllers/install.log --single-version-externally-managed
[3.722s] running egg_info
[3.725s] writing ../build/controllers/controllers.egg-info/PKG-INFO
[3.732s] writing dependency_links to ../build/controllers/controllers.egg-info/dependency_links.txt
[3.734s] writing entry points to ../build/controllers/controllers.egg-info/entry_points.txt
[3.735s] writing requirements to ../build/controllers/controllers.egg-info/requires.txt
[3.737s] writing top-level names to ../build/controllers/controllers.egg-info/top_level.txt
[3.869s] reading manifest file '../build/controllers/controllers.egg-info/SOURCES.txt'
[3.874s] writing manifest file '../build/controllers/controllers.egg-info/SOURCES.txt'
[3.875s] running build
[3.876s] running build_py
[3.877s] copying controllers/simple_controller.py -> /home/diego/Workspaces/dev_ws/src/build/controllers/build/lib/controllers
[3.879s] running install
[3.882s] running install_lib
[3.887s] copying /home/diego/Workspaces/dev_ws/src/build/controllers/build/lib/controllers/simple_controller.py -> /home/diego/Workspaces/dev_ws/src/install/controllers/lib/python3.8/site-packages/controllers
[3.889s] byte-compiling /home/diego/Workspaces/dev_ws/src/install/controllers/lib/python3.8/site-packages/controllers/simple_controller.py to simple_controller.cpython-38.pyc
[3.895s] running install_data
[3.897s] running install_egg_info
[3.902s] removing '/home/diego/Workspaces/dev_ws/src/install/controllers/lib/python3.8/site-packages/controllers-0.0.0-py3.8.egg-info' (and everything under it)
[3.905s] Copying ../build/controllers/controllers.egg-info to /home/diego/Workspaces/dev_ws/src/install/controllers/lib/python3.8/site-packages/controllers-0.0.0-py3.8.egg-info
[3.909s] running install_scripts
[3.964s] Installing simple_controller script to /home/diego/Workspaces/dev_ws/src/install/controllers/lib/controllers
[3.969s] writing list of installed files to '/home/diego/Workspaces/dev_ws/src/build/controllers/install.log'
[4.062s] Invoked command in '/home/diego/Workspaces/dev_ws/src/controllers' returned '0': PYTHONPATH=/home/diego/Workspaces/dev_ws/src/install/controllers/lib/python3.8/site-packages:${PYTHONPATH} /usr/bin/python3 setup.py egg_info --egg-base ../build/controllers build --build-base /home/diego/Workspaces/dev_ws/src/build/controllers/build install --prefix /home/diego/Workspaces/dev_ws/src/install/controllers --record /home/diego/Workspaces/dev_ws/src/build/controllers/install.log --single-version-externally-managed
