[4.619s] Invoking command in '/home/diego/Workspaces/dev_ws/src/controllers': PYTHONPATH=/home/diego/Workspaces/dev_ws/install/controllers/lib/python3.8/site-packages:${PYTHONPATH} /usr/bin/python3 setup.py egg_info --egg-base ../../build/controllers build --build-base /home/diego/Workspaces/dev_ws/build/controllers/build install --prefix /home/diego/Workspaces/dev_ws/install/controllers --record /home/diego/Workspaces/dev_ws/build/controllers/install.log --single-version-externally-managed
[5.551s] running egg_info
[5.553s] writing ../../build/controllers/controllers.egg-info/PKG-INFO
[5.560s] writing dependency_links to ../../build/controllers/controllers.egg-info/dependency_links.txt
[5.561s] writing entry points to ../../build/controllers/controllers.egg-info/entry_points.txt
[5.563s] writing requirements to ../../build/controllers/controllers.egg-info/requires.txt
[5.563s] writing top-level names to ../../build/controllers/controllers.egg-info/top_level.txt
[5.716s] reading manifest file '../../build/controllers/controllers.egg-info/SOURCES.txt'
[5.720s] writing manifest file '../../build/controllers/controllers.egg-info/SOURCES.txt'
[5.720s] running build
[5.721s] running build_py
[5.724s] running install
[5.727s] running install_lib
[5.734s] running install_data
[5.739s] running install_egg_info
[5.745s] removing '/home/diego/Workspaces/dev_ws/install/controllers/lib/python3.8/site-packages/controllers-0.0.0-py3.8.egg-info' (and everything under it)
[5.746s] Copying ../../build/controllers/controllers.egg-info to /home/diego/Workspaces/dev_ws/install/controllers/lib/python3.8/site-packages/controllers-0.0.0-py3.8.egg-info
[5.751s] running install_scripts
[5.820s] Installing simple_controller script to /home/diego/Workspaces/dev_ws/install/controllers/lib/controllers
[5.823s] writing list of installed files to '/home/diego/Workspaces/dev_ws/build/controllers/install.log'
[5.910s] Invoked command in '/home/diego/Workspaces/dev_ws/src/controllers' returned '0': PYTHONPATH=/home/diego/Workspaces/dev_ws/install/controllers/lib/python3.8/site-packages:${PYTHONPATH} /usr/bin/python3 setup.py egg_info --egg-base ../../build/controllers build --build-base /home/diego/Workspaces/dev_ws/build/controllers/build install --prefix /home/diego/Workspaces/dev_ws/install/controllers --record /home/diego/Workspaces/dev_ws/build/controllers/install.log --single-version-externally-managed
