running egg_info
creating ../build/controllers/controllers.egg-info
writing ../build/controllers/controllers.egg-info/PKG-INFO
writing dependency_links to ../build/controllers/controllers.egg-info/dependency_links.txt
writing entry points to ../build/controllers/controllers.egg-info/entry_points.txt
writing requirements to ../build/controllers/controllers.egg-info/requires.txt
writing top-level names to ../build/controllers/controllers.egg-info/top_level.txt
writing manifest file '../build/controllers/controllers.egg-info/SOURCES.txt'
reading manifest file '../build/controllers/controllers.egg-info/SOURCES.txt'
writing manifest file '../build/controllers/controllers.egg-info/SOURCES.txt'
running build
running build_py
creating /home/diego/Workspaces/dev_ws/src/build/controllers/build
creating /home/diego/Workspaces/dev_ws/src/build/controllers/build/lib
creating /home/diego/Workspaces/dev_ws/src/build/controllers/build/lib/controllers
copying controllers/simple_controller.py -> /home/diego/Workspaces/dev_ws/src/build/controllers/build/lib/controllers
copying controllers/__init__.py -> /home/diego/Workspaces/dev_ws/src/build/controllers/build/lib/controllers
running install
running install_lib
creating /home/diego/Workspaces/dev_ws/src/install/controllers/lib/python3.8/site-packages/controllers
copying /home/diego/Workspaces/dev_ws/src/build/controllers/build/lib/controllers/simple_controller.py -> /home/diego/Workspaces/dev_ws/src/install/controllers/lib/python3.8/site-packages/controllers
copying /home/diego/Workspaces/dev_ws/src/build/controllers/build/lib/controllers/__init__.py -> /home/diego/Workspaces/dev_ws/src/install/controllers/lib/python3.8/site-packages/controllers
byte-compiling /home/diego/Workspaces/dev_ws/src/install/controllers/lib/python3.8/site-packages/controllers/simple_controller.py to simple_controller.cpython-38.pyc
byte-compiling /home/diego/Workspaces/dev_ws/src/install/controllers/lib/python3.8/site-packages/controllers/__init__.py to __init__.cpython-38.pyc
running install_data
creating /home/diego/Workspaces/dev_ws/src/install/controllers/share/ament_index
creating /home/diego/Workspaces/dev_ws/src/install/controllers/share/ament_index/resource_index
creating /home/diego/Workspaces/dev_ws/src/install/controllers/share/ament_index/resource_index/packages
copying resource/controllers -> /home/diego/Workspaces/dev_ws/src/install/controllers/share/ament_index/resource_index/packages
copying package.xml -> /home/diego/Workspaces/dev_ws/src/install/controllers/share/controllers
running install_egg_info
Copying ../build/controllers/controllers.egg-info to /home/diego/Workspaces/dev_ws/src/install/controllers/lib/python3.8/site-packages/controllers-0.0.0-py3.8.egg-info
running install_scripts
Installing simple_controller script to /home/diego/Workspaces/dev_ws/src/install/controllers/lib/controllers
writing list of installed files to '/home/diego/Workspaces/dev_ws/src/build/controllers/install.log'
