[2.454s] Invoking command in '/home/diego/Workspaces/dev_ws/src/controllers': PYTHONPATH=/home/diego/Workspaces/dev_ws/install/controllers/lib/python3.8/site-packages:${PYTHONPATH} /usr/bin/python3 setup.py egg_info --egg-base ../../build/controllers build --build-base /home/diego/Workspaces/dev_ws/build/controllers/build install --prefix /home/diego/Workspaces/dev_ws/install/controllers --record /home/diego/Workspaces/dev_ws/build/controllers/install.log --single-version-externally-managed
[3.068s] running egg_info
[3.071s] writing ../../build/controllers/controllers.egg-info/PKG-INFO
[3.074s] writing dependency_links to ../../build/controllers/controllers.egg-info/dependency_links.txt
[3.076s] writing entry points to ../../build/controllers/controllers.egg-info/entry_points.txt
[3.078s] writing requirements to ../../build/controllers/controllers.egg-info/requires.txt
[3.079s] writing top-level names to ../../build/controllers/controllers.egg-info/top_level.txt
[3.175s] reading manifest file '../../build/controllers/controllers.egg-info/SOURCES.txt'
[3.178s] writing manifest file '../../build/controllers/controllers.egg-info/SOURCES.txt'
[3.179s] running build
[3.179s] running build_py
[3.181s] running install
[3.183s] running install_lib
[3.187s] running install_data
[3.189s] running install_egg_info
[3.195s] removing '/home/diego/Workspaces/dev_ws/install/controllers/lib/python3.8/site-packages/controllers-0.0.0-py3.8.egg-info' (and everything under it)
[3.196s] Copying ../../build/controllers/controllers.egg-info to /home/diego/Workspaces/dev_ws/install/controllers/lib/python3.8/site-packages/controllers-0.0.0-py3.8.egg-info
[3.200s] running install_scripts
[3.251s] Installing simple_controller script to /home/diego/Workspaces/dev_ws/install/controllers/lib/controllers
[3.252s] writing list of installed files to '/home/diego/Workspaces/dev_ws/build/controllers/install.log'
[3.328s] Invoked command in '/home/diego/Workspaces/dev_ws/src/controllers' returned '0': PYTHONPATH=/home/diego/Workspaces/dev_ws/install/controllers/lib/python3.8/site-packages:${PYTHONPATH} /usr/bin/python3 setup.py egg_info --egg-base ../../build/controllers build --build-base /home/diego/Workspaces/dev_ws/build/controllers/build install --prefix /home/diego/Workspaces/dev_ws/install/controllers --record /home/diego/Workspaces/dev_ws/build/controllers/install.log --single-version-externally-managed
