[2.460s] Invoking command in '/home/diego/Workspaces/dev_ws/src/controllers': PYTHONPATH=/home/diego/Workspaces/dev_ws/src/install/controllers/lib/python3.8/site-packages:${PYTHONPATH} /usr/bin/python3 setup.py egg_info --egg-base ../build/controllers build --build-base /home/diego/Workspaces/dev_ws/src/build/controllers/build install --prefix /home/diego/Workspaces/dev_ws/src/install/controllers --record /home/diego/Workspaces/dev_ws/src/build/controllers/install.log --single-version-externally-managed
[3.042s] running egg_info
[3.043s] writing ../build/controllers/controllers.egg-info/PKG-INFO
[3.044s] writing dependency_links to ../build/controllers/controllers.egg-info/dependency_links.txt
[3.049s] writing entry points to ../build/controllers/controllers.egg-info/entry_points.txt
[3.049s] writing requirements to ../build/controllers/controllers.egg-info/requires.txt
[3.050s] writing top-level names to ../build/controllers/controllers.egg-info/top_level.txt
[3.152s] reading manifest file '../build/controllers/controllers.egg-info/SOURCES.txt'
[3.156s] writing manifest file '../build/controllers/controllers.egg-info/SOURCES.txt'
[3.157s] running build
[3.157s] running build_py
[3.158s] copying controllers/simple_controller.py -> /home/diego/Workspaces/dev_ws/src/build/controllers/build/lib/controllers
[3.159s] running install
[3.161s] running install_lib
[3.166s] copying /home/diego/Workspaces/dev_ws/src/build/controllers/build/lib/controllers/simple_controller.py -> /home/diego/Workspaces/dev_ws/src/install/controllers/lib/python3.8/site-packages/controllers
[3.166s] byte-compiling /home/diego/Workspaces/dev_ws/src/install/controllers/lib/python3.8/site-packages/controllers/simple_controller.py to simple_controller.cpython-38.pyc
[3.172s] running install_data
[3.175s] running install_egg_info
[3.177s] removing '/home/diego/Workspaces/dev_ws/src/install/controllers/lib/python3.8/site-packages/controllers-0.0.0-py3.8.egg-info' (and everything under it)
[3.179s] Copying ../build/controllers/controllers.egg-info to /home/diego/Workspaces/dev_ws/src/install/controllers/lib/python3.8/site-packages/controllers-0.0.0-py3.8.egg-info
[3.182s] running install_scripts
[3.244s] Installing simple_controller script to /home/diego/Workspaces/dev_ws/src/install/controllers/lib/controllers
[3.246s] writing list of installed files to '/home/diego/Workspaces/dev_ws/src/build/controllers/install.log'
[3.335s] Invoked command in '/home/diego/Workspaces/dev_ws/src/controllers' returned '0': PYTHONPATH=/home/diego/Workspaces/dev_ws/src/install/controllers/lib/python3.8/site-packages:${PYTHONPATH} /usr/bin/python3 setup.py egg_info --egg-base ../build/controllers build --build-base /home/diego/Workspaces/dev_ws/src/build/controllers/build install --prefix /home/diego/Workspaces/dev_ws/src/install/controllers --record /home/diego/Workspaces/dev_ws/src/build/controllers/install.log --single-version-externally-managed
