[3.185s] Invoking command in '/home/diego/Workspaces/dev_ws/src/controllers': PYTHONPATH=/home/diego/Workspaces/dev_ws/install/controllers/lib/python3.8/site-packages:${PYTHONPATH} /usr/bin/python3 setup.py egg_info --egg-base ../../build/controllers build --build-base /home/diego/Workspaces/dev_ws/build/controllers/build install --prefix /home/diego/Workspaces/dev_ws/install/controllers --record /home/diego/Workspaces/dev_ws/build/controllers/install.log --single-version-externally-managed
[3.924s] running egg_info
[3.927s] writing ../../build/controllers/controllers.egg-info/PKG-INFO
[3.929s] writing dependency_links to ../../build/controllers/controllers.egg-info/dependency_links.txt
[3.931s] writing entry points to ../../build/controllers/controllers.egg-info/entry_points.txt
[3.932s] writing requirements to ../../build/controllers/controllers.egg-info/requires.txt
[3.934s] writing top-level names to ../../build/controllers/controllers.egg-info/top_level.txt
[4.035s] reading manifest file '../../build/controllers/controllers.egg-info/SOURCES.txt'
[4.038s] writing manifest file '../../build/controllers/controllers.egg-info/SOURCES.txt'
[4.039s] running build
[4.040s] running build_py
[4.042s] running install
[4.044s] running install_lib
[4.049s] running install_data
[4.052s] running install_egg_info
[4.059s] removing '/home/diego/Workspaces/dev_ws/install/controllers/lib/python3.8/site-packages/controllers-0.0.0-py3.8.egg-info' (and everything under it)
[4.062s] Copying ../../build/controllers/controllers.egg-info to /home/diego/Workspaces/dev_ws/install/controllers/lib/python3.8/site-packages/controllers-0.0.0-py3.8.egg-info
[4.066s] running install_scripts
[4.116s] Installing simple_controller script to /home/diego/Workspaces/dev_ws/install/controllers/lib/controllers
[4.118s] writing list of installed files to '/home/diego/Workspaces/dev_ws/build/controllers/install.log'
[4.213s] Invoked command in '/home/diego/Workspaces/dev_ws/src/controllers' returned '0': PYTHONPATH=/home/diego/Workspaces/dev_ws/install/controllers/lib/python3.8/site-packages:${PYTHONPATH} /usr/bin/python3 setup.py egg_info --egg-base ../../build/controllers build --build-base /home/diego/Workspaces/dev_ws/build/controllers/build install --prefix /home/diego/Workspaces/dev_ws/install/controllers --record /home/diego/Workspaces/dev_ws/build/controllers/install.log --single-version-externally-managed
