[4.420s] Invoking command in '/home/diego/Workspaces/dev_ws/src/controllers': PYTHONPATH=/home/diego/Workspaces/dev_ws/install/controllers/lib/python3.8/site-packages:${PYTHONPATH} /usr/bin/python3 setup.py egg_info --egg-base ../../build/controllers build --build-base /home/diego/Workspaces/dev_ws/build/controllers/build install --prefix /home/diego/Workspaces/dev_ws/install/controllers --record /home/diego/Workspaces/dev_ws/build/controllers/install.log --single-version-externally-managed
[5.358s] running egg_info
[5.361s] writing ../../build/controllers/controllers.egg-info/PKG-INFO
[5.363s] writing dependency_links to ../../build/controllers/controllers.egg-info/dependency_links.txt
[5.367s] writing entry points to ../../build/controllers/controllers.egg-info/entry_points.txt
[5.369s] writing requirements to ../../build/controllers/controllers.egg-info/requires.txt
[5.370s] writing top-level names to ../../build/controllers/controllers.egg-info/top_level.txt
[5.508s] reading manifest file '../../build/controllers/controllers.egg-info/SOURCES.txt'
[5.512s] writing manifest file '../../build/controllers/controllers.egg-info/SOURCES.txt'
[5.513s] running build
[5.514s] running build_py
[5.515s] copying controllers/simple_controller.py -> /home/diego/Workspaces/dev_ws/build/controllers/build/lib/controllers
[5.517s] running install
[5.520s] running install_lib
[5.523s] copying /home/diego/Workspaces/dev_ws/build/controllers/build/lib/controllers/simple_controller.py -> /home/diego/Workspaces/dev_ws/install/controllers/lib/python3.8/site-packages/controllers
[5.527s] byte-compiling /home/diego/Workspaces/dev_ws/install/controllers/lib/python3.8/site-packages/controllers/simple_controller.py to simple_controller.cpython-38.pyc
[5.537s] running install_data
[5.539s] running install_egg_info
[5.545s] removing '/home/diego/Workspaces/dev_ws/install/controllers/lib/python3.8/site-packages/controllers-0.0.0-py3.8.egg-info' (and everything under it)
[5.546s] Copying ../../build/controllers/controllers.egg-info to /home/diego/Workspaces/dev_ws/install/controllers/lib/python3.8/site-packages/controllers-0.0.0-py3.8.egg-info
[5.551s] running install_scripts
[5.629s] Installing simple_controller script to /home/diego/Workspaces/dev_ws/install/controllers/lib/controllers
[5.634s] writing list of installed files to '/home/diego/Workspaces/dev_ws/build/controllers/install.log'
[5.729s] Invoked command in '/home/diego/Workspaces/dev_ws/src/controllers' returned '0': PYTHONPATH=/home/diego/Workspaces/dev_ws/install/controllers/lib/python3.8/site-packages:${PYTHONPATH} /usr/bin/python3 setup.py egg_info --egg-base ../../build/controllers build --build-base /home/diego/Workspaces/dev_ws/build/controllers/build install --prefix /home/diego/Workspaces/dev_ws/install/controllers --record /home/diego/Workspaces/dev_ws/build/controllers/install.log --single-version-externally-managed
