[2.140s] Invoking command in '/home/diego/Workspaces/dev_ws/src/controllers': PYTHONPATH=/home/diego/Workspaces/dev_ws/install/controllers/lib/python3.8/site-packages:${PYTHONPATH} /usr/bin/python3 setup.py egg_info --egg-base ../../build/controllers build --build-base /home/diego/Workspaces/dev_ws/build/controllers/build install --prefix /home/diego/Workspaces/dev_ws/install/controllers --record /home/diego/Workspaces/dev_ws/build/controllers/install.log --single-version-externally-managed
[2.695s] running egg_info
[2.696s] writing ../../build/controllers/controllers.egg-info/PKG-INFO
[2.697s] writing dependency_links to ../../build/controllers/controllers.egg-info/dependency_links.txt
[2.698s] writing entry points to ../../build/controllers/controllers.egg-info/entry_points.txt
[2.699s] writing requirements to ../../build/controllers/controllers.egg-info/requires.txt
[2.699s] writing top-level names to ../../build/controllers/controllers.egg-info/top_level.txt
[2.785s] reading manifest file '../../build/controllers/controllers.egg-info/SOURCES.txt'
[2.786s] writing manifest file '../../build/controllers/controllers.egg-info/SOURCES.txt'
[2.787s] running build
[2.787s] running build_py
[2.788s] running install
[2.790s] running install_lib
[2.794s] running install_data
[2.795s] running install_egg_info
[2.799s] removing '/home/diego/Workspaces/dev_ws/install/controllers/lib/python3.8/site-packages/controllers-0.0.0-py3.8.egg-info' (and everything under it)
[2.800s] Copying ../../build/controllers/controllers.egg-info to /home/diego/Workspaces/dev_ws/install/controllers/lib/python3.8/site-packages/controllers-0.0.0-py3.8.egg-info
[2.802s] running install_scripts
[2.849s] Installing simple_controller script to /home/diego/Workspaces/dev_ws/install/controllers/lib/controllers
[2.850s] writing list of installed files to '/home/diego/Workspaces/dev_ws/build/controllers/install.log'
[2.923s] Invoked command in '/home/diego/Workspaces/dev_ws/src/controllers' returned '0': PYTHONPATH=/home/diego/Workspaces/dev_ws/install/controllers/lib/python3.8/site-packages:${PYTHONPATH} /usr/bin/python3 setup.py egg_info --egg-base ../../build/controllers build --build-base /home/diego/Workspaces/dev_ws/build/controllers/build install --prefix /home/diego/Workspaces/dev_ws/install/controllers --record /home/diego/Workspaces/dev_ws/build/controllers/install.log --single-version-externally-managed
