[0.042s] Invoking command in '/home/diego/Workspaces/dev_ws/build/basic_mobile_robot': CMAKE_PREFIX_PATH=/opt/ros/foxy /usr/bin/cmake --build /home/diego/Workspaces/dev_ws/build/basic_mobile_robot -- -j2 -l2
[0.140s] Invoked command in '/home/diego/Workspaces/dev_ws/build/basic_mobile_robot' returned '0': CMAKE_PREFIX_PATH=/opt/ros/foxy /usr/bin/cmake --build /home/diego/Workspaces/dev_ws/build/basic_mobile_robot -- -j2 -l2
[0.217s] Invoking command in '/home/diego/Workspaces/dev_ws/build/basic_mobile_robot': CMAKE_PREFIX_PATH=/opt/ros/foxy /usr/bin/cmake --install /home/diego/Workspaces/dev_ws/build/basic_mobile_robot
[0.236s] -- Install configuration: ""
[0.236s] -- Up-to-date: /home/diego/Workspaces/dev_ws/install/basic_mobile_robot/share/basic_mobile_robot/config
[0.237s] -- Up-to-date: /home/diego/Workspaces/dev_ws/install/basic_mobile_robot/share/basic_mobile_robot/launch
[0.237s] -- Up-to-date: /home/diego/Workspaces/dev_ws/install/basic_mobile_robot/share/basic_mobile_robot/launch/basic_mobile_bot_v1.launch.py
[0.237s] -- Up-to-date: /home/diego/Workspaces/dev_ws/install/basic_mobile_robot/share/basic_mobile_robot/maps
[0.238s] -- Up-to-date: /home/diego/Workspaces/dev_ws/install/basic_mobile_robot/share/basic_mobile_robot/meshes
[0.238s] -- Up-to-date: /home/diego/Workspaces/dev_ws/install/basic_mobile_robot/share/basic_mobile_robot/models
[0.238s] -- Up-to-date: /home/diego/Workspaces/dev_ws/install/basic_mobile_robot/share/basic_mobile_robot/models/basic_mobile_bot_v1.urdf
[0.238s] -- Up-to-date: /home/diego/Workspaces/dev_ws/install/basic_mobile_robot/share/basic_mobile_robot/params
[0.238s] -- Up-to-date: /home/diego/Workspaces/dev_ws/install/basic_mobile_robot/share/basic_mobile_robot/rviz
[0.238s] -- Up-to-date: /home/diego/Workspaces/dev_ws/install/basic_mobile_robot/share/basic_mobile_robot/rviz/urdf_config.rviz
[0.239s] -- Up-to-date: /home/diego/Workspaces/dev_ws/install/basic_mobile_robot/share/basic_mobile_robot/src
[0.239s] -- Up-to-date: /home/diego/Workspaces/dev_ws/install/basic_mobile_robot/share/basic_mobile_robot/worlds
[0.239s] -- Up-to-date: /home/diego/Workspaces/dev_ws/install/basic_mobile_robot/share/ament_index/resource_index/package_run_dependencies/basic_mobile_robot
[0.239s] -- Up-to-date: /home/diego/Workspaces/dev_ws/install/basic_mobile_robot/share/ament_index/resource_index/parent_prefix_path/basic_mobile_robot
[0.239s] -- Up-to-date: /home/diego/Workspaces/dev_ws/install/basic_mobile_robot/share/basic_mobile_robot/environment/ament_prefix_path.sh
[0.239s] -- Up-to-date: /home/diego/Workspaces/dev_ws/install/basic_mobile_robot/share/basic_mobile_robot/environment/ament_prefix_path.dsv
[0.239s] -- Up-to-date: /home/diego/Workspaces/dev_ws/install/basic_mobile_robot/share/basic_mobile_robot/environment/path.sh
[0.240s] -- Up-to-date: /home/diego/Workspaces/dev_ws/install/basic_mobile_robot/share/basic_mobile_robot/environment/path.dsv
[0.240s] -- Up-to-date: /home/diego/Workspaces/dev_ws/install/basic_mobile_robot/share/basic_mobile_robot/local_setup.bash
[0.240s] -- Up-to-date: /home/diego/Workspaces/dev_ws/install/basic_mobile_robot/share/basic_mobile_robot/local_setup.sh
[0.240s] -- Up-to-date: /home/diego/Workspaces/dev_ws/install/basic_mobile_robot/share/basic_mobile_robot/local_setup.zsh
[0.240s] -- Up-to-date: /home/diego/Workspaces/dev_ws/install/basic_mobile_robot/share/basic_mobile_robot/local_setup.dsv
[0.240s] -- Installing: /home/diego/Workspaces/dev_ws/install/basic_mobile_robot/share/basic_mobile_robot/package.dsv
[0.240s] -- Up-to-date: /home/diego/Workspaces/dev_ws/install/basic_mobile_robot/share/ament_index/resource_index/packages/basic_mobile_robot
[0.241s] -- Up-to-date: /home/diego/Workspaces/dev_ws/install/basic_mobile_robot/share/basic_mobile_robot/cmake/basic_mobile_robotConfig.cmake
[0.241s] -- Up-to-date: /home/diego/Workspaces/dev_ws/install/basic_mobile_robot/share/basic_mobile_robot/cmake/basic_mobile_robotConfig-version.cmake
[0.243s] -- Up-to-date: /home/diego/Workspaces/dev_ws/install/basic_mobile_robot/share/basic_mobile_robot/package.xml
[0.246s] Invoked command in '/home/diego/Workspaces/dev_ws/build/basic_mobile_robot' returned '0': CMAKE_PREFIX_PATH=/opt/ros/foxy /usr/bin/cmake --install /home/diego/Workspaces/dev_ws/build/basic_mobile_robot
