[3.733s] Invoking command in '/home/diego/Workspaces/dev_ws/src/controllers': PYTHONPATH=/home/diego/Workspaces/dev_ws/install/controllers/lib/python3.8/site-packages:${PYTHONPATH} /usr/bin/python3 setup.py egg_info --egg-base ../../build/controllers build --build-base /home/diego/Workspaces/dev_ws/build/controllers/build install --prefix /home/diego/Workspaces/dev_ws/install/controllers --record /home/diego/Workspaces/dev_ws/build/controllers/install.log --single-version-externally-managed
[4.446s] running egg_info
[4.447s] writing ../../build/controllers/controllers.egg-info/PKG-INFO
[4.448s] writing dependency_links to ../../build/controllers/controllers.egg-info/dependency_links.txt
[4.449s] writing entry points to ../../build/controllers/controllers.egg-info/entry_points.txt
[4.456s] writing requirements to ../../build/controllers/controllers.egg-info/requires.txt
[4.456s] writing top-level names to ../../build/controllers/controllers.egg-info/top_level.txt
[4.551s] reading manifest file '../../build/controllers/controllers.egg-info/SOURCES.txt'
[4.553s] writing manifest file '../../build/controllers/controllers.egg-info/SOURCES.txt'
[4.555s] running build
[4.555s] running build_py
[4.557s] running install
[4.561s] running install_lib
[4.567s] running install_data
[4.569s] running install_egg_info
[4.575s] removing '/home/diego/Workspaces/dev_ws/install/controllers/lib/python3.8/site-packages/controllers-0.0.0-py3.8.egg-info' (and everything under it)
[4.577s] Copying ../../build/controllers/controllers.egg-info to /home/diego/Workspaces/dev_ws/install/controllers/lib/python3.8/site-packages/controllers-0.0.0-py3.8.egg-info
[4.580s] running install_scripts
[4.627s] Installing simple_controller script to /home/diego/Workspaces/dev_ws/install/controllers/lib/controllers
[4.628s] writing list of installed files to '/home/diego/Workspaces/dev_ws/build/controllers/install.log'
[4.709s] Invoked command in '/home/diego/Workspaces/dev_ws/src/controllers' returned '0': PYTHONPATH=/home/diego/Workspaces/dev_ws/install/controllers/lib/python3.8/site-packages:${PYTHONPATH} /usr/bin/python3 setup.py egg_info --egg-base ../../build/controllers build --build-base /home/diego/Workspaces/dev_ws/build/controllers/build install --prefix /home/diego/Workspaces/dev_ws/install/controllers --record /home/diego/Workspaces/dev_ws/build/controllers/install.log --single-version-externally-managed
