[2.376s] Invoking command in '/home/diego/Workspaces/dev_ws/src/controllers': PYTHONPATH=/home/diego/Workspaces/dev_ws/install/controllers/lib/python3.8/site-packages:${PYTHONPATH} /usr/bin/python3 setup.py egg_info --egg-base ../../build/controllers build --build-base /home/diego/Workspaces/dev_ws/build/controllers/build install --prefix /home/diego/Workspaces/dev_ws/install/controllers --record /home/diego/Workspaces/dev_ws/build/controllers/install.log --single-version-externally-managed
[2.938s] running egg_info
[2.940s] writing ../../build/controllers/controllers.egg-info/PKG-INFO
[2.941s] writing dependency_links to ../../build/controllers/controllers.egg-info/dependency_links.txt
[2.943s] writing entry points to ../../build/controllers/controllers.egg-info/entry_points.txt
[2.944s] writing requirements to ../../build/controllers/controllers.egg-info/requires.txt
[2.945s] writing top-level names to ../../build/controllers/controllers.egg-info/top_level.txt
[3.033s] reading manifest file '../../build/controllers/controllers.egg-info/SOURCES.txt'
[3.036s] writing manifest file '../../build/controllers/controllers.egg-info/SOURCES.txt'
[3.037s] running build
[3.038s] running build_py
[3.039s] running install
[3.042s] running install_lib
[3.047s] running install_data
[3.049s] running install_egg_info
[3.054s] removing '/home/diego/Workspaces/dev_ws/install/controllers/lib/python3.8/site-packages/controllers-0.0.0-py3.8.egg-info' (and everything under it)
[3.055s] Copying ../../build/controllers/controllers.egg-info to /home/diego/Workspaces/dev_ws/install/controllers/lib/python3.8/site-packages/controllers-0.0.0-py3.8.egg-info
[3.058s] running install_scripts
[3.102s] Installing simple_controller script to /home/diego/Workspaces/dev_ws/install/controllers/lib/controllers
[3.103s] writing list of installed files to '/home/diego/Workspaces/dev_ws/build/controllers/install.log'
[3.177s] Invoked command in '/home/diego/Workspaces/dev_ws/src/controllers' returned '0': PYTHONPATH=/home/diego/Workspaces/dev_ws/install/controllers/lib/python3.8/site-packages:${PYTHONPATH} /usr/bin/python3 setup.py egg_info --egg-base ../../build/controllers build --build-base /home/diego/Workspaces/dev_ws/build/controllers/build install --prefix /home/diego/Workspaces/dev_ws/install/controllers --record /home/diego/Workspaces/dev_ws/build/controllers/install.log --single-version-externally-managed
