[2.617s] Invoking command in '/home/diego/Workspaces/dev_ws/src/controllers': PYTHONPATH=/home/diego/Workspaces/dev_ws/install/controllers/lib/python3.8/site-packages:${PYTHONPATH} /usr/bin/python3 setup.py egg_info --egg-base ../../build/controllers build --build-base /home/diego/Workspaces/dev_ws/build/controllers/build install --prefix /home/diego/Workspaces/dev_ws/install/controllers --record /home/diego/Workspaces/dev_ws/build/controllers/install.log --single-version-externally-managed
[3.282s] running egg_info
[3.284s] writing ../../build/controllers/controllers.egg-info/PKG-INFO
[3.286s] writing dependency_links to ../../build/controllers/controllers.egg-info/dependency_links.txt
[3.287s] writing entry points to ../../build/controllers/controllers.egg-info/entry_points.txt
[3.288s] writing requirements to ../../build/controllers/controllers.egg-info/requires.txt
[3.290s] writing top-level names to ../../build/controllers/controllers.egg-info/top_level.txt
[3.395s] reading manifest file '../../build/controllers/controllers.egg-info/SOURCES.txt'
[3.398s] writing manifest file '../../build/controllers/controllers.egg-info/SOURCES.txt'
[3.400s] running build
[3.401s] running build_py
[3.403s] copying controllers/simple_controller.py -> /home/diego/Workspaces/dev_ws/build/controllers/build/lib/controllers
[3.405s] running install
[3.408s] running install_lib
[3.411s] copying /home/diego/Workspaces/dev_ws/build/controllers/build/lib/controllers/simple_controller.py -> /home/diego/Workspaces/dev_ws/install/controllers/lib/python3.8/site-packages/controllers
[3.413s] byte-compiling /home/diego/Workspaces/dev_ws/install/controllers/lib/python3.8/site-packages/controllers/simple_controller.py to simple_controller.cpython-38.pyc
[3.418s] running install_data
[3.420s] running install_egg_info
[3.424s] removing '/home/diego/Workspaces/dev_ws/install/controllers/lib/python3.8/site-packages/controllers-0.0.0-py3.8.egg-info' (and everything under it)
[3.426s] Copying ../../build/controllers/controllers.egg-info to /home/diego/Workspaces/dev_ws/install/controllers/lib/python3.8/site-packages/controllers-0.0.0-py3.8.egg-info
[3.431s] running install_scripts
[3.483s] Installing simple_controller script to /home/diego/Workspaces/dev_ws/install/controllers/lib/controllers
[3.485s] writing list of installed files to '/home/diego/Workspaces/dev_ws/build/controllers/install.log'
[3.557s] Invoked command in '/home/diego/Workspaces/dev_ws/src/controllers' returned '0': PYTHONPATH=/home/diego/Workspaces/dev_ws/install/controllers/lib/python3.8/site-packages:${PYTHONPATH} /usr/bin/python3 setup.py egg_info --egg-base ../../build/controllers build --build-base /home/diego/Workspaces/dev_ws/build/controllers/build install --prefix /home/diego/Workspaces/dev_ws/install/controllers --record /home/diego/Workspaces/dev_ws/build/controllers/install.log --single-version-externally-managed
