[2.915s] Invoking command in '/home/diego/Workspaces/dev_ws/src/controllers': PYTHONPATH=/home/diego/Workspaces/dev_ws/install/controllers/lib/python3.8/site-packages:${PYTHONPATH} /usr/bin/python3 setup.py egg_info --egg-base ../../build/controllers build --build-base /home/diego/Workspaces/dev_ws/build/controllers/build install --prefix /home/diego/Workspaces/dev_ws/install/controllers --record /home/diego/Workspaces/dev_ws/build/controllers/install.log --single-version-externally-managed
[3.646s] running egg_info
[3.648s] writing ../../build/controllers/controllers.egg-info/PKG-INFO
[3.650s] writing dependency_links to ../../build/controllers/controllers.egg-info/dependency_links.txt
[3.651s] writing entry points to ../../build/controllers/controllers.egg-info/entry_points.txt
[3.652s] writing requirements to ../../build/controllers/controllers.egg-info/requires.txt
[3.654s] writing top-level names to ../../build/controllers/controllers.egg-info/top_level.txt
[3.756s] reading manifest file '../../build/controllers/controllers.egg-info/SOURCES.txt'
[3.758s] writing manifest file '../../build/controllers/controllers.egg-info/SOURCES.txt'
[3.763s] running build
[3.765s] running build_py
[3.768s] running install
[3.772s] running install_lib
[3.779s] running install_data
[3.782s] running install_egg_info
[3.787s] removing '/home/diego/Workspaces/dev_ws/install/controllers/lib/python3.8/site-packages/controllers-0.0.0-py3.8.egg-info' (and everything under it)
[3.788s] Copying ../../build/controllers/controllers.egg-info to /home/diego/Workspaces/dev_ws/install/controllers/lib/python3.8/site-packages/controllers-0.0.0-py3.8.egg-info
[3.794s] running install_scripts
[3.879s] Installing simple_controller script to /home/diego/Workspaces/dev_ws/install/controllers/lib/controllers
[3.880s] writing list of installed files to '/home/diego/Workspaces/dev_ws/build/controllers/install.log'
[3.975s] Invoked command in '/home/diego/Workspaces/dev_ws/src/controllers' returned '0': PYTHONPATH=/home/diego/Workspaces/dev_ws/install/controllers/lib/python3.8/site-packages:${PYTHONPATH} /usr/bin/python3 setup.py egg_info --egg-base ../../build/controllers build --build-base /home/diego/Workspaces/dev_ws/build/controllers/build install --prefix /home/diego/Workspaces/dev_ws/install/controllers --record /home/diego/Workspaces/dev_ws/build/controllers/install.log --single-version-externally-managed
