[5.025s] Invoking command in '/home/diego/Workspaces/dev_ws/src/controllers': PYTHONPATH=/home/diego/Workspaces/dev_ws/install/controllers/lib/python3.8/site-packages:${PYTHONPATH} /usr/bin/python3 setup.py egg_info --egg-base ../../build/controllers build --build-base /home/diego/Workspaces/dev_ws/build/controllers/build install --prefix /home/diego/Workspaces/dev_ws/install/controllers --record /home/diego/Workspaces/dev_ws/build/controllers/install.log --single-version-externally-managed
[6.404s] running egg_info
[6.406s] writing ../../build/controllers/controllers.egg-info/PKG-INFO
[6.409s] writing dependency_links to ../../build/controllers/controllers.egg-info/dependency_links.txt
[6.414s] writing entry points to ../../build/controllers/controllers.egg-info/entry_points.txt
[6.416s] writing requirements to ../../build/controllers/controllers.egg-info/requires.txt
[6.416s] writing top-level names to ../../build/controllers/controllers.egg-info/top_level.txt
[6.610s] reading manifest file '../../build/controllers/controllers.egg-info/SOURCES.txt'
[6.613s] writing manifest file '../../build/controllers/controllers.egg-info/SOURCES.txt'
[6.614s] running build
[6.614s] running build_py
[6.618s] running install
[6.618s] running install_lib
[6.624s] running install_data
[6.630s] running install_egg_info
[6.636s] removing '/home/diego/Workspaces/dev_ws/install/controllers/lib/python3.8/site-packages/controllers-0.0.0-py3.8.egg-info' (and everything under it)
[6.636s] Copying ../../build/controllers/controllers.egg-info to /home/diego/Workspaces/dev_ws/install/controllers/lib/python3.8/site-packages/controllers-0.0.0-py3.8.egg-info
[6.640s] running install_scripts
[6.755s] Installing simple_controller script to /home/diego/Workspaces/dev_ws/install/controllers/lib/controllers
[6.757s] writing list of installed files to '/home/diego/Workspaces/dev_ws/build/controllers/install.log'
[6.906s] Invoked command in '/home/diego/Workspaces/dev_ws/src/controllers' returned '0': PYTHONPATH=/home/diego/Workspaces/dev_ws/install/controllers/lib/python3.8/site-packages:${PYTHONPATH} /usr/bin/python3 setup.py egg_info --egg-base ../../build/controllers build --build-base /home/diego/Workspaces/dev_ws/build/controllers/build install --prefix /home/diego/Workspaces/dev_ws/install/controllers --record /home/diego/Workspaces/dev_ws/build/controllers/install.log --single-version-externally-managed
