[0.480s] DEBUG:colcon:Command line arguments: ['/usr/bin/colcon', 'build']
[0.480s] DEBUG:colcon:Parsed command line arguments: Namespace(allow_overriding=[], ament_cmake_args=None, base_paths=['.'], build_base='build', catkin_cmake_args=None, catkin_skip_building_tests=False, cmake_args=None, cmake_clean_cache=False, cmake_clean_first=False, cmake_force_configure=False, cmake_target=None, cmake_target_skip_unavailable=False, continue_on_error=False, event_handlers=None, executor='parallel', ignore_user_meta=False, install_base='install', log_base=None, log_level=None, main=<bound method BuildVerb.main of <colcon_core.verb.build.BuildVerb object at 0x7f4e285a0b80>>, merge_install=False, metas=['./colcon.meta'], packages_above=None, packages_above_and_dependencies=None, packages_above_depth=None, packages_end=None, packages_ignore=None, packages_ignore_regex=None, packages_select=None, packages_select_build_failed=False, packages_select_by_dep=None, packages_select_regex=None, packages_select_test_failures=False, packages_skip=None, packages_skip_build_finished=False, packages_skip_by_dep=None, packages_skip_regex=None, packages_skip_test_passed=False, packages_skip_up_to=None, packages_start=None, packages_up_to=None, packages_up_to_regex=None, parallel_workers=2, paths=None, symlink_install=False, test_result_base=None, verb_extension=<colcon_core.verb.build.BuildVerb object at 0x7f4e285a0b80>, verb_name='build', verb_parser=<colcon_defaults.argument_parser.defaults.DefaultArgumentsDecorator object at 0x7f4e285ab130>)
[0.559s] Level 1:colcon.colcon_core.package_discovery:discover_packages(colcon_meta) check parameters
[0.559s] Level 1:colcon.colcon_core.package_discovery:discover_packages(recursive) check parameters
[0.560s] Level 1:colcon.colcon_core.package_discovery:discover_packages(ignore) check parameters
[0.560s] Level 1:colcon.colcon_core.package_discovery:discover_packages(path) check parameters
[0.560s] Level 1:colcon.colcon_core.package_discovery:discover_packages(colcon_meta) discover
[0.560s] Level 1:colcon.colcon_core.package_discovery:discover_packages(recursive) discover
[0.560s] INFO:colcon.colcon_core.package_discovery:Crawling recursively for packages in '/home/diego/Workspaces/dev_ws/src'
[0.560s] Level 1:colcon.colcon_core.package_identification:_identify(.) by extensions ['ignore', 'ignore_ament_install']
[0.561s] Level 1:colcon.colcon_core.package_identification:_identify(.) by extension 'ignore'
[0.561s] Level 1:colcon.colcon_core.package_identification:_identify(.) by extension 'ignore_ament_install'
[0.561s] Level 1:colcon.colcon_core.package_identification:_identify(.) by extensions ['colcon_pkg']
[0.561s] Level 1:colcon.colcon_core.package_identification:_identify(.) by extension 'colcon_pkg'
[0.561s] Level 1:colcon.colcon_core.package_identification:_identify(.) by extensions ['colcon_meta']
[0.561s] Level 1:colcon.colcon_core.package_identification:_identify(.) by extension 'colcon_meta'
[0.561s] Level 1:colcon.colcon_core.package_identification:_identify(.) by extensions ['ros']
[0.561s] Level 1:colcon.colcon_core.package_identification:_identify(.) by extension 'ros'
[0.599s] Level 1:colcon.colcon_core.package_identification:_identify(.) by extensions ['cmake', 'python']
[0.600s] Level 1:colcon.colcon_core.package_identification:_identify(.) by extension 'cmake'
[0.600s] Level 1:colcon.colcon_core.package_identification:_identify(.) by extension 'python'
[0.600s] Level 1:colcon.colcon_core.package_identification:_identify(.) by extensions ['python_setup_py']
[0.600s] Level 1:colcon.colcon_core.package_identification:_identify(.) by extension 'python_setup_py'
[0.601s] Level 1:colcon.colcon_core.package_identification:_identify(basic_mobile_robot) by extensions ['ignore', 'ignore_ament_install']
[0.601s] Level 1:colcon.colcon_core.package_identification:_identify(basic_mobile_robot) by extension 'ignore'
[0.602s] Level 1:colcon.colcon_core.package_identification:_identify(basic_mobile_robot) by extension 'ignore_ament_install'
[0.602s] Level 1:colcon.colcon_core.package_identification:_identify(basic_mobile_robot) by extensions ['colcon_pkg']
[0.602s] Level 1:colcon.colcon_core.package_identification:_identify(basic_mobile_robot) by extension 'colcon_pkg'
[0.602s] Level 1:colcon.colcon_core.package_identification:_identify(basic_mobile_robot) by extensions ['colcon_meta']
[0.603s] Level 1:colcon.colcon_core.package_identification:_identify(basic_mobile_robot) by extension 'colcon_meta'
[0.603s] Level 1:colcon.colcon_core.package_identification:_identify(basic_mobile_robot) by extensions ['ros']
[0.603s] Level 1:colcon.colcon_core.package_identification:_identify(basic_mobile_robot) by extension 'ros'
[0.613s] DEBUG:colcon.colcon_core.package_identification:Package 'basic_mobile_robot' with type 'ros.ament_cmake' and name 'basic_mobile_robot'
[0.614s] Level 1:colcon.colcon_core.package_identification:_identify(build) by extensions ['ignore', 'ignore_ament_install']
[0.614s] Level 1:colcon.colcon_core.package_identification:_identify(build) by extension 'ignore'
[0.614s] Level 1:colcon.colcon_core.package_identification:_identify(build) ignored
[0.615s] Level 1:colcon.colcon_core.package_identification:_identify(controllers) by extensions ['ignore', 'ignore_ament_install']
[0.615s] Level 1:colcon.colcon_core.package_identification:_identify(controllers) by extension 'ignore'
[0.615s] Level 1:colcon.colcon_core.package_identification:_identify(controllers) by extension 'ignore_ament_install'
[0.616s] Level 1:colcon.colcon_core.package_identification:_identify(controllers) by extensions ['colcon_pkg']
[0.616s] Level 1:colcon.colcon_core.package_identification:_identify(controllers) by extension 'colcon_pkg'
[0.616s] Level 1:colcon.colcon_core.package_identification:_identify(controllers) by extensions ['colcon_meta']
[0.616s] Level 1:colcon.colcon_core.package_identification:_identify(controllers) by extension 'colcon_meta'
[0.617s] Level 1:colcon.colcon_core.package_identification:_identify(controllers) by extensions ['ros']
[0.617s] Level 1:colcon.colcon_core.package_identification:_identify(controllers) by extension 'ros'
[0.619s] DEBUG:colcon.colcon_core.package_identification:Package 'controllers' with type 'ros.ament_python' and name 'controllers'
[0.620s] Level 1:colcon.colcon_core.package_identification:_identify(install) by extensions ['ignore', 'ignore_ament_install']
[0.620s] Level 1:colcon.colcon_core.package_identification:_identify(install) by extension 'ignore'
[0.621s] Level 1:colcon.colcon_core.package_identification:_identify(install) ignored
[0.621s] Level 1:colcon.colcon_core.package_identification:_identify(log) by extensions ['ignore', 'ignore_ament_install']
[0.621s] Level 1:colcon.colcon_core.package_identification:_identify(log) by extension 'ignore'
[0.621s] Level 1:colcon.colcon_core.package_identification:_identify(log) ignored
[0.621s] Level 1:colcon.colcon_core.package_discovery:discover_packages(recursive) using defaults
[0.621s] Level 1:colcon.colcon_core.package_discovery:discover_packages(ignore) discover
[0.622s] Level 1:colcon.colcon_core.package_discovery:discover_packages(ignore) using defaults
[0.622s] Level 1:colcon.colcon_core.package_discovery:discover_packages(path) discover
[0.622s] Level 1:colcon.colcon_core.package_discovery:discover_packages(path) using defaults
[0.724s] Level 1:colcon.colcon_core.package_discovery:discover_packages(prefix_path) check parameters
[0.724s] Level 1:colcon.colcon_core.package_discovery:discover_packages(prefix_path) discover
[0.739s] DEBUG:colcon.colcon_installed_package_information.package_discovery:Found 312 installed packages in /opt/ros/foxy
[0.751s] Level 1:colcon.colcon_core.package_discovery:discover_packages(prefix_path) using defaults
[1.256s] Level 5:colcon.colcon_core.verb:set package 'basic_mobile_robot' build argument 'cmake_args' from command line to 'None'
[1.258s] Level 5:colcon.colcon_core.verb:set package 'basic_mobile_robot' build argument 'cmake_target' from command line to 'None'
[1.259s] Level 5:colcon.colcon_core.verb:set package 'basic_mobile_robot' build argument 'cmake_target_skip_unavailable' from command line to 'False'
[1.259s] Level 5:colcon.colcon_core.verb:set package 'basic_mobile_robot' build argument 'cmake_clean_cache' from command line to 'False'
[1.259s] Level 5:colcon.colcon_core.verb:set package 'basic_mobile_robot' build argument 'cmake_clean_first' from command line to 'False'
[1.259s] Level 5:colcon.colcon_core.verb:set package 'basic_mobile_robot' build argument 'cmake_force_configure' from command line to 'False'
[1.259s] Level 5:colcon.colcon_core.verb:set package 'basic_mobile_robot' build argument 'ament_cmake_args' from command line to 'None'
[1.259s] Level 5:colcon.colcon_core.verb:set package 'basic_mobile_robot' build argument 'catkin_cmake_args' from command line to 'None'
[1.259s] Level 5:colcon.colcon_core.verb:set package 'basic_mobile_robot' build argument 'catkin_skip_building_tests' from command line to 'False'
[1.259s] DEBUG:colcon.colcon_core.verb:Building package 'basic_mobile_robot' with the following arguments: {'ament_cmake_args': None, 'build_base': '/home/diego/Workspaces/dev_ws/src/build/basic_mobile_robot', 'catkin_cmake_args': None, 'catkin_skip_building_tests': False, 'cmake_args': None, 'cmake_clean_cache': False, 'cmake_clean_first': False, 'cmake_force_configure': False, 'cmake_target': None, 'cmake_target_skip_unavailable': False, 'install_base': '/home/diego/Workspaces/dev_ws/src/install/basic_mobile_robot', 'merge_install': False, 'path': '/home/diego/Workspaces/dev_ws/src/basic_mobile_robot', 'symlink_install': False, 'test_result_base': None}
[1.263s] Level 5:colcon.colcon_core.verb:set package 'controllers' build argument 'cmake_args' from command line to 'None'
[1.263s] Level 5:colcon.colcon_core.verb:set package 'controllers' build argument 'cmake_target' from command line to 'None'
[1.263s] Level 5:colcon.colcon_core.verb:set package 'controllers' build argument 'cmake_target_skip_unavailable' from command line to 'False'
[1.263s] Level 5:colcon.colcon_core.verb:set package 'controllers' build argument 'cmake_clean_cache' from command line to 'False'
[1.263s] Level 5:colcon.colcon_core.verb:set package 'controllers' build argument 'cmake_clean_first' from command line to 'False'
[1.264s] Level 5:colcon.colcon_core.verb:set package 'controllers' build argument 'cmake_force_configure' from command line to 'False'
[1.264s] Level 5:colcon.colcon_core.verb:set package 'controllers' build argument 'ament_cmake_args' from command line to 'None'
[1.264s] Level 5:colcon.colcon_core.verb:set package 'controllers' build argument 'catkin_cmake_args' from command line to 'None'
[1.264s] Level 5:colcon.colcon_core.verb:set package 'controllers' build argument 'catkin_skip_building_tests' from command line to 'False'
[1.264s] DEBUG:colcon.colcon_core.verb:Building package 'controllers' with the following arguments: {'ament_cmake_args': None, 'build_base': '/home/diego/Workspaces/dev_ws/src/build/controllers', 'catkin_cmake_args': None, 'catkin_skip_building_tests': False, 'cmake_args': None, 'cmake_clean_cache': False, 'cmake_clean_first': False, 'cmake_force_configure': False, 'cmake_target': None, 'cmake_target_skip_unavailable': False, 'install_base': '/home/diego/Workspaces/dev_ws/src/install/controllers', 'merge_install': False, 'path': '/home/diego/Workspaces/dev_ws/src/controllers', 'symlink_install': False, 'test_result_base': None}
[1.270s] INFO:colcon.colcon_core.executor:Executing jobs using 'parallel' executor
[1.287s] DEBUG:colcon.colcon_parallel_executor.executor.parallel:run_until_complete
[1.291s] INFO:colcon.colcon_ros.task.ament_cmake.build:Building ROS package in '/home/diego/Workspaces/dev_ws/src/basic_mobile_robot' with build type 'ament_cmake'
[1.291s] INFO:colcon.colcon_cmake.task.cmake.build:Building CMake package in '/home/diego/Workspaces/dev_ws/src/basic_mobile_robot'
[1.320s] INFO:colcon.colcon_core.plugin_system:Skipping extension 'colcon_core.shell.bat': Not used on non-Windows systems
[1.325s] INFO:colcon.colcon_core.shell:Skip shell extension 'powershell' for command environment: Not usable outside of PowerShell
[1.325s] DEBUG:colcon.colcon_core.shell:Skip shell extension 'dsv' for command environment
[1.347s] INFO:colcon.colcon_ros.task.ament_python.build:Building ROS package in '/home/diego/Workspaces/dev_ws/src/controllers' with build type 'ament_python'
[1.347s] Level 1:colcon.colcon_core.shell:create_environment_hook('controllers', 'ament_prefix_path')
[1.356s] INFO:colcon.colcon_core.shell:Creating environment hook '/home/diego/Workspaces/dev_ws/src/install/controllers/share/controllers/hook/ament_prefix_path.ps1'
[1.369s] INFO:colcon.colcon_core.shell:Creating environment descriptor '/home/diego/Workspaces/dev_ws/src/install/controllers/share/controllers/hook/ament_prefix_path.dsv'
[1.372s] INFO:colcon.colcon_core.shell:Creating environment hook '/home/diego/Workspaces/dev_ws/src/install/controllers/share/controllers/hook/ament_prefix_path.sh'
[1.378s] INFO:colcon.colcon_core.shell:Skip shell extension 'powershell' for command environment: Not usable outside of PowerShell
[1.378s] DEBUG:colcon.colcon_core.shell:Skip shell extension 'dsv' for command environment
[1.433s] DEBUG:colcon.colcon_core.event_handler.log_command:Invoking command in '/home/diego/Workspaces/dev_ws/src/build/basic_mobile_robot': CMAKE_PREFIX_PATH=/opt/ros/foxy /usr/bin/cmake --build /home/diego/Workspaces/dev_ws/src/build/basic_mobile_robot -- -j2 -l2
[2.887s] INFO:colcon.colcon_core.task.python.build:Building Python package in '/home/diego/Workspaces/dev_ws/src/controllers'
[2.898s] INFO:colcon.colcon_core.shell:Skip shell extension 'powershell' for command environment: Not usable outside of PowerShell
[2.898s] DEBUG:colcon.colcon_core.shell:Skip shell extension 'dsv' for command environment
[2.939s] DEBUG:colcon.colcon_core.event_handler.log_command:Invoked command in '/home/diego/Workspaces/dev_ws/src/build/basic_mobile_robot' returned '0': CMAKE_PREFIX_PATH=/opt/ros/foxy /usr/bin/cmake --build /home/diego/Workspaces/dev_ws/src/build/basic_mobile_robot -- -j2 -l2
[3.381s] DEBUG:colcon.colcon_core.event_handler.log_command:Invoking command in '/home/diego/Workspaces/dev_ws/src/build/basic_mobile_robot': CMAKE_PREFIX_PATH=/opt/ros/foxy /usr/bin/cmake --install /home/diego/Workspaces/dev_ws/src/build/basic_mobile_robot
[3.571s] Level 1:colcon.colcon_core.environment:create_environment_scripts_only(basic_mobile_robot)
[3.592s] DEBUG:colcon.colcon_core.event_handler.log_command:Invoked command in '/home/diego/Workspaces/dev_ws/src/build/basic_mobile_robot' returned '0': CMAKE_PREFIX_PATH=/opt/ros/foxy /usr/bin/cmake --install /home/diego/Workspaces/dev_ws/src/build/basic_mobile_robot
[3.633s] Level 1:colcon.colcon_core.environment:checking '/home/diego/Workspaces/dev_ws/src/install/basic_mobile_robot' for CMake module files
[3.644s] Level 1:colcon.colcon_core.environment:checking '/home/diego/Workspaces/dev_ws/src/install/basic_mobile_robot' for CMake config files
[3.645s] Level 1:colcon.colcon_core.shell:create_environment_hook('basic_mobile_robot', 'cmake_prefix_path')
[3.663s] INFO:colcon.colcon_core.shell:Creating environment hook '/home/diego/Workspaces/dev_ws/src/install/basic_mobile_robot/share/basic_mobile_robot/hook/cmake_prefix_path.ps1'
[3.664s] INFO:colcon.colcon_core.shell:Creating environment descriptor '/home/diego/Workspaces/dev_ws/src/install/basic_mobile_robot/share/basic_mobile_robot/hook/cmake_prefix_path.dsv'
[3.677s] INFO:colcon.colcon_core.shell:Creating environment hook '/home/diego/Workspaces/dev_ws/src/install/basic_mobile_robot/share/basic_mobile_robot/hook/cmake_prefix_path.sh'
[3.685s] Level 1:colcon.colcon_core.environment:checking '/home/diego/Workspaces/dev_ws/src/install/basic_mobile_robot/bin'
[3.686s] Level 1:colcon.colcon_core.environment:checking '/home/diego/Workspaces/dev_ws/src/install/basic_mobile_robot/lib/pkgconfig/basic_mobile_robot.pc'
[3.687s] Level 1:colcon.colcon_core.environment:checking '/home/diego/Workspaces/dev_ws/src/install/basic_mobile_robot/lib/python3.8/site-packages'
[3.693s] Level 1:colcon.colcon_core.environment:checking '/home/diego/Workspaces/dev_ws/src/install/basic_mobile_robot/bin'
[3.705s] INFO:colcon.colcon_core.shell:Creating package script '/home/diego/Workspaces/dev_ws/src/install/basic_mobile_robot/share/basic_mobile_robot/package.ps1'
[3.728s] INFO:colcon.colcon_core.shell:Creating package descriptor '/home/diego/Workspaces/dev_ws/src/install/basic_mobile_robot/share/basic_mobile_robot/package.dsv'
[3.739s] INFO:colcon.colcon_core.shell:Creating package script '/home/diego/Workspaces/dev_ws/src/install/basic_mobile_robot/share/basic_mobile_robot/package.sh'
[3.743s] INFO:colcon.colcon_core.shell:Creating package script '/home/diego/Workspaces/dev_ws/src/install/basic_mobile_robot/share/basic_mobile_robot/package.bash'
[3.761s] INFO:colcon.colcon_core.shell:Creating package script '/home/diego/Workspaces/dev_ws/src/install/basic_mobile_robot/share/basic_mobile_robot/package.zsh'
[3.764s] Level 1:colcon.colcon_core.environment:create_file_with_runtime_dependencies(/home/diego/Workspaces/dev_ws/src/install/basic_mobile_robot/share/colcon-core/packages/basic_mobile_robot)
[4.054s] Level 1:colcon.colcon_core.environment:create_environment_scripts_only(basic_mobile_robot)
[4.075s] Level 1:colcon.colcon_core.environment:checking '/home/diego/Workspaces/dev_ws/src/install/basic_mobile_robot' for CMake module files
[4.077s] Level 1:colcon.colcon_core.environment:checking '/home/diego/Workspaces/dev_ws/src/install/basic_mobile_robot' for CMake config files
[4.078s] Level 1:colcon.colcon_core.shell:create_environment_hook('basic_mobile_robot', 'cmake_prefix_path')
[4.104s] INFO:colcon.colcon_core.shell:Creating environment hook '/home/diego/Workspaces/dev_ws/src/install/basic_mobile_robot/share/basic_mobile_robot/hook/cmake_prefix_path.ps1'
[4.106s] INFO:colcon.colcon_core.shell:Creating environment descriptor '/home/diego/Workspaces/dev_ws/src/install/basic_mobile_robot/share/basic_mobile_robot/hook/cmake_prefix_path.dsv'
[4.118s] INFO:colcon.colcon_core.shell:Creating environment hook '/home/diego/Workspaces/dev_ws/src/install/basic_mobile_robot/share/basic_mobile_robot/hook/cmake_prefix_path.sh'
[4.121s] Level 1:colcon.colcon_core.environment:checking '/home/diego/Workspaces/dev_ws/src/install/basic_mobile_robot/bin'
[4.122s] Level 1:colcon.colcon_core.environment:checking '/home/diego/Workspaces/dev_ws/src/install/basic_mobile_robot/lib/pkgconfig/basic_mobile_robot.pc'
[4.131s] Level 1:colcon.colcon_core.environment:checking '/home/diego/Workspaces/dev_ws/src/install/basic_mobile_robot/lib/python3.8/site-packages'
[4.132s] Level 1:colcon.colcon_core.environment:checking '/home/diego/Workspaces/dev_ws/src/install/basic_mobile_robot/bin'
[4.149s] INFO:colcon.colcon_core.shell:Creating package script '/home/diego/Workspaces/dev_ws/src/install/basic_mobile_robot/share/basic_mobile_robot/package.ps1'
[4.153s] INFO:colcon.colcon_core.shell:Creating package descriptor '/home/diego/Workspaces/dev_ws/src/install/basic_mobile_robot/share/basic_mobile_robot/package.dsv'
[4.170s] INFO:colcon.colcon_core.shell:Creating package script '/home/diego/Workspaces/dev_ws/src/install/basic_mobile_robot/share/basic_mobile_robot/package.sh'
[4.172s] INFO:colcon.colcon_core.shell:Creating package script '/home/diego/Workspaces/dev_ws/src/install/basic_mobile_robot/share/basic_mobile_robot/package.bash'
[4.175s] INFO:colcon.colcon_core.shell:Creating package script '/home/diego/Workspaces/dev_ws/src/install/basic_mobile_robot/share/basic_mobile_robot/package.zsh'
[4.187s] Level 1:colcon.colcon_core.environment:create_file_with_runtime_dependencies(/home/diego/Workspaces/dev_ws/src/install/basic_mobile_robot/share/colcon-core/packages/basic_mobile_robot)
[5.776s] DEBUG:colcon.colcon_core.event_handler.log_command:Invoking command in '/home/diego/Workspaces/dev_ws/src/controllers': PYTHONPATH=/home/diego/Workspaces/dev_ws/src/install/controllers/lib/python3.8/site-packages:${PYTHONPATH} /usr/bin/python3 setup.py egg_info --egg-base ../build/controllers build --build-base /home/diego/Workspaces/dev_ws/src/build/controllers/build install --prefix /home/diego/Workspaces/dev_ws/src/install/controllers --record /home/diego/Workspaces/dev_ws/src/build/controllers/install.log --single-version-externally-managed
[7.439s] Level 1:colcon.colcon_core.environment:checking '/home/diego/Workspaces/dev_ws/src/install/controllers' for CMake module files
[7.440s] DEBUG:colcon.colcon_core.event_handler.log_command:Invoked command in '/home/diego/Workspaces/dev_ws/src/controllers' returned '0': PYTHONPATH=/home/diego/Workspaces/dev_ws/src/install/controllers/lib/python3.8/site-packages:${PYTHONPATH} /usr/bin/python3 setup.py egg_info --egg-base ../build/controllers build --build-base /home/diego/Workspaces/dev_ws/src/build/controllers/build install --prefix /home/diego/Workspaces/dev_ws/src/install/controllers --record /home/diego/Workspaces/dev_ws/src/build/controllers/install.log --single-version-externally-managed
[7.441s] Level 1:colcon.colcon_core.environment:checking '/home/diego/Workspaces/dev_ws/src/install/controllers' for CMake config files
[7.443s] Level 1:colcon.colcon_core.environment:checking '/home/diego/Workspaces/dev_ws/src/install/controllers/lib'
[7.444s] Level 1:colcon.colcon_core.environment:checking '/home/diego/Workspaces/dev_ws/src/install/controllers/bin'
[7.444s] Level 1:colcon.colcon_core.environment:checking '/home/diego/Workspaces/dev_ws/src/install/controllers/lib/pkgconfig/controllers.pc'
[7.445s] Level 1:colcon.colcon_core.environment:checking '/home/diego/Workspaces/dev_ws/src/install/controllers/lib/python3.8/site-packages'
[7.445s] Level 1:colcon.colcon_core.shell:create_environment_hook('controllers', 'pythonpath')
[7.449s] INFO:colcon.colcon_core.shell:Creating environment hook '/home/diego/Workspaces/dev_ws/src/install/controllers/share/controllers/hook/pythonpath.ps1'
[7.453s] INFO:colcon.colcon_core.shell:Creating environment descriptor '/home/diego/Workspaces/dev_ws/src/install/controllers/share/controllers/hook/pythonpath.dsv'
[7.459s] INFO:colcon.colcon_core.shell:Creating environment hook '/home/diego/Workspaces/dev_ws/src/install/controllers/share/controllers/hook/pythonpath.sh'
[7.462s] Level 1:colcon.colcon_core.environment:checking '/home/diego/Workspaces/dev_ws/src/install/controllers/bin'
[7.462s] Level 1:colcon.colcon_core.environment:create_environment_scripts_only(controllers)
[7.468s] INFO:colcon.colcon_core.shell:Creating package script '/home/diego/Workspaces/dev_ws/src/install/controllers/share/controllers/package.ps1'
[7.473s] INFO:colcon.colcon_core.shell:Creating package descriptor '/home/diego/Workspaces/dev_ws/src/install/controllers/share/controllers/package.dsv'
[7.474s] INFO:colcon.colcon_core.shell:Creating package script '/home/diego/Workspaces/dev_ws/src/install/controllers/share/controllers/package.sh'
[7.477s] INFO:colcon.colcon_core.shell:Creating package script '/home/diego/Workspaces/dev_ws/src/install/controllers/share/controllers/package.bash'
[7.479s] INFO:colcon.colcon_core.shell:Creating package script '/home/diego/Workspaces/dev_ws/src/install/controllers/share/controllers/package.zsh'
[7.486s] Level 1:colcon.colcon_core.environment:create_file_with_runtime_dependencies(/home/diego/Workspaces/dev_ws/src/install/controllers/share/colcon-core/packages/controllers)
[7.491s] DEBUG:colcon.colcon_parallel_executor.executor.parallel:closing loop
[7.492s] DEBUG:colcon.colcon_parallel_executor.executor.parallel:loop closed
[7.492s] DEBUG:colcon.colcon_parallel_executor.executor.parallel:run_until_complete finished with '0'
[7.492s] DEBUG:colcon.colcon_core.event_reactor:joining thread
[7.534s] INFO:colcon.colcon_core.plugin_system:Skipping extension 'colcon_notification.desktop_notification.terminal_notifier': Not used on non-Darwin systems
[7.535s] INFO:colcon.colcon_core.plugin_system:Skipping extension 'colcon_notification.desktop_notification.win32': Not used on non-Windows systems
[7.535s] INFO:colcon.colcon_notification.desktop_notification:Sending desktop notification using 'notify2'
[7.595s] DEBUG:colcon.colcon_core.event_reactor:joined thread
[7.598s] INFO:colcon.colcon_core.shell:Creating prefix script '/home/diego/Workspaces/dev_ws/src/install/local_setup.ps1'
[7.601s] INFO:colcon.colcon_core.shell:Creating prefix util module '/home/diego/Workspaces/dev_ws/src/install/_local_setup_util_ps1.py'
[7.607s] INFO:colcon.colcon_core.shell:Creating prefix chain script '/home/diego/Workspaces/dev_ws/src/install/setup.ps1'
[7.614s] INFO:colcon.colcon_core.shell:Creating prefix script '/home/diego/Workspaces/dev_ws/src/install/local_setup.sh'
[7.618s] INFO:colcon.colcon_core.shell:Creating prefix util module '/home/diego/Workspaces/dev_ws/src/install/_local_setup_util_sh.py'
[7.620s] INFO:colcon.colcon_core.shell:Creating prefix chain script '/home/diego/Workspaces/dev_ws/src/install/setup.sh'
[7.624s] INFO:colcon.colcon_core.shell:Creating prefix script '/home/diego/Workspaces/dev_ws/src/install/local_setup.bash'
[7.630s] INFO:colcon.colcon_core.shell:Creating prefix chain script '/home/diego/Workspaces/dev_ws/src/install/setup.bash'
[7.634s] INFO:colcon.colcon_core.shell:Creating prefix script '/home/diego/Workspaces/dev_ws/src/install/local_setup.zsh'
[7.641s] INFO:colcon.colcon_core.shell:Creating prefix chain script '/home/diego/Workspaces/dev_ws/src/install/setup.zsh'
