[0.123s] Invoking command in '/home/diego/Workspaces/dev_ws/src/build/basic_mobile_robot': CMAKE_PREFIX_PATH=${CMAKE_PREFIX_PATH}:/home/diego/Workspaces/dev_ws/src/install/controllers:/opt/ros/foxy /usr/bin/cmake --build /home/diego/Workspaces/dev_ws/src/build/basic_mobile_robot -- -j2 -l2
[0.946s] Invoked command in '/home/diego/Workspaces/dev_ws/src/build/basic_mobile_robot' returned '0': CMAKE_PREFIX_PATH=${CMAKE_PREFIX_PATH}:/home/diego/Workspaces/dev_ws/src/install/controllers:/opt/ros/foxy /usr/bin/cmake --build /home/diego/Workspaces/dev_ws/src/build/basic_mobile_robot -- -j2 -l2
[1.073s] Invoking command in '/home/diego/Workspaces/dev_ws/src/build/basic_mobile_robot': CMAKE_PREFIX_PATH=${CMAKE_PREFIX_PATH}:/home/diego/Workspaces/dev_ws/src/install/controllers:/opt/ros/foxy /usr/bin/cmake --install /home/diego/Workspaces/dev_ws/src/build/basic_mobile_robot
[1.104s] -- Install configuration: ""
[1.106s] -- Up-to-date: /home/diego/Workspaces/dev_ws/src/install/basic_mobile_robot/share/basic_mobile_robot/config
[1.107s] -- Up-to-date: /home/diego/Workspaces/dev_ws/src/install/basic_mobile_robot/share/basic_mobile_robot/launch
[1.108s] -- Up-to-date: /home/diego/Workspaces/dev_ws/src/install/basic_mobile_robot/share/basic_mobile_robot/launch/basic_mobile_bot_v1.launch.py
[1.109s] -- Up-to-date: /home/diego/Workspaces/dev_ws/src/install/basic_mobile_robot/share/basic_mobile_robot/launch/basic_mobile_bot_v4.launch.py
[1.111s] -- Up-to-date: /home/diego/Workspaces/dev_ws/src/install/basic_mobile_robot/share/basic_mobile_robot/launch/basic_mobile_bot_v2.launch.py
[1.112s] -- Up-to-date: /home/diego/Workspaces/dev_ws/src/install/basic_mobile_robot/share/basic_mobile_robot/launch/__pycache__
[1.114s] -- Up-to-date: /home/diego/Workspaces/dev_ws/src/install/basic_mobile_robot/share/basic_mobile_robot/launch/__pycache__/basic_mobile_bot_v1.launch.cpython-38.pyc
[1.115s] -- Up-to-date: /home/diego/Workspaces/dev_ws/src/install/basic_mobile_robot/share/basic_mobile_robot/maps
[1.116s] -- Up-to-date: /home/diego/Workspaces/dev_ws/src/install/basic_mobile_robot/share/basic_mobile_robot/meshes
[1.117s] -- Up-to-date: /home/diego/Workspaces/dev_ws/src/install/basic_mobile_robot/share/basic_mobile_robot/meshes/arm_base.stl
[1.118s] -- Up-to-date: /home/diego/Workspaces/dev_ws/src/install/basic_mobile_robot/share/basic_mobile_robot/meshes/wrist.stl
[1.119s] -- Up-to-date: /home/diego/Workspaces/dev_ws/src/install/basic_mobile_robot/share/basic_mobile_robot/meshes/bicep.stl
[1.121s] -- Up-to-date: /home/diego/Workspaces/dev_ws/src/install/basic_mobile_robot/share/basic_mobile_robot/meshes/elbow.stl
[1.121s] -- Up-to-date: /home/diego/Workspaces/dev_ws/src/install/basic_mobile_robot/share/basic_mobile_robot/meshes/robot_base.stl
[1.124s] -- Up-to-date: /home/diego/Workspaces/dev_ws/src/install/basic_mobile_robot/share/basic_mobile_robot/meshes/wheel.stl
[1.124s] -- Up-to-date: /home/diego/Workspaces/dev_ws/src/install/basic_mobile_robot/share/basic_mobile_robot/meshes/Chasis.stl
[1.124s] -- Up-to-date: /home/diego/Workspaces/dev_ws/src/install/basic_mobile_robot/share/basic_mobile_robot/models
[1.124s] -- Up-to-date: /home/diego/Workspaces/dev_ws/src/install/basic_mobile_robot/share/basic_mobile_robot/models/basic_mobile_bot_description
[1.124s] -- Up-to-date: /home/diego/Workspaces/dev_ws/src/install/basic_mobile_robot/share/basic_mobile_robot/models/basic_mobile_bot_description/orignial.txt
[1.125s] -- Up-to-date: /home/diego/Workspaces/dev_ws/src/install/basic_mobile_robot/share/basic_mobile_robot/models/basic_mobile_bot_description/model1.sdf
[1.129s] -- Up-to-date: /home/diego/Workspaces/dev_ws/src/install/basic_mobile_robot/share/basic_mobile_robot/models/basic_mobile_bot_description/meshes
[1.130s] -- Up-to-date: /home/diego/Workspaces/dev_ws/src/install/basic_mobile_robot/share/basic_mobile_robot/models/basic_mobile_bot_description/meshes/arm_base.stl
[1.130s] -- Up-to-date: /home/diego/Workspaces/dev_ws/src/install/basic_mobile_robot/share/basic_mobile_robot/models/basic_mobile_bot_description/meshes/wrist.stl
[1.130s] -- Up-to-date: /home/diego/Workspaces/dev_ws/src/install/basic_mobile_robot/share/basic_mobile_robot/models/basic_mobile_bot_description/meshes/bicep.stl
[1.130s] -- Up-to-date: /home/diego/Workspaces/dev_ws/src/install/basic_mobile_robot/share/basic_mobile_robot/models/basic_mobile_bot_description/meshes/elbow.stl
[1.133s] -- Up-to-date: /home/diego/Workspaces/dev_ws/src/install/basic_mobile_robot/share/basic_mobile_robot/models/basic_mobile_bot_description/meshes/robot_base.stl
[1.133s] -- Up-to-date: /home/diego/Workspaces/dev_ws/src/install/basic_mobile_robot/share/basic_mobile_robot/models/basic_mobile_bot_description/meshes/wheel.stl
[1.134s] -- Up-to-date: /home/diego/Workspaces/dev_ws/src/install/basic_mobile_robot/share/basic_mobile_robot/models/basic_mobile_bot_description/meshes/Chasis.stl
[1.134s] -- Up-to-date: /home/diego/Workspaces/dev_ws/src/install/basic_mobile_robot/share/basic_mobile_robot/models/basic_mobile_bot_description/model.config
[1.134s] -- Up-to-date: /home/diego/Workspaces/dev_ws/src/install/basic_mobile_robot/share/basic_mobile_robot/models/basic_mobile_bot_description/model.sdf
[1.134s] -- Up-to-date: /home/diego/Workspaces/dev_ws/src/install/basic_mobile_robot/share/basic_mobile_robot/models/basic_mobile_bot_v1.urdf
[1.138s] -- Up-to-date: /home/diego/Workspaces/dev_ws/src/install/basic_mobile_robot/share/basic_mobile_robot/models/basic_mobile_bot_v2.urdf
[1.139s] -- Up-to-date: /home/diego/Workspaces/dev_ws/src/install/basic_mobile_robot/share/basic_mobile_robot/params
[1.159s] -- Up-to-date: /home/diego/Workspaces/dev_ws/src/install/basic_mobile_robot/share/basic_mobile_robot/rviz
[1.160s] -- Up-to-date: /home/diego/Workspaces/dev_ws/src/install/basic_mobile_robot/share/basic_mobile_robot/rviz/urdf_config.rviz
[1.160s] -- Up-to-date: /home/diego/Workspaces/dev_ws/src/install/basic_mobile_robot/share/basic_mobile_robot/src
[1.160s] -- Up-to-date: /home/diego/Workspaces/dev_ws/src/install/basic_mobile_robot/share/basic_mobile_robot/worlds
[1.160s] -- Up-to-date: /home/diego/Workspaces/dev_ws/src/install/basic_mobile_robot/share/basic_mobile_robot/worlds/basic_mobile_bot_world
[1.160s] -- Up-to-date: /home/diego/Workspaces/dev_ws/src/install/basic_mobile_robot/share/basic_mobile_robot/worlds/basic_mobile_bot_world/smalltown.world
[1.161s] -- Up-to-date: /home/diego/Workspaces/dev_ws/src/install/basic_mobile_robot/share/ament_index/resource_index/package_run_dependencies/basic_mobile_robot
[1.164s] -- Up-to-date: /home/diego/Workspaces/dev_ws/src/install/basic_mobile_robot/share/ament_index/resource_index/parent_prefix_path/basic_mobile_robot
[1.164s] -- Up-to-date: /home/diego/Workspaces/dev_ws/src/install/basic_mobile_robot/share/basic_mobile_robot/environment/ament_prefix_path.sh
[1.164s] -- Up-to-date: /home/diego/Workspaces/dev_ws/src/install/basic_mobile_robot/share/basic_mobile_robot/environment/ament_prefix_path.dsv
[1.164s] -- Up-to-date: /home/diego/Workspaces/dev_ws/src/install/basic_mobile_robot/share/basic_mobile_robot/environment/path.sh
[1.164s] -- Up-to-date: /home/diego/Workspaces/dev_ws/src/install/basic_mobile_robot/share/basic_mobile_robot/environment/path.dsv
[1.165s] -- Up-to-date: /home/diego/Workspaces/dev_ws/src/install/basic_mobile_robot/share/basic_mobile_robot/local_setup.bash
[1.165s] -- Up-to-date: /home/diego/Workspaces/dev_ws/src/install/basic_mobile_robot/share/basic_mobile_robot/local_setup.sh
[1.165s] -- Up-to-date: /home/diego/Workspaces/dev_ws/src/install/basic_mobile_robot/share/basic_mobile_robot/local_setup.zsh
[1.165s] -- Up-to-date: /home/diego/Workspaces/dev_ws/src/install/basic_mobile_robot/share/basic_mobile_robot/local_setup.dsv
[1.165s] -- Installing: /home/diego/Workspaces/dev_ws/src/install/basic_mobile_robot/share/basic_mobile_robot/package.dsv
[1.166s] -- Up-to-date: /home/diego/Workspaces/dev_ws/src/install/basic_mobile_robot/share/ament_index/resource_index/packages/basic_mobile_robot
[1.166s] -- Up-to-date: /home/diego/Workspaces/dev_ws/src/install/basic_mobile_robot/share/basic_mobile_robot/cmake/basic_mobile_robotConfig.cmake
[1.166s] -- Up-to-date: /home/diego/Workspaces/dev_ws/src/install/basic_mobile_robot/share/basic_mobile_robot/cmake/basic_mobile_robotConfig-version.cmake
[1.166s] -- Up-to-date: /home/diego/Workspaces/dev_ws/src/install/basic_mobile_robot/share/basic_mobile_robot/package.xml
[1.167s] Invoked command in '/home/diego/Workspaces/dev_ws/src/build/basic_mobile_robot' returned '0': CMAKE_PREFIX_PATH=${CMAKE_PREFIX_PATH}:/home/diego/Workspaces/dev_ws/src/install/controllers:/opt/ros/foxy /usr/bin/cmake --install /home/diego/Workspaces/dev_ws/src/build/basic_mobile_robot
