[5.686s] Invoking command in '/home/diego/Workspaces/dev_ws/src/controllers': PYTHONPATH=/home/diego/Workspaces/dev_ws/install/controllers/lib/python3.8/site-packages:${PYTHONPATH} /usr/bin/python3 setup.py egg_info --egg-base ../../build/controllers build --build-base /home/diego/Workspaces/dev_ws/build/controllers/build install --prefix /home/diego/Workspaces/dev_ws/install/controllers --record /home/diego/Workspaces/dev_ws/build/controllers/install.log --single-version-externally-managed
[7.197s] running egg_info
[7.200s] writing ../../build/controllers/controllers.egg-info/PKG-INFO
[7.201s] writing dependency_links to ../../build/controllers/controllers.egg-info/dependency_links.txt
[7.205s] writing entry points to ../../build/controllers/controllers.egg-info/entry_points.txt
[7.206s] writing requirements to ../../build/controllers/controllers.egg-info/requires.txt
[7.206s] writing top-level names to ../../build/controllers/controllers.egg-info/top_level.txt
[7.460s] reading manifest file '../../build/controllers/controllers.egg-info/SOURCES.txt'
[7.469s] writing manifest file '../../build/controllers/controllers.egg-info/SOURCES.txt'
[7.469s] running build
[7.469s] running build_py
[7.469s] running install
[7.471s] running install_lib
[7.486s] running install_data
[7.488s] running install_egg_info
[7.502s] removing '/home/diego/Workspaces/dev_ws/install/controllers/lib/python3.8/site-packages/controllers-0.0.0-py3.8.egg-info' (and everything under it)
[7.503s] Copying ../../build/controllers/controllers.egg-info to /home/diego/Workspaces/dev_ws/install/controllers/lib/python3.8/site-packages/controllers-0.0.0-py3.8.egg-info
[7.504s] running install_scripts
[7.629s] Installing simple_controller script to /home/diego/Workspaces/dev_ws/install/controllers/lib/controllers
[7.630s] writing list of installed files to '/home/diego/Workspaces/dev_ws/build/controllers/install.log'
[7.861s] Invoked command in '/home/diego/Workspaces/dev_ws/src/controllers' returned '0': PYTHONPATH=/home/diego/Workspaces/dev_ws/install/controllers/lib/python3.8/site-packages:${PYTHONPATH} /usr/bin/python3 setup.py egg_info --egg-base ../../build/controllers build --build-base /home/diego/Workspaces/dev_ws/build/controllers/build install --prefix /home/diego/Workspaces/dev_ws/install/controllers --record /home/diego/Workspaces/dev_ws/build/controllers/install.log --single-version-externally-managed
