[3.512s] Invoking command in '/home/diego/Workspaces/dev_ws/src/controllers': PYTHONPATH=/home/diego/Workspaces/dev_ws/install/controllers/lib/python3.8/site-packages:${PYTHONPATH} /usr/bin/python3 setup.py egg_info --egg-base ../../build/controllers build --build-base /home/diego/Workspaces/dev_ws/build/controllers/build install --prefix /home/diego/Workspaces/dev_ws/install/controllers --record /home/diego/Workspaces/dev_ws/build/controllers/install.log --single-version-externally-managed
[4.437s] running egg_info
[4.441s] writing ../../build/controllers/controllers.egg-info/PKG-INFO
[4.443s] writing dependency_links to ../../build/controllers/controllers.egg-info/dependency_links.txt
[4.445s] writing entry points to ../../build/controllers/controllers.egg-info/entry_points.txt
[4.446s] writing requirements to ../../build/controllers/controllers.egg-info/requires.txt
[4.449s] writing top-level names to ../../build/controllers/controllers.egg-info/top_level.txt
[4.606s] reading manifest file '../../build/controllers/controllers.egg-info/SOURCES.txt'
[4.610s] writing manifest file '../../build/controllers/controllers.egg-info/SOURCES.txt'
[4.612s] running build
[4.613s] running build_py
[4.615s] running install
[4.621s] running install_lib
[4.628s] running install_data
[4.632s] running install_egg_info
[4.641s] removing '/home/diego/Workspaces/dev_ws/install/controllers/lib/python3.8/site-packages/controllers-0.0.0-py3.8.egg-info' (and everything under it)
[4.642s] Copying ../../build/controllers/controllers.egg-info to /home/diego/Workspaces/dev_ws/install/controllers/lib/python3.8/site-packages/controllers-0.0.0-py3.8.egg-info
[4.647s] running install_scripts
[4.723s] Installing simple_controller script to /home/diego/Workspaces/dev_ws/install/controllers/lib/controllers
[4.727s] writing list of installed files to '/home/diego/Workspaces/dev_ws/build/controllers/install.log'
[4.835s] Invoked command in '/home/diego/Workspaces/dev_ws/src/controllers' returned '0': PYTHONPATH=/home/diego/Workspaces/dev_ws/install/controllers/lib/python3.8/site-packages:${PYTHONPATH} /usr/bin/python3 setup.py egg_info --egg-base ../../build/controllers build --build-base /home/diego/Workspaces/dev_ws/build/controllers/build install --prefix /home/diego/Workspaces/dev_ws/install/controllers --record /home/diego/Workspaces/dev_ws/build/controllers/install.log --single-version-externally-managed
