[2.410s] Invoking command in '/home/diego/Workspaces/dev_ws/src/controllers': PYTHONPATH=/home/diego/Workspaces/dev_ws/install/controllers/lib/python3.8/site-packages:${PYTHONPATH} /usr/bin/python3 setup.py egg_info --egg-base ../../build/controllers build --build-base /home/diego/Workspaces/dev_ws/build/controllers/build install --prefix /home/diego/Workspaces/dev_ws/install/controllers --record /home/diego/Workspaces/dev_ws/build/controllers/install.log --single-version-externally-managed
[3.079s] running egg_info
[3.081s] writing ../../build/controllers/controllers.egg-info/PKG-INFO
[3.082s] writing dependency_links to ../../build/controllers/controllers.egg-info/dependency_links.txt
[3.083s] writing entry points to ../../build/controllers/controllers.egg-info/entry_points.txt
[3.084s] writing requirements to ../../build/controllers/controllers.egg-info/requires.txt
[3.084s] writing top-level names to ../../build/controllers/controllers.egg-info/top_level.txt
[3.224s] reading manifest file '../../build/controllers/controllers.egg-info/SOURCES.txt'
[3.228s] writing manifest file '../../build/controllers/controllers.egg-info/SOURCES.txt'
[3.228s] running build
[3.229s] running build_py
[3.230s] running install
[3.233s] running install_lib
[3.240s] running install_data
[3.242s] running install_egg_info
[3.250s] removing '/home/diego/Workspaces/dev_ws/install/controllers/lib/python3.8/site-packages/controllers-0.0.0-py3.8.egg-info' (and everything under it)
[3.252s] Copying ../../build/controllers/controllers.egg-info to /home/diego/Workspaces/dev_ws/install/controllers/lib/python3.8/site-packages/controllers-0.0.0-py3.8.egg-info
[3.258s] running install_scripts
[3.314s] Installing simple_controller script to /home/diego/Workspaces/dev_ws/install/controllers/lib/controllers
[3.315s] writing list of installed files to '/home/diego/Workspaces/dev_ws/build/controllers/install.log'
[3.391s] Invoked command in '/home/diego/Workspaces/dev_ws/src/controllers' returned '0': PYTHONPATH=/home/diego/Workspaces/dev_ws/install/controllers/lib/python3.8/site-packages:${PYTHONPATH} /usr/bin/python3 setup.py egg_info --egg-base ../../build/controllers build --build-base /home/diego/Workspaces/dev_ws/build/controllers/build install --prefix /home/diego/Workspaces/dev_ws/install/controllers --record /home/diego/Workspaces/dev_ws/build/controllers/install.log --single-version-externally-managed
