[2.266s] Invoking command in '/home/diego/Workspaces/dev_ws/src/controllers': PYTHONPATH=/home/diego/Workspaces/dev_ws/install/controllers/lib/python3.8/site-packages:${PYTHONPATH} /usr/bin/python3 setup.py egg_info --egg-base ../../build/controllers build --build-base /home/diego/Workspaces/dev_ws/build/controllers/build install --prefix /home/diego/Workspaces/dev_ws/install/controllers --record /home/diego/Workspaces/dev_ws/build/controllers/install.log --single-version-externally-managed
[2.787s] running egg_info
[2.789s] writing ../../build/controllers/controllers.egg-info/PKG-INFO
[2.790s] writing dependency_links to ../../build/controllers/controllers.egg-info/dependency_links.txt
[2.791s] writing entry points to ../../build/controllers/controllers.egg-info/entry_points.txt
[2.791s] writing requirements to ../../build/controllers/controllers.egg-info/requires.txt
[2.792s] writing top-level names to ../../build/controllers/controllers.egg-info/top_level.txt
[2.890s] reading manifest file '../../build/controllers/controllers.egg-info/SOURCES.txt'
[2.893s] writing manifest file '../../build/controllers/controllers.egg-info/SOURCES.txt'
[2.893s] running build
[2.893s] running build_py
[2.898s] running install
[2.900s] running install_lib
[2.906s] running install_data
[2.910s] running install_egg_info
[2.913s] removing '/home/diego/Workspaces/dev_ws/install/controllers/lib/python3.8/site-packages/controllers-0.0.0-py3.8.egg-info' (and everything under it)
[2.914s] Copying ../../build/controllers/controllers.egg-info to /home/diego/Workspaces/dev_ws/install/controllers/lib/python3.8/site-packages/controllers-0.0.0-py3.8.egg-info
[2.917s] running install_scripts
[2.955s] Installing simple_controller script to /home/diego/Workspaces/dev_ws/install/controllers/lib/controllers
[2.957s] writing list of installed files to '/home/diego/Workspaces/dev_ws/build/controllers/install.log'
[3.024s] Invoked command in '/home/diego/Workspaces/dev_ws/src/controllers' returned '0': PYTHONPATH=/home/diego/Workspaces/dev_ws/install/controllers/lib/python3.8/site-packages:${PYTHONPATH} /usr/bin/python3 setup.py egg_info --egg-base ../../build/controllers build --build-base /home/diego/Workspaces/dev_ws/build/controllers/build install --prefix /home/diego/Workspaces/dev_ws/install/controllers --record /home/diego/Workspaces/dev_ws/build/controllers/install.log --single-version-externally-managed
