[4.283s] Invoking command in '/home/diego/Workspaces/dev_ws/src/controllers': PYTHONPATH=/home/diego/Workspaces/dev_ws/install/controllers/lib/python3.8/site-packages:${PYTHONPATH} /usr/bin/python3 setup.py egg_info --egg-base ../../build/controllers build --build-base /home/diego/Workspaces/dev_ws/build/controllers/build install --prefix /home/diego/Workspaces/dev_ws/install/controllers --record /home/diego/Workspaces/dev_ws/build/controllers/install.log --single-version-externally-managed
[5.383s] running egg_info
[5.386s] writing ../../build/controllers/controllers.egg-info/PKG-INFO
[5.388s] writing dependency_links to ../../build/controllers/controllers.egg-info/dependency_links.txt
[5.396s] writing entry points to ../../build/controllers/controllers.egg-info/entry_points.txt
[5.397s] writing requirements to ../../build/controllers/controllers.egg-info/requires.txt
[5.398s] writing top-level names to ../../build/controllers/controllers.egg-info/top_level.txt
[5.544s] reading manifest file '../../build/controllers/controllers.egg-info/SOURCES.txt'
[5.547s] writing manifest file '../../build/controllers/controllers.egg-info/SOURCES.txt'
[5.548s] running build
[5.549s] running build_py
[5.549s] running install
[5.552s] running install_lib
[5.564s] running install_data
[5.566s] running install_egg_info
[5.576s] removing '/home/diego/Workspaces/dev_ws/install/controllers/lib/python3.8/site-packages/controllers-0.0.0-py3.8.egg-info' (and everything under it)
[5.577s] Copying ../../build/controllers/controllers.egg-info to /home/diego/Workspaces/dev_ws/install/controllers/lib/python3.8/site-packages/controllers-0.0.0-py3.8.egg-info
[5.580s] running install_scripts
[5.655s] Installing simple_controller script to /home/diego/Workspaces/dev_ws/install/controllers/lib/controllers
[5.663s] writing list of installed files to '/home/diego/Workspaces/dev_ws/build/controllers/install.log'
[5.800s] Invoked command in '/home/diego/Workspaces/dev_ws/src/controllers' returned '0': PYTHONPATH=/home/diego/Workspaces/dev_ws/install/controllers/lib/python3.8/site-packages:${PYTHONPATH} /usr/bin/python3 setup.py egg_info --egg-base ../../build/controllers build --build-base /home/diego/Workspaces/dev_ws/build/controllers/build install --prefix /home/diego/Workspaces/dev_ws/install/controllers --record /home/diego/Workspaces/dev_ws/build/controllers/install.log --single-version-externally-managed
