[2.869s] Invoking command in '/home/diego/Workspaces/dev_ws/src/controllers': PYTHONPATH=/home/diego/Workspaces/dev_ws/install/controllers/lib/python3.8/site-packages:${PYTHONPATH} /usr/bin/python3 setup.py egg_info --egg-base ../../build/controllers build --build-base /home/diego/Workspaces/dev_ws/build/controllers/build install --prefix /home/diego/Workspaces/dev_ws/install/controllers --record /home/diego/Workspaces/dev_ws/build/controllers/install.log --single-version-externally-managed
[3.553s] running egg_info
[3.555s] writing ../../build/controllers/controllers.egg-info/PKG-INFO
[3.557s] writing dependency_links to ../../build/controllers/controllers.egg-info/dependency_links.txt
[3.558s] writing entry points to ../../build/controllers/controllers.egg-info/entry_points.txt
[3.560s] writing requirements to ../../build/controllers/controllers.egg-info/requires.txt
[3.561s] writing top-level names to ../../build/controllers/controllers.egg-info/top_level.txt
[3.655s] reading manifest file '../../build/controllers/controllers.egg-info/SOURCES.txt'
[3.658s] writing manifest file '../../build/controllers/controllers.egg-info/SOURCES.txt'
[3.658s] running build
[3.658s] running build_py
[3.659s] running install
[3.661s] running install_lib
[3.666s] running install_data
[3.667s] running install_egg_info
[3.672s] removing '/home/diego/Workspaces/dev_ws/install/controllers/lib/python3.8/site-packages/controllers-0.0.0-py3.8.egg-info' (and everything under it)
[3.673s] Copying ../../build/controllers/controllers.egg-info to /home/diego/Workspaces/dev_ws/install/controllers/lib/python3.8/site-packages/controllers-0.0.0-py3.8.egg-info
[3.676s] running install_scripts
[3.727s] Installing simple_controller script to /home/diego/Workspaces/dev_ws/install/controllers/lib/controllers
[3.728s] writing list of installed files to '/home/diego/Workspaces/dev_ws/build/controllers/install.log'
[3.805s] Invoked command in '/home/diego/Workspaces/dev_ws/src/controllers' returned '0': PYTHONPATH=/home/diego/Workspaces/dev_ws/install/controllers/lib/python3.8/site-packages:${PYTHONPATH} /usr/bin/python3 setup.py egg_info --egg-base ../../build/controllers build --build-base /home/diego/Workspaces/dev_ws/build/controllers/build install --prefix /home/diego/Workspaces/dev_ws/install/controllers --record /home/diego/Workspaces/dev_ws/build/controllers/install.log --single-version-externally-managed
