[3.017s] Invoking command in '/home/diego/Workspaces/dev_ws/src/controllers': PYTHONPATH=/home/diego/Workspaces/dev_ws/install/controllers/lib/python3.8/site-packages:${PYTHONPATH} /usr/bin/python3 setup.py egg_info --egg-base ../../build/controllers build --build-base /home/diego/Workspaces/dev_ws/build/controllers/build install --prefix /home/diego/Workspaces/dev_ws/install/controllers --record /home/diego/Workspaces/dev_ws/build/controllers/install.log --single-version-externally-managed
[3.759s] running egg_info
[3.762s] writing ../../build/controllers/controllers.egg-info/PKG-INFO
[3.763s] writing dependency_links to ../../build/controllers/controllers.egg-info/dependency_links.txt
[3.766s] writing entry points to ../../build/controllers/controllers.egg-info/entry_points.txt
[3.768s] writing requirements to ../../build/controllers/controllers.egg-info/requires.txt
[3.770s] writing top-level names to ../../build/controllers/controllers.egg-info/top_level.txt
[3.883s] reading manifest file '../../build/controllers/controllers.egg-info/SOURCES.txt'
[3.889s] writing manifest file '../../build/controllers/controllers.egg-info/SOURCES.txt'
[3.890s] running build
[3.891s] running build_py
[3.892s] copying controllers/simple_controller.py -> /home/diego/Workspaces/dev_ws/build/controllers/build/lib/controllers
[3.893s] running install
[3.896s] running install_lib
[3.899s] copying /home/diego/Workspaces/dev_ws/build/controllers/build/lib/controllers/simple_controller.py -> /home/diego/Workspaces/dev_ws/install/controllers/lib/python3.8/site-packages/controllers
[3.901s] byte-compiling /home/diego/Workspaces/dev_ws/install/controllers/lib/python3.8/site-packages/controllers/simple_controller.py to simple_controller.cpython-38.pyc
[3.906s] running install_data
[3.908s] running install_egg_info
[3.913s] removing '/home/diego/Workspaces/dev_ws/install/controllers/lib/python3.8/site-packages/controllers-0.0.0-py3.8.egg-info' (and everything under it)
[3.915s] Copying ../../build/controllers/controllers.egg-info to /home/diego/Workspaces/dev_ws/install/controllers/lib/python3.8/site-packages/controllers-0.0.0-py3.8.egg-info
[3.917s] running install_scripts
[3.978s] Installing simple_controller script to /home/diego/Workspaces/dev_ws/install/controllers/lib/controllers
[3.981s] writing list of installed files to '/home/diego/Workspaces/dev_ws/build/controllers/install.log'
[4.074s] Invoked command in '/home/diego/Workspaces/dev_ws/src/controllers' returned '0': PYTHONPATH=/home/diego/Workspaces/dev_ws/install/controllers/lib/python3.8/site-packages:${PYTHONPATH} /usr/bin/python3 setup.py egg_info --egg-base ../../build/controllers build --build-base /home/diego/Workspaces/dev_ws/build/controllers/build install --prefix /home/diego/Workspaces/dev_ws/install/controllers --record /home/diego/Workspaces/dev_ws/build/controllers/install.log --single-version-externally-managed
