[1.818s] Invoking command in '/home/diego/Workspaces/dev_ws/src/controllers': PYTHONPATH=/home/diego/Workspaces/dev_ws/install/controllers/lib/python3.8/site-packages:${PYTHONPATH} /usr/bin/python3 setup.py egg_info --egg-base ../../build/controllers build --build-base /home/diego/Workspaces/dev_ws/build/controllers/build install --prefix /home/diego/Workspaces/dev_ws/install/controllers --record /home/diego/Workspaces/dev_ws/build/controllers/install.log --single-version-externally-managed
[2.352s] running egg_info
[2.354s] writing ../../build/controllers/controllers.egg-info/PKG-INFO
[2.354s] writing dependency_links to ../../build/controllers/controllers.egg-info/dependency_links.txt
[2.355s] writing entry points to ../../build/controllers/controllers.egg-info/entry_points.txt
[2.356s] writing requirements to ../../build/controllers/controllers.egg-info/requires.txt
[2.356s] writing top-level names to ../../build/controllers/controllers.egg-info/top_level.txt
[2.436s] reading manifest file '../../build/controllers/controllers.egg-info/SOURCES.txt'
[2.438s] writing manifest file '../../build/controllers/controllers.egg-info/SOURCES.txt'
[2.438s] running build
[2.438s] running build_py
[2.439s] copying controllers/simple_controller.py -> /home/diego/Workspaces/dev_ws/build/controllers/build/lib/controllers
[2.439s] running install
[2.442s] running install_lib
[2.444s] copying /home/diego/Workspaces/dev_ws/build/controllers/build/lib/controllers/simple_controller.py -> /home/diego/Workspaces/dev_ws/install/controllers/lib/python3.8/site-packages/controllers
[2.445s] byte-compiling /home/diego/Workspaces/dev_ws/install/controllers/lib/python3.8/site-packages/controllers/simple_controller.py to simple_controller.cpython-38.pyc
[2.449s] running install_data
[2.450s] running install_egg_info
[2.454s] removing '/home/diego/Workspaces/dev_ws/install/controllers/lib/python3.8/site-packages/controllers-0.0.0-py3.8.egg-info' (and everything under it)
[2.454s] Copying ../../build/controllers/controllers.egg-info to /home/diego/Workspaces/dev_ws/install/controllers/lib/python3.8/site-packages/controllers-0.0.0-py3.8.egg-info
[2.457s] running install_scripts
[2.498s] Installing simple_controller script to /home/diego/Workspaces/dev_ws/install/controllers/lib/controllers
[2.499s] writing list of installed files to '/home/diego/Workspaces/dev_ws/build/controllers/install.log'
[2.571s] Invoked command in '/home/diego/Workspaces/dev_ws/src/controllers' returned '0': PYTHONPATH=/home/diego/Workspaces/dev_ws/install/controllers/lib/python3.8/site-packages:${PYTHONPATH} /usr/bin/python3 setup.py egg_info --egg-base ../../build/controllers build --build-base /home/diego/Workspaces/dev_ws/build/controllers/build install --prefix /home/diego/Workspaces/dev_ws/install/controllers --record /home/diego/Workspaces/dev_ws/build/controllers/install.log --single-version-externally-managed
