[1.977s] Invoking command in '/home/diego/Workspaces/dev_ws/src/controllers': PYTHONPATH=/home/diego/Workspaces/dev_ws/install/controllers/lib/python3.8/site-packages:${PYTHONPATH} /usr/bin/python3 setup.py egg_info --egg-base ../../build/controllers build --build-base /home/diego/Workspaces/dev_ws/build/controllers/build install --prefix /home/diego/Workspaces/dev_ws/install/controllers --record /home/diego/Workspaces/dev_ws/build/controllers/install.log --single-version-externally-managed
[2.519s] running egg_info
[2.521s] writing ../../build/controllers/controllers.egg-info/PKG-INFO
[2.522s] writing dependency_links to ../../build/controllers/controllers.egg-info/dependency_links.txt
[2.523s] writing entry points to ../../build/controllers/controllers.egg-info/entry_points.txt
[2.524s] writing requirements to ../../build/controllers/controllers.egg-info/requires.txt
[2.525s] writing top-level names to ../../build/controllers/controllers.egg-info/top_level.txt
[2.602s] reading manifest file '../../build/controllers/controllers.egg-info/SOURCES.txt'
[2.604s] writing manifest file '../../build/controllers/controllers.egg-info/SOURCES.txt'
[2.605s] running build
[2.605s] running build_py
[2.605s] running install
[2.608s] running install_lib
[2.612s] running install_data
[2.613s] running install_egg_info
[2.619s] removing '/home/diego/Workspaces/dev_ws/install/controllers/lib/python3.8/site-packages/controllers-0.0.0-py3.8.egg-info' (and everything under it)
[2.619s] Copying ../../build/controllers/controllers.egg-info to /home/diego/Workspaces/dev_ws/install/controllers/lib/python3.8/site-packages/controllers-0.0.0-py3.8.egg-info
[2.621s] running install_scripts
[2.664s] Installing simple_controller script to /home/diego/Workspaces/dev_ws/install/controllers/lib/controllers
[2.666s] writing list of installed files to '/home/diego/Workspaces/dev_ws/build/controllers/install.log'
[2.754s] Invoked command in '/home/diego/Workspaces/dev_ws/src/controllers' returned '0': PYTHONPATH=/home/diego/Workspaces/dev_ws/install/controllers/lib/python3.8/site-packages:${PYTHONPATH} /usr/bin/python3 setup.py egg_info --egg-base ../../build/controllers build --build-base /home/diego/Workspaces/dev_ws/build/controllers/build install --prefix /home/diego/Workspaces/dev_ws/install/controllers --record /home/diego/Workspaces/dev_ws/build/controllers/install.log --single-version-externally-managed
