[3.264s] Invoking command in '/home/diego/Workspaces/dev_ws/src/controllers': PYTHONPATH=/home/diego/Workspaces/dev_ws/install/controllers/lib/python3.8/site-packages:${PYTHONPATH} /usr/bin/python3 setup.py egg_info --egg-base ../../build/controllers build --build-base /home/diego/Workspaces/dev_ws/build/controllers/build install --prefix /home/diego/Workspaces/dev_ws/install/controllers --record /home/diego/Workspaces/dev_ws/build/controllers/install.log --single-version-externally-managed
[3.953s] running egg_info
[3.954s] writing ../../build/controllers/controllers.egg-info/PKG-INFO
[3.955s] writing dependency_links to ../../build/controllers/controllers.egg-info/dependency_links.txt
[3.961s] writing entry points to ../../build/controllers/controllers.egg-info/entry_points.txt
[3.961s] writing requirements to ../../build/controllers/controllers.egg-info/requires.txt
[3.961s] writing top-level names to ../../build/controllers/controllers.egg-info/top_level.txt
[4.072s] reading manifest file '../../build/controllers/controllers.egg-info/SOURCES.txt'
[4.074s] writing manifest file '../../build/controllers/controllers.egg-info/SOURCES.txt'
[4.075s] running build
[4.075s] running build_py
[4.076s] running install
[4.078s] running install_lib
[4.083s] running install_data
[4.085s] running install_egg_info
[4.090s] removing '/home/diego/Workspaces/dev_ws/install/controllers/lib/python3.8/site-packages/controllers-0.0.0-py3.8.egg-info' (and everything under it)
[4.095s] Copying ../../build/controllers/controllers.egg-info to /home/diego/Workspaces/dev_ws/install/controllers/lib/python3.8/site-packages/controllers-0.0.0-py3.8.egg-info
[4.096s] running install_scripts
[4.147s] Installing simple_controller script to /home/diego/Workspaces/dev_ws/install/controllers/lib/controllers
[4.149s] writing list of installed files to '/home/diego/Workspaces/dev_ws/build/controllers/install.log'
[4.234s] Invoked command in '/home/diego/Workspaces/dev_ws/src/controllers' returned '0': PYTHONPATH=/home/diego/Workspaces/dev_ws/install/controllers/lib/python3.8/site-packages:${PYTHONPATH} /usr/bin/python3 setup.py egg_info --egg-base ../../build/controllers build --build-base /home/diego/Workspaces/dev_ws/build/controllers/build install --prefix /home/diego/Workspaces/dev_ws/install/controllers --record /home/diego/Workspaces/dev_ws/build/controllers/install.log --single-version-externally-managed
