[3.174s] Invoking command in '/home/diego/Workspaces/dev_ws/src/controllers': PYTHONPATH=/home/diego/Workspaces/dev_ws/install/controllers/lib/python3.8/site-packages:${PYTHONPATH} /usr/bin/python3 setup.py egg_info --egg-base ../../build/controllers build --build-base /home/diego/Workspaces/dev_ws/build/controllers/build install --prefix /home/diego/Workspaces/dev_ws/install/controllers --record /home/diego/Workspaces/dev_ws/build/controllers/install.log --single-version-externally-managed
[4.020s] running egg_info
[4.023s] writing ../../build/controllers/controllers.egg-info/PKG-INFO
[4.026s] writing dependency_links to ../../build/controllers/controllers.egg-info/dependency_links.txt
[4.027s] writing entry points to ../../build/controllers/controllers.egg-info/entry_points.txt
[4.029s] writing requirements to ../../build/controllers/controllers.egg-info/requires.txt
[4.031s] writing top-level names to ../../build/controllers/controllers.egg-info/top_level.txt
[4.148s] reading manifest file '../../build/controllers/controllers.egg-info/SOURCES.txt'
[4.153s] writing manifest file '../../build/controllers/controllers.egg-info/SOURCES.txt'
[4.154s] running build
[4.154s] running build_py
[4.156s] running install
[4.161s] running install_lib
[4.169s] running install_data
[4.172s] running install_egg_info
[4.179s] removing '/home/diego/Workspaces/dev_ws/install/controllers/lib/python3.8/site-packages/controllers-0.0.0-py3.8.egg-info' (and everything under it)
[4.181s] Copying ../../build/controllers/controllers.egg-info to /home/diego/Workspaces/dev_ws/install/controllers/lib/python3.8/site-packages/controllers-0.0.0-py3.8.egg-info
[4.184s] running install_scripts
[4.237s] Installing simple_controller script to /home/diego/Workspaces/dev_ws/install/controllers/lib/controllers
[4.240s] writing list of installed files to '/home/diego/Workspaces/dev_ws/build/controllers/install.log'
[4.343s] Invoked command in '/home/diego/Workspaces/dev_ws/src/controllers' returned '0': PYTHONPATH=/home/diego/Workspaces/dev_ws/install/controllers/lib/python3.8/site-packages:${PYTHONPATH} /usr/bin/python3 setup.py egg_info --egg-base ../../build/controllers build --build-base /home/diego/Workspaces/dev_ws/build/controllers/build install --prefix /home/diego/Workspaces/dev_ws/install/controllers --record /home/diego/Workspaces/dev_ws/build/controllers/install.log --single-version-externally-managed
