[2.867s] Invoking command in '/home/diego/Workspaces/dev_ws/src/controllers': PYTHONPATH=/home/diego/Workspaces/dev_ws/install/controllers/lib/python3.8/site-packages:${PYTHONPATH} /usr/bin/python3 setup.py egg_info --egg-base ../../build/controllers build --build-base /home/diego/Workspaces/dev_ws/build/controllers/build install --prefix /home/diego/Workspaces/dev_ws/install/controllers --record /home/diego/Workspaces/dev_ws/build/controllers/install.log --single-version-externally-managed
[3.556s] running egg_info
[3.559s] writing ../../build/controllers/controllers.egg-info/PKG-INFO
[3.561s] writing dependency_links to ../../build/controllers/controllers.egg-info/dependency_links.txt
[3.563s] writing entry points to ../../build/controllers/controllers.egg-info/entry_points.txt
[3.565s] writing requirements to ../../build/controllers/controllers.egg-info/requires.txt
[3.567s] writing top-level names to ../../build/controllers/controllers.egg-info/top_level.txt
[3.670s] reading manifest file '../../build/controllers/controllers.egg-info/SOURCES.txt'
[3.673s] writing manifest file '../../build/controllers/controllers.egg-info/SOURCES.txt'
[3.674s] running build
[3.675s] running build_py
[3.677s] running install
[3.679s] running install_lib
[3.684s] running install_data
[3.686s] running install_egg_info
[3.692s] removing '/home/diego/Workspaces/dev_ws/install/controllers/lib/python3.8/site-packages/controllers-0.0.0-py3.8.egg-info' (and everything under it)
[3.694s] Copying ../../build/controllers/controllers.egg-info to /home/diego/Workspaces/dev_ws/install/controllers/lib/python3.8/site-packages/controllers-0.0.0-py3.8.egg-info
[3.698s] running install_scripts
[3.757s] Installing simple_controller script to /home/diego/Workspaces/dev_ws/install/controllers/lib/controllers
[3.759s] writing list of installed files to '/home/diego/Workspaces/dev_ws/build/controllers/install.log'
[3.838s] Invoked command in '/home/diego/Workspaces/dev_ws/src/controllers' returned '0': PYTHONPATH=/home/diego/Workspaces/dev_ws/install/controllers/lib/python3.8/site-packages:${PYTHONPATH} /usr/bin/python3 setup.py egg_info --egg-base ../../build/controllers build --build-base /home/diego/Workspaces/dev_ws/build/controllers/build install --prefix /home/diego/Workspaces/dev_ws/install/controllers --record /home/diego/Workspaces/dev_ws/build/controllers/install.log --single-version-externally-managed
