[1.962s] Invoking command in '/home/diego/Workspaces/dev_ws/src/controllers': PYTHONPATH=/home/diego/Workspaces/dev_ws/src/install/controllers/lib/python3.8/site-packages:${PYTHONPATH} /usr/bin/python3 setup.py egg_info --egg-base ../build/controllers build --build-base /home/diego/Workspaces/dev_ws/src/build/controllers/build install --prefix /home/diego/Workspaces/dev_ws/src/install/controllers --record /home/diego/Workspaces/dev_ws/src/build/controllers/install.log --single-version-externally-managed
[2.518s] running egg_info
[2.520s] writing ../build/controllers/controllers.egg-info/PKG-INFO
[2.526s] writing dependency_links to ../build/controllers/controllers.egg-info/dependency_links.txt
[2.527s] writing entry points to ../build/controllers/controllers.egg-info/entry_points.txt
[2.527s] writing requirements to ../build/controllers/controllers.egg-info/requires.txt
[2.527s] writing top-level names to ../build/controllers/controllers.egg-info/top_level.txt
[2.605s] reading manifest file '../build/controllers/controllers.egg-info/SOURCES.txt'
[2.608s] writing manifest file '../build/controllers/controllers.egg-info/SOURCES.txt'
[2.608s] running build
[2.608s] running build_py
[2.608s] running install
[2.610s] running install_lib
[2.615s] running install_data
[2.616s] running install_egg_info
[2.619s] removing '/home/diego/Workspaces/dev_ws/src/install/controllers/lib/python3.8/site-packages/controllers-0.0.0-py3.8.egg-info' (and everything under it)
[2.619s] Copying ../build/controllers/controllers.egg-info to /home/diego/Workspaces/dev_ws/src/install/controllers/lib/python3.8/site-packages/controllers-0.0.0-py3.8.egg-info
[2.626s] running install_scripts
[2.664s] Installing simple_controller script to /home/diego/Workspaces/dev_ws/src/install/controllers/lib/controllers
[2.665s] writing list of installed files to '/home/diego/Workspaces/dev_ws/src/build/controllers/install.log'
[2.734s] Invoked command in '/home/diego/Workspaces/dev_ws/src/controllers' returned '0': PYTHONPATH=/home/diego/Workspaces/dev_ws/src/install/controllers/lib/python3.8/site-packages:${PYTHONPATH} /usr/bin/python3 setup.py egg_info --egg-base ../build/controllers build --build-base /home/diego/Workspaces/dev_ws/src/build/controllers/build install --prefix /home/diego/Workspaces/dev_ws/src/install/controllers --record /home/diego/Workspaces/dev_ws/src/build/controllers/install.log --single-version-externally-managed
