[1.709s] Invoking command in '/home/diego/Workspaces/dev_ws/src/controllers': PYTHONPATH=/home/diego/Workspaces/dev_ws/install/controllers/lib/python3.8/site-packages:${PYTHONPATH} /usr/bin/python3 setup.py egg_info --egg-base ../../build/controllers build --build-base /home/diego/Workspaces/dev_ws/build/controllers/build install --prefix /home/diego/Workspaces/dev_ws/install/controllers --record /home/diego/Workspaces/dev_ws/build/controllers/install.log --single-version-externally-managed
[2.245s] running egg_info
[2.246s] writing ../../build/controllers/controllers.egg-info/PKG-INFO
[2.248s] writing dependency_links to ../../build/controllers/controllers.egg-info/dependency_links.txt
[2.249s] writing entry points to ../../build/controllers/controllers.egg-info/entry_points.txt
[2.250s] writing requirements to ../../build/controllers/controllers.egg-info/requires.txt
[2.250s] writing top-level names to ../../build/controllers/controllers.egg-info/top_level.txt
[2.333s] reading manifest file '../../build/controllers/controllers.egg-info/SOURCES.txt'
[2.335s] writing manifest file '../../build/controllers/controllers.egg-info/SOURCES.txt'
[2.336s] running build
[2.336s] running build_py
[2.337s] running install
[2.339s] running install_lib
[2.345s] running install_data
[2.345s] running install_egg_info
[2.349s] removing '/home/diego/Workspaces/dev_ws/install/controllers/lib/python3.8/site-packages/controllers-0.0.0-py3.8.egg-info' (and everything under it)
[2.350s] Copying ../../build/controllers/controllers.egg-info to /home/diego/Workspaces/dev_ws/install/controllers/lib/python3.8/site-packages/controllers-0.0.0-py3.8.egg-info
[2.353s] running install_scripts
[2.394s] Installing simple_controller script to /home/diego/Workspaces/dev_ws/install/controllers/lib/controllers
[2.394s] writing list of installed files to '/home/diego/Workspaces/dev_ws/build/controllers/install.log'
[2.463s] Invoked command in '/home/diego/Workspaces/dev_ws/src/controllers' returned '0': PYTHONPATH=/home/diego/Workspaces/dev_ws/install/controllers/lib/python3.8/site-packages:${PYTHONPATH} /usr/bin/python3 setup.py egg_info --egg-base ../../build/controllers build --build-base /home/diego/Workspaces/dev_ws/build/controllers/build install --prefix /home/diego/Workspaces/dev_ws/install/controllers --record /home/diego/Workspaces/dev_ws/build/controllers/install.log --single-version-externally-managed
