[3.010s] Invoking command in '/home/diego/Workspaces/dev_ws/src/controllers': PYTHONPATH=/home/diego/Workspaces/dev_ws/install/controllers/lib/python3.8/site-packages:${PYTHONPATH} /usr/bin/python3 setup.py egg_info --egg-base ../../build/controllers build --build-base /home/diego/Workspaces/dev_ws/build/controllers/build install --prefix /home/diego/Workspaces/dev_ws/install/controllers --record /home/diego/Workspaces/dev_ws/build/controllers/install.log --single-version-externally-managed
[4.151s] running egg_info
[4.154s] writing ../../build/controllers/controllers.egg-info/PKG-INFO
[4.156s] writing dependency_links to ../../build/controllers/controllers.egg-info/dependency_links.txt
[4.158s] writing entry points to ../../build/controllers/controllers.egg-info/entry_points.txt
[4.159s] writing requirements to ../../build/controllers/controllers.egg-info/requires.txt
[4.161s] writing top-level names to ../../build/controllers/controllers.egg-info/top_level.txt
[4.300s] reading manifest file '../../build/controllers/controllers.egg-info/SOURCES.txt'
[4.304s] writing manifest file '../../build/controllers/controllers.egg-info/SOURCES.txt'
[4.307s] running build
[4.307s] running build_py
[4.309s] running install
[4.312s] running install_lib
[4.318s] running install_data
[4.321s] running install_egg_info
[4.327s] removing '/home/diego/Workspaces/dev_ws/install/controllers/lib/python3.8/site-packages/controllers-0.0.0-py3.8.egg-info' (and everything under it)
[4.332s] Copying ../../build/controllers/controllers.egg-info to /home/diego/Workspaces/dev_ws/install/controllers/lib/python3.8/site-packages/controllers-0.0.0-py3.8.egg-info
[4.335s] running install_scripts
[4.443s] Installing simple_controller script to /home/diego/Workspaces/dev_ws/install/controllers/lib/controllers
[4.446s] writing list of installed files to '/home/diego/Workspaces/dev_ws/build/controllers/install.log'
[4.570s] Invoked command in '/home/diego/Workspaces/dev_ws/src/controllers' returned '0': PYTHONPATH=/home/diego/Workspaces/dev_ws/install/controllers/lib/python3.8/site-packages:${PYTHONPATH} /usr/bin/python3 setup.py egg_info --egg-base ../../build/controllers build --build-base /home/diego/Workspaces/dev_ws/build/controllers/build install --prefix /home/diego/Workspaces/dev_ws/install/controllers --record /home/diego/Workspaces/dev_ws/build/controllers/install.log --single-version-externally-managed
