[3.271s] Invoking command in '/home/diego/Workspaces/dev_ws/src/controllers': PYTHONPATH=/home/diego/Workspaces/dev_ws/install/controllers/lib/python3.8/site-packages:${PYTHONPATH} /usr/bin/python3 setup.py egg_info --egg-base ../../build/controllers build --build-base /home/diego/Workspaces/dev_ws/build/controllers/build install --prefix /home/diego/Workspaces/dev_ws/install/controllers --record /home/diego/Workspaces/dev_ws/build/controllers/install.log --single-version-externally-managed
[4.023s] running egg_info
[4.025s] writing ../../build/controllers/controllers.egg-info/PKG-INFO
[4.026s] writing dependency_links to ../../build/controllers/controllers.egg-info/dependency_links.txt
[4.027s] writing entry points to ../../build/controllers/controllers.egg-info/entry_points.txt
[4.029s] writing requirements to ../../build/controllers/controllers.egg-info/requires.txt
[4.029s] writing top-level names to ../../build/controllers/controllers.egg-info/top_level.txt
[4.131s] reading manifest file '../../build/controllers/controllers.egg-info/SOURCES.txt'
[4.133s] writing manifest file '../../build/controllers/controllers.egg-info/SOURCES.txt'
[4.139s] running build
[4.139s] running build_py
[4.139s] running install
[4.139s] running install_lib
[4.144s] running install_data
[4.146s] running install_egg_info
[4.152s] removing '/home/diego/Workspaces/dev_ws/install/controllers/lib/python3.8/site-packages/controllers-0.0.0-py3.8.egg-info' (and everything under it)
[4.156s] Copying ../../build/controllers/controllers.egg-info to /home/diego/Workspaces/dev_ws/install/controllers/lib/python3.8/site-packages/controllers-0.0.0-py3.8.egg-info
[4.160s] running install_scripts
[4.214s] Installing simple_controller script to /home/diego/Workspaces/dev_ws/install/controllers/lib/controllers
[4.216s] writing list of installed files to '/home/diego/Workspaces/dev_ws/build/controllers/install.log'
[4.309s] Invoked command in '/home/diego/Workspaces/dev_ws/src/controllers' returned '0': PYTHONPATH=/home/diego/Workspaces/dev_ws/install/controllers/lib/python3.8/site-packages:${PYTHONPATH} /usr/bin/python3 setup.py egg_info --egg-base ../../build/controllers build --build-base /home/diego/Workspaces/dev_ws/build/controllers/build install --prefix /home/diego/Workspaces/dev_ws/install/controllers --record /home/diego/Workspaces/dev_ws/build/controllers/install.log --single-version-externally-managed
