[3.120s] Invoking command in '/home/diego/Workspaces/dev_ws/src/controllers': PYTHONPATH=/home/diego/Workspaces/dev_ws/install/controllers/lib/python3.8/site-packages:${PYTHONPATH} /usr/bin/python3 setup.py egg_info --egg-base ../../build/controllers build --build-base /home/diego/Workspaces/dev_ws/build/controllers/build install --prefix /home/diego/Workspaces/dev_ws/install/controllers --record /home/diego/Workspaces/dev_ws/build/controllers/install.log --single-version-externally-managed
[3.845s] running egg_info
[3.847s] writing ../../build/controllers/controllers.egg-info/PKG-INFO
[3.848s] writing dependency_links to ../../build/controllers/controllers.egg-info/dependency_links.txt
[3.849s] writing entry points to ../../build/controllers/controllers.egg-info/entry_points.txt
[3.849s] writing requirements to ../../build/controllers/controllers.egg-info/requires.txt
[3.850s] writing top-level names to ../../build/controllers/controllers.egg-info/top_level.txt
[3.947s] reading manifest file '../../build/controllers/controllers.egg-info/SOURCES.txt'
[3.950s] writing manifest file '../../build/controllers/controllers.egg-info/SOURCES.txt'
[3.950s] running build
[3.950s] running build_py
[3.952s] running install
[3.953s] running install_lib
[3.958s] running install_data
[3.960s] running install_egg_info
[3.966s] removing '/home/diego/Workspaces/dev_ws/install/controllers/lib/python3.8/site-packages/controllers-0.0.0-py3.8.egg-info' (and everything under it)
[3.967s] Copying ../../build/controllers/controllers.egg-info to /home/diego/Workspaces/dev_ws/install/controllers/lib/python3.8/site-packages/controllers-0.0.0-py3.8.egg-info
[3.970s] running install_scripts
[4.027s] Installing simple_controller script to /home/diego/Workspaces/dev_ws/install/controllers/lib/controllers
[4.029s] writing list of installed files to '/home/diego/Workspaces/dev_ws/build/controllers/install.log'
[4.137s] Invoked command in '/home/diego/Workspaces/dev_ws/src/controllers' returned '0': PYTHONPATH=/home/diego/Workspaces/dev_ws/install/controllers/lib/python3.8/site-packages:${PYTHONPATH} /usr/bin/python3 setup.py egg_info --egg-base ../../build/controllers build --build-base /home/diego/Workspaces/dev_ws/build/controllers/build install --prefix /home/diego/Workspaces/dev_ws/install/controllers --record /home/diego/Workspaces/dev_ws/build/controllers/install.log --single-version-externally-managed
