[2.905s] Invoking command in '/home/diego/Workspaces/dev_ws/src/controllers': PYTHONPATH=/home/diego/Workspaces/dev_ws/install/controllers/lib/python3.8/site-packages:${PYTHONPATH} /usr/bin/python3 setup.py egg_info --egg-base ../../build/controllers build --build-base /home/diego/Workspaces/dev_ws/build/controllers/build install --prefix /home/diego/Workspaces/dev_ws/install/controllers --record /home/diego/Workspaces/dev_ws/build/controllers/install.log --single-version-externally-managed
[3.645s] running egg_info
[3.648s] writing ../../build/controllers/controllers.egg-info/PKG-INFO
[3.651s] writing dependency_links to ../../build/controllers/controllers.egg-info/dependency_links.txt
[3.653s] writing entry points to ../../build/controllers/controllers.egg-info/entry_points.txt
[3.655s] writing requirements to ../../build/controllers/controllers.egg-info/requires.txt
[3.658s] writing top-level names to ../../build/controllers/controllers.egg-info/top_level.txt
[3.819s] reading manifest file '../../build/controllers/controllers.egg-info/SOURCES.txt'
[3.834s] writing manifest file '../../build/controllers/controllers.egg-info/SOURCES.txt'
[3.837s] running build
[3.847s] running build_py
[3.849s] copying controllers/simple_controller.py -> /home/diego/Workspaces/dev_ws/build/controllers/build/lib/controllers
[3.850s] running install
[3.853s] running install_lib
[3.856s] copying /home/diego/Workspaces/dev_ws/build/controllers/build/lib/controllers/simple_controller.py -> /home/diego/Workspaces/dev_ws/install/controllers/lib/python3.8/site-packages/controllers
[3.858s] byte-compiling /home/diego/Workspaces/dev_ws/install/controllers/lib/python3.8/site-packages/controllers/simple_controller.py to simple_controller.cpython-38.pyc
[3.865s] running install_data
[3.867s] running install_egg_info
[3.871s] removing '/home/diego/Workspaces/dev_ws/install/controllers/lib/python3.8/site-packages/controllers-0.0.0-py3.8.egg-info' (and everything under it)
[3.872s] Copying ../../build/controllers/controllers.egg-info to /home/diego/Workspaces/dev_ws/install/controllers/lib/python3.8/site-packages/controllers-0.0.0-py3.8.egg-info
[3.875s] running install_scripts
[3.942s] Installing simple_controller script to /home/diego/Workspaces/dev_ws/install/controllers/lib/controllers
[3.945s] writing list of installed files to '/home/diego/Workspaces/dev_ws/build/controllers/install.log'
[4.030s] Invoked command in '/home/diego/Workspaces/dev_ws/src/controllers' returned '0': PYTHONPATH=/home/diego/Workspaces/dev_ws/install/controllers/lib/python3.8/site-packages:${PYTHONPATH} /usr/bin/python3 setup.py egg_info --egg-base ../../build/controllers build --build-base /home/diego/Workspaces/dev_ws/build/controllers/build install --prefix /home/diego/Workspaces/dev_ws/install/controllers --record /home/diego/Workspaces/dev_ws/build/controllers/install.log --single-version-externally-managed
