[0.495s] DEBUG:colcon:Command line arguments: ['/usr/bin/colcon', 'build']
[0.495s] DEBUG:colcon:Parsed command line arguments: Namespace(allow_overriding=[], ament_cmake_args=None, base_paths=['.'], build_base='build', catkin_cmake_args=None, catkin_skip_building_tests=False, cmake_args=None, cmake_clean_cache=False, cmake_clean_first=False, cmake_force_configure=False, cmake_target=None, cmake_target_skip_unavailable=False, continue_on_error=False, event_handlers=None, executor='parallel', ignore_user_meta=False, install_base='install', log_base=None, log_level=None, main=<bound method BuildVerb.main of <colcon_core.verb.build.BuildVerb object at 0x7f9d0d66e4c0>>, merge_install=False, metas=['./colcon.meta'], packages_above=None, packages_above_and_dependencies=None, packages_above_depth=None, packages_end=None, packages_ignore=None, packages_ignore_regex=None, packages_select=None, packages_select_build_failed=False, packages_select_by_dep=None, packages_select_regex=None, packages_select_test_failures=False, packages_skip=None, packages_skip_build_finished=False, packages_skip_by_dep=None, packages_skip_regex=None, packages_skip_test_passed=False, packages_skip_up_to=None, packages_start=None, packages_up_to=None, packages_up_to_regex=None, parallel_workers=2, paths=None, symlink_install=False, test_result_base=None, verb_extension=<colcon_core.verb.build.BuildVerb object at 0x7f9d0d66e4c0>, verb_name='build', verb_parser=<colcon_defaults.argument_parser.defaults.DefaultArgumentsDecorator object at 0x7f9d0d66ea00>)
[0.610s] Level 1:colcon.colcon_core.package_discovery:discover_packages(colcon_meta) check parameters
[0.611s] Level 1:colcon.colcon_core.package_discovery:discover_packages(recursive) check parameters
[0.611s] Level 1:colcon.colcon_core.package_discovery:discover_packages(ignore) check parameters
[0.611s] Level 1:colcon.colcon_core.package_discovery:discover_packages(path) check parameters
[0.611s] Level 1:colcon.colcon_core.package_discovery:discover_packages(colcon_meta) discover
[0.612s] Level 1:colcon.colcon_core.package_discovery:discover_packages(recursive) discover
[0.612s] INFO:colcon.colcon_core.package_discovery:Crawling recursively for packages in '/home/diego/Workspaces/dev_ws/src/basic_mobile_robot'
[0.613s] Level 1:colcon.colcon_core.package_identification:_identify(.) by extensions ['ignore', 'ignore_ament_install']
[0.614s] Level 1:colcon.colcon_core.package_identification:_identify(.) by extension 'ignore'
[0.615s] Level 1:colcon.colcon_core.package_identification:_identify(.) by extension 'ignore_ament_install'
[0.615s] Level 1:colcon.colcon_core.package_identification:_identify(.) by extensions ['colcon_pkg']
[0.615s] Level 1:colcon.colcon_core.package_identification:_identify(.) by extension 'colcon_pkg'
[0.615s] Level 1:colcon.colcon_core.package_identification:_identify(.) by extensions ['colcon_meta']
[0.615s] Level 1:colcon.colcon_core.package_identification:_identify(.) by extension 'colcon_meta'
[0.615s] Level 1:colcon.colcon_core.package_identification:_identify(.) by extensions ['ros']
[0.615s] Level 1:colcon.colcon_core.package_identification:_identify(.) by extension 'ros'
[0.661s] DEBUG:colcon.colcon_core.package_identification:Package '.' with type 'ros.ament_cmake' and name 'basic_mobile_robot'
[0.661s] Level 1:colcon.colcon_core.package_discovery:discover_packages(recursive) using defaults
[0.661s] Level 1:colcon.colcon_core.package_discovery:discover_packages(ignore) discover
[0.661s] Level 1:colcon.colcon_core.package_discovery:discover_packages(ignore) using defaults
[0.661s] Level 1:colcon.colcon_core.package_discovery:discover_packages(path) discover
[0.661s] Level 1:colcon.colcon_core.package_discovery:discover_packages(path) using defaults
[0.747s] Level 1:colcon.colcon_core.package_discovery:discover_packages(prefix_path) check parameters
[0.748s] Level 1:colcon.colcon_core.package_discovery:discover_packages(prefix_path) discover
[0.766s] DEBUG:colcon.colcon_installed_package_information.package_discovery:Found 269 installed packages in /opt/ros/foxy
[0.771s] Level 1:colcon.colcon_core.package_discovery:discover_packages(prefix_path) using defaults
[1.079s] Level 5:colcon.colcon_core.verb:set package 'basic_mobile_robot' build argument 'cmake_args' from command line to 'None'
[1.079s] Level 5:colcon.colcon_core.verb:set package 'basic_mobile_robot' build argument 'cmake_target' from command line to 'None'
[1.079s] Level 5:colcon.colcon_core.verb:set package 'basic_mobile_robot' build argument 'cmake_target_skip_unavailable' from command line to 'False'
[1.080s] Level 5:colcon.colcon_core.verb:set package 'basic_mobile_robot' build argument 'cmake_clean_cache' from command line to 'False'
[1.080s] Level 5:colcon.colcon_core.verb:set package 'basic_mobile_robot' build argument 'cmake_clean_first' from command line to 'False'
[1.080s] Level 5:colcon.colcon_core.verb:set package 'basic_mobile_robot' build argument 'cmake_force_configure' from command line to 'False'
[1.080s] Level 5:colcon.colcon_core.verb:set package 'basic_mobile_robot' build argument 'ament_cmake_args' from command line to 'None'
[1.080s] Level 5:colcon.colcon_core.verb:set package 'basic_mobile_robot' build argument 'catkin_cmake_args' from command line to 'None'
[1.080s] Level 5:colcon.colcon_core.verb:set package 'basic_mobile_robot' build argument 'catkin_skip_building_tests' from command line to 'False'
[1.080s] DEBUG:colcon.colcon_core.verb:Building package 'basic_mobile_robot' with the following arguments: {'ament_cmake_args': None, 'build_base': '/home/diego/Workspaces/dev_ws/src/basic_mobile_robot/build/basic_mobile_robot', 'catkin_cmake_args': None, 'catkin_skip_building_tests': False, 'cmake_args': None, 'cmake_clean_cache': False, 'cmake_clean_first': False, 'cmake_force_configure': False, 'cmake_target': None, 'cmake_target_skip_unavailable': False, 'install_base': '/home/diego/Workspaces/dev_ws/src/basic_mobile_robot/install/basic_mobile_robot', 'merge_install': False, 'path': '/home/diego/Workspaces/dev_ws/src/basic_mobile_robot', 'symlink_install': False, 'test_result_base': None}
[1.084s] INFO:colcon.colcon_core.executor:Executing jobs using 'parallel' executor
[1.095s] DEBUG:colcon.colcon_parallel_executor.executor.parallel:run_until_complete
[1.096s] INFO:colcon.colcon_ros.task.ament_cmake.build:Building ROS package in '/home/diego/Workspaces/dev_ws/src/basic_mobile_robot' with build type 'ament_cmake'
[1.097s] INFO:colcon.colcon_cmake.task.cmake.build:Building CMake package in '/home/diego/Workspaces/dev_ws/src/basic_mobile_robot'
[1.130s] INFO:colcon.colcon_core.plugin_system:Skipping extension 'colcon_core.shell.bat': Not used on non-Windows systems
[1.131s] INFO:colcon.colcon_core.shell:Skip shell extension 'powershell' for command environment: Not usable outside of PowerShell
[1.131s] DEBUG:colcon.colcon_core.shell:Skip shell extension 'dsv' for command environment
[1.172s] DEBUG:colcon.colcon_core.event_handler.log_command:Invoking command in '/home/diego/Workspaces/dev_ws/src/basic_mobile_robot/build/basic_mobile_robot': CMAKE_PREFIX_PATH=/opt/ros/foxy /usr/bin/cmake --build /home/diego/Workspaces/dev_ws/src/basic_mobile_robot/build/basic_mobile_robot -- -j2 -l2
[1.398s] DEBUG:colcon.colcon_core.event_handler.log_command:Invoked command in '/home/diego/Workspaces/dev_ws/src/basic_mobile_robot/build/basic_mobile_robot' returned '0': CMAKE_PREFIX_PATH=/opt/ros/foxy /usr/bin/cmake --build /home/diego/Workspaces/dev_ws/src/basic_mobile_robot/build/basic_mobile_robot -- -j2 -l2
[1.479s] DEBUG:colcon.colcon_core.event_handler.log_command:Invoking command in '/home/diego/Workspaces/dev_ws/src/basic_mobile_robot/build/basic_mobile_robot': CMAKE_PREFIX_PATH=/opt/ros/foxy /usr/bin/cmake --install /home/diego/Workspaces/dev_ws/src/basic_mobile_robot/build/basic_mobile_robot
[1.522s] Level 1:colcon.colcon_core.environment:create_environment_scripts_only(basic_mobile_robot)
[1.523s] DEBUG:colcon.colcon_core.event_handler.log_command:Invoked command in '/home/diego/Workspaces/dev_ws/src/basic_mobile_robot/build/basic_mobile_robot' returned '0': CMAKE_PREFIX_PATH=/opt/ros/foxy /usr/bin/cmake --install /home/diego/Workspaces/dev_ws/src/basic_mobile_robot/build/basic_mobile_robot
[1.568s] Level 1:colcon.colcon_core.environment:checking '/home/diego/Workspaces/dev_ws/src/basic_mobile_robot/install/basic_mobile_robot' for CMake module files
[1.569s] Level 1:colcon.colcon_core.environment:checking '/home/diego/Workspaces/dev_ws/src/basic_mobile_robot/install/basic_mobile_robot' for CMake config files
[1.574s] Level 1:colcon.colcon_core.shell:create_environment_hook('basic_mobile_robot', 'cmake_prefix_path')
[1.578s] INFO:colcon.colcon_core.shell:Creating environment hook '/home/diego/Workspaces/dev_ws/src/basic_mobile_robot/install/basic_mobile_robot/share/basic_mobile_robot/hook/cmake_prefix_path.ps1'
[1.581s] INFO:colcon.colcon_core.shell:Creating environment descriptor '/home/diego/Workspaces/dev_ws/src/basic_mobile_robot/install/basic_mobile_robot/share/basic_mobile_robot/hook/cmake_prefix_path.dsv'
[1.584s] INFO:colcon.colcon_core.shell:Creating environment hook '/home/diego/Workspaces/dev_ws/src/basic_mobile_robot/install/basic_mobile_robot/share/basic_mobile_robot/hook/cmake_prefix_path.sh'
[1.588s] Level 1:colcon.colcon_core.environment:checking '/home/diego/Workspaces/dev_ws/src/basic_mobile_robot/install/basic_mobile_robot/bin'
[1.589s] Level 1:colcon.colcon_core.environment:checking '/home/diego/Workspaces/dev_ws/src/basic_mobile_robot/install/basic_mobile_robot/lib/pkgconfig/basic_mobile_robot.pc'
[1.589s] Level 1:colcon.colcon_core.environment:checking '/home/diego/Workspaces/dev_ws/src/basic_mobile_robot/install/basic_mobile_robot/lib/python3.8/site-packages'
[1.590s] Level 1:colcon.colcon_core.environment:checking '/home/diego/Workspaces/dev_ws/src/basic_mobile_robot/install/basic_mobile_robot/bin'
[1.594s] INFO:colcon.colcon_core.shell:Creating package script '/home/diego/Workspaces/dev_ws/src/basic_mobile_robot/install/basic_mobile_robot/share/basic_mobile_robot/package.ps1'
[1.598s] INFO:colcon.colcon_core.shell:Creating package descriptor '/home/diego/Workspaces/dev_ws/src/basic_mobile_robot/install/basic_mobile_robot/share/basic_mobile_robot/package.dsv'
[1.600s] INFO:colcon.colcon_core.shell:Creating package script '/home/diego/Workspaces/dev_ws/src/basic_mobile_robot/install/basic_mobile_robot/share/basic_mobile_robot/package.sh'
[1.604s] INFO:colcon.colcon_core.shell:Creating package script '/home/diego/Workspaces/dev_ws/src/basic_mobile_robot/install/basic_mobile_robot/share/basic_mobile_robot/package.bash'
[1.608s] INFO:colcon.colcon_core.shell:Creating package script '/home/diego/Workspaces/dev_ws/src/basic_mobile_robot/install/basic_mobile_robot/share/basic_mobile_robot/package.zsh'
[1.612s] Level 1:colcon.colcon_core.environment:create_file_with_runtime_dependencies(/home/diego/Workspaces/dev_ws/src/basic_mobile_robot/install/basic_mobile_robot/share/colcon-core/packages/basic_mobile_robot)
[1.669s] Level 1:colcon.colcon_core.environment:create_environment_scripts_only(basic_mobile_robot)
[1.674s] Level 1:colcon.colcon_core.environment:checking '/home/diego/Workspaces/dev_ws/src/basic_mobile_robot/install/basic_mobile_robot' for CMake module files
[1.676s] Level 1:colcon.colcon_core.environment:checking '/home/diego/Workspaces/dev_ws/src/basic_mobile_robot/install/basic_mobile_robot' for CMake config files
[1.676s] Level 1:colcon.colcon_core.shell:create_environment_hook('basic_mobile_robot', 'cmake_prefix_path')
[1.681s] INFO:colcon.colcon_core.shell:Creating environment hook '/home/diego/Workspaces/dev_ws/src/basic_mobile_robot/install/basic_mobile_robot/share/basic_mobile_robot/hook/cmake_prefix_path.ps1'
[1.682s] INFO:colcon.colcon_core.shell:Creating environment descriptor '/home/diego/Workspaces/dev_ws/src/basic_mobile_robot/install/basic_mobile_robot/share/basic_mobile_robot/hook/cmake_prefix_path.dsv'
[1.683s] INFO:colcon.colcon_core.shell:Creating environment hook '/home/diego/Workspaces/dev_ws/src/basic_mobile_robot/install/basic_mobile_robot/share/basic_mobile_robot/hook/cmake_prefix_path.sh'
[1.685s] Level 1:colcon.colcon_core.environment:checking '/home/diego/Workspaces/dev_ws/src/basic_mobile_robot/install/basic_mobile_robot/bin'
[1.685s] Level 1:colcon.colcon_core.environment:checking '/home/diego/Workspaces/dev_ws/src/basic_mobile_robot/install/basic_mobile_robot/lib/pkgconfig/basic_mobile_robot.pc'
[1.686s] Level 1:colcon.colcon_core.environment:checking '/home/diego/Workspaces/dev_ws/src/basic_mobile_robot/install/basic_mobile_robot/lib/python3.8/site-packages'
[1.686s] Level 1:colcon.colcon_core.environment:checking '/home/diego/Workspaces/dev_ws/src/basic_mobile_robot/install/basic_mobile_robot/bin'
[1.690s] INFO:colcon.colcon_core.shell:Creating package script '/home/diego/Workspaces/dev_ws/src/basic_mobile_robot/install/basic_mobile_robot/share/basic_mobile_robot/package.ps1'
[1.691s] INFO:colcon.colcon_core.shell:Creating package descriptor '/home/diego/Workspaces/dev_ws/src/basic_mobile_robot/install/basic_mobile_robot/share/basic_mobile_robot/package.dsv'
[1.693s] INFO:colcon.colcon_core.shell:Creating package script '/home/diego/Workspaces/dev_ws/src/basic_mobile_robot/install/basic_mobile_robot/share/basic_mobile_robot/package.sh'
[1.695s] INFO:colcon.colcon_core.shell:Creating package script '/home/diego/Workspaces/dev_ws/src/basic_mobile_robot/install/basic_mobile_robot/share/basic_mobile_robot/package.bash'
[1.697s] INFO:colcon.colcon_core.shell:Creating package script '/home/diego/Workspaces/dev_ws/src/basic_mobile_robot/install/basic_mobile_robot/share/basic_mobile_robot/package.zsh'
[1.699s] Level 1:colcon.colcon_core.environment:create_file_with_runtime_dependencies(/home/diego/Workspaces/dev_ws/src/basic_mobile_robot/install/basic_mobile_robot/share/colcon-core/packages/basic_mobile_robot)
[1.701s] DEBUG:colcon.colcon_parallel_executor.executor.parallel:closing loop
[1.702s] DEBUG:colcon.colcon_parallel_executor.executor.parallel:loop closed
[1.702s] DEBUG:colcon.colcon_parallel_executor.executor.parallel:run_until_complete finished with '0'
[1.703s] DEBUG:colcon.colcon_core.event_reactor:joining thread
[1.739s] INFO:colcon.colcon_core.plugin_system:Skipping extension 'colcon_notification.desktop_notification.terminal_notifier': Not used on non-Darwin systems
[1.740s] INFO:colcon.colcon_core.plugin_system:Skipping extension 'colcon_notification.desktop_notification.win32': Not used on non-Windows systems
[1.740s] INFO:colcon.colcon_notification.desktop_notification:Sending desktop notification using 'notify2'
[1.853s] DEBUG:colcon.colcon_core.event_reactor:joined thread
[1.860s] INFO:colcon.colcon_core.shell:Creating prefix script '/home/diego/Workspaces/dev_ws/src/basic_mobile_robot/install/local_setup.ps1'
[1.865s] INFO:colcon.colcon_core.shell:Creating prefix util module '/home/diego/Workspaces/dev_ws/src/basic_mobile_robot/install/_local_setup_util_ps1.py'
[1.869s] INFO:colcon.colcon_core.shell:Creating prefix chain script '/home/diego/Workspaces/dev_ws/src/basic_mobile_robot/install/setup.ps1'
[1.875s] INFO:colcon.colcon_core.shell:Creating prefix script '/home/diego/Workspaces/dev_ws/src/basic_mobile_robot/install/local_setup.sh'
[1.879s] INFO:colcon.colcon_core.shell:Creating prefix util module '/home/diego/Workspaces/dev_ws/src/basic_mobile_robot/install/_local_setup_util_sh.py'
[1.881s] INFO:colcon.colcon_core.shell:Creating prefix chain script '/home/diego/Workspaces/dev_ws/src/basic_mobile_robot/install/setup.sh'
[1.894s] INFO:colcon.colcon_core.shell:Creating prefix script '/home/diego/Workspaces/dev_ws/src/basic_mobile_robot/install/local_setup.bash'
[1.897s] INFO:colcon.colcon_core.shell:Creating prefix chain script '/home/diego/Workspaces/dev_ws/src/basic_mobile_robot/install/setup.bash'
[1.905s] INFO:colcon.colcon_core.shell:Creating prefix script '/home/diego/Workspaces/dev_ws/src/basic_mobile_robot/install/local_setup.zsh'
[1.908s] INFO:colcon.colcon_core.shell:Creating prefix chain script '/home/diego/Workspaces/dev_ws/src/basic_mobile_robot/install/setup.zsh'
