[2.383s] Invoking command in '/home/diego/Workspaces/dev_ws/src/controllers': PYTHONPATH=/home/diego/Workspaces/dev_ws/install/controllers/lib/python3.8/site-packages:${PYTHONPATH} /usr/bin/python3 setup.py egg_info --egg-base ../../build/controllers build --build-base /home/diego/Workspaces/dev_ws/build/controllers/build install --prefix /home/diego/Workspaces/dev_ws/install/controllers --record /home/diego/Workspaces/dev_ws/build/controllers/install.log --single-version-externally-managed
[2.951s] running egg_info
[2.954s] writing ../../build/controllers/controllers.egg-info/PKG-INFO
[2.956s] writing dependency_links to ../../build/controllers/controllers.egg-info/dependency_links.txt
[2.957s] writing entry points to ../../build/controllers/controllers.egg-info/entry_points.txt
[2.959s] writing requirements to ../../build/controllers/controllers.egg-info/requires.txt
[2.960s] writing top-level names to ../../build/controllers/controllers.egg-info/top_level.txt
[3.049s] reading manifest file '../../build/controllers/controllers.egg-info/SOURCES.txt'
[3.052s] writing manifest file '../../build/controllers/controllers.egg-info/SOURCES.txt'
[3.054s] running build
[3.055s] running build_py
[3.056s] running install
[3.059s] running install_lib
[3.063s] running install_data
[3.065s] running install_egg_info
[3.069s] removing '/home/diego/Workspaces/dev_ws/install/controllers/lib/python3.8/site-packages/controllers-0.0.0-py3.8.egg-info' (and everything under it)
[3.070s] Copying ../../build/controllers/controllers.egg-info to /home/diego/Workspaces/dev_ws/install/controllers/lib/python3.8/site-packages/controllers-0.0.0-py3.8.egg-info
[3.075s] running install_scripts
[3.126s] Installing simple_controller script to /home/diego/Workspaces/dev_ws/install/controllers/lib/controllers
[3.128s] writing list of installed files to '/home/diego/Workspaces/dev_ws/build/controllers/install.log'
[3.203s] Invoked command in '/home/diego/Workspaces/dev_ws/src/controllers' returned '0': PYTHONPATH=/home/diego/Workspaces/dev_ws/install/controllers/lib/python3.8/site-packages:${PYTHONPATH} /usr/bin/python3 setup.py egg_info --egg-base ../../build/controllers build --build-base /home/diego/Workspaces/dev_ws/build/controllers/build install --prefix /home/diego/Workspaces/dev_ws/install/controllers --record /home/diego/Workspaces/dev_ws/build/controllers/install.log --single-version-externally-managed
