[2.844s] Invoking command in '/home/diego/Workspaces/dev_ws/src/controllers': PYTHONPATH=/home/diego/Workspaces/dev_ws/install/controllers/lib/python3.8/site-packages:${PYTHONPATH} /usr/bin/python3 setup.py egg_info --egg-base ../../build/controllers build --build-base /home/diego/Workspaces/dev_ws/build/controllers/build install --prefix /home/diego/Workspaces/dev_ws/install/controllers --record /home/diego/Workspaces/dev_ws/build/controllers/install.log --single-version-externally-managed
[3.581s] running egg_info
[3.584s] writing ../../build/controllers/controllers.egg-info/PKG-INFO
[3.586s] writing dependency_links to ../../build/controllers/controllers.egg-info/dependency_links.txt
[3.587s] writing entry points to ../../build/controllers/controllers.egg-info/entry_points.txt
[3.588s] writing requirements to ../../build/controllers/controllers.egg-info/requires.txt
[3.590s] writing top-level names to ../../build/controllers/controllers.egg-info/top_level.txt
[3.685s] reading manifest file '../../build/controllers/controllers.egg-info/SOURCES.txt'
[3.688s] writing manifest file '../../build/controllers/controllers.egg-info/SOURCES.txt'
[3.689s] running build
[3.690s] running build_py
[3.692s] running install
[3.695s] running install_lib
[3.699s] running install_data
[3.702s] running install_egg_info
[3.707s] removing '/home/diego/Workspaces/dev_ws/install/controllers/lib/python3.8/site-packages/controllers-0.0.0-py3.8.egg-info' (and everything under it)
[3.709s] Copying ../../build/controllers/controllers.egg-info to /home/diego/Workspaces/dev_ws/install/controllers/lib/python3.8/site-packages/controllers-0.0.0-py3.8.egg-info
[3.711s] running install_scripts
[3.764s] Installing simple_controller script to /home/diego/Workspaces/dev_ws/install/controllers/lib/controllers
[3.766s] writing list of installed files to '/home/diego/Workspaces/dev_ws/build/controllers/install.log'
[3.848s] Invoked command in '/home/diego/Workspaces/dev_ws/src/controllers' returned '0': PYTHONPATH=/home/diego/Workspaces/dev_ws/install/controllers/lib/python3.8/site-packages:${PYTHONPATH} /usr/bin/python3 setup.py egg_info --egg-base ../../build/controllers build --build-base /home/diego/Workspaces/dev_ws/build/controllers/build install --prefix /home/diego/Workspaces/dev_ws/install/controllers --record /home/diego/Workspaces/dev_ws/build/controllers/install.log --single-version-externally-managed
