[2.769s] Invoking command in '/home/diego/Workspaces/dev_ws/src/controllers': PYTHONPATH=/home/diego/Workspaces/dev_ws/install/controllers/lib/python3.8/site-packages:${PYTHONPATH} /usr/bin/python3 setup.py egg_info --egg-base ../../build/controllers build --build-base /home/diego/Workspaces/dev_ws/build/controllers/build install --prefix /home/diego/Workspaces/dev_ws/install/controllers --record /home/diego/Workspaces/dev_ws/build/controllers/install.log --single-version-externally-managed
[3.574s] running egg_info
[3.576s] creating ../../build/controllers/controllers.egg-info
[3.576s] writing ../../build/controllers/controllers.egg-info/PKG-INFO
[3.577s] writing dependency_links to ../../build/controllers/controllers.egg-info/dependency_links.txt
[3.577s] writing entry points to ../../build/controllers/controllers.egg-info/entry_points.txt
[3.577s] writing requirements to ../../build/controllers/controllers.egg-info/requires.txt
[3.578s] writing top-level names to ../../build/controllers/controllers.egg-info/top_level.txt
[3.588s] writing manifest file '../../build/controllers/controllers.egg-info/SOURCES.txt'
[3.699s] reading manifest file '../../build/controllers/controllers.egg-info/SOURCES.txt'
[3.701s] writing manifest file '../../build/controllers/controllers.egg-info/SOURCES.txt'
[3.702s] running build
[3.703s] running build_py
[3.704s] creating /home/diego/Workspaces/dev_ws/build/controllers/build
[3.705s] creating /home/diego/Workspaces/dev_ws/build/controllers/build/lib
[3.706s] creating /home/diego/Workspaces/dev_ws/build/controllers/build/lib/controllers
[3.712s] copying controllers/simple_controller.py -> /home/diego/Workspaces/dev_ws/build/controllers/build/lib/controllers
[3.713s] copying controllers/__init__.py -> /home/diego/Workspaces/dev_ws/build/controllers/build/lib/controllers
[3.715s] running install
[3.719s] running install_lib
[3.724s] creating /home/diego/Workspaces/dev_ws/install/controllers/lib/python3.8/site-packages/controllers
[3.726s] copying /home/diego/Workspaces/dev_ws/build/controllers/build/lib/controllers/simple_controller.py -> /home/diego/Workspaces/dev_ws/install/controllers/lib/python3.8/site-packages/controllers
[3.728s] copying /home/diego/Workspaces/dev_ws/build/controllers/build/lib/controllers/__init__.py -> /home/diego/Workspaces/dev_ws/install/controllers/lib/python3.8/site-packages/controllers
[3.730s] byte-compiling /home/diego/Workspaces/dev_ws/install/controllers/lib/python3.8/site-packages/controllers/simple_controller.py to simple_controller.cpython-38.pyc
[3.738s] byte-compiling /home/diego/Workspaces/dev_ws/install/controllers/lib/python3.8/site-packages/controllers/__init__.py to __init__.cpython-38.pyc
[3.741s] running install_data
[3.744s] creating /home/diego/Workspaces/dev_ws/install/controllers/share/ament_index
[3.745s] creating /home/diego/Workspaces/dev_ws/install/controllers/share/ament_index/resource_index
[3.746s] creating /home/diego/Workspaces/dev_ws/install/controllers/share/ament_index/resource_index/packages
[3.748s] copying resource/controllers -> /home/diego/Workspaces/dev_ws/install/controllers/share/ament_index/resource_index/packages
[3.749s] copying package.xml -> /home/diego/Workspaces/dev_ws/install/controllers/share/controllers
[3.750s] running install_egg_info
[3.758s] Copying ../../build/controllers/controllers.egg-info to /home/diego/Workspaces/dev_ws/install/controllers/lib/python3.8/site-packages/controllers-0.0.0-py3.8.egg-info
[3.763s] running install_scripts
[3.821s] Installing simple_controller script to /home/diego/Workspaces/dev_ws/install/controllers/lib/controllers
[3.822s] writing list of installed files to '/home/diego/Workspaces/dev_ws/build/controllers/install.log'
[3.901s] Invoked command in '/home/diego/Workspaces/dev_ws/src/controllers' returned '0': PYTHONPATH=/home/diego/Workspaces/dev_ws/install/controllers/lib/python3.8/site-packages:${PYTHONPATH} /usr/bin/python3 setup.py egg_info --egg-base ../../build/controllers build --build-base /home/diego/Workspaces/dev_ws/build/controllers/build install --prefix /home/diego/Workspaces/dev_ws/install/controllers --record /home/diego/Workspaces/dev_ws/build/controllers/install.log --single-version-externally-managed
