[4.003s] Invoking command in '/home/diego/Workspaces/dev_ws/src/controllers': PYTHONPATH=/home/diego/Workspaces/dev_ws/install/controllers/lib/python3.8/site-packages:${PYTHONPATH} /usr/bin/python3 setup.py egg_info --egg-base ../../build/controllers build --build-base /home/diego/Workspaces/dev_ws/build/controllers/build install --prefix /home/diego/Workspaces/dev_ws/install/controllers --record /home/diego/Workspaces/dev_ws/build/controllers/install.log --single-version-externally-managed
[4.980s] running egg_info
[4.981s] writing ../../build/controllers/controllers.egg-info/PKG-INFO
[4.983s] writing dependency_links to ../../build/controllers/controllers.egg-info/dependency_links.txt
[4.985s] writing entry points to ../../build/controllers/controllers.egg-info/entry_points.txt
[4.987s] writing requirements to ../../build/controllers/controllers.egg-info/requires.txt
[4.988s] writing top-level names to ../../build/controllers/controllers.egg-info/top_level.txt
[5.104s] reading manifest file '../../build/controllers/controllers.egg-info/SOURCES.txt'
[5.111s] writing manifest file '../../build/controllers/controllers.egg-info/SOURCES.txt'
[5.111s] running build
[5.111s] running build_py
[5.111s] running install
[5.115s] running install_lib
[5.122s] running install_data
[5.124s] running install_egg_info
[5.131s] removing '/home/diego/Workspaces/dev_ws/install/controllers/lib/python3.8/site-packages/controllers-0.0.0-py3.8.egg-info' (and everything under it)
[5.132s] Copying ../../build/controllers/controllers.egg-info to /home/diego/Workspaces/dev_ws/install/controllers/lib/python3.8/site-packages/controllers-0.0.0-py3.8.egg-info
[5.138s] running install_scripts
[5.196s] Installing simple_controller script to /home/diego/Workspaces/dev_ws/install/controllers/lib/controllers
[5.199s] writing list of installed files to '/home/diego/Workspaces/dev_ws/build/controllers/install.log'
[5.303s] Invoked command in '/home/diego/Workspaces/dev_ws/src/controllers' returned '0': PYTHONPATH=/home/diego/Workspaces/dev_ws/install/controllers/lib/python3.8/site-packages:${PYTHONPATH} /usr/bin/python3 setup.py egg_info --egg-base ../../build/controllers build --build-base /home/diego/Workspaces/dev_ws/build/controllers/build install --prefix /home/diego/Workspaces/dev_ws/install/controllers --record /home/diego/Workspaces/dev_ws/build/controllers/install.log --single-version-externally-managed
