[2.368s] Invoking command in '/home/diego/Workspaces/dev_ws/src/controllers': PYTHONPATH=/home/diego/Workspaces/dev_ws/install/controllers/lib/python3.8/site-packages:${PYTHONPATH} /usr/bin/python3 setup.py egg_info --egg-base ../../build/controllers build --build-base /home/diego/Workspaces/dev_ws/build/controllers/build install --prefix /home/diego/Workspaces/dev_ws/install/controllers --record /home/diego/Workspaces/dev_ws/build/controllers/install.log --single-version-externally-managed
[2.957s] running egg_info
[2.959s] writing ../../build/controllers/controllers.egg-info/PKG-INFO
[2.961s] writing dependency_links to ../../build/controllers/controllers.egg-info/dependency_links.txt
[2.962s] writing entry points to ../../build/controllers/controllers.egg-info/entry_points.txt
[2.963s] writing requirements to ../../build/controllers/controllers.egg-info/requires.txt
[2.964s] writing top-level names to ../../build/controllers/controllers.egg-info/top_level.txt
[3.053s] reading manifest file '../../build/controllers/controllers.egg-info/SOURCES.txt'
[3.055s] writing manifest file '../../build/controllers/controllers.egg-info/SOURCES.txt'
[3.057s] running build
[3.057s] running build_py
[3.059s] running install
[3.061s] running install_lib
[3.066s] running install_data
[3.068s] running install_egg_info
[3.073s] removing '/home/diego/Workspaces/dev_ws/install/controllers/lib/python3.8/site-packages/controllers-0.0.0-py3.8.egg-info' (and everything under it)
[3.075s] Copying ../../build/controllers/controllers.egg-info to /home/diego/Workspaces/dev_ws/install/controllers/lib/python3.8/site-packages/controllers-0.0.0-py3.8.egg-info
[3.078s] running install_scripts
[3.125s] Installing simple_controller script to /home/diego/Workspaces/dev_ws/install/controllers/lib/controllers
[3.127s] writing list of installed files to '/home/diego/Workspaces/dev_ws/build/controllers/install.log'
[3.202s] Invoked command in '/home/diego/Workspaces/dev_ws/src/controllers' returned '0': PYTHONPATH=/home/diego/Workspaces/dev_ws/install/controllers/lib/python3.8/site-packages:${PYTHONPATH} /usr/bin/python3 setup.py egg_info --egg-base ../../build/controllers build --build-base /home/diego/Workspaces/dev_ws/build/controllers/build install --prefix /home/diego/Workspaces/dev_ws/install/controllers --record /home/diego/Workspaces/dev_ws/build/controllers/install.log --single-version-externally-managed
