[1.823s] Invoking command in '/home/diego/Workspaces/dev_ws/src/controllers': PYTHONPATH=/home/diego/Workspaces/dev_ws/install/controllers/lib/python3.8/site-packages:${PYTHONPATH} /usr/bin/python3 setup.py egg_info --egg-base ../../build/controllers build --build-base /home/diego/Workspaces/dev_ws/build/controllers/build install --prefix /home/diego/Workspaces/dev_ws/install/controllers --record /home/diego/Workspaces/dev_ws/build/controllers/install.log --single-version-externally-managed
[2.344s] running egg_info
[2.346s] writing ../../build/controllers/controllers.egg-info/PKG-INFO
[2.349s] writing dependency_links to ../../build/controllers/controllers.egg-info/dependency_links.txt
[2.349s] writing entry points to ../../build/controllers/controllers.egg-info/entry_points.txt
[2.350s] writing requirements to ../../build/controllers/controllers.egg-info/requires.txt
[2.350s] writing top-level names to ../../build/controllers/controllers.egg-info/top_level.txt
[2.430s] reading manifest file '../../build/controllers/controllers.egg-info/SOURCES.txt'
[2.433s] writing manifest file '../../build/controllers/controllers.egg-info/SOURCES.txt'
[2.433s] running build
[2.434s] running build_py
[2.434s] running install
[2.435s] running install_lib
[2.439s] running install_data
[2.440s] running install_egg_info
[2.457s] removing '/home/diego/Workspaces/dev_ws/install/controllers/lib/python3.8/site-packages/controllers-0.0.0-py3.8.egg-info' (and everything under it)
[2.457s] Copying ../../build/controllers/controllers.egg-info to /home/diego/Workspaces/dev_ws/install/controllers/lib/python3.8/site-packages/controllers-0.0.0-py3.8.egg-info
[2.457s] running install_scripts
[2.488s] Installing simple_controller script to /home/diego/Workspaces/dev_ws/install/controllers/lib/controllers
[2.488s] writing list of installed files to '/home/diego/Workspaces/dev_ws/build/controllers/install.log'
[2.556s] Invoked command in '/home/diego/Workspaces/dev_ws/src/controllers' returned '0': PYTHONPATH=/home/diego/Workspaces/dev_ws/install/controllers/lib/python3.8/site-packages:${PYTHONPATH} /usr/bin/python3 setup.py egg_info --egg-base ../../build/controllers build --build-base /home/diego/Workspaces/dev_ws/build/controllers/build install --prefix /home/diego/Workspaces/dev_ws/install/controllers --record /home/diego/Workspaces/dev_ws/build/controllers/install.log --single-version-externally-managed
