[3.018s] Invoking command in '/home/diego/Workspaces/dev_ws/src/controllers': PYTHONPATH=/home/diego/Workspaces/dev_ws/install/controllers/lib/python3.8/site-packages:${PYTHONPATH} /usr/bin/python3 setup.py egg_info --egg-base ../../build/controllers build --build-base /home/diego/Workspaces/dev_ws/build/controllers/build install --prefix /home/diego/Workspaces/dev_ws/install/controllers --record /home/diego/Workspaces/dev_ws/build/controllers/install.log --single-version-externally-managed
[3.874s] running egg_info
[3.877s] writing ../../build/controllers/controllers.egg-info/PKG-INFO
[3.879s] writing dependency_links to ../../build/controllers/controllers.egg-info/dependency_links.txt
[3.882s] writing entry points to ../../build/controllers/controllers.egg-info/entry_points.txt
[3.883s] writing requirements to ../../build/controllers/controllers.egg-info/requires.txt
[3.885s] writing top-level names to ../../build/controllers/controllers.egg-info/top_level.txt
[4.033s] reading manifest file '../../build/controllers/controllers.egg-info/SOURCES.txt'
[4.038s] writing manifest file '../../build/controllers/controllers.egg-info/SOURCES.txt'
[4.041s] running build
[4.042s] running build_py
[4.046s] running install
[4.051s] running install_lib
[4.061s] running install_data
[4.065s] running install_egg_info
[4.076s] removing '/home/diego/Workspaces/dev_ws/install/controllers/lib/python3.8/site-packages/controllers-0.0.0-py3.8.egg-info' (and everything under it)
[4.079s] Copying ../../build/controllers/controllers.egg-info to /home/diego/Workspaces/dev_ws/install/controllers/lib/python3.8/site-packages/controllers-0.0.0-py3.8.egg-info
[4.088s] running install_scripts
[4.154s] Installing simple_controller script to /home/diego/Workspaces/dev_ws/install/controllers/lib/controllers
[4.157s] writing list of installed files to '/home/diego/Workspaces/dev_ws/build/controllers/install.log'
[4.250s] Invoked command in '/home/diego/Workspaces/dev_ws/src/controllers' returned '0': PYTHONPATH=/home/diego/Workspaces/dev_ws/install/controllers/lib/python3.8/site-packages:${PYTHONPATH} /usr/bin/python3 setup.py egg_info --egg-base ../../build/controllers build --build-base /home/diego/Workspaces/dev_ws/build/controllers/build install --prefix /home/diego/Workspaces/dev_ws/install/controllers --record /home/diego/Workspaces/dev_ws/build/controllers/install.log --single-version-externally-managed
