[2.571s] Invoking command in '/home/diego/Workspaces/dev_ws/src/controllers': PYTHONPATH=/home/diego/Workspaces/dev_ws/install/controllers/lib/python3.8/site-packages:${PYTHONPATH} /usr/bin/python3 setup.py egg_info --egg-base ../../build/controllers build --build-base /home/diego/Workspaces/dev_ws/build/controllers/build install --prefix /home/diego/Workspaces/dev_ws/install/controllers --record /home/diego/Workspaces/dev_ws/build/controllers/install.log --single-version-externally-managed
[3.162s] running egg_info
[3.164s] writing ../../build/controllers/controllers.egg-info/PKG-INFO
[3.167s] writing dependency_links to ../../build/controllers/controllers.egg-info/dependency_links.txt
[3.167s] writing entry points to ../../build/controllers/controllers.egg-info/entry_points.txt
[3.168s] writing requirements to ../../build/controllers/controllers.egg-info/requires.txt
[3.170s] writing top-level names to ../../build/controllers/controllers.egg-info/top_level.txt
[3.276s] reading manifest file '../../build/controllers/controllers.egg-info/SOURCES.txt'
[3.278s] writing manifest file '../../build/controllers/controllers.egg-info/SOURCES.txt'
[3.279s] running build
[3.280s] running build_py
[3.280s] copying controllers/simple_controller.py -> /home/diego/Workspaces/dev_ws/build/controllers/build/lib/controllers
[3.281s] running install
[3.283s] running install_lib
[3.285s] copying /home/diego/Workspaces/dev_ws/build/controllers/build/lib/controllers/simple_controller.py -> /home/diego/Workspaces/dev_ws/install/controllers/lib/python3.8/site-packages/controllers
[3.288s] byte-compiling /home/diego/Workspaces/dev_ws/install/controllers/lib/python3.8/site-packages/controllers/simple_controller.py to simple_controller.cpython-38.pyc
[3.293s] running install_data
[3.295s] running install_egg_info
[3.298s] removing '/home/diego/Workspaces/dev_ws/install/controllers/lib/python3.8/site-packages/controllers-0.0.0-py3.8.egg-info' (and everything under it)
[3.300s] Copying ../../build/controllers/controllers.egg-info to /home/diego/Workspaces/dev_ws/install/controllers/lib/python3.8/site-packages/controllers-0.0.0-py3.8.egg-info
[3.302s] running install_scripts
[3.356s] Installing simple_controller script to /home/diego/Workspaces/dev_ws/install/controllers/lib/controllers
[3.358s] writing list of installed files to '/home/diego/Workspaces/dev_ws/build/controllers/install.log'
[3.448s] Invoked command in '/home/diego/Workspaces/dev_ws/src/controllers' returned '0': PYTHONPATH=/home/diego/Workspaces/dev_ws/install/controllers/lib/python3.8/site-packages:${PYTHONPATH} /usr/bin/python3 setup.py egg_info --egg-base ../../build/controllers build --build-base /home/diego/Workspaces/dev_ws/build/controllers/build install --prefix /home/diego/Workspaces/dev_ws/install/controllers --record /home/diego/Workspaces/dev_ws/build/controllers/install.log --single-version-externally-managed
