[2.351s] Invoking command in '/home/diego/Workspaces/dev_ws/src/controllers': PYTHONPATH=/home/diego/Workspaces/dev_ws/install/controllers/lib/python3.8/site-packages:${PYTHONPATH} /usr/bin/python3 setup.py egg_info --egg-base ../../build/controllers build --build-base /home/diego/Workspaces/dev_ws/build/controllers/build install --prefix /home/diego/Workspaces/dev_ws/install/controllers --record /home/diego/Workspaces/dev_ws/build/controllers/install.log --single-version-externally-managed
[2.877s] running egg_info
[2.880s] writing ../../build/controllers/controllers.egg-info/PKG-INFO
[2.881s] writing dependency_links to ../../build/controllers/controllers.egg-info/dependency_links.txt
[2.882s] writing entry points to ../../build/controllers/controllers.egg-info/entry_points.txt
[2.883s] writing requirements to ../../build/controllers/controllers.egg-info/requires.txt
[2.885s] writing top-level names to ../../build/controllers/controllers.egg-info/top_level.txt
[3.001s] reading manifest file '../../build/controllers/controllers.egg-info/SOURCES.txt'
[3.003s] writing manifest file '../../build/controllers/controllers.egg-info/SOURCES.txt'
[3.005s] running build
[3.005s] running build_py
[3.006s] copying controllers/simple_controller.py -> /home/diego/Workspaces/dev_ws/build/controllers/build/lib/controllers
[3.008s] running install
[3.010s] running install_lib
[3.014s] copying /home/diego/Workspaces/dev_ws/build/controllers/build/lib/controllers/simple_controller.py -> /home/diego/Workspaces/dev_ws/install/controllers/lib/python3.8/site-packages/controllers
[3.016s] byte-compiling /home/diego/Workspaces/dev_ws/install/controllers/lib/python3.8/site-packages/controllers/simple_controller.py to simple_controller.cpython-38.pyc
[3.020s] running install_data
[3.022s] running install_egg_info
[3.026s] removing '/home/diego/Workspaces/dev_ws/install/controllers/lib/python3.8/site-packages/controllers-0.0.0-py3.8.egg-info' (and everything under it)
[3.028s] Copying ../../build/controllers/controllers.egg-info to /home/diego/Workspaces/dev_ws/install/controllers/lib/python3.8/site-packages/controllers-0.0.0-py3.8.egg-info
[3.030s] running install_scripts
[3.073s] Installing simple_controller script to /home/diego/Workspaces/dev_ws/install/controllers/lib/controllers
[3.076s] writing list of installed files to '/home/diego/Workspaces/dev_ws/build/controllers/install.log'
[3.147s] Invoked command in '/home/diego/Workspaces/dev_ws/src/controllers' returned '0': PYTHONPATH=/home/diego/Workspaces/dev_ws/install/controllers/lib/python3.8/site-packages:${PYTHONPATH} /usr/bin/python3 setup.py egg_info --egg-base ../../build/controllers build --build-base /home/diego/Workspaces/dev_ws/build/controllers/build install --prefix /home/diego/Workspaces/dev_ws/install/controllers --record /home/diego/Workspaces/dev_ws/build/controllers/install.log --single-version-externally-managed
