[6.336s] Invoking command in '/home/diego/Workspaces/dev_ws/src/controllers': PYTHONPATH=/home/diego/Workspaces/dev_ws/install/controllers/lib/python3.8/site-packages:${PYTHONPATH} /usr/bin/python3 setup.py egg_info --egg-base ../../build/controllers build --build-base /home/diego/Workspaces/dev_ws/build/controllers/build install --prefix /home/diego/Workspaces/dev_ws/install/controllers --record /home/diego/Workspaces/dev_ws/build/controllers/install.log --single-version-externally-managed
[8.101s] running egg_info
[8.108s] writing ../../build/controllers/controllers.egg-info/PKG-INFO
[8.109s] writing dependency_links to ../../build/controllers/controllers.egg-info/dependency_links.txt
[8.111s] writing entry points to ../../build/controllers/controllers.egg-info/entry_points.txt
[8.112s] writing requirements to ../../build/controllers/controllers.egg-info/requires.txt
[8.121s] writing top-level names to ../../build/controllers/controllers.egg-info/top_level.txt
[8.298s] reading manifest file '../../build/controllers/controllers.egg-info/SOURCES.txt'
[8.302s] writing manifest file '../../build/controllers/controllers.egg-info/SOURCES.txt'
[8.303s] running build
[8.304s] running build_py
[8.317s] running install
[8.323s] running install_lib
[8.328s] running install_data
[8.340s] running install_egg_info
[8.353s] removing '/home/diego/Workspaces/dev_ws/install/controllers/lib/python3.8/site-packages/controllers-0.0.0-py3.8.egg-info' (and everything under it)
[8.357s] Copying ../../build/controllers/controllers.egg-info to /home/diego/Workspaces/dev_ws/install/controllers/lib/python3.8/site-packages/controllers-0.0.0-py3.8.egg-info
[8.362s] running install_scripts
[8.497s] Installing simple_controller script to /home/diego/Workspaces/dev_ws/install/controllers/lib/controllers
[8.501s] writing list of installed files to '/home/diego/Workspaces/dev_ws/build/controllers/install.log'
[8.701s] Invoked command in '/home/diego/Workspaces/dev_ws/src/controllers' returned '0': PYTHONPATH=/home/diego/Workspaces/dev_ws/install/controllers/lib/python3.8/site-packages:${PYTHONPATH} /usr/bin/python3 setup.py egg_info --egg-base ../../build/controllers build --build-base /home/diego/Workspaces/dev_ws/build/controllers/build install --prefix /home/diego/Workspaces/dev_ws/install/controllers --record /home/diego/Workspaces/dev_ws/build/controllers/install.log --single-version-externally-managed
