[2.353s] Invoking command in '/home/diego/Workspaces/dev_ws/src/controllers': PYTHONPATH=/home/diego/Workspaces/dev_ws/install/controllers/lib/python3.8/site-packages:${PYTHONPATH} /usr/bin/python3 setup.py egg_info --egg-base ../../build/controllers build --build-base /home/diego/Workspaces/dev_ws/build/controllers/build install --prefix /home/diego/Workspaces/dev_ws/install/controllers --record /home/diego/Workspaces/dev_ws/build/controllers/install.log --single-version-externally-managed
[2.900s] running egg_info
[2.902s] writing ../../build/controllers/controllers.egg-info/PKG-INFO
[2.904s] writing dependency_links to ../../build/controllers/controllers.egg-info/dependency_links.txt
[2.905s] writing entry points to ../../build/controllers/controllers.egg-info/entry_points.txt
[2.906s] writing requirements to ../../build/controllers/controllers.egg-info/requires.txt
[2.907s] writing top-level names to ../../build/controllers/controllers.egg-info/top_level.txt
[2.990s] reading manifest file '../../build/controllers/controllers.egg-info/SOURCES.txt'
[2.992s] writing manifest file '../../build/controllers/controllers.egg-info/SOURCES.txt'
[2.993s] running build
[2.993s] running build_py
[2.994s] running install
[2.997s] running install_lib
[3.001s] running install_data
[3.004s] running install_egg_info
[3.008s] removing '/home/diego/Workspaces/dev_ws/install/controllers/lib/python3.8/site-packages/controllers-0.0.0-py3.8.egg-info' (and everything under it)
[3.009s] Copying ../../build/controllers/controllers.egg-info to /home/diego/Workspaces/dev_ws/install/controllers/lib/python3.8/site-packages/controllers-0.0.0-py3.8.egg-info
[3.012s] running install_scripts
[3.053s] Installing simple_controller script to /home/diego/Workspaces/dev_ws/install/controllers/lib/controllers
[3.055s] writing list of installed files to '/home/diego/Workspaces/dev_ws/build/controllers/install.log'
[3.126s] Invoked command in '/home/diego/Workspaces/dev_ws/src/controllers' returned '0': PYTHONPATH=/home/diego/Workspaces/dev_ws/install/controllers/lib/python3.8/site-packages:${PYTHONPATH} /usr/bin/python3 setup.py egg_info --egg-base ../../build/controllers build --build-base /home/diego/Workspaces/dev_ws/build/controllers/build install --prefix /home/diego/Workspaces/dev_ws/install/controllers --record /home/diego/Workspaces/dev_ws/build/controllers/install.log --single-version-externally-managed
