[2.787s] Invoking command in '/home/diego/Workspaces/dev_ws/src/controllers': PYTHONPATH=/home/diego/Workspaces/dev_ws/src/install/controllers/lib/python3.8/site-packages:${PYTHONPATH} /usr/bin/python3 setup.py egg_info --egg-base ../build/controllers build --build-base /home/diego/Workspaces/dev_ws/src/build/controllers/build install --prefix /home/diego/Workspaces/dev_ws/src/install/controllers --record /home/diego/Workspaces/dev_ws/src/build/controllers/install.log --single-version-externally-managed
[3.489s] running egg_info
[3.491s] writing ../build/controllers/controllers.egg-info/PKG-INFO
[3.492s] writing dependency_links to ../build/controllers/controllers.egg-info/dependency_links.txt
[3.494s] writing entry points to ../build/controllers/controllers.egg-info/entry_points.txt
[3.495s] writing requirements to ../build/controllers/controllers.egg-info/requires.txt
[3.496s] writing top-level names to ../build/controllers/controllers.egg-info/top_level.txt
[3.593s] reading manifest file '../build/controllers/controllers.egg-info/SOURCES.txt'
[3.595s] writing manifest file '../build/controllers/controllers.egg-info/SOURCES.txt'
[3.596s] running build
[3.597s] running build_py
[3.599s] running install
[3.602s] running install_lib
[3.606s] running install_data
[3.608s] running install_egg_info
[3.613s] removing '/home/diego/Workspaces/dev_ws/src/install/controllers/lib/python3.8/site-packages/controllers-0.0.0-py3.8.egg-info' (and everything under it)
[3.614s] Copying ../build/controllers/controllers.egg-info to /home/diego/Workspaces/dev_ws/src/install/controllers/lib/python3.8/site-packages/controllers-0.0.0-py3.8.egg-info
[3.617s] running install_scripts
[3.667s] Installing simple_controller script to /home/diego/Workspaces/dev_ws/src/install/controllers/lib/controllers
[3.670s] writing list of installed files to '/home/diego/Workspaces/dev_ws/src/build/controllers/install.log'
[3.755s] Invoked command in '/home/diego/Workspaces/dev_ws/src/controllers' returned '0': PYTHONPATH=/home/diego/Workspaces/dev_ws/src/install/controllers/lib/python3.8/site-packages:${PYTHONPATH} /usr/bin/python3 setup.py egg_info --egg-base ../build/controllers build --build-base /home/diego/Workspaces/dev_ws/src/build/controllers/build install --prefix /home/diego/Workspaces/dev_ws/src/install/controllers --record /home/diego/Workspaces/dev_ws/src/build/controllers/install.log --single-version-externally-managed
