[2.793s] Invoking command in '/home/diego/Workspaces/dev_ws/src/controllers': PYTHONPATH=/home/diego/Workspaces/dev_ws/install/controllers/lib/python3.8/site-packages:${PYTHONPATH} /usr/bin/python3 setup.py egg_info --egg-base ../../build/controllers build --build-base /home/diego/Workspaces/dev_ws/build/controllers/build install --prefix /home/diego/Workspaces/dev_ws/install/controllers --record /home/diego/Workspaces/dev_ws/build/controllers/install.log --single-version-externally-managed
[3.409s] running egg_info
[3.411s] writing ../../build/controllers/controllers.egg-info/PKG-INFO
[3.413s] writing dependency_links to ../../build/controllers/controllers.egg-info/dependency_links.txt
[3.416s] writing entry points to ../../build/controllers/controllers.egg-info/entry_points.txt
[3.417s] writing requirements to ../../build/controllers/controllers.egg-info/requires.txt
[3.418s] writing top-level names to ../../build/controllers/controllers.egg-info/top_level.txt
[3.531s] reading manifest file '../../build/controllers/controllers.egg-info/SOURCES.txt'
[3.533s] writing manifest file '../../build/controllers/controllers.egg-info/SOURCES.txt'
[3.534s] running build
[3.535s] running build_py
[3.536s] running install
[3.539s] running install_lib
[3.548s] running install_data
[3.549s] running install_egg_info
[3.557s] removing '/home/diego/Workspaces/dev_ws/install/controllers/lib/python3.8/site-packages/controllers-0.0.0-py3.8.egg-info' (and everything under it)
[3.559s] Copying ../../build/controllers/controllers.egg-info to /home/diego/Workspaces/dev_ws/install/controllers/lib/python3.8/site-packages/controllers-0.0.0-py3.8.egg-info
[3.564s] running install_scripts
[3.621s] Installing simple_controller script to /home/diego/Workspaces/dev_ws/install/controllers/lib/controllers
[3.623s] writing list of installed files to '/home/diego/Workspaces/dev_ws/build/controllers/install.log'
[3.713s] Invoked command in '/home/diego/Workspaces/dev_ws/src/controllers' returned '0': PYTHONPATH=/home/diego/Workspaces/dev_ws/install/controllers/lib/python3.8/site-packages:${PYTHONPATH} /usr/bin/python3 setup.py egg_info --egg-base ../../build/controllers build --build-base /home/diego/Workspaces/dev_ws/build/controllers/build install --prefix /home/diego/Workspaces/dev_ws/install/controllers --record /home/diego/Workspaces/dev_ws/build/controllers/install.log --single-version-externally-managed
