[5.213s] Invoking command in '/home/diego/Workspaces/dev_ws/src/controllers': PYTHONPATH=/home/diego/Workspaces/dev_ws/install/controllers/lib/python3.8/site-packages:${PYTHONPATH} /usr/bin/python3 setup.py egg_info --egg-base ../../build/controllers build --build-base /home/diego/Workspaces/dev_ws/build/controllers/build install --prefix /home/diego/Workspaces/dev_ws/install/controllers --record /home/diego/Workspaces/dev_ws/build/controllers/install.log --single-version-externally-managed
[6.685s] running egg_info
[6.691s] writing ../../build/controllers/controllers.egg-info/PKG-INFO
[6.693s] writing dependency_links to ../../build/controllers/controllers.egg-info/dependency_links.txt
[6.696s] writing entry points to ../../build/controllers/controllers.egg-info/entry_points.txt
[6.699s] writing requirements to ../../build/controllers/controllers.egg-info/requires.txt
[6.701s] writing top-level names to ../../build/controllers/controllers.egg-info/top_level.txt
[6.936s] reading manifest file '../../build/controllers/controllers.egg-info/SOURCES.txt'
[6.945s] writing manifest file '../../build/controllers/controllers.egg-info/SOURCES.txt'
[6.948s] running build
[6.949s] running build_py
[6.953s] running install
[6.957s] running install_lib
[6.967s] running install_data
[6.969s] running install_egg_info
[6.978s] removing '/home/diego/Workspaces/dev_ws/install/controllers/lib/python3.8/site-packages/controllers-0.0.0-py3.8.egg-info' (and everything under it)
[6.980s] Copying ../../build/controllers/controllers.egg-info to /home/diego/Workspaces/dev_ws/install/controllers/lib/python3.8/site-packages/controllers-0.0.0-py3.8.egg-info
[6.986s] running install_scripts
[7.081s] Installing simple_controller script to /home/diego/Workspaces/dev_ws/install/controllers/lib/controllers
[7.083s] writing list of installed files to '/home/diego/Workspaces/dev_ws/build/controllers/install.log'
[7.235s] Invoked command in '/home/diego/Workspaces/dev_ws/src/controllers' returned '0': PYTHONPATH=/home/diego/Workspaces/dev_ws/install/controllers/lib/python3.8/site-packages:${PYTHONPATH} /usr/bin/python3 setup.py egg_info --egg-base ../../build/controllers build --build-base /home/diego/Workspaces/dev_ws/build/controllers/build install --prefix /home/diego/Workspaces/dev_ws/install/controllers --record /home/diego/Workspaces/dev_ws/build/controllers/install.log --single-version-externally-managed
