[3.030s] Invoking command in '/home/diego/Workspaces/dev_ws/src/controllers': PYTHONPATH=/home/diego/Workspaces/dev_ws/install/controllers/lib/python3.8/site-packages:${PYTHONPATH} /usr/bin/python3 setup.py egg_info --egg-base ../../build/controllers build --build-base /home/diego/Workspaces/dev_ws/build/controllers/build install --prefix /home/diego/Workspaces/dev_ws/install/controllers --record /home/diego/Workspaces/dev_ws/build/controllers/install.log --single-version-externally-managed
[3.852s] running egg_info
[3.853s] writing ../../build/controllers/controllers.egg-info/PKG-INFO
[3.854s] writing dependency_links to ../../build/controllers/controllers.egg-info/dependency_links.txt
[3.856s] writing entry points to ../../build/controllers/controllers.egg-info/entry_points.txt
[3.857s] writing requirements to ../../build/controllers/controllers.egg-info/requires.txt
[3.857s] writing top-level names to ../../build/controllers/controllers.egg-info/top_level.txt
[3.963s] reading manifest file '../../build/controllers/controllers.egg-info/SOURCES.txt'
[3.965s] writing manifest file '../../build/controllers/controllers.egg-info/SOURCES.txt'
[3.965s] running build
[3.966s] running build_py
[3.966s] copying controllers/simple_controller.py -> /home/diego/Workspaces/dev_ws/build/controllers/build/lib/controllers
[3.973s] running install
[3.973s] running install_lib
[3.974s] copying /home/diego/Workspaces/dev_ws/build/controllers/build/lib/controllers/simple_controller.py -> /home/diego/Workspaces/dev_ws/install/controllers/lib/python3.8/site-packages/controllers
[3.974s] byte-compiling /home/diego/Workspaces/dev_ws/install/controllers/lib/python3.8/site-packages/controllers/simple_controller.py to simple_controller.cpython-38.pyc
[3.978s] running install_data
[3.980s] running install_egg_info
[3.986s] removing '/home/diego/Workspaces/dev_ws/install/controllers/lib/python3.8/site-packages/controllers-0.0.0-py3.8.egg-info' (and everything under it)
[3.986s] Copying ../../build/controllers/controllers.egg-info to /home/diego/Workspaces/dev_ws/install/controllers/lib/python3.8/site-packages/controllers-0.0.0-py3.8.egg-info
[3.989s] running install_scripts
[4.039s] Installing simple_controller script to /home/diego/Workspaces/dev_ws/install/controllers/lib/controllers
[4.041s] writing list of installed files to '/home/diego/Workspaces/dev_ws/build/controllers/install.log'
[4.138s] Invoked command in '/home/diego/Workspaces/dev_ws/src/controllers' returned '0': PYTHONPATH=/home/diego/Workspaces/dev_ws/install/controllers/lib/python3.8/site-packages:${PYTHONPATH} /usr/bin/python3 setup.py egg_info --egg-base ../../build/controllers build --build-base /home/diego/Workspaces/dev_ws/build/controllers/build install --prefix /home/diego/Workspaces/dev_ws/install/controllers --record /home/diego/Workspaces/dev_ws/build/controllers/install.log --single-version-externally-managed
