[2.979s] Invoking command in '/home/diego/Workspaces/dev_ws/src/controllers': PYTHONPATH=/home/diego/Workspaces/dev_ws/install/controllers/lib/python3.8/site-packages:${PYTHONPATH} /usr/bin/python3 setup.py egg_info --egg-base ../../build/controllers build --build-base /home/diego/Workspaces/dev_ws/build/controllers/build install --prefix /home/diego/Workspaces/dev_ws/install/controllers --record /home/diego/Workspaces/dev_ws/build/controllers/install.log --single-version-externally-managed
[3.728s] running egg_info
[3.731s] writing ../../build/controllers/controllers.egg-info/PKG-INFO
[3.733s] writing dependency_links to ../../build/controllers/controllers.egg-info/dependency_links.txt
[3.734s] writing entry points to ../../build/controllers/controllers.egg-info/entry_points.txt
[3.736s] writing requirements to ../../build/controllers/controllers.egg-info/requires.txt
[3.737s] writing top-level names to ../../build/controllers/controllers.egg-info/top_level.txt
[3.846s] reading manifest file '../../build/controllers/controllers.egg-info/SOURCES.txt'
[3.850s] writing manifest file '../../build/controllers/controllers.egg-info/SOURCES.txt'
[3.851s] running build
[3.852s] running build_py
[3.854s] running install
[3.856s] running install_lib
[3.862s] running install_data
[3.864s] running install_egg_info
[3.873s] removing '/home/diego/Workspaces/dev_ws/install/controllers/lib/python3.8/site-packages/controllers-0.0.0-py3.8.egg-info' (and everything under it)
[3.875s] Copying ../../build/controllers/controllers.egg-info to /home/diego/Workspaces/dev_ws/install/controllers/lib/python3.8/site-packages/controllers-0.0.0-py3.8.egg-info
[3.878s] running install_scripts
[3.929s] Installing simple_controller script to /home/diego/Workspaces/dev_ws/install/controllers/lib/controllers
[3.931s] writing list of installed files to '/home/diego/Workspaces/dev_ws/build/controllers/install.log'
[4.014s] Invoked command in '/home/diego/Workspaces/dev_ws/src/controllers' returned '0': PYTHONPATH=/home/diego/Workspaces/dev_ws/install/controllers/lib/python3.8/site-packages:${PYTHONPATH} /usr/bin/python3 setup.py egg_info --egg-base ../../build/controllers build --build-base /home/diego/Workspaces/dev_ws/build/controllers/build install --prefix /home/diego/Workspaces/dev_ws/install/controllers --record /home/diego/Workspaces/dev_ws/build/controllers/install.log --single-version-externally-managed
