[2.879s] Invoking command in '/home/diego/Workspaces/dev_ws/src/controllers': PYTHONPATH=/home/diego/Workspaces/dev_ws/install/controllers/lib/python3.8/site-packages:${PYTHONPATH} /usr/bin/python3 setup.py egg_info --egg-base ../../build/controllers build --build-base /home/diego/Workspaces/dev_ws/build/controllers/build install --prefix /home/diego/Workspaces/dev_ws/install/controllers --record /home/diego/Workspaces/dev_ws/build/controllers/install.log --single-version-externally-managed
[3.589s] running egg_info
[3.590s] writing ../../build/controllers/controllers.egg-info/PKG-INFO
[3.592s] writing dependency_links to ../../build/controllers/controllers.egg-info/dependency_links.txt
[3.592s] writing entry points to ../../build/controllers/controllers.egg-info/entry_points.txt
[3.593s] writing requirements to ../../build/controllers/controllers.egg-info/requires.txt
[3.594s] writing top-level names to ../../build/controllers/controllers.egg-info/top_level.txt
[3.687s] reading manifest file '../../build/controllers/controllers.egg-info/SOURCES.txt'
[3.689s] writing manifest file '../../build/controllers/controllers.egg-info/SOURCES.txt'
[3.690s] running build
[3.691s] running build_py
[3.692s] running install
[3.694s] running install_lib
[3.698s] running install_data
[3.699s] running install_egg_info
[3.704s] removing '/home/diego/Workspaces/dev_ws/install/controllers/lib/python3.8/site-packages/controllers-0.0.0-py3.8.egg-info' (and everything under it)
[3.705s] Copying ../../build/controllers/controllers.egg-info to /home/diego/Workspaces/dev_ws/install/controllers/lib/python3.8/site-packages/controllers-0.0.0-py3.8.egg-info
[3.707s] running install_scripts
[3.753s] Installing simple_controller script to /home/diego/Workspaces/dev_ws/install/controllers/lib/controllers
[3.754s] writing list of installed files to '/home/diego/Workspaces/dev_ws/build/controllers/install.log'
[3.829s] Invoked command in '/home/diego/Workspaces/dev_ws/src/controllers' returned '0': PYTHONPATH=/home/diego/Workspaces/dev_ws/install/controllers/lib/python3.8/site-packages:${PYTHONPATH} /usr/bin/python3 setup.py egg_info --egg-base ../../build/controllers build --build-base /home/diego/Workspaces/dev_ws/build/controllers/build install --prefix /home/diego/Workspaces/dev_ws/install/controllers --record /home/diego/Workspaces/dev_ws/build/controllers/install.log --single-version-externally-managed
