[3.834s] Invoking command in '/home/diego/Workspaces/dev_ws/src/controllers': PYTHONPATH=/home/diego/Workspaces/dev_ws/install/controllers/lib/python3.8/site-packages:${PYTHONPATH} /usr/bin/python3 setup.py egg_info --egg-base ../../build/controllers build --build-base /home/diego/Workspaces/dev_ws/build/controllers/build install --prefix /home/diego/Workspaces/dev_ws/install/controllers --record /home/diego/Workspaces/dev_ws/build/controllers/install.log --single-version-externally-managed
[4.779s] running egg_info
[4.783s] writing ../../build/controllers/controllers.egg-info/PKG-INFO
[4.788s] writing dependency_links to ../../build/controllers/controllers.egg-info/dependency_links.txt
[4.789s] writing entry points to ../../build/controllers/controllers.egg-info/entry_points.txt
[4.791s] writing requirements to ../../build/controllers/controllers.egg-info/requires.txt
[4.792s] writing top-level names to ../../build/controllers/controllers.egg-info/top_level.txt
[4.953s] reading manifest file '../../build/controllers/controllers.egg-info/SOURCES.txt'
[4.955s] writing manifest file '../../build/controllers/controllers.egg-info/SOURCES.txt'
[4.957s] running build
[4.957s] running build_py
[4.962s] running install
[4.965s] running install_lib
[4.970s] running install_data
[4.976s] running install_egg_info
[4.982s] removing '/home/diego/Workspaces/dev_ws/install/controllers/lib/python3.8/site-packages/controllers-0.0.0-py3.8.egg-info' (and everything under it)
[4.985s] Copying ../../build/controllers/controllers.egg-info to /home/diego/Workspaces/dev_ws/install/controllers/lib/python3.8/site-packages/controllers-0.0.0-py3.8.egg-info
[4.988s] running install_scripts
[5.077s] Installing simple_controller script to /home/diego/Workspaces/dev_ws/install/controllers/lib/controllers
[5.079s] writing list of installed files to '/home/diego/Workspaces/dev_ws/build/controllers/install.log'
[5.221s] Invoked command in '/home/diego/Workspaces/dev_ws/src/controllers' returned '0': PYTHONPATH=/home/diego/Workspaces/dev_ws/install/controllers/lib/python3.8/site-packages:${PYTHONPATH} /usr/bin/python3 setup.py egg_info --egg-base ../../build/controllers build --build-base /home/diego/Workspaces/dev_ws/build/controllers/build install --prefix /home/diego/Workspaces/dev_ws/install/controllers --record /home/diego/Workspaces/dev_ws/build/controllers/install.log --single-version-externally-managed
