running egg_info
creating ../../../../build/nav2_gazebo_spawner/nav2_gazebo_spawner.egg-info
writing ../../../../build/nav2_gazebo_spawner/nav2_gazebo_spawner.egg-info/PKG-INFO
writing dependency_links to ../../../../build/nav2_gazebo_spawner/nav2_gazebo_spawner.egg-info/dependency_links.txt
writing entry points to ../../../../build/nav2_gazebo_spawner/nav2_gazebo_spawner.egg-info/entry_points.txt
writing requirements to ../../../../build/nav2_gazebo_spawner/nav2_gazebo_spawner.egg-info/requires.txt
writing top-level names to ../../../../build/nav2_gazebo_spawner/nav2_gazebo_spawner.egg-info/top_level.txt
writing manifest file '../../../../build/nav2_gazebo_spawner/nav2_gazebo_spawner.egg-info/SOURCES.txt'
reading manifest file '../../../../build/nav2_gazebo_spawner/nav2_gazebo_spawner.egg-info/SOURCES.txt'
writing manifest file '../../../../build/nav2_gazebo_spawner/nav2_gazebo_spawner.egg-info/SOURCES.txt'
running build
running build_py
creating /home/diego/Workspaces/dev_ws/build/nav2_gazebo_spawner/build
creating /home/diego/Workspaces/dev_ws/build/nav2_gazebo_spawner/build/lib
creating /home/diego/Workspaces/dev_ws/build/nav2_gazebo_spawner/build/lib/nav2_gazebo_spawner
copying nav2_gazebo_spawner/nav2_gazebo_spawner.py -> /home/diego/Workspaces/dev_ws/build/nav2_gazebo_spawner/build/lib/nav2_gazebo_spawner
running install
running install_lib
creating /home/diego/Workspaces/dev_ws/install/nav2_gazebo_spawner/lib/python3.8/site-packages/nav2_gazebo_spawner
copying /home/diego/Workspaces/dev_ws/build/nav2_gazebo_spawner/build/lib/nav2_gazebo_spawner/nav2_gazebo_spawner.py -> /home/diego/Workspaces/dev_ws/install/nav2_gazebo_spawner/lib/python3.8/site-packages/nav2_gazebo_spawner
byte-compiling /home/diego/Workspaces/dev_ws/install/nav2_gazebo_spawner/lib/python3.8/site-packages/nav2_gazebo_spawner/nav2_gazebo_spawner.py to nav2_gazebo_spawner.cpython-38.pyc
running install_data
creating /home/diego/Workspaces/dev_ws/install/nav2_gazebo_spawner/share/ament_index
creating /home/diego/Workspaces/dev_ws/install/nav2_gazebo_spawner/share/ament_index/resource_index
creating /home/diego/Workspaces/dev_ws/install/nav2_gazebo_spawner/share/ament_index/resource_index/packages
