[0.124s] Invoking command in '/home/diego/Workspaces/dev_ws/src/build/basic_mobile_robot': CMAKE_PREFIX_PATH=${CMAKE_PREFIX_PATH}:/home/diego/Workspaces/dev_ws/src/install/controllers:/opt/ros/foxy /usr/bin/cmake --build /home/diego/Workspaces/dev_ws/src/build/basic_mobile_robot -- -j2 -l2
[0.864s] Invoked command in '/home/diego/Workspaces/dev_ws/src/build/basic_mobile_robot' returned '0': CMAKE_PREFIX_PATH=${CMAKE_PREFIX_PATH}:/home/diego/Workspaces/dev_ws/src/install/controllers:/opt/ros/foxy /usr/bin/cmake --build /home/diego/Workspaces/dev_ws/src/build/basic_mobile_robot -- -j2 -l2
[0.983s] Invoking command in '/home/diego/Workspaces/dev_ws/src/build/basic_mobile_robot': CMAKE_PREFIX_PATH=${CMAKE_PREFIX_PATH}:/home/diego/Workspaces/dev_ws/src/install/controllers:/opt/ros/foxy /usr/bin/cmake --install /home/diego/Workspaces/dev_ws/src/build/basic_mobile_robot
[1.018s] -- Install configuration: ""
[1.019s] -- Up-to-date: /home/diego/Workspaces/dev_ws/src/install/basic_mobile_robot/share/basic_mobile_robot/config
[1.019s] -- Up-to-date: /home/diego/Workspaces/dev_ws/src/install/basic_mobile_robot/share/basic_mobile_robot/config/ekf.yaml
[1.019s] -- Up-to-date: /home/diego/Workspaces/dev_ws/src/install/basic_mobile_robot/share/basic_mobile_robot/launch
[1.020s] -- Up-to-date: /home/diego/Workspaces/dev_ws/src/install/basic_mobile_robot/share/basic_mobile_robot/launch/basic_mobile_bot_v5.launch.py
[1.020s] -- Up-to-date: /home/diego/Workspaces/dev_ws/src/install/basic_mobile_robot/share/basic_mobile_robot/launch/basic_mobile_bot_v1.launch.py
[1.020s] -- Up-to-date: /home/diego/Workspaces/dev_ws/src/install/basic_mobile_robot/share/basic_mobile_robot/launch/basic_mobile_bot_v4.launch.py
[1.020s] -- Up-to-date: /home/diego/Workspaces/dev_ws/src/install/basic_mobile_robot/share/basic_mobile_robot/launch/basic_mobile_bot_v2.launch.py
[1.021s] -- Up-to-date: /home/diego/Workspaces/dev_ws/src/install/basic_mobile_robot/share/basic_mobile_robot/launch/__pycache__
[1.021s] -- Up-to-date: /home/diego/Workspaces/dev_ws/src/install/basic_mobile_robot/share/basic_mobile_robot/launch/__pycache__/basic_mobile_bot_v1.launch.cpython-38.pyc
[1.021s] -- Up-to-date: /home/diego/Workspaces/dev_ws/src/install/basic_mobile_robot/share/basic_mobile_robot/maps
[1.023s] -- Up-to-date: /home/diego/Workspaces/dev_ws/src/install/basic_mobile_robot/share/basic_mobile_robot/maps/smalltown_world.yaml
[1.024s] -- Up-to-date: /home/diego/Workspaces/dev_ws/src/install/basic_mobile_robot/share/basic_mobile_robot/maps/smalltown_world.pgm
[1.025s] -- Up-to-date: /home/diego/Workspaces/dev_ws/src/install/basic_mobile_robot/share/basic_mobile_robot/meshes
[1.026s] -- Up-to-date: /home/diego/Workspaces/dev_ws/src/install/basic_mobile_robot/share/basic_mobile_robot/meshes/arm_base.stl
[1.027s] -- Up-to-date: /home/diego/Workspaces/dev_ws/src/install/basic_mobile_robot/share/basic_mobile_robot/meshes/wrist.stl
[1.027s] -- Up-to-date: /home/diego/Workspaces/dev_ws/src/install/basic_mobile_robot/share/basic_mobile_robot/meshes/bicep.stl
[1.028s] -- Up-to-date: /home/diego/Workspaces/dev_ws/src/install/basic_mobile_robot/share/basic_mobile_robot/meshes/elbow.stl
[1.028s] -- Up-to-date: /home/diego/Workspaces/dev_ws/src/install/basic_mobile_robot/share/basic_mobile_robot/meshes/robot_base.stl
[1.028s] -- Up-to-date: /home/diego/Workspaces/dev_ws/src/install/basic_mobile_robot/share/basic_mobile_robot/meshes/wheel.stl
[1.028s] -- Up-to-date: /home/diego/Workspaces/dev_ws/src/install/basic_mobile_robot/share/basic_mobile_robot/meshes/Chasis.stl
[1.029s] -- Up-to-date: /home/diego/Workspaces/dev_ws/src/install/basic_mobile_robot/share/basic_mobile_robot/models
[1.029s] -- Up-to-date: /home/diego/Workspaces/dev_ws/src/install/basic_mobile_robot/share/basic_mobile_robot/models/basic_mobile_bot_description
[1.050s] -- Up-to-date: /home/diego/Workspaces/dev_ws/src/install/basic_mobile_robot/share/basic_mobile_robot/models/basic_mobile_bot_description/orignial.txt
[1.050s] -- Up-to-date: /home/diego/Workspaces/dev_ws/src/install/basic_mobile_robot/share/basic_mobile_robot/models/basic_mobile_bot_description/model1.sdf
[1.050s] -- Up-to-date: /home/diego/Workspaces/dev_ws/src/install/basic_mobile_robot/share/basic_mobile_robot/models/basic_mobile_bot_description/meshes
[1.051s] -- Up-to-date: /home/diego/Workspaces/dev_ws/src/install/basic_mobile_robot/share/basic_mobile_robot/models/basic_mobile_bot_description/meshes/arm_base.stl
[1.051s] -- Up-to-date: /home/diego/Workspaces/dev_ws/src/install/basic_mobile_robot/share/basic_mobile_robot/models/basic_mobile_bot_description/meshes/wrist.stl
[1.051s] -- Up-to-date: /home/diego/Workspaces/dev_ws/src/install/basic_mobile_robot/share/basic_mobile_robot/models/basic_mobile_bot_description/meshes/bicep.stl
[1.051s] -- Up-to-date: /home/diego/Workspaces/dev_ws/src/install/basic_mobile_robot/share/basic_mobile_robot/models/basic_mobile_bot_description/meshes/elbow.stl
[1.051s] -- Up-to-date: /home/diego/Workspaces/dev_ws/src/install/basic_mobile_robot/share/basic_mobile_robot/models/basic_mobile_bot_description/meshes/robot_base.stl
[1.052s] -- Up-to-date: /home/diego/Workspaces/dev_ws/src/install/basic_mobile_robot/share/basic_mobile_robot/models/basic_mobile_bot_description/meshes/wheel.stl
[1.052s] -- Up-to-date: /home/diego/Workspaces/dev_ws/src/install/basic_mobile_robot/share/basic_mobile_robot/models/basic_mobile_bot_description/meshes/Chasis.stl
[1.052s] -- Up-to-date: /home/diego/Workspaces/dev_ws/src/install/basic_mobile_robot/share/basic_mobile_robot/models/basic_mobile_bot_description/model.config
[1.052s] -- Up-to-date: /home/diego/Workspaces/dev_ws/src/install/basic_mobile_robot/share/basic_mobile_robot/models/basic_mobile_bot_description/model.sdf
[1.052s] -- Up-to-date: /home/diego/Workspaces/dev_ws/src/install/basic_mobile_robot/share/basic_mobile_robot/models/basic_mobile_bot_v1.urdf
[1.052s] -- Up-to-date: /home/diego/Workspaces/dev_ws/src/install/basic_mobile_robot/share/basic_mobile_robot/models/basic_mobile_bot_v2.urdf
[1.052s] -- Up-to-date: /home/diego/Workspaces/dev_ws/src/install/basic_mobile_robot/share/basic_mobile_robot/params
[1.053s] -- Up-to-date: /home/diego/Workspaces/dev_ws/src/install/basic_mobile_robot/share/basic_mobile_robot/params/nav2_params.yaml
[1.053s] -- Up-to-date: /home/diego/Workspaces/dev_ws/src/install/basic_mobile_robot/share/basic_mobile_robot/rviz
[1.053s] -- Up-to-date: /home/diego/Workspaces/dev_ws/src/install/basic_mobile_robot/share/basic_mobile_robot/rviz/urdf_config.rviz
[1.053s] -- Up-to-date: /home/diego/Workspaces/dev_ws/src/install/basic_mobile_robot/share/basic_mobile_robot/rviz/nav2_config.rviz
[1.053s] -- Up-to-date: /home/diego/Workspaces/dev_ws/src/install/basic_mobile_robot/share/basic_mobile_robot/src
[1.053s] -- Up-to-date: /home/diego/Workspaces/dev_ws/src/install/basic_mobile_robot/share/basic_mobile_robot/worlds
[1.054s] -- Up-to-date: /home/diego/Workspaces/dev_ws/src/install/basic_mobile_robot/share/basic_mobile_robot/worlds/basic_mobile_bot_world
[1.054s] -- Up-to-date: /home/diego/Workspaces/dev_ws/src/install/basic_mobile_robot/share/basic_mobile_robot/worlds/basic_mobile_bot_world/smalltown.world
[1.054s] -- Up-to-date: /home/diego/Workspaces/dev_ws/src/install/basic_mobile_robot/share/ament_index/resource_index/package_run_dependencies/basic_mobile_robot
[1.054s] -- Up-to-date: /home/diego/Workspaces/dev_ws/src/install/basic_mobile_robot/share/ament_index/resource_index/parent_prefix_path/basic_mobile_robot
[1.054s] -- Up-to-date: /home/diego/Workspaces/dev_ws/src/install/basic_mobile_robot/share/basic_mobile_robot/environment/ament_prefix_path.sh
[1.055s] -- Up-to-date: /home/diego/Workspaces/dev_ws/src/install/basic_mobile_robot/share/basic_mobile_robot/environment/ament_prefix_path.dsv
[1.055s] -- Up-to-date: /home/diego/Workspaces/dev_ws/src/install/basic_mobile_robot/share/basic_mobile_robot/environment/path.sh
[1.055s] -- Up-to-date: /home/diego/Workspaces/dev_ws/src/install/basic_mobile_robot/share/basic_mobile_robot/environment/path.dsv
[1.055s] -- Up-to-date: /home/diego/Workspaces/dev_ws/src/install/basic_mobile_robot/share/basic_mobile_robot/local_setup.bash
[1.055s] -- Up-to-date: /home/diego/Workspaces/dev_ws/src/install/basic_mobile_robot/share/basic_mobile_robot/local_setup.sh
[1.055s] -- Up-to-date: /home/diego/Workspaces/dev_ws/src/install/basic_mobile_robot/share/basic_mobile_robot/local_setup.zsh
[1.055s] -- Up-to-date: /home/diego/Workspaces/dev_ws/src/install/basic_mobile_robot/share/basic_mobile_robot/local_setup.dsv
[1.056s] -- Installing: /home/diego/Workspaces/dev_ws/src/install/basic_mobile_robot/share/basic_mobile_robot/package.dsv
[1.056s] -- Up-to-date: /home/diego/Workspaces/dev_ws/src/install/basic_mobile_robot/share/ament_index/resource_index/packages/basic_mobile_robot
[1.056s] -- Up-to-date: /home/diego/Workspaces/dev_ws/src/install/basic_mobile_robot/share/basic_mobile_robot/cmake/basic_mobile_robotConfig.cmake
[1.056s] -- Up-to-date: /home/diego/Workspaces/dev_ws/src/install/basic_mobile_robot/share/basic_mobile_robot/cmake/basic_mobile_robotConfig-version.cmake
[1.056s] -- Up-to-date: /home/diego/Workspaces/dev_ws/src/install/basic_mobile_robot/share/basic_mobile_robot/package.xml
[1.057s] Invoked command in '/home/diego/Workspaces/dev_ws/src/build/basic_mobile_robot' returned '0': CMAKE_PREFIX_PATH=${CMAKE_PREFIX_PATH}:/home/diego/Workspaces/dev_ws/src/install/controllers:/opt/ros/foxy /usr/bin/cmake --install /home/diego/Workspaces/dev_ws/src/build/basic_mobile_robot
