[1.864s] Invoking command in '/home/diego/Workspaces/dev_ws/src/controllers': PYTHONPATH=/home/diego/Workspaces/dev_ws/install/controllers/lib/python3.8/site-packages:${PYTHONPATH} /usr/bin/python3 setup.py egg_info --egg-base ../../build/controllers build --build-base /home/diego/Workspaces/dev_ws/build/controllers/build install --prefix /home/diego/Workspaces/dev_ws/install/controllers --record /home/diego/Workspaces/dev_ws/build/controllers/install.log --single-version-externally-managed
[2.345s] running egg_info
[2.346s] writing ../../build/controllers/controllers.egg-info/PKG-INFO
[2.347s] writing dependency_links to ../../build/controllers/controllers.egg-info/dependency_links.txt
[2.348s] writing entry points to ../../build/controllers/controllers.egg-info/entry_points.txt
[2.348s] writing requirements to ../../build/controllers/controllers.egg-info/requires.txt
[2.348s] writing top-level names to ../../build/controllers/controllers.egg-info/top_level.txt
[2.430s] reading manifest file '../../build/controllers/controllers.egg-info/SOURCES.txt'
[2.432s] writing manifest file '../../build/controllers/controllers.egg-info/SOURCES.txt'
[2.432s] running build
[2.432s] running build_py
[2.438s] running install
[2.438s] running install_lib
[2.439s] running install_data
[2.440s] running install_egg_info
[2.444s] removing '/home/diego/Workspaces/dev_ws/install/controllers/lib/python3.8/site-packages/controllers-0.0.0-py3.8.egg-info' (and everything under it)
[2.445s] Copying ../../build/controllers/controllers.egg-info to /home/diego/Workspaces/dev_ws/install/controllers/lib/python3.8/site-packages/controllers-0.0.0-py3.8.egg-info
[2.446s] running install_scripts
[2.485s] Installing simple_controller script to /home/diego/Workspaces/dev_ws/install/controllers/lib/controllers
[2.487s] writing list of installed files to '/home/diego/Workspaces/dev_ws/build/controllers/install.log'
[2.555s] Invoked command in '/home/diego/Workspaces/dev_ws/src/controllers' returned '0': PYTHONPATH=/home/diego/Workspaces/dev_ws/install/controllers/lib/python3.8/site-packages:${PYTHONPATH} /usr/bin/python3 setup.py egg_info --egg-base ../../build/controllers build --build-base /home/diego/Workspaces/dev_ws/build/controllers/build install --prefix /home/diego/Workspaces/dev_ws/install/controllers --record /home/diego/Workspaces/dev_ws/build/controllers/install.log --single-version-externally-managed
