[2.387s] Invoking command in '/home/diego/Workspaces/dev_ws/src/controllers': PYTHONPATH=/home/diego/Workspaces/dev_ws/install/controllers/lib/python3.8/site-packages:${PYTHONPATH} /usr/bin/python3 setup.py egg_info --egg-base ../../build/controllers build --build-base /home/diego/Workspaces/dev_ws/build/controllers/build install --prefix /home/diego/Workspaces/dev_ws/install/controllers --record /home/diego/Workspaces/dev_ws/build/controllers/install.log --single-version-externally-managed
[3.038s] running egg_info
[3.042s] writing ../../build/controllers/controllers.egg-info/PKG-INFO
[3.044s] writing dependency_links to ../../build/controllers/controllers.egg-info/dependency_links.txt
[3.046s] writing entry points to ../../build/controllers/controllers.egg-info/entry_points.txt
[3.047s] writing requirements to ../../build/controllers/controllers.egg-info/requires.txt
[3.049s] writing top-level names to ../../build/controllers/controllers.egg-info/top_level.txt
[3.199s] reading manifest file '../../build/controllers/controllers.egg-info/SOURCES.txt'
[3.202s] writing manifest file '../../build/controllers/controllers.egg-info/SOURCES.txt'
[3.203s] running build
[3.204s] running build_py
[3.208s] running install
[3.220s] running install_lib
[3.226s] running install_data
[3.229s] running install_egg_info
[3.240s] removing '/home/diego/Workspaces/dev_ws/install/controllers/lib/python3.8/site-packages/controllers-0.0.0-py3.8.egg-info' (and everything under it)
[3.242s] Copying ../../build/controllers/controllers.egg-info to /home/diego/Workspaces/dev_ws/install/controllers/lib/python3.8/site-packages/controllers-0.0.0-py3.8.egg-info
[3.246s] running install_scripts
[3.327s] Installing simple_controller script to /home/diego/Workspaces/dev_ws/install/controllers/lib/controllers
[3.333s] writing list of installed files to '/home/diego/Workspaces/dev_ws/build/controllers/install.log'
[3.437s] Invoked command in '/home/diego/Workspaces/dev_ws/src/controllers' returned '0': PYTHONPATH=/home/diego/Workspaces/dev_ws/install/controllers/lib/python3.8/site-packages:${PYTHONPATH} /usr/bin/python3 setup.py egg_info --egg-base ../../build/controllers build --build-base /home/diego/Workspaces/dev_ws/build/controllers/build install --prefix /home/diego/Workspaces/dev_ws/install/controllers --record /home/diego/Workspaces/dev_ws/build/controllers/install.log --single-version-externally-managed
