[2.979s] Invoking command in '/home/diego/Workspaces/dev_ws/src/controllers': PYTHONPATH=/home/diego/Workspaces/dev_ws/src/install/controllers/lib/python3.8/site-packages:${PYTHONPATH} /usr/bin/python3 setup.py egg_info --egg-base ../build/controllers build --build-base /home/diego/Workspaces/dev_ws/src/build/controllers/build install --prefix /home/diego/Workspaces/dev_ws/src/install/controllers --record /home/diego/Workspaces/dev_ws/src/build/controllers/install.log --single-version-externally-managed
[3.741s] running egg_info
[3.743s] writing ../build/controllers/controllers.egg-info/PKG-INFO
[3.745s] writing dependency_links to ../build/controllers/controllers.egg-info/dependency_links.txt
[3.747s] writing entry points to ../build/controllers/controllers.egg-info/entry_points.txt
[3.749s] writing requirements to ../build/controllers/controllers.egg-info/requires.txt
[3.751s] writing top-level names to ../build/controllers/controllers.egg-info/top_level.txt
[3.857s] reading manifest file '../build/controllers/controllers.egg-info/SOURCES.txt'
[3.861s] writing manifest file '../build/controllers/controllers.egg-info/SOURCES.txt'
[3.863s] running build
[3.864s] running build_py
[3.865s] running install
[3.869s] running install_lib
[3.874s] running install_data
[3.876s] running install_egg_info
[3.882s] removing '/home/diego/Workspaces/dev_ws/src/install/controllers/lib/python3.8/site-packages/controllers-0.0.0-py3.8.egg-info' (and everything under it)
[3.884s] Copying ../build/controllers/controllers.egg-info to /home/diego/Workspaces/dev_ws/src/install/controllers/lib/python3.8/site-packages/controllers-0.0.0-py3.8.egg-info
[3.889s] running install_scripts
[3.939s] Installing simple_controller script to /home/diego/Workspaces/dev_ws/src/install/controllers/lib/controllers
[3.941s] writing list of installed files to '/home/diego/Workspaces/dev_ws/src/build/controllers/install.log'
[4.036s] Invoked command in '/home/diego/Workspaces/dev_ws/src/controllers' returned '0': PYTHONPATH=/home/diego/Workspaces/dev_ws/src/install/controllers/lib/python3.8/site-packages:${PYTHONPATH} /usr/bin/python3 setup.py egg_info --egg-base ../build/controllers build --build-base /home/diego/Workspaces/dev_ws/src/build/controllers/build install --prefix /home/diego/Workspaces/dev_ws/src/install/controllers --record /home/diego/Workspaces/dev_ws/src/build/controllers/install.log --single-version-externally-managed
