[0.148s] Invoking command in '/home/diego/Workspaces/dev_ws/src/build/basic_mobile_robot': CMAKE_PREFIX_PATH=${CMAKE_PREFIX_PATH}:/home/diego/Workspaces/dev_ws/src/install/controllers:/opt/ros/foxy /usr/bin/cmake --build /home/diego/Workspaces/dev_ws/src/build/basic_mobile_robot -- -j2 -l2
[1.207s] Invoked command in '/home/diego/Workspaces/dev_ws/src/build/basic_mobile_robot' returned '0': CMAKE_PREFIX_PATH=${CMAKE_PREFIX_PATH}:/home/diego/Workspaces/dev_ws/src/install/controllers:/opt/ros/foxy /usr/bin/cmake --build /home/diego/Workspaces/dev_ws/src/build/basic_mobile_robot -- -j2 -l2
[1.459s] Invoking command in '/home/diego/Workspaces/dev_ws/src/build/basic_mobile_robot': CMAKE_PREFIX_PATH=${CMAKE_PREFIX_PATH}:/home/diego/Workspaces/dev_ws/src/install/controllers:/opt/ros/foxy /usr/bin/cmake --install /home/diego/Workspaces/dev_ws/src/build/basic_mobile_robot
[1.561s] -- Install configuration: ""
[1.563s] -- Up-to-date: /home/diego/Workspaces/dev_ws/src/install/basic_mobile_robot/share/basic_mobile_robot/config
[1.564s] -- Up-to-date: /home/diego/Workspaces/dev_ws/src/install/basic_mobile_robot/share/basic_mobile_robot/launch
[1.565s] -- Up-to-date: /home/diego/Workspaces/dev_ws/src/install/basic_mobile_robot/share/basic_mobile_robot/launch/basic_mobile_bot_v1.launch.py
[1.565s] -- Up-to-date: /home/diego/Workspaces/dev_ws/src/install/basic_mobile_robot/share/basic_mobile_robot/launch/basic_mobile_bot_v4.launch.py
[1.571s] -- Up-to-date: /home/diego/Workspaces/dev_ws/src/install/basic_mobile_robot/share/basic_mobile_robot/launch/basic_mobile_bot_v2.launch.py
[1.572s] -- Up-to-date: /home/diego/Workspaces/dev_ws/src/install/basic_mobile_robot/share/basic_mobile_robot/launch/__pycache__
[1.573s] -- Up-to-date: /home/diego/Workspaces/dev_ws/src/install/basic_mobile_robot/share/basic_mobile_robot/launch/__pycache__/basic_mobile_bot_v1.launch.cpython-38.pyc
[1.574s] -- Up-to-date: /home/diego/Workspaces/dev_ws/src/install/basic_mobile_robot/share/basic_mobile_robot/maps
[1.578s] -- Up-to-date: /home/diego/Workspaces/dev_ws/src/install/basic_mobile_robot/share/basic_mobile_robot/meshes
[1.579s] -- Up-to-date: /home/diego/Workspaces/dev_ws/src/install/basic_mobile_robot/share/basic_mobile_robot/meshes/arm_base.stl
[1.580s] -- Up-to-date: /home/diego/Workspaces/dev_ws/src/install/basic_mobile_robot/share/basic_mobile_robot/meshes/wrist.stl
[1.582s] -- Up-to-date: /home/diego/Workspaces/dev_ws/src/install/basic_mobile_robot/share/basic_mobile_robot/meshes/bicep.stl
[1.583s] -- Up-to-date: /home/diego/Workspaces/dev_ws/src/install/basic_mobile_robot/share/basic_mobile_robot/meshes/elbow.stl
[1.584s] -- Up-to-date: /home/diego/Workspaces/dev_ws/src/install/basic_mobile_robot/share/basic_mobile_robot/meshes/robot_base.stl
[1.587s] -- Up-to-date: /home/diego/Workspaces/dev_ws/src/install/basic_mobile_robot/share/basic_mobile_robot/meshes/wheel.stl
[1.588s] -- Up-to-date: /home/diego/Workspaces/dev_ws/src/install/basic_mobile_robot/share/basic_mobile_robot/meshes/Chasis.stl
[1.588s] -- Up-to-date: /home/diego/Workspaces/dev_ws/src/install/basic_mobile_robot/share/basic_mobile_robot/models
[1.589s] -- Up-to-date: /home/diego/Workspaces/dev_ws/src/install/basic_mobile_robot/share/basic_mobile_robot/models/basic_mobile_bot_description
[1.593s] -- Up-to-date: /home/diego/Workspaces/dev_ws/src/install/basic_mobile_robot/share/basic_mobile_robot/models/basic_mobile_bot_description/orignial.txt
[1.594s] -- Up-to-date: /home/diego/Workspaces/dev_ws/src/install/basic_mobile_robot/share/basic_mobile_robot/models/basic_mobile_bot_description/model1.sdf
[1.595s] -- Up-to-date: /home/diego/Workspaces/dev_ws/src/install/basic_mobile_robot/share/basic_mobile_robot/models/basic_mobile_bot_description/meshes
[1.597s] -- Up-to-date: /home/diego/Workspaces/dev_ws/src/install/basic_mobile_robot/share/basic_mobile_robot/models/basic_mobile_bot_description/meshes/arm_base.stl
[1.597s] -- Up-to-date: /home/diego/Workspaces/dev_ws/src/install/basic_mobile_robot/share/basic_mobile_robot/models/basic_mobile_bot_description/meshes/wrist.stl
[1.597s] -- Up-to-date: /home/diego/Workspaces/dev_ws/src/install/basic_mobile_robot/share/basic_mobile_robot/models/basic_mobile_bot_description/meshes/bicep.stl
[1.597s] -- Up-to-date: /home/diego/Workspaces/dev_ws/src/install/basic_mobile_robot/share/basic_mobile_robot/models/basic_mobile_bot_description/meshes/elbow.stl
[1.604s] -- Up-to-date: /home/diego/Workspaces/dev_ws/src/install/basic_mobile_robot/share/basic_mobile_robot/models/basic_mobile_bot_description/meshes/robot_base.stl
[1.604s] -- Up-to-date: /home/diego/Workspaces/dev_ws/src/install/basic_mobile_robot/share/basic_mobile_robot/models/basic_mobile_bot_description/meshes/wheel.stl
[1.604s] -- Up-to-date: /home/diego/Workspaces/dev_ws/src/install/basic_mobile_robot/share/basic_mobile_robot/models/basic_mobile_bot_description/meshes/Chasis.stl
[1.605s] -- Up-to-date: /home/diego/Workspaces/dev_ws/src/install/basic_mobile_robot/share/basic_mobile_robot/models/basic_mobile_bot_description/model.config
[1.605s] -- Up-to-date: /home/diego/Workspaces/dev_ws/src/install/basic_mobile_robot/share/basic_mobile_robot/models/basic_mobile_bot_description/model.sdf
[1.605s] -- Up-to-date: /home/diego/Workspaces/dev_ws/src/install/basic_mobile_robot/share/basic_mobile_robot/models/basic_mobile_bot_v1.urdf
[1.605s] -- Up-to-date: /home/diego/Workspaces/dev_ws/src/install/basic_mobile_robot/share/basic_mobile_robot/models/basic_mobile_bot_v2.urdf
[1.605s] -- Up-to-date: /home/diego/Workspaces/dev_ws/src/install/basic_mobile_robot/share/basic_mobile_robot/params
[1.606s] -- Up-to-date: /home/diego/Workspaces/dev_ws/src/install/basic_mobile_robot/share/basic_mobile_robot/rviz
[1.606s] -- Up-to-date: /home/diego/Workspaces/dev_ws/src/install/basic_mobile_robot/share/basic_mobile_robot/rviz/urdf_config.rviz
[1.606s] -- Up-to-date: /home/diego/Workspaces/dev_ws/src/install/basic_mobile_robot/share/basic_mobile_robot/src
[1.606s] -- Up-to-date: /home/diego/Workspaces/dev_ws/src/install/basic_mobile_robot/share/basic_mobile_robot/worlds
[1.606s] -- Up-to-date: /home/diego/Workspaces/dev_ws/src/install/basic_mobile_robot/share/basic_mobile_robot/worlds/basic_mobile_bot_world
[1.612s] -- Up-to-date: /home/diego/Workspaces/dev_ws/src/install/basic_mobile_robot/share/basic_mobile_robot/worlds/basic_mobile_bot_world/smalltown.world
[1.612s] -- Up-to-date: /home/diego/Workspaces/dev_ws/src/install/basic_mobile_robot/share/ament_index/resource_index/package_run_dependencies/basic_mobile_robot
[1.612s] -- Up-to-date: /home/diego/Workspaces/dev_ws/src/install/basic_mobile_robot/share/ament_index/resource_index/parent_prefix_path/basic_mobile_robot
[1.612s] -- Up-to-date: /home/diego/Workspaces/dev_ws/src/install/basic_mobile_robot/share/basic_mobile_robot/environment/ament_prefix_path.sh
[1.613s] -- Up-to-date: /home/diego/Workspaces/dev_ws/src/install/basic_mobile_robot/share/basic_mobile_robot/environment/ament_prefix_path.dsv
[1.613s] -- Up-to-date: /home/diego/Workspaces/dev_ws/src/install/basic_mobile_robot/share/basic_mobile_robot/environment/path.sh
[1.613s] -- Up-to-date: /home/diego/Workspaces/dev_ws/src/install/basic_mobile_robot/share/basic_mobile_robot/environment/path.dsv
[1.613s] -- Up-to-date: /home/diego/Workspaces/dev_ws/src/install/basic_mobile_robot/share/basic_mobile_robot/local_setup.bash
[1.613s] -- Up-to-date: /home/diego/Workspaces/dev_ws/src/install/basic_mobile_robot/share/basic_mobile_robot/local_setup.sh
[1.613s] -- Up-to-date: /home/diego/Workspaces/dev_ws/src/install/basic_mobile_robot/share/basic_mobile_robot/local_setup.zsh
[1.614s] -- Up-to-date: /home/diego/Workspaces/dev_ws/src/install/basic_mobile_robot/share/basic_mobile_robot/local_setup.dsv
[1.614s] -- Installing: /home/diego/Workspaces/dev_ws/src/install/basic_mobile_robot/share/basic_mobile_robot/package.dsv
[1.614s] -- Up-to-date: /home/diego/Workspaces/dev_ws/src/install/basic_mobile_robot/share/ament_index/resource_index/packages/basic_mobile_robot
[1.622s] -- Up-to-date: /home/diego/Workspaces/dev_ws/src/install/basic_mobile_robot/share/basic_mobile_robot/cmake/basic_mobile_robotConfig.cmake
[1.622s] -- Up-to-date: /home/diego/Workspaces/dev_ws/src/install/basic_mobile_robot/share/basic_mobile_robot/cmake/basic_mobile_robotConfig-version.cmake
[1.622s] -- Up-to-date: /home/diego/Workspaces/dev_ws/src/install/basic_mobile_robot/share/basic_mobile_robot/package.xml
[1.640s] Invoked command in '/home/diego/Workspaces/dev_ws/src/build/basic_mobile_robot' returned '0': CMAKE_PREFIX_PATH=${CMAKE_PREFIX_PATH}:/home/diego/Workspaces/dev_ws/src/install/controllers:/opt/ros/foxy /usr/bin/cmake --install /home/diego/Workspaces/dev_ws/src/build/basic_mobile_robot
