running egg_info
writing ../build/controllers/controllers.egg-info/PKG-INFO
writing dependency_links to ../build/controllers/controllers.egg-info/dependency_links.txt
writing entry points to ../build/controllers/controllers.egg-info/entry_points.txt
writing requirements to ../build/controllers/controllers.egg-info/requires.txt
writing top-level names to ../build/controllers/controllers.egg-info/top_level.txt
reading manifest file '../build/controllers/controllers.egg-info/SOURCES.txt'
writing manifest file '../build/controllers/controllers.egg-info/SOURCES.txt'
running build
running build_py
running install
running install_lib
running install_data
copying package.xml -> /home/diego/Workspaces/dev_ws/src/install/controllers/share/controllers
running install_egg_info
removing '/home/diego/Workspaces/dev_ws/src/install/controllers/lib/python3.8/site-packages/controllers-0.0.0-py3.8.egg-info' (and everything under it)
Copying ../build/controllers/controllers.egg-info to /home/diego/Workspaces/dev_ws/src/install/controllers/lib/python3.8/site-packages/controllers-0.0.0-py3.8.egg-info
running install_scripts
Installing simple_controller script to /home/diego/Workspaces/dev_ws/src/install/controllers/lib/controllers
writing list of installed files to '/home/diego/Workspaces/dev_ws/src/build/controllers/install.log'
