[1.961s] Invoking command in '/home/diego/Workspaces/dev_ws/src/controllers': PYTHONPATH=/home/diego/Workspaces/dev_ws/src/install/controllers/lib/python3.8/site-packages:${PYTHONPATH} /usr/bin/python3 setup.py egg_info --egg-base ../build/controllers build --build-base /home/diego/Workspaces/dev_ws/src/build/controllers/build install --prefix /home/diego/Workspaces/dev_ws/src/install/controllers --record /home/diego/Workspaces/dev_ws/src/build/controllers/install.log --single-version-externally-managed
[2.547s] running egg_info
[2.549s] writing ../build/controllers/controllers.egg-info/PKG-INFO
[2.550s] writing dependency_links to ../build/controllers/controllers.egg-info/dependency_links.txt
[2.552s] writing entry points to ../build/controllers/controllers.egg-info/entry_points.txt
[2.553s] writing requirements to ../build/controllers/controllers.egg-info/requires.txt
[2.553s] writing top-level names to ../build/controllers/controllers.egg-info/top_level.txt
[2.646s] reading manifest file '../build/controllers/controllers.egg-info/SOURCES.txt'
[2.649s] writing manifest file '../build/controllers/controllers.egg-info/SOURCES.txt'
[2.649s] running build
[2.649s] running build_py
[2.650s] running install
[2.652s] running install_lib
[2.656s] running install_data
[2.658s] copying package.xml -> /home/diego/Workspaces/dev_ws/src/install/controllers/share/controllers
[2.658s] running install_egg_info
[2.664s] removing '/home/diego/Workspaces/dev_ws/src/install/controllers/lib/python3.8/site-packages/controllers-0.0.0-py3.8.egg-info' (and everything under it)
[2.665s] Copying ../build/controllers/controllers.egg-info to /home/diego/Workspaces/dev_ws/src/install/controllers/lib/python3.8/site-packages/controllers-0.0.0-py3.8.egg-info
[2.668s] running install_scripts
[2.716s] Installing simple_controller script to /home/diego/Workspaces/dev_ws/src/install/controllers/lib/controllers
[2.717s] writing list of installed files to '/home/diego/Workspaces/dev_ws/src/build/controllers/install.log'
[2.808s] Invoked command in '/home/diego/Workspaces/dev_ws/src/controllers' returned '0': PYTHONPATH=/home/diego/Workspaces/dev_ws/src/install/controllers/lib/python3.8/site-packages:${PYTHONPATH} /usr/bin/python3 setup.py egg_info --egg-base ../build/controllers build --build-base /home/diego/Workspaces/dev_ws/src/build/controllers/build install --prefix /home/diego/Workspaces/dev_ws/src/install/controllers --record /home/diego/Workspaces/dev_ws/src/build/controllers/install.log --single-version-externally-managed
