[2.423s] Invoking command in '/home/diego/Workspaces/dev_ws/src/controllers': PYTHONPATH=/home/diego/Workspaces/dev_ws/install/controllers/lib/python3.8/site-packages:${PYTHONPATH} /usr/bin/python3 setup.py egg_info --egg-base ../../build/controllers build --build-base /home/diego/Workspaces/dev_ws/build/controllers/build install --prefix /home/diego/Workspaces/dev_ws/install/controllers --record /home/diego/Workspaces/dev_ws/build/controllers/install.log --single-version-externally-managed
[3.589s] running egg_info
[3.591s] writing ../../build/controllers/controllers.egg-info/PKG-INFO
[3.593s] writing dependency_links to ../../build/controllers/controllers.egg-info/dependency_links.txt
[3.595s] writing entry points to ../../build/controllers/controllers.egg-info/entry_points.txt
[3.596s] writing requirements to ../../build/controllers/controllers.egg-info/requires.txt
[3.597s] writing top-level names to ../../build/controllers/controllers.egg-info/top_level.txt
[3.715s] reading manifest file '../../build/controllers/controllers.egg-info/SOURCES.txt'
[3.718s] writing manifest file '../../build/controllers/controllers.egg-info/SOURCES.txt'
[3.719s] running build
[3.719s] running build_py
[3.720s] copying controllers/simple_controller.py -> /home/diego/Workspaces/dev_ws/build/controllers/build/lib/controllers
[3.722s] running install
[3.724s] running install_lib
[3.728s] copying /home/diego/Workspaces/dev_ws/build/controllers/build/lib/controllers/simple_controller.py -> /home/diego/Workspaces/dev_ws/install/controllers/lib/python3.8/site-packages/controllers
[3.730s] byte-compiling /home/diego/Workspaces/dev_ws/install/controllers/lib/python3.8/site-packages/controllers/simple_controller.py to simple_controller.cpython-38.pyc
[3.736s] running install_data
[3.738s] running install_egg_info
[3.742s] removing '/home/diego/Workspaces/dev_ws/install/controllers/lib/python3.8/site-packages/controllers-0.0.0-py3.8.egg-info' (and everything under it)
[3.743s] Copying ../../build/controllers/controllers.egg-info to /home/diego/Workspaces/dev_ws/install/controllers/lib/python3.8/site-packages/controllers-0.0.0-py3.8.egg-info
[3.746s] running install_scripts
[3.790s] Installing simple_controller script to /home/diego/Workspaces/dev_ws/install/controllers/lib/controllers
[3.792s] writing list of installed files to '/home/diego/Workspaces/dev_ws/build/controllers/install.log'
[3.870s] Invoked command in '/home/diego/Workspaces/dev_ws/src/controllers' returned '0': PYTHONPATH=/home/diego/Workspaces/dev_ws/install/controllers/lib/python3.8/site-packages:${PYTHONPATH} /usr/bin/python3 setup.py egg_info --egg-base ../../build/controllers build --build-base /home/diego/Workspaces/dev_ws/build/controllers/build install --prefix /home/diego/Workspaces/dev_ws/install/controllers --record /home/diego/Workspaces/dev_ws/build/controllers/install.log --single-version-externally-managed
