[5.253s] Invoking command in '/home/diego/Workspaces/dev_ws/src/controllers': PYTHONPATH=/home/diego/Workspaces/dev_ws/install/controllers/lib/python3.8/site-packages:${PYTHONPATH} /usr/bin/python3 setup.py egg_info --egg-base ../../build/controllers build --build-base /home/diego/Workspaces/dev_ws/build/controllers/build install --prefix /home/diego/Workspaces/dev_ws/install/controllers --record /home/diego/Workspaces/dev_ws/build/controllers/install.log --single-version-externally-managed
[6.711s] running egg_info
[6.714s] writing ../../build/controllers/controllers.egg-info/PKG-INFO
[6.715s] writing dependency_links to ../../build/controllers/controllers.egg-info/dependency_links.txt
[6.731s] writing entry points to ../../build/controllers/controllers.egg-info/entry_points.txt
[6.733s] writing requirements to ../../build/controllers/controllers.egg-info/requires.txt
[6.734s] writing top-level names to ../../build/controllers/controllers.egg-info/top_level.txt
[6.984s] reading manifest file '../../build/controllers/controllers.egg-info/SOURCES.txt'
[6.990s] writing manifest file '../../build/controllers/controllers.egg-info/SOURCES.txt'
[6.991s] running build
[6.994s] running build_py
[6.994s] running install
[7.001s] running install_lib
[7.025s] running install_data
[7.034s] running install_egg_info
[7.049s] removing '/home/diego/Workspaces/dev_ws/install/controllers/lib/python3.8/site-packages/controllers-0.0.0-py3.8.egg-info' (and everything under it)
[7.051s] Copying ../../build/controllers/controllers.egg-info to /home/diego/Workspaces/dev_ws/install/controllers/lib/python3.8/site-packages/controllers-0.0.0-py3.8.egg-info
[7.053s] running install_scripts
[7.168s] Installing simple_controller script to /home/diego/Workspaces/dev_ws/install/controllers/lib/controllers
[7.169s] writing list of installed files to '/home/diego/Workspaces/dev_ws/build/controllers/install.log'
[7.379s] Invoked command in '/home/diego/Workspaces/dev_ws/src/controllers' returned '0': PYTHONPATH=/home/diego/Workspaces/dev_ws/install/controllers/lib/python3.8/site-packages:${PYTHONPATH} /usr/bin/python3 setup.py egg_info --egg-base ../../build/controllers build --build-base /home/diego/Workspaces/dev_ws/build/controllers/build install --prefix /home/diego/Workspaces/dev_ws/install/controllers --record /home/diego/Workspaces/dev_ws/build/controllers/install.log --single-version-externally-managed
