[2.794s] Invoking command in '/home/diego/Workspaces/dev_ws/src/controllers': PYTHONPATH=/home/diego/Workspaces/dev_ws/install/controllers/lib/python3.8/site-packages:${PYTHONPATH} /usr/bin/python3 setup.py egg_info --egg-base ../../build/controllers build --build-base /home/diego/Workspaces/dev_ws/build/controllers/build install --prefix /home/diego/Workspaces/dev_ws/install/controllers --record /home/diego/Workspaces/dev_ws/build/controllers/install.log --single-version-externally-managed
[3.561s] running egg_info
[3.563s] writing ../../build/controllers/controllers.egg-info/PKG-INFO
[3.564s] writing dependency_links to ../../build/controllers/controllers.egg-info/dependency_links.txt
[3.566s] writing entry points to ../../build/controllers/controllers.egg-info/entry_points.txt
[3.567s] writing requirements to ../../build/controllers/controllers.egg-info/requires.txt
[3.567s] writing top-level names to ../../build/controllers/controllers.egg-info/top_level.txt
[3.667s] reading manifest file '../../build/controllers/controllers.egg-info/SOURCES.txt'
[3.671s] writing manifest file '../../build/controllers/controllers.egg-info/SOURCES.txt'
[3.671s] running build
[3.671s] running build_py
[3.672s] running install
[3.674s] running install_lib
[3.677s] running install_data
[3.678s] running install_egg_info
[3.682s] removing '/home/diego/Workspaces/dev_ws/install/controllers/lib/python3.8/site-packages/controllers-0.0.0-py3.8.egg-info' (and everything under it)
[3.683s] Copying ../../build/controllers/controllers.egg-info to /home/diego/Workspaces/dev_ws/install/controllers/lib/python3.8/site-packages/controllers-0.0.0-py3.8.egg-info
[3.686s] running install_scripts
[3.736s] Installing simple_controller script to /home/diego/Workspaces/dev_ws/install/controllers/lib/controllers
[3.738s] writing list of installed files to '/home/diego/Workspaces/dev_ws/build/controllers/install.log'
[3.817s] Invoked command in '/home/diego/Workspaces/dev_ws/src/controllers' returned '0': PYTHONPATH=/home/diego/Workspaces/dev_ws/install/controllers/lib/python3.8/site-packages:${PYTHONPATH} /usr/bin/python3 setup.py egg_info --egg-base ../../build/controllers build --build-base /home/diego/Workspaces/dev_ws/build/controllers/build install --prefix /home/diego/Workspaces/dev_ws/install/controllers --record /home/diego/Workspaces/dev_ws/build/controllers/install.log --single-version-externally-managed
