[4.601s] Invoking command in '/home/diego/Workspaces/dev_ws/src/controllers': PYTHONPATH=/home/diego/Workspaces/dev_ws/install/controllers/lib/python3.8/site-packages:${PYTHONPATH} /usr/bin/python3 setup.py egg_info --egg-base ../../build/controllers build --build-base /home/diego/Workspaces/dev_ws/build/controllers/build install --prefix /home/diego/Workspaces/dev_ws/install/controllers --record /home/diego/Workspaces/dev_ws/build/controllers/install.log --single-version-externally-managed
[5.792s] running egg_info
[5.795s] writing ../../build/controllers/controllers.egg-info/PKG-INFO
[5.801s] writing dependency_links to ../../build/controllers/controllers.egg-info/dependency_links.txt
[5.802s] writing entry points to ../../build/controllers/controllers.egg-info/entry_points.txt
[5.805s] writing requirements to ../../build/controllers/controllers.egg-info/requires.txt
[5.813s] writing top-level names to ../../build/controllers/controllers.egg-info/top_level.txt
[5.996s] reading manifest file '../../build/controllers/controllers.egg-info/SOURCES.txt'
[6.001s] writing manifest file '../../build/controllers/controllers.egg-info/SOURCES.txt'
[6.007s] running build
[6.007s] running build_py
[6.009s] running install
[6.018s] running install_lib
[6.026s] running install_data
[6.028s] running install_egg_info
[6.040s] removing '/home/diego/Workspaces/dev_ws/install/controllers/lib/python3.8/site-packages/controllers-0.0.0-py3.8.egg-info' (and everything under it)
[6.042s] Copying ../../build/controllers/controllers.egg-info to /home/diego/Workspaces/dev_ws/install/controllers/lib/python3.8/site-packages/controllers-0.0.0-py3.8.egg-info
[6.048s] running install_scripts
[6.144s] Installing simple_controller script to /home/diego/Workspaces/dev_ws/install/controllers/lib/controllers
[6.150s] writing list of installed files to '/home/diego/Workspaces/dev_ws/build/controllers/install.log'
[6.301s] Invoked command in '/home/diego/Workspaces/dev_ws/src/controllers' returned '0': PYTHONPATH=/home/diego/Workspaces/dev_ws/install/controllers/lib/python3.8/site-packages:${PYTHONPATH} /usr/bin/python3 setup.py egg_info --egg-base ../../build/controllers build --build-base /home/diego/Workspaces/dev_ws/build/controllers/build install --prefix /home/diego/Workspaces/dev_ws/install/controllers --record /home/diego/Workspaces/dev_ws/build/controllers/install.log --single-version-externally-managed
