[5.498s] Invoking command in '/home/diego/Workspaces/dev_ws/src/controllers': PYTHONPATH=/home/diego/Workspaces/dev_ws/install/controllers/lib/python3.8/site-packages:${PYTHONPATH} /usr/bin/python3 setup.py egg_info --egg-base ../../build/controllers build --build-base /home/diego/Workspaces/dev_ws/build/controllers/build install --prefix /home/diego/Workspaces/dev_ws/install/controllers --record /home/diego/Workspaces/dev_ws/build/controllers/install.log --single-version-externally-managed
[7.198s] running egg_info
[7.201s] writing ../../build/controllers/controllers.egg-info/PKG-INFO
[7.202s] writing dependency_links to ../../build/controllers/controllers.egg-info/dependency_links.txt
[7.207s] writing entry points to ../../build/controllers/controllers.egg-info/entry_points.txt
[7.207s] writing requirements to ../../build/controllers/controllers.egg-info/requires.txt
[7.215s] writing top-level names to ../../build/controllers/controllers.egg-info/top_level.txt
[7.506s] reading manifest file '../../build/controllers/controllers.egg-info/SOURCES.txt'
[7.510s] writing manifest file '../../build/controllers/controllers.egg-info/SOURCES.txt'
[7.516s] running build
[7.516s] running build_py
[7.517s] running install
[7.518s] running install_lib
[7.539s] running install_data
[7.540s] running install_egg_info
[7.558s] removing '/home/diego/Workspaces/dev_ws/install/controllers/lib/python3.8/site-packages/controllers-0.0.0-py3.8.egg-info' (and everything under it)
[7.559s] Copying ../../build/controllers/controllers.egg-info to /home/diego/Workspaces/dev_ws/install/controllers/lib/python3.8/site-packages/controllers-0.0.0-py3.8.egg-info
[7.571s] running install_scripts
[7.718s] Installing simple_controller script to /home/diego/Workspaces/dev_ws/install/controllers/lib/controllers
[7.725s] writing list of installed files to '/home/diego/Workspaces/dev_ws/build/controllers/install.log'
[7.844s] Invoked command in '/home/diego/Workspaces/dev_ws/src/controllers' returned '0': PYTHONPATH=/home/diego/Workspaces/dev_ws/install/controllers/lib/python3.8/site-packages:${PYTHONPATH} /usr/bin/python3 setup.py egg_info --egg-base ../../build/controllers build --build-base /home/diego/Workspaces/dev_ws/build/controllers/build install --prefix /home/diego/Workspaces/dev_ws/install/controllers --record /home/diego/Workspaces/dev_ws/build/controllers/install.log --single-version-externally-managed
