[3.624s] Invoking command in '/home/diego/Workspaces/dev_ws/src/controllers': PYTHONPATH=/home/diego/Workspaces/dev_ws/install/controllers/lib/python3.8/site-packages:${PYTHONPATH} /usr/bin/python3 setup.py egg_info --egg-base ../../build/controllers build --build-base /home/diego/Workspaces/dev_ws/build/controllers/build install --prefix /home/diego/Workspaces/dev_ws/install/controllers --record /home/diego/Workspaces/dev_ws/build/controllers/install.log --single-version-externally-managed
[4.395s] running egg_info
[4.401s] writing ../../build/controllers/controllers.egg-info/PKG-INFO
[4.401s] writing dependency_links to ../../build/controllers/controllers.egg-info/dependency_links.txt
[4.402s] writing entry points to ../../build/controllers/controllers.egg-info/entry_points.txt
[4.402s] writing requirements to ../../build/controllers/controllers.egg-info/requires.txt
[4.402s] writing top-level names to ../../build/controllers/controllers.egg-info/top_level.txt
[4.507s] reading manifest file '../../build/controllers/controllers.egg-info/SOURCES.txt'
[4.510s] writing manifest file '../../build/controllers/controllers.egg-info/SOURCES.txt'
[4.521s] running build
[4.521s] running build_py
[4.522s] running install
[4.524s] running install_lib
[4.532s] running install_data
[4.534s] running install_egg_info
[4.540s] removing '/home/diego/Workspaces/dev_ws/install/controllers/lib/python3.8/site-packages/controllers-0.0.0-py3.8.egg-info' (and everything under it)
[4.544s] Copying ../../build/controllers/controllers.egg-info to /home/diego/Workspaces/dev_ws/install/controllers/lib/python3.8/site-packages/controllers-0.0.0-py3.8.egg-info
[4.549s] running install_scripts
[4.612s] Installing simple_controller script to /home/diego/Workspaces/dev_ws/install/controllers/lib/controllers
[4.614s] writing list of installed files to '/home/diego/Workspaces/dev_ws/build/controllers/install.log'
[4.725s] Invoked command in '/home/diego/Workspaces/dev_ws/src/controllers' returned '0': PYTHONPATH=/home/diego/Workspaces/dev_ws/install/controllers/lib/python3.8/site-packages:${PYTHONPATH} /usr/bin/python3 setup.py egg_info --egg-base ../../build/controllers build --build-base /home/diego/Workspaces/dev_ws/build/controllers/build install --prefix /home/diego/Workspaces/dev_ws/install/controllers --record /home/diego/Workspaces/dev_ws/build/controllers/install.log --single-version-externally-managed
