[2.923s] Invoking command in '/home/diego/Workspaces/dev_ws/src/controllers': PYTHONPATH=/home/diego/Workspaces/dev_ws/install/controllers/lib/python3.8/site-packages:${PYTHONPATH} /usr/bin/python3 setup.py egg_info --egg-base ../../build/controllers build --build-base /home/diego/Workspaces/dev_ws/build/controllers/build install --prefix /home/diego/Workspaces/dev_ws/install/controllers --record /home/diego/Workspaces/dev_ws/build/controllers/install.log --single-version-externally-managed
[3.629s] running egg_info
[3.631s] writing ../../build/controllers/controllers.egg-info/PKG-INFO
[3.633s] writing dependency_links to ../../build/controllers/controllers.egg-info/dependency_links.txt
[3.635s] writing entry points to ../../build/controllers/controllers.egg-info/entry_points.txt
[3.636s] writing requirements to ../../build/controllers/controllers.egg-info/requires.txt
[3.638s] writing top-level names to ../../build/controllers/controllers.egg-info/top_level.txt
[3.740s] reading manifest file '../../build/controllers/controllers.egg-info/SOURCES.txt'
[3.743s] writing manifest file '../../build/controllers/controllers.egg-info/SOURCES.txt'
[3.744s] running build
[3.744s] running build_py
[3.745s] copying controllers/simple_controller.py -> /home/diego/Workspaces/dev_ws/build/controllers/build/lib/controllers
[3.747s] running install
[3.750s] running install_lib
[3.753s] copying /home/diego/Workspaces/dev_ws/build/controllers/build/lib/controllers/simple_controller.py -> /home/diego/Workspaces/dev_ws/install/controllers/lib/python3.8/site-packages/controllers
[3.755s] byte-compiling /home/diego/Workspaces/dev_ws/install/controllers/lib/python3.8/site-packages/controllers/simple_controller.py to simple_controller.cpython-38.pyc
[3.760s] running install_data
[3.762s] running install_egg_info
[3.770s] removing '/home/diego/Workspaces/dev_ws/install/controllers/lib/python3.8/site-packages/controllers-0.0.0-py3.8.egg-info' (and everything under it)
[3.771s] Copying ../../build/controllers/controllers.egg-info to /home/diego/Workspaces/dev_ws/install/controllers/lib/python3.8/site-packages/controllers-0.0.0-py3.8.egg-info
[3.773s] running install_scripts
[3.821s] Installing simple_controller script to /home/diego/Workspaces/dev_ws/install/controllers/lib/controllers
[3.824s] writing list of installed files to '/home/diego/Workspaces/dev_ws/build/controllers/install.log'
[3.911s] Invoked command in '/home/diego/Workspaces/dev_ws/src/controllers' returned '0': PYTHONPATH=/home/diego/Workspaces/dev_ws/install/controllers/lib/python3.8/site-packages:${PYTHONPATH} /usr/bin/python3 setup.py egg_info --egg-base ../../build/controllers build --build-base /home/diego/Workspaces/dev_ws/build/controllers/build install --prefix /home/diego/Workspaces/dev_ws/install/controllers --record /home/diego/Workspaces/dev_ws/build/controllers/install.log --single-version-externally-managed
