[1.985s] Invoking command in '/home/diego/Workspaces/dev_ws/src/controllers': PYTHONPATH=/home/diego/Workspaces/dev_ws/install/controllers/lib/python3.8/site-packages:${PYTHONPATH} /usr/bin/python3 setup.py egg_info --egg-base ../../build/controllers build --build-base /home/diego/Workspaces/dev_ws/build/controllers/build install --prefix /home/diego/Workspaces/dev_ws/install/controllers --record /home/diego/Workspaces/dev_ws/build/controllers/install.log --single-version-externally-managed
[2.575s] running egg_info
[2.577s] writing ../../build/controllers/controllers.egg-info/PKG-INFO
[2.578s] writing dependency_links to ../../build/controllers/controllers.egg-info/dependency_links.txt
[2.578s] writing entry points to ../../build/controllers/controllers.egg-info/entry_points.txt
[2.579s] writing requirements to ../../build/controllers/controllers.egg-info/requires.txt
[2.579s] writing top-level names to ../../build/controllers/controllers.egg-info/top_level.txt
[2.678s] reading manifest file '../../build/controllers/controllers.egg-info/SOURCES.txt'
[2.680s] writing manifest file '../../build/controllers/controllers.egg-info/SOURCES.txt'
[2.681s] running build
[2.681s] running build_py
[2.682s] running install
[2.684s] running install_lib
[2.688s] running install_data
[2.689s] running install_egg_info
[2.693s] removing '/home/diego/Workspaces/dev_ws/install/controllers/lib/python3.8/site-packages/controllers-0.0.0-py3.8.egg-info' (and everything under it)
[2.694s] Copying ../../build/controllers/controllers.egg-info to /home/diego/Workspaces/dev_ws/install/controllers/lib/python3.8/site-packages/controllers-0.0.0-py3.8.egg-info
[2.696s] running install_scripts
[2.746s] Installing simple_controller script to /home/diego/Workspaces/dev_ws/install/controllers/lib/controllers
[2.748s] writing list of installed files to '/home/diego/Workspaces/dev_ws/build/controllers/install.log'
[2.834s] Invoked command in '/home/diego/Workspaces/dev_ws/src/controllers' returned '0': PYTHONPATH=/home/diego/Workspaces/dev_ws/install/controllers/lib/python3.8/site-packages:${PYTHONPATH} /usr/bin/python3 setup.py egg_info --egg-base ../../build/controllers build --build-base /home/diego/Workspaces/dev_ws/build/controllers/build install --prefix /home/diego/Workspaces/dev_ws/install/controllers --record /home/diego/Workspaces/dev_ws/build/controllers/install.log --single-version-externally-managed
