[1.702s] Invoking command in '/home/diego/Workspaces/dev_ws/src/controllers': PYTHONPATH=/home/diego/Workspaces/dev_ws/install/controllers/lib/python3.8/site-packages:${PYTHONPATH} /usr/bin/python3 setup.py egg_info --egg-base ../../build/controllers build --build-base /home/diego/Workspaces/dev_ws/build/controllers/build install --prefix /home/diego/Workspaces/dev_ws/install/controllers --record /home/diego/Workspaces/dev_ws/build/controllers/install.log --single-version-externally-managed
[2.228s] running egg_info
[2.230s] writing ../../build/controllers/controllers.egg-info/PKG-INFO
[2.232s] writing dependency_links to ../../build/controllers/controllers.egg-info/dependency_links.txt
[2.233s] writing entry points to ../../build/controllers/controllers.egg-info/entry_points.txt
[2.233s] writing requirements to ../../build/controllers/controllers.egg-info/requires.txt
[2.234s] writing top-level names to ../../build/controllers/controllers.egg-info/top_level.txt
[2.314s] reading manifest file '../../build/controllers/controllers.egg-info/SOURCES.txt'
[2.317s] writing manifest file '../../build/controllers/controllers.egg-info/SOURCES.txt'
[2.317s] running build
[2.317s] running build_py
[2.318s] running install
[2.320s] running install_lib
[2.327s] running install_data
[2.328s] running install_egg_info
[2.330s] removing '/home/diego/Workspaces/dev_ws/install/controllers/lib/python3.8/site-packages/controllers-0.0.0-py3.8.egg-info' (and everything under it)
[2.331s] Copying ../../build/controllers/controllers.egg-info to /home/diego/Workspaces/dev_ws/install/controllers/lib/python3.8/site-packages/controllers-0.0.0-py3.8.egg-info
[2.339s] running install_scripts
[2.379s] Installing simple_controller script to /home/diego/Workspaces/dev_ws/install/controllers/lib/controllers
[2.380s] writing list of installed files to '/home/diego/Workspaces/dev_ws/build/controllers/install.log'
[2.448s] Invoked command in '/home/diego/Workspaces/dev_ws/src/controllers' returned '0': PYTHONPATH=/home/diego/Workspaces/dev_ws/install/controllers/lib/python3.8/site-packages:${PYTHONPATH} /usr/bin/python3 setup.py egg_info --egg-base ../../build/controllers build --build-base /home/diego/Workspaces/dev_ws/build/controllers/build install --prefix /home/diego/Workspaces/dev_ws/install/controllers --record /home/diego/Workspaces/dev_ws/build/controllers/install.log --single-version-externally-managed
