[3.556s] Invoking command in '/home/diego/Workspaces/dev_ws/src/controllers': PYTHONPATH=/home/diego/Workspaces/dev_ws/install/controllers/lib/python3.8/site-packages:${PYTHONPATH} /usr/bin/python3 setup.py egg_info --egg-base ../../build/controllers build --build-base /home/diego/Workspaces/dev_ws/build/controllers/build install --prefix /home/diego/Workspaces/dev_ws/install/controllers --record /home/diego/Workspaces/dev_ws/build/controllers/install.log --single-version-externally-managed
[4.389s] running egg_info
[4.392s] writing ../../build/controllers/controllers.egg-info/PKG-INFO
[4.395s] writing dependency_links to ../../build/controllers/controllers.egg-info/dependency_links.txt
[4.396s] writing entry points to ../../build/controllers/controllers.egg-info/entry_points.txt
[4.399s] writing requirements to ../../build/controllers/controllers.egg-info/requires.txt
[4.400s] writing top-level names to ../../build/controllers/controllers.egg-info/top_level.txt
[4.538s] reading manifest file '../../build/controllers/controllers.egg-info/SOURCES.txt'
[4.544s] writing manifest file '../../build/controllers/controllers.egg-info/SOURCES.txt'
[4.545s] running build
[4.546s] running build_py
[4.550s] running install
[4.553s] running install_lib
[4.560s] running install_data
[4.564s] running install_egg_info
[4.574s] removing '/home/diego/Workspaces/dev_ws/install/controllers/lib/python3.8/site-packages/controllers-0.0.0-py3.8.egg-info' (and everything under it)
[4.579s] Copying ../../build/controllers/controllers.egg-info to /home/diego/Workspaces/dev_ws/install/controllers/lib/python3.8/site-packages/controllers-0.0.0-py3.8.egg-info
[4.584s] running install_scripts
[4.673s] Installing simple_controller script to /home/diego/Workspaces/dev_ws/install/controllers/lib/controllers
[4.675s] writing list of installed files to '/home/diego/Workspaces/dev_ws/build/controllers/install.log'
[4.773s] Invoked command in '/home/diego/Workspaces/dev_ws/src/controllers' returned '0': PYTHONPATH=/home/diego/Workspaces/dev_ws/install/controllers/lib/python3.8/site-packages:${PYTHONPATH} /usr/bin/python3 setup.py egg_info --egg-base ../../build/controllers build --build-base /home/diego/Workspaces/dev_ws/build/controllers/build install --prefix /home/diego/Workspaces/dev_ws/install/controllers --record /home/diego/Workspaces/dev_ws/build/controllers/install.log --single-version-externally-managed
