[2.333s] Invoking command in '/home/diego/Workspaces/dev_ws/src/controllers': PYTHONPATH=/home/diego/Workspaces/dev_ws/install/controllers/lib/python3.8/site-packages:${PYTHONPATH} /usr/bin/python3 setup.py egg_info --egg-base ../../build/controllers build --build-base /home/diego/Workspaces/dev_ws/build/controllers/build install --prefix /home/diego/Workspaces/dev_ws/install/controllers --record /home/diego/Workspaces/dev_ws/build/controllers/install.log --single-version-externally-managed
[2.909s] running egg_info
[2.916s] writing ../../build/controllers/controllers.egg-info/PKG-INFO
[2.917s] writing dependency_links to ../../build/controllers/controllers.egg-info/dependency_links.txt
[2.918s] writing entry points to ../../build/controllers/controllers.egg-info/entry_points.txt
[2.918s] writing requirements to ../../build/controllers/controllers.egg-info/requires.txt
[2.919s] writing top-level names to ../../build/controllers/controllers.egg-info/top_level.txt
[3.004s] reading manifest file '../../build/controllers/controllers.egg-info/SOURCES.txt'
[3.006s] writing manifest file '../../build/controllers/controllers.egg-info/SOURCES.txt'
[3.007s] running build
[3.007s] running build_py
[3.007s] running install
[3.009s] running install_lib
[3.013s] running install_data
[3.014s] running install_egg_info
[3.017s] removing '/home/diego/Workspaces/dev_ws/install/controllers/lib/python3.8/site-packages/controllers-0.0.0-py3.8.egg-info' (and everything under it)
[3.018s] Copying ../../build/controllers/controllers.egg-info to /home/diego/Workspaces/dev_ws/install/controllers/lib/python3.8/site-packages/controllers-0.0.0-py3.8.egg-info
[3.020s] running install_scripts
[3.061s] Installing simple_controller script to /home/diego/Workspaces/dev_ws/install/controllers/lib/controllers
[3.063s] writing list of installed files to '/home/diego/Workspaces/dev_ws/build/controllers/install.log'
[3.129s] Invoked command in '/home/diego/Workspaces/dev_ws/src/controllers' returned '0': PYTHONPATH=/home/diego/Workspaces/dev_ws/install/controllers/lib/python3.8/site-packages:${PYTHONPATH} /usr/bin/python3 setup.py egg_info --egg-base ../../build/controllers build --build-base /home/diego/Workspaces/dev_ws/build/controllers/build install --prefix /home/diego/Workspaces/dev_ws/install/controllers --record /home/diego/Workspaces/dev_ws/build/controllers/install.log --single-version-externally-managed
