[1.976s] Invoking command in '/home/diego/Workspaces/dev_ws/src/controllers': PYTHONPATH=/home/diego/Workspaces/dev_ws/install/controllers/lib/python3.8/site-packages:${PYTHONPATH} /usr/bin/python3 setup.py egg_info --egg-base ../../build/controllers build --build-base /home/diego/Workspaces/dev_ws/build/controllers/build install --prefix /home/diego/Workspaces/dev_ws/install/controllers --record /home/diego/Workspaces/dev_ws/build/controllers/install.log --single-version-externally-managed
[2.493s] running egg_info
[2.494s] creating ../../build/controllers/controllers.egg-info
[2.494s] writing ../../build/controllers/controllers.egg-info/PKG-INFO
[2.495s] writing dependency_links to ../../build/controllers/controllers.egg-info/dependency_links.txt
[2.496s] writing entry points to ../../build/controllers/controllers.egg-info/entry_points.txt
[2.496s] writing requirements to ../../build/controllers/controllers.egg-info/requires.txt
[2.496s] writing top-level names to ../../build/controllers/controllers.egg-info/top_level.txt
[2.499s] writing manifest file '../../build/controllers/controllers.egg-info/SOURCES.txt'
[2.578s] reading manifest file '../../build/controllers/controllers.egg-info/SOURCES.txt'
[2.580s] writing manifest file '../../build/controllers/controllers.egg-info/SOURCES.txt'
[2.582s] running build
[2.582s] running build_py
[2.583s] creating /home/diego/Workspaces/dev_ws/build/controllers/build
[2.583s] creating /home/diego/Workspaces/dev_ws/build/controllers/build/lib
[2.583s] creating /home/diego/Workspaces/dev_ws/build/controllers/build/lib/controllers
[2.583s] copying controllers/simple_controller.py -> /home/diego/Workspaces/dev_ws/build/controllers/build/lib/controllers
[2.584s] copying controllers/__init__.py -> /home/diego/Workspaces/dev_ws/build/controllers/build/lib/controllers
[2.584s] running install
[2.586s] running install_lib
[2.588s] creating /home/diego/Workspaces/dev_ws/install/controllers/lib/python3.8/site-packages/controllers
[2.588s] copying /home/diego/Workspaces/dev_ws/build/controllers/build/lib/controllers/simple_controller.py -> /home/diego/Workspaces/dev_ws/install/controllers/lib/python3.8/site-packages/controllers
[2.588s] copying /home/diego/Workspaces/dev_ws/build/controllers/build/lib/controllers/__init__.py -> /home/diego/Workspaces/dev_ws/install/controllers/lib/python3.8/site-packages/controllers
[2.590s] byte-compiling /home/diego/Workspaces/dev_ws/install/controllers/lib/python3.8/site-packages/controllers/simple_controller.py to simple_controller.cpython-38.pyc
[2.593s] byte-compiling /home/diego/Workspaces/dev_ws/install/controllers/lib/python3.8/site-packages/controllers/__init__.py to __init__.cpython-38.pyc
[2.594s] running install_data
[2.595s] creating /home/diego/Workspaces/dev_ws/install/controllers/share/ament_index
[2.596s] creating /home/diego/Workspaces/dev_ws/install/controllers/share/ament_index/resource_index
[2.596s] creating /home/diego/Workspaces/dev_ws/install/controllers/share/ament_index/resource_index/packages
[2.596s] copying resource/controllers -> /home/diego/Workspaces/dev_ws/install/controllers/share/ament_index/resource_index/packages
[2.596s] copying package.xml -> /home/diego/Workspaces/dev_ws/install/controllers/share/controllers
[2.596s] running install_egg_info
[2.600s] Copying ../../build/controllers/controllers.egg-info to /home/diego/Workspaces/dev_ws/install/controllers/lib/python3.8/site-packages/controllers-0.0.0-py3.8.egg-info
[2.602s] running install_scripts
[2.648s] Installing simple_controller script to /home/diego/Workspaces/dev_ws/install/controllers/lib/controllers
[2.649s] writing list of installed files to '/home/diego/Workspaces/dev_ws/build/controllers/install.log'
[2.722s] Invoked command in '/home/diego/Workspaces/dev_ws/src/controllers' returned '0': PYTHONPATH=/home/diego/Workspaces/dev_ws/install/controllers/lib/python3.8/site-packages:${PYTHONPATH} /usr/bin/python3 setup.py egg_info --egg-base ../../build/controllers build --build-base /home/diego/Workspaces/dev_ws/build/controllers/build install --prefix /home/diego/Workspaces/dev_ws/install/controllers --record /home/diego/Workspaces/dev_ws/build/controllers/install.log --single-version-externally-managed
