[0.050s] Invoking command in '/home/diego/Workspaces/dev_ws/src/basic_mobile_robot/build/basic_mobile_robot': CMAKE_PREFIX_PATH=/opt/ros/foxy /usr/bin/cmake --build /home/diego/Workspaces/dev_ws/src/basic_mobile_robot/build/basic_mobile_robot -- -j2 -l2
[0.147s] Invoked command in '/home/diego/Workspaces/dev_ws/src/basic_mobile_robot/build/basic_mobile_robot' returned '0': CMAKE_PREFIX_PATH=/opt/ros/foxy /usr/bin/cmake --build /home/diego/Workspaces/dev_ws/src/basic_mobile_robot/build/basic_mobile_robot -- -j2 -l2
[0.220s] Invoking command in '/home/diego/Workspaces/dev_ws/src/basic_mobile_robot/build/basic_mobile_robot': CMAKE_PREFIX_PATH=/opt/ros/foxy /usr/bin/cmake --install /home/diego/Workspaces/dev_ws/src/basic_mobile_robot/build/basic_mobile_robot
[0.240s] -- Install configuration: ""
[0.241s] -- Up-to-date: /home/diego/Workspaces/dev_ws/src/basic_mobile_robot/install/basic_mobile_robot/share/basic_mobile_robot/config
[0.241s] -- Up-to-date: /home/diego/Workspaces/dev_ws/src/basic_mobile_robot/install/basic_mobile_robot/share/basic_mobile_robot/launch
[0.242s] -- Up-to-date: /home/diego/Workspaces/dev_ws/src/basic_mobile_robot/install/basic_mobile_robot/share/basic_mobile_robot/launch/basic_mobile_bot_v1.launch.py
[0.242s] -- Up-to-date: /home/diego/Workspaces/dev_ws/src/basic_mobile_robot/install/basic_mobile_robot/share/basic_mobile_robot/maps
[0.242s] -- Up-to-date: /home/diego/Workspaces/dev_ws/src/basic_mobile_robot/install/basic_mobile_robot/share/basic_mobile_robot/meshes
[0.242s] -- Up-to-date: /home/diego/Workspaces/dev_ws/src/basic_mobile_robot/install/basic_mobile_robot/share/basic_mobile_robot/meshes/arm_base.stl
[0.242s] -- Up-to-date: /home/diego/Workspaces/dev_ws/src/basic_mobile_robot/install/basic_mobile_robot/share/basic_mobile_robot/meshes/wrist.stl
[0.242s] -- Up-to-date: /home/diego/Workspaces/dev_ws/src/basic_mobile_robot/install/basic_mobile_robot/share/basic_mobile_robot/meshes/bicep.stl
[0.243s] -- Up-to-date: /home/diego/Workspaces/dev_ws/src/basic_mobile_robot/install/basic_mobile_robot/share/basic_mobile_robot/meshes/elbow.stl
[0.243s] -- Up-to-date: /home/diego/Workspaces/dev_ws/src/basic_mobile_robot/install/basic_mobile_robot/share/basic_mobile_robot/meshes/robot_base.stl
[0.243s] -- Up-to-date: /home/diego/Workspaces/dev_ws/src/basic_mobile_robot/install/basic_mobile_robot/share/basic_mobile_robot/meshes/wheel.stl
[0.244s] -- Up-to-date: /home/diego/Workspaces/dev_ws/src/basic_mobile_robot/install/basic_mobile_robot/share/basic_mobile_robot/models
[0.244s] -- Up-to-date: /home/diego/Workspaces/dev_ws/src/basic_mobile_robot/install/basic_mobile_robot/share/basic_mobile_robot/models/basic_mobile_bot_description
[0.245s] -- Up-to-date: /home/diego/Workspaces/dev_ws/src/basic_mobile_robot/install/basic_mobile_robot/share/basic_mobile_robot/models/basic_mobile_bot_description/meshes
[0.245s] -- Up-to-date: /home/diego/Workspaces/dev_ws/src/basic_mobile_robot/install/basic_mobile_robot/share/basic_mobile_robot/models/basic_mobile_bot_description/meshes/arm_base.stl
[0.245s] -- Up-to-date: /home/diego/Workspaces/dev_ws/src/basic_mobile_robot/install/basic_mobile_robot/share/basic_mobile_robot/models/basic_mobile_bot_description/meshes/wrist.stl
[0.246s] -- Up-to-date: /home/diego/Workspaces/dev_ws/src/basic_mobile_robot/install/basic_mobile_robot/share/basic_mobile_robot/models/basic_mobile_bot_description/meshes/bicep.stl
[0.246s] -- Up-to-date: /home/diego/Workspaces/dev_ws/src/basic_mobile_robot/install/basic_mobile_robot/share/basic_mobile_robot/models/basic_mobile_bot_description/meshes/elbow.stl
[0.246s] -- Up-to-date: /home/diego/Workspaces/dev_ws/src/basic_mobile_robot/install/basic_mobile_robot/share/basic_mobile_robot/models/basic_mobile_bot_description/meshes/robot_base.stl
[0.246s] -- Up-to-date: /home/diego/Workspaces/dev_ws/src/basic_mobile_robot/install/basic_mobile_robot/share/basic_mobile_robot/models/basic_mobile_bot_description/meshes/wheel.stl
[0.246s] -- Up-to-date: /home/diego/Workspaces/dev_ws/src/basic_mobile_robot/install/basic_mobile_robot/share/basic_mobile_robot/models/basic_mobile_bot_description/model.config
[0.247s] -- Up-to-date: /home/diego/Workspaces/dev_ws/src/basic_mobile_robot/install/basic_mobile_robot/share/basic_mobile_robot/models/basic_mobile_bot_description/model.sdf
[0.247s] -- Up-to-date: /home/diego/Workspaces/dev_ws/src/basic_mobile_robot/install/basic_mobile_robot/share/basic_mobile_robot/models/basic_mobile_bot_v1.urdf
[0.247s] -- Up-to-date: /home/diego/Workspaces/dev_ws/src/basic_mobile_robot/install/basic_mobile_robot/share/basic_mobile_robot/params
[0.247s] -- Up-to-date: /home/diego/Workspaces/dev_ws/src/basic_mobile_robot/install/basic_mobile_robot/share/basic_mobile_robot/rviz
[0.248s] -- Up-to-date: /home/diego/Workspaces/dev_ws/src/basic_mobile_robot/install/basic_mobile_robot/share/basic_mobile_robot/rviz/urdf_config.rviz
[0.249s] -- Up-to-date: /home/diego/Workspaces/dev_ws/src/basic_mobile_robot/install/basic_mobile_robot/share/basic_mobile_robot/src
[0.249s] -- Up-to-date: /home/diego/Workspaces/dev_ws/src/basic_mobile_robot/install/basic_mobile_robot/share/basic_mobile_robot/worlds
[0.249s] -- Up-to-date: /home/diego/Workspaces/dev_ws/src/basic_mobile_robot/install/basic_mobile_robot/share/ament_index/resource_index/package_run_dependencies/basic_mobile_robot
[0.250s] -- Up-to-date: /home/diego/Workspaces/dev_ws/src/basic_mobile_robot/install/basic_mobile_robot/share/ament_index/resource_index/parent_prefix_path/basic_mobile_robot
[0.250s] -- Up-to-date: /home/diego/Workspaces/dev_ws/src/basic_mobile_robot/install/basic_mobile_robot/share/basic_mobile_robot/environment/ament_prefix_path.sh
[0.250s] -- Up-to-date: /home/diego/Workspaces/dev_ws/src/basic_mobile_robot/install/basic_mobile_robot/share/basic_mobile_robot/environment/ament_prefix_path.dsv
[0.250s] -- Up-to-date: /home/diego/Workspaces/dev_ws/src/basic_mobile_robot/install/basic_mobile_robot/share/basic_mobile_robot/environment/path.sh
[0.250s] -- Up-to-date: /home/diego/Workspaces/dev_ws/src/basic_mobile_robot/install/basic_mobile_robot/share/basic_mobile_robot/environment/path.dsv
[0.251s] -- Up-to-date: /home/diego/Workspaces/dev_ws/src/basic_mobile_robot/install/basic_mobile_robot/share/basic_mobile_robot/local_setup.bash
[0.251s] -- Up-to-date: /home/diego/Workspaces/dev_ws/src/basic_mobile_robot/install/basic_mobile_robot/share/basic_mobile_robot/local_setup.sh
[0.251s] -- Up-to-date: /home/diego/Workspaces/dev_ws/src/basic_mobile_robot/install/basic_mobile_robot/share/basic_mobile_robot/local_setup.zsh
[0.251s] -- Up-to-date: /home/diego/Workspaces/dev_ws/src/basic_mobile_robot/install/basic_mobile_robot/share/basic_mobile_robot/local_setup.dsv
[0.252s] -- Installing: /home/diego/Workspaces/dev_ws/src/basic_mobile_robot/install/basic_mobile_robot/share/basic_mobile_robot/package.dsv
[0.253s] -- Up-to-date: /home/diego/Workspaces/dev_ws/src/basic_mobile_robot/install/basic_mobile_robot/share/ament_index/resource_index/packages/basic_mobile_robot
[0.254s] -- Up-to-date: /home/diego/Workspaces/dev_ws/src/basic_mobile_robot/install/basic_mobile_robot/share/basic_mobile_robot/cmake/basic_mobile_robotConfig.cmake
[0.256s] -- Up-to-date: /home/diego/Workspaces/dev_ws/src/basic_mobile_robot/install/basic_mobile_robot/share/basic_mobile_robot/cmake/basic_mobile_robotConfig-version.cmake
[0.256s] -- Up-to-date: /home/diego/Workspaces/dev_ws/src/basic_mobile_robot/install/basic_mobile_robot/share/basic_mobile_robot/package.xml
[0.257s] Invoked command in '/home/diego/Workspaces/dev_ws/src/basic_mobile_robot/build/basic_mobile_robot' returned '0': CMAKE_PREFIX_PATH=/opt/ros/foxy /usr/bin/cmake --install /home/diego/Workspaces/dev_ws/src/basic_mobile_robot/build/basic_mobile_robot
