[2.386s] Invoking command in '/home/diego/Workspaces/dev_ws/src/controllers': PYTHONPATH=/home/diego/Workspaces/dev_ws/install/controllers/lib/python3.8/site-packages:${PYTHONPATH} /usr/bin/python3 setup.py egg_info --egg-base ../../build/controllers build --build-base /home/diego/Workspaces/dev_ws/build/controllers/build install --prefix /home/diego/Workspaces/dev_ws/install/controllers --record /home/diego/Workspaces/dev_ws/build/controllers/install.log --single-version-externally-managed
[2.929s] running egg_info
[2.931s] writing ../../build/controllers/controllers.egg-info/PKG-INFO
[2.932s] writing dependency_links to ../../build/controllers/controllers.egg-info/dependency_links.txt
[2.934s] writing entry points to ../../build/controllers/controllers.egg-info/entry_points.txt
[2.935s] writing requirements to ../../build/controllers/controllers.egg-info/requires.txt
[2.936s] writing top-level names to ../../build/controllers/controllers.egg-info/top_level.txt
[3.034s] reading manifest file '../../build/controllers/controllers.egg-info/SOURCES.txt'
[3.037s] writing manifest file '../../build/controllers/controllers.egg-info/SOURCES.txt'
[3.038s] running build
[3.039s] running build_py
[3.040s] running install
[3.042s] running install_lib
[3.046s] running install_data
[3.048s] running install_egg_info
[3.053s] removing '/home/diego/Workspaces/dev_ws/install/controllers/lib/python3.8/site-packages/controllers-0.0.0-py3.8.egg-info' (and everything under it)
[3.054s] Copying ../../build/controllers/controllers.egg-info to /home/diego/Workspaces/dev_ws/install/controllers/lib/python3.8/site-packages/controllers-0.0.0-py3.8.egg-info
[3.057s] running install_scripts
[3.102s] Installing simple_controller script to /home/diego/Workspaces/dev_ws/install/controllers/lib/controllers
[3.104s] writing list of installed files to '/home/diego/Workspaces/dev_ws/build/controllers/install.log'
[3.176s] Invoked command in '/home/diego/Workspaces/dev_ws/src/controllers' returned '0': PYTHONPATH=/home/diego/Workspaces/dev_ws/install/controllers/lib/python3.8/site-packages:${PYTHONPATH} /usr/bin/python3 setup.py egg_info --egg-base ../../build/controllers build --build-base /home/diego/Workspaces/dev_ws/build/controllers/build install --prefix /home/diego/Workspaces/dev_ws/install/controllers --record /home/diego/Workspaces/dev_ws/build/controllers/install.log --single-version-externally-managed
