[3.453s] Invoking command in '/home/diego/Workspaces/dev_ws/src/controllers': PYTHONPATH=/home/diego/Workspaces/dev_ws/install/controllers/lib/python3.8/site-packages:${PYTHONPATH} /usr/bin/python3 setup.py egg_info --egg-base ../../build/controllers build --build-base /home/diego/Workspaces/dev_ws/build/controllers/build install --prefix /home/diego/Workspaces/dev_ws/install/controllers --record /home/diego/Workspaces/dev_ws/build/controllers/install.log --single-version-externally-managed
[4.328s] running egg_info
[4.330s] writing ../../build/controllers/controllers.egg-info/PKG-INFO
[4.332s] writing dependency_links to ../../build/controllers/controllers.egg-info/dependency_links.txt
[4.333s] writing entry points to ../../build/controllers/controllers.egg-info/entry_points.txt
[4.338s] writing requirements to ../../build/controllers/controllers.egg-info/requires.txt
[4.339s] writing top-level names to ../../build/controllers/controllers.egg-info/top_level.txt
[4.492s] reading manifest file '../../build/controllers/controllers.egg-info/SOURCES.txt'
[4.495s] writing manifest file '../../build/controllers/controllers.egg-info/SOURCES.txt'
[4.499s] running build
[4.499s] running build_py
[4.500s] copying controllers/simple_controller.py -> /home/diego/Workspaces/dev_ws/build/controllers/build/lib/controllers
[4.501s] running install
[4.512s] running install_lib
[4.514s] copying /home/diego/Workspaces/dev_ws/build/controllers/build/lib/controllers/simple_controller.py -> /home/diego/Workspaces/dev_ws/install/controllers/lib/python3.8/site-packages/controllers
[4.516s] byte-compiling /home/diego/Workspaces/dev_ws/install/controllers/lib/python3.8/site-packages/controllers/simple_controller.py to simple_controller.cpython-38.pyc
[4.521s] running install_data
[4.523s] running install_egg_info
[4.528s] removing '/home/diego/Workspaces/dev_ws/install/controllers/lib/python3.8/site-packages/controllers-0.0.0-py3.8.egg-info' (and everything under it)
[4.529s] Copying ../../build/controllers/controllers.egg-info to /home/diego/Workspaces/dev_ws/install/controllers/lib/python3.8/site-packages/controllers-0.0.0-py3.8.egg-info
[4.536s] running install_scripts
[4.592s] Installing simple_controller script to /home/diego/Workspaces/dev_ws/install/controllers/lib/controllers
[4.596s] writing list of installed files to '/home/diego/Workspaces/dev_ws/build/controllers/install.log'
[4.716s] Invoked command in '/home/diego/Workspaces/dev_ws/src/controllers' returned '0': PYTHONPATH=/home/diego/Workspaces/dev_ws/install/controllers/lib/python3.8/site-packages:${PYTHONPATH} /usr/bin/python3 setup.py egg_info --egg-base ../../build/controllers build --build-base /home/diego/Workspaces/dev_ws/build/controllers/build install --prefix /home/diego/Workspaces/dev_ws/install/controllers --record /home/diego/Workspaces/dev_ws/build/controllers/install.log --single-version-externally-managed
