[0.186s] Invoking command in '/home/diego/Workspaces/dev_ws/src/build/basic_mobile_robot': CMAKE_PREFIX_PATH=${CMAKE_PREFIX_PATH}:/home/diego/Workspaces/dev_ws/src/install/controllers:/opt/ros/foxy /usr/bin/cmake --build /home/diego/Workspaces/dev_ws/src/build/basic_mobile_robot -- -j2 -l2
[1.073s] Invoked command in '/home/diego/Workspaces/dev_ws/src/build/basic_mobile_robot' returned '0': CMAKE_PREFIX_PATH=${CMAKE_PREFIX_PATH}:/home/diego/Workspaces/dev_ws/src/install/controllers:/opt/ros/foxy /usr/bin/cmake --build /home/diego/Workspaces/dev_ws/src/build/basic_mobile_robot -- -j2 -l2
[1.331s] Invoking command in '/home/diego/Workspaces/dev_ws/src/build/basic_mobile_robot': CMAKE_PREFIX_PATH=${CMAKE_PREFIX_PATH}:/home/diego/Workspaces/dev_ws/src/install/controllers:/opt/ros/foxy /usr/bin/cmake --install /home/diego/Workspaces/dev_ws/src/build/basic_mobile_robot
[1.390s] -- Install configuration: ""
[1.391s] -- Up-to-date: /home/diego/Workspaces/dev_ws/src/install/basic_mobile_robot/share/basic_mobile_robot/config
[1.392s] -- Up-to-date: /home/diego/Workspaces/dev_ws/src/install/basic_mobile_robot/share/basic_mobile_robot/launch
[1.393s] -- Up-to-date: /home/diego/Workspaces/dev_ws/src/install/basic_mobile_robot/share/basic_mobile_robot/launch/basic_mobile_bot_v1.launch.py
[1.394s] -- Up-to-date: /home/diego/Workspaces/dev_ws/src/install/basic_mobile_robot/share/basic_mobile_robot/launch/basic_mobile_bot_v4.launch.py
[1.395s] -- Up-to-date: /home/diego/Workspaces/dev_ws/src/install/basic_mobile_robot/share/basic_mobile_robot/launch/basic_mobile_bot_v2.launch.py
[1.395s] -- Up-to-date: /home/diego/Workspaces/dev_ws/src/install/basic_mobile_robot/share/basic_mobile_robot/launch/__pycache__
[1.396s] -- Up-to-date: /home/diego/Workspaces/dev_ws/src/install/basic_mobile_robot/share/basic_mobile_robot/launch/__pycache__/basic_mobile_bot_v1.launch.cpython-38.pyc
[1.398s] -- Up-to-date: /home/diego/Workspaces/dev_ws/src/install/basic_mobile_robot/share/basic_mobile_robot/maps
[1.399s] -- Up-to-date: /home/diego/Workspaces/dev_ws/src/install/basic_mobile_robot/share/basic_mobile_robot/meshes
[1.400s] -- Up-to-date: /home/diego/Workspaces/dev_ws/src/install/basic_mobile_robot/share/basic_mobile_robot/meshes/arm_base.stl
[1.401s] -- Up-to-date: /home/diego/Workspaces/dev_ws/src/install/basic_mobile_robot/share/basic_mobile_robot/meshes/wrist.stl
[1.401s] -- Up-to-date: /home/diego/Workspaces/dev_ws/src/install/basic_mobile_robot/share/basic_mobile_robot/meshes/bicep.stl
[1.402s] -- Up-to-date: /home/diego/Workspaces/dev_ws/src/install/basic_mobile_robot/share/basic_mobile_robot/meshes/elbow.stl
[1.403s] -- Up-to-date: /home/diego/Workspaces/dev_ws/src/install/basic_mobile_robot/share/basic_mobile_robot/meshes/robot_base.stl
[1.404s] -- Up-to-date: /home/diego/Workspaces/dev_ws/src/install/basic_mobile_robot/share/basic_mobile_robot/meshes/wheel.stl
[1.406s] -- Up-to-date: /home/diego/Workspaces/dev_ws/src/install/basic_mobile_robot/share/basic_mobile_robot/meshes/Chasis.stl
[1.415s] -- Up-to-date: /home/diego/Workspaces/dev_ws/src/install/basic_mobile_robot/share/basic_mobile_robot/models
[1.415s] -- Up-to-date: /home/diego/Workspaces/dev_ws/src/install/basic_mobile_robot/share/basic_mobile_robot/models/basic_mobile_bot_description
[1.415s] -- Up-to-date: /home/diego/Workspaces/dev_ws/src/install/basic_mobile_robot/share/basic_mobile_robot/models/basic_mobile_bot_description/orignial.txt
[1.415s] -- Up-to-date: /home/diego/Workspaces/dev_ws/src/install/basic_mobile_robot/share/basic_mobile_robot/models/basic_mobile_bot_description/model1.sdf
[1.415s] -- Up-to-date: /home/diego/Workspaces/dev_ws/src/install/basic_mobile_robot/share/basic_mobile_robot/models/basic_mobile_bot_description/meshes
[1.418s] -- Up-to-date: /home/diego/Workspaces/dev_ws/src/install/basic_mobile_robot/share/basic_mobile_robot/models/basic_mobile_bot_description/meshes/arm_base.stl
[1.418s] -- Up-to-date: /home/diego/Workspaces/dev_ws/src/install/basic_mobile_robot/share/basic_mobile_robot/models/basic_mobile_bot_description/meshes/wrist.stl
[1.418s] -- Up-to-date: /home/diego/Workspaces/dev_ws/src/install/basic_mobile_robot/share/basic_mobile_robot/models/basic_mobile_bot_description/meshes/bicep.stl
[1.418s] -- Up-to-date: /home/diego/Workspaces/dev_ws/src/install/basic_mobile_robot/share/basic_mobile_robot/models/basic_mobile_bot_description/meshes/elbow.stl
[1.418s] -- Up-to-date: /home/diego/Workspaces/dev_ws/src/install/basic_mobile_robot/share/basic_mobile_robot/models/basic_mobile_bot_description/meshes/robot_base.stl
[1.419s] -- Up-to-date: /home/diego/Workspaces/dev_ws/src/install/basic_mobile_robot/share/basic_mobile_robot/models/basic_mobile_bot_description/meshes/wheel.stl
[1.419s] -- Up-to-date: /home/diego/Workspaces/dev_ws/src/install/basic_mobile_robot/share/basic_mobile_robot/models/basic_mobile_bot_description/meshes/Chasis.stl
[1.419s] -- Up-to-date: /home/diego/Workspaces/dev_ws/src/install/basic_mobile_robot/share/basic_mobile_robot/models/basic_mobile_bot_description/model.config
[1.419s] -- Up-to-date: /home/diego/Workspaces/dev_ws/src/install/basic_mobile_robot/share/basic_mobile_robot/models/basic_mobile_bot_description/model.sdf
[1.419s] -- Up-to-date: /home/diego/Workspaces/dev_ws/src/install/basic_mobile_robot/share/basic_mobile_robot/models/basic_mobile_bot_v1.urdf
[1.419s] -- Up-to-date: /home/diego/Workspaces/dev_ws/src/install/basic_mobile_robot/share/basic_mobile_robot/models/basic_mobile_bot_v2.urdf
[1.420s] -- Up-to-date: /home/diego/Workspaces/dev_ws/src/install/basic_mobile_robot/share/basic_mobile_robot/params
[1.420s] -- Up-to-date: /home/diego/Workspaces/dev_ws/src/install/basic_mobile_robot/share/basic_mobile_robot/rviz
[1.420s] -- Up-to-date: /home/diego/Workspaces/dev_ws/src/install/basic_mobile_robot/share/basic_mobile_robot/rviz/urdf_config.rviz
[1.420s] -- Up-to-date: /home/diego/Workspaces/dev_ws/src/install/basic_mobile_robot/share/basic_mobile_robot/src
[1.420s] -- Up-to-date: /home/diego/Workspaces/dev_ws/src/install/basic_mobile_robot/share/basic_mobile_robot/worlds
[1.420s] -- Up-to-date: /home/diego/Workspaces/dev_ws/src/install/basic_mobile_robot/share/basic_mobile_robot/worlds/basic_mobile_bot_world
[1.421s] -- Up-to-date: /home/diego/Workspaces/dev_ws/src/install/basic_mobile_robot/share/basic_mobile_robot/worlds/basic_mobile_bot_world/smalltown.world
[1.425s] -- Up-to-date: /home/diego/Workspaces/dev_ws/src/install/basic_mobile_robot/share/ament_index/resource_index/package_run_dependencies/basic_mobile_robot
[1.425s] -- Up-to-date: /home/diego/Workspaces/dev_ws/src/install/basic_mobile_robot/share/ament_index/resource_index/parent_prefix_path/basic_mobile_robot
[1.426s] -- Up-to-date: /home/diego/Workspaces/dev_ws/src/install/basic_mobile_robot/share/basic_mobile_robot/environment/ament_prefix_path.sh
[1.426s] -- Up-to-date: /home/diego/Workspaces/dev_ws/src/install/basic_mobile_robot/share/basic_mobile_robot/environment/ament_prefix_path.dsv
[1.426s] -- Up-to-date: /home/diego/Workspaces/dev_ws/src/install/basic_mobile_robot/share/basic_mobile_robot/environment/path.sh
[1.426s] -- Up-to-date: /home/diego/Workspaces/dev_ws/src/install/basic_mobile_robot/share/basic_mobile_robot/environment/path.dsv
[1.426s] -- Up-to-date: /home/diego/Workspaces/dev_ws/src/install/basic_mobile_robot/share/basic_mobile_robot/local_setup.bash
[1.426s] -- Up-to-date: /home/diego/Workspaces/dev_ws/src/install/basic_mobile_robot/share/basic_mobile_robot/local_setup.sh
[1.427s] -- Up-to-date: /home/diego/Workspaces/dev_ws/src/install/basic_mobile_robot/share/basic_mobile_robot/local_setup.zsh
[1.427s] -- Up-to-date: /home/diego/Workspaces/dev_ws/src/install/basic_mobile_robot/share/basic_mobile_robot/local_setup.dsv
[1.427s] -- Installing: /home/diego/Workspaces/dev_ws/src/install/basic_mobile_robot/share/basic_mobile_robot/package.dsv
[1.427s] -- Up-to-date: /home/diego/Workspaces/dev_ws/src/install/basic_mobile_robot/share/ament_index/resource_index/packages/basic_mobile_robot
[1.427s] -- Up-to-date: /home/diego/Workspaces/dev_ws/src/install/basic_mobile_robot/share/basic_mobile_robot/cmake/basic_mobile_robotConfig.cmake
[1.427s] -- Up-to-date: /home/diego/Workspaces/dev_ws/src/install/basic_mobile_robot/share/basic_mobile_robot/cmake/basic_mobile_robotConfig-version.cmake
[1.427s] -- Up-to-date: /home/diego/Workspaces/dev_ws/src/install/basic_mobile_robot/share/basic_mobile_robot/package.xml
[1.450s] Invoked command in '/home/diego/Workspaces/dev_ws/src/build/basic_mobile_robot' returned '0': CMAKE_PREFIX_PATH=${CMAKE_PREFIX_PATH}:/home/diego/Workspaces/dev_ws/src/install/controllers:/opt/ros/foxy /usr/bin/cmake --install /home/diego/Workspaces/dev_ws/src/build/basic_mobile_robot
