[3.485s] Invoking command in '/home/diego/Workspaces/dev_ws/src/controllers': PYTHONPATH=/home/diego/Workspaces/dev_ws/install/controllers/lib/python3.8/site-packages:${PYTHONPATH} /usr/bin/python3 setup.py egg_info --egg-base ../../build/controllers build --build-base /home/diego/Workspaces/dev_ws/build/controllers/build install --prefix /home/diego/Workspaces/dev_ws/install/controllers --record /home/diego/Workspaces/dev_ws/build/controllers/install.log --single-version-externally-managed
[4.765s] running egg_info
[4.768s] writing ../../build/controllers/controllers.egg-info/PKG-INFO
[4.769s] writing dependency_links to ../../build/controllers/controllers.egg-info/dependency_links.txt
[4.773s] writing entry points to ../../build/controllers/controllers.egg-info/entry_points.txt
[4.773s] writing requirements to ../../build/controllers/controllers.egg-info/requires.txt
[4.774s] writing top-level names to ../../build/controllers/controllers.egg-info/top_level.txt
[4.982s] reading manifest file '../../build/controllers/controllers.egg-info/SOURCES.txt'
[4.985s] writing manifest file '../../build/controllers/controllers.egg-info/SOURCES.txt'
[4.989s] running build
[4.989s] running build_py
[4.991s] running install
[4.997s] running install_lib
[5.006s] running install_data
[5.007s] running install_egg_info
[5.013s] removing '/home/diego/Workspaces/dev_ws/install/controllers/lib/python3.8/site-packages/controllers-0.0.0-py3.8.egg-info' (and everything under it)
[5.023s] Copying ../../build/controllers/controllers.egg-info to /home/diego/Workspaces/dev_ws/install/controllers/lib/python3.8/site-packages/controllers-0.0.0-py3.8.egg-info
[5.028s] running install_scripts
[5.096s] Installing simple_controller script to /home/diego/Workspaces/dev_ws/install/controllers/lib/controllers
[5.098s] writing list of installed files to '/home/diego/Workspaces/dev_ws/build/controllers/install.log'
[5.181s] Invoked command in '/home/diego/Workspaces/dev_ws/src/controllers' returned '0': PYTHONPATH=/home/diego/Workspaces/dev_ws/install/controllers/lib/python3.8/site-packages:${PYTHONPATH} /usr/bin/python3 setup.py egg_info --egg-base ../../build/controllers build --build-base /home/diego/Workspaces/dev_ws/build/controllers/build install --prefix /home/diego/Workspaces/dev_ws/install/controllers --record /home/diego/Workspaces/dev_ws/build/controllers/install.log --single-version-externally-managed
