[3.028s] Invoking command in '/home/diego/Workspaces/dev_ws/src/controllers': PYTHONPATH=/home/diego/Workspaces/dev_ws/install/controllers/lib/python3.8/site-packages:${PYTHONPATH} /usr/bin/python3 setup.py egg_info --egg-base ../../build/controllers build --build-base /home/diego/Workspaces/dev_ws/build/controllers/build install --prefix /home/diego/Workspaces/dev_ws/install/controllers --record /home/diego/Workspaces/dev_ws/build/controllers/install.log --single-version-externally-managed
[3.972s] running egg_info
[3.975s] writing ../../build/controllers/controllers.egg-info/PKG-INFO
[3.976s] writing dependency_links to ../../build/controllers/controllers.egg-info/dependency_links.txt
[3.977s] writing entry points to ../../build/controllers/controllers.egg-info/entry_points.txt
[3.980s] writing requirements to ../../build/controllers/controllers.egg-info/requires.txt
[3.980s] writing top-level names to ../../build/controllers/controllers.egg-info/top_level.txt
[4.149s] reading manifest file '../../build/controllers/controllers.egg-info/SOURCES.txt'
[4.153s] writing manifest file '../../build/controllers/controllers.egg-info/SOURCES.txt'
[4.153s] running build
[4.153s] running build_py
[4.158s] running install
[4.158s] running install_lib
[4.162s] running install_data
[4.165s] running install_egg_info
[4.171s] removing '/home/diego/Workspaces/dev_ws/install/controllers/lib/python3.8/site-packages/controllers-0.0.0-py3.8.egg-info' (and everything under it)
[4.172s] Copying ../../build/controllers/controllers.egg-info to /home/diego/Workspaces/dev_ws/install/controllers/lib/python3.8/site-packages/controllers-0.0.0-py3.8.egg-info
[4.176s] running install_scripts
[4.234s] Installing simple_controller script to /home/diego/Workspaces/dev_ws/install/controllers/lib/controllers
[4.236s] writing list of installed files to '/home/diego/Workspaces/dev_ws/build/controllers/install.log'
[4.328s] Invoked command in '/home/diego/Workspaces/dev_ws/src/controllers' returned '0': PYTHONPATH=/home/diego/Workspaces/dev_ws/install/controllers/lib/python3.8/site-packages:${PYTHONPATH} /usr/bin/python3 setup.py egg_info --egg-base ../../build/controllers build --build-base /home/diego/Workspaces/dev_ws/build/controllers/build install --prefix /home/diego/Workspaces/dev_ws/install/controllers --record /home/diego/Workspaces/dev_ws/build/controllers/install.log --single-version-externally-managed
