[3.224s] Invoking command in '/home/diego/Workspaces/dev_ws/src/controllers': PYTHONPATH=/home/diego/Workspaces/dev_ws/install/controllers/lib/python3.8/site-packages:${PYTHONPATH} /usr/bin/python3 setup.py egg_info --egg-base ../../build/controllers build --build-base /home/diego/Workspaces/dev_ws/build/controllers/build install --prefix /home/diego/Workspaces/dev_ws/install/controllers --record /home/diego/Workspaces/dev_ws/build/controllers/install.log --single-version-externally-managed
[4.017s] running egg_info
[4.020s] writing ../../build/controllers/controllers.egg-info/PKG-INFO
[4.021s] writing dependency_links to ../../build/controllers/controllers.egg-info/dependency_links.txt
[4.023s] writing entry points to ../../build/controllers/controllers.egg-info/entry_points.txt
[4.030s] writing requirements to ../../build/controllers/controllers.egg-info/requires.txt
[4.032s] writing top-level names to ../../build/controllers/controllers.egg-info/top_level.txt
[4.160s] reading manifest file '../../build/controllers/controllers.egg-info/SOURCES.txt'
[4.163s] writing manifest file '../../build/controllers/controllers.egg-info/SOURCES.txt'
[4.165s] running build
[4.166s] running build_py
[4.167s] running install
[4.171s] running install_lib
[4.176s] running install_data
[4.178s] running install_egg_info
[4.186s] removing '/home/diego/Workspaces/dev_ws/install/controllers/lib/python3.8/site-packages/controllers-0.0.0-py3.8.egg-info' (and everything under it)
[4.189s] Copying ../../build/controllers/controllers.egg-info to /home/diego/Workspaces/dev_ws/install/controllers/lib/python3.8/site-packages/controllers-0.0.0-py3.8.egg-info
[4.193s] running install_scripts
[4.247s] Installing simple_controller script to /home/diego/Workspaces/dev_ws/install/controllers/lib/controllers
[4.249s] writing list of installed files to '/home/diego/Workspaces/dev_ws/build/controllers/install.log'
[4.334s] Invoked command in '/home/diego/Workspaces/dev_ws/src/controllers' returned '0': PYTHONPATH=/home/diego/Workspaces/dev_ws/install/controllers/lib/python3.8/site-packages:${PYTHONPATH} /usr/bin/python3 setup.py egg_info --egg-base ../../build/controllers build --build-base /home/diego/Workspaces/dev_ws/build/controllers/build install --prefix /home/diego/Workspaces/dev_ws/install/controllers --record /home/diego/Workspaces/dev_ws/build/controllers/install.log --single-version-externally-managed
