running egg_info
writing ../../build/controllers/controllers.egg-info/PKG-INFO
writing dependency_links to ../../build/controllers/controllers.egg-info/dependency_links.txt
writing entry points to ../../build/controllers/controllers.egg-info/entry_points.txt
writing requirements to ../../build/controllers/controllers.egg-info/requires.txt
writing top-level names to ../../build/controllers/controllers.egg-info/top_level.txt
reading manifest file '../../build/controllers/controllers.egg-info/SOURCES.txt'
writing manifest file '../../build/controllers/controllers.egg-info/SOURCES.txt'
running build
running build_py
copying controllers/simple_controller.py -> /home/diego/Workspaces/dev_ws/build/controllers/build/lib/controllers
running install
running install_lib
copying /home/diego/Workspaces/dev_ws/build/controllers/build/lib/controllers/simple_controller.py -> /home/diego/Workspaces/dev_ws/install/controllers/lib/python3.8/site-packages/controllers
byte-compiling /home/diego/Workspaces/dev_ws/install/controllers/lib/python3.8/site-packages/controllers/simple_controller.py to simple_controller.cpython-38.pyc
Sorry: TabError: inconsistent use of tabs and spaces in indentation (simple_controller.py, line 53)
running install_data
running install_egg_info
removing '/home/diego/Workspaces/dev_ws/install/controllers/lib/python3.8/site-packages/controllers-0.0.0-py3.8.egg-info' (and everything under it)
Copying ../../build/controllers/controllers.egg-info to /home/diego/Workspaces/dev_ws/install/controllers/lib/python3.8/site-packages/controllers-0.0.0-py3.8.egg-info
running install_scripts
Installing simple_controller script to /home/diego/Workspaces/dev_ws/install/controllers/lib/controllers
writing list of installed files to '/home/diego/Workspaces/dev_ws/build/controllers/install.log'
