[0.271s] Invoking command in '/home/diego/Workspaces/dev_ws/build/basic_mobile_robot': CMAKE_PREFIX_PATH=/opt/ros/foxy /usr/bin/cmake --build /home/diego/Workspaces/dev_ws/build/basic_mobile_robot -- -j2 -l2
[2.563s] Invoked command in '/home/diego/Workspaces/dev_ws/build/basic_mobile_robot' returned '0': CMAKE_PREFIX_PATH=/opt/ros/foxy /usr/bin/cmake --build /home/diego/Workspaces/dev_ws/build/basic_mobile_robot -- -j2 -l2
[2.642s] Invoking command in '/home/diego/Workspaces/dev_ws/build/basic_mobile_robot': CMAKE_PREFIX_PATH=/opt/ros/foxy /usr/bin/cmake --install /home/diego/Workspaces/dev_ws/build/basic_mobile_robot
[3.155s] -- Install configuration: ""
[3.158s] -- Up-to-date: /home/diego/Workspaces/dev_ws/install/basic_mobile_robot/share/basic_mobile_robot/config
[3.159s] -- Up-to-date: /home/diego/Workspaces/dev_ws/install/basic_mobile_robot/share/basic_mobile_robot/config/ekf.yaml
[3.160s] -- Up-to-date: /home/diego/Workspaces/dev_ws/install/basic_mobile_robot/share/basic_mobile_robot/launch
[3.167s] -- Up-to-date: /home/diego/Workspaces/dev_ws/install/basic_mobile_robot/share/basic_mobile_robot/launch/basic_mobile_bot_v5.launch.py
[3.167s] -- Up-to-date: /home/diego/Workspaces/dev_ws/install/basic_mobile_robot/share/basic_mobile_robot/launch/basic_mobile_bot_rviz_visualize.launch.py
[3.168s] -- Up-to-date: /home/diego/Workspaces/dev_ws/install/basic_mobile_robot/share/basic_mobile_robot/launch/basic_mobile_bot_v1.launch.py
[3.168s] -- Installing: /home/diego/Workspaces/dev_ws/install/basic_mobile_robot/share/basic_mobile_robot/launch/basic_mobile_bot_v4.launch.py
[3.168s] -- Up-to-date: /home/diego/Workspaces/dev_ws/install/basic_mobile_robot/share/basic_mobile_robot/launch/basic_mobile_bot_slam.launch.py
[3.169s] -- Up-to-date: /home/diego/Workspaces/dev_ws/install/basic_mobile_robot/share/basic_mobile_robot/launch/basic_mobile_bot_slam_real.launch.py
[3.169s] -- Up-to-date: /home/diego/Workspaces/dev_ws/install/basic_mobile_robot/share/basic_mobile_robot/launch/basic_mobile_bot_v2.launch.py
[3.169s] -- Up-to-date: /home/diego/Workspaces/dev_ws/install/basic_mobile_robot/share/basic_mobile_robot/launch/__pycache__
[3.171s] -- Up-to-date: /home/diego/Workspaces/dev_ws/install/basic_mobile_robot/share/basic_mobile_robot/launch/__pycache__/basic_mobile_bot_v1.launch.cpython-38.pyc
[3.172s] -- Up-to-date: /home/diego/Workspaces/dev_ws/install/basic_mobile_robot/share/basic_mobile_robot/launch/urg_launch.py
[3.172s] -- Up-to-date: /home/diego/Workspaces/dev_ws/install/basic_mobile_robot/share/basic_mobile_robot/maps
[3.173s] -- Up-to-date: /home/diego/Workspaces/dev_ws/install/basic_mobile_robot/share/basic_mobile_robot/maps/smalltown_world.yaml
[3.173s] -- Up-to-date: /home/diego/Workspaces/dev_ws/install/basic_mobile_robot/share/basic_mobile_robot/maps/smalltown_world.pgm
[3.173s] -- Up-to-date: /home/diego/Workspaces/dev_ws/install/basic_mobile_robot/share/basic_mobile_robot/meshes
[3.177s] -- Up-to-date: /home/diego/Workspaces/dev_ws/install/basic_mobile_robot/share/basic_mobile_robot/meshes/arm_base.stl
[3.177s] -- Up-to-date: /home/diego/Workspaces/dev_ws/install/basic_mobile_robot/share/basic_mobile_robot/meshes/wrist.stl
[3.178s] -- Up-to-date: /home/diego/Workspaces/dev_ws/install/basic_mobile_robot/share/basic_mobile_robot/meshes/Orugas.stl
[3.178s] -- Up-to-date: /home/diego/Workspaces/dev_ws/install/basic_mobile_robot/share/basic_mobile_robot/meshes/bicep.stl
[3.178s] -- Up-to-date: /home/diego/Workspaces/dev_ws/install/basic_mobile_robot/share/basic_mobile_robot/meshes/elbow.stl
[3.179s] -- Up-to-date: /home/diego/Workspaces/dev_ws/install/basic_mobile_robot/share/basic_mobile_robot/meshes/robot_base.stl
[3.179s] -- Up-to-date: /home/diego/Workspaces/dev_ws/install/basic_mobile_robot/share/basic_mobile_robot/meshes/wheel.stl
[3.179s] -- Up-to-date: /home/diego/Workspaces/dev_ws/install/basic_mobile_robot/share/basic_mobile_robot/meshes/Chasis.stl
[3.180s] -- Up-to-date: /home/diego/Workspaces/dev_ws/install/basic_mobile_robot/share/basic_mobile_robot/models
[3.180s] -- Up-to-date: /home/diego/Workspaces/dev_ws/install/basic_mobile_robot/share/basic_mobile_robot/models/basic_mobile_bot_description
[3.180s] -- Up-to-date: /home/diego/Workspaces/dev_ws/install/basic_mobile_robot/share/basic_mobile_robot/models/basic_mobile_bot_description/meshes
[3.184s] -- Up-to-date: /home/diego/Workspaces/dev_ws/install/basic_mobile_robot/share/basic_mobile_robot/models/basic_mobile_bot_description/meshes/arm_base.stl
[3.185s] -- Up-to-date: /home/diego/Workspaces/dev_ws/install/basic_mobile_robot/share/basic_mobile_robot/models/basic_mobile_bot_description/meshes/wrist.stl
[3.188s] -- Up-to-date: /home/diego/Workspaces/dev_ws/install/basic_mobile_robot/share/basic_mobile_robot/models/basic_mobile_bot_description/meshes/bicep.stl
[3.189s] -- Up-to-date: /home/diego/Workspaces/dev_ws/install/basic_mobile_robot/share/basic_mobile_robot/models/basic_mobile_bot_description/meshes/elbow.stl
[3.189s] -- Up-to-date: /home/diego/Workspaces/dev_ws/install/basic_mobile_robot/share/basic_mobile_robot/models/basic_mobile_bot_description/meshes/robot_base.stl
[3.189s] -- Up-to-date: /home/diego/Workspaces/dev_ws/install/basic_mobile_robot/share/basic_mobile_robot/models/basic_mobile_bot_description/meshes/wheel.stl
[3.190s] -- Up-to-date: /home/diego/Workspaces/dev_ws/install/basic_mobile_robot/share/basic_mobile_robot/models/basic_mobile_bot_description/meshes/Chasis.stl
[3.190s] -- Up-to-date: /home/diego/Workspaces/dev_ws/install/basic_mobile_robot/share/basic_mobile_robot/models/basic_mobile_bot_description/model.config
[3.190s] -- Up-to-date: /home/diego/Workspaces/dev_ws/install/basic_mobile_robot/share/basic_mobile_robot/models/basic_mobile_bot_description/model.sdf
[3.191s] -- Up-to-date: /home/diego/Workspaces/dev_ws/install/basic_mobile_robot/share/basic_mobile_robot/models/basic_mobile_bot_v1.urdf
[3.191s] -- Up-to-date: /home/diego/Workspaces/dev_ws/install/basic_mobile_robot/share/basic_mobile_robot/models/basic_mobile_bot_v2.urdf
[3.191s] -- Up-to-date: /home/diego/Workspaces/dev_ws/install/basic_mobile_robot/share/basic_mobile_robot/params
[3.192s] -- Up-to-date: /home/diego/Workspaces/dev_ws/install/basic_mobile_robot/share/basic_mobile_robot/params/urg.yaml
[3.192s] -- Up-to-date: /home/diego/Workspaces/dev_ws/install/basic_mobile_robot/share/basic_mobile_robot/params/mapper_params_online_sync.yaml
[3.192s] -- Up-to-date: /home/diego/Workspaces/dev_ws/install/basic_mobile_robot/share/basic_mobile_robot/params/nav2_params.yaml
[3.193s] -- Up-to-date: /home/diego/Workspaces/dev_ws/install/basic_mobile_robot/share/basic_mobile_robot/rviz
[3.193s] -- Up-to-date: /home/diego/Workspaces/dev_ws/install/basic_mobile_robot/share/basic_mobile_robot/rviz/urdf_config.rviz
[3.193s] -- Up-to-date: /home/diego/Workspaces/dev_ws/install/basic_mobile_robot/share/basic_mobile_robot/rviz/nav2_config.rviz
[3.193s] -- Up-to-date: /home/diego/Workspaces/dev_ws/install/basic_mobile_robot/share/basic_mobile_robot/src
[3.194s] -- Up-to-date: /home/diego/Workspaces/dev_ws/install/basic_mobile_robot/share/basic_mobile_robot/worlds
[3.194s] -- Up-to-date: /home/diego/Workspaces/dev_ws/install/basic_mobile_robot/share/basic_mobile_robot/worlds/basic_mobile_bot_world
[3.194s] -- Up-to-date: /home/diego/Workspaces/dev_ws/install/basic_mobile_robot/share/basic_mobile_robot/worlds/basic_mobile_bot_world/smalltown.world
[3.194s] -- Up-to-date: /home/diego/Workspaces/dev_ws/install/basic_mobile_robot/share/ament_index/resource_index/package_run_dependencies/basic_mobile_robot
[3.342s] -- Up-to-date: /home/diego/Workspaces/dev_ws/install/basic_mobile_robot/share/ament_index/resource_index/parent_prefix_path/basic_mobile_robot
[3.348s] -- Up-to-date: /home/diego/Workspaces/dev_ws/install/basic_mobile_robot/share/basic_mobile_robot/environment/ament_prefix_path.sh
[3.350s] -- Up-to-date: /home/diego/Workspaces/dev_ws/install/basic_mobile_robot/share/basic_mobile_robot/environment/ament_prefix_path.dsv
[3.351s] -- Up-to-date: /home/diego/Workspaces/dev_ws/install/basic_mobile_robot/share/basic_mobile_robot/environment/path.sh
[3.351s] -- Up-to-date: /home/diego/Workspaces/dev_ws/install/basic_mobile_robot/share/basic_mobile_robot/environment/path.dsv
[3.352s] -- Up-to-date: /home/diego/Workspaces/dev_ws/install/basic_mobile_robot/share/basic_mobile_robot/local_setup.bash
[3.352s] -- Up-to-date: /home/diego/Workspaces/dev_ws/install/basic_mobile_robot/share/basic_mobile_robot/local_setup.sh
[3.352s] -- Up-to-date: /home/diego/Workspaces/dev_ws/install/basic_mobile_robot/share/basic_mobile_robot/local_setup.zsh
[3.352s] -- Up-to-date: /home/diego/Workspaces/dev_ws/install/basic_mobile_robot/share/basic_mobile_robot/local_setup.dsv
[3.353s] -- Installing: /home/diego/Workspaces/dev_ws/install/basic_mobile_robot/share/basic_mobile_robot/package.dsv
[3.353s] -- Up-to-date: /home/diego/Workspaces/dev_ws/install/basic_mobile_robot/share/ament_index/resource_index/packages/basic_mobile_robot
[3.353s] -- Up-to-date: /home/diego/Workspaces/dev_ws/install/basic_mobile_robot/share/basic_mobile_robot/cmake/basic_mobile_robotConfig.cmake
[3.353s] -- Up-to-date: /home/diego/Workspaces/dev_ws/install/basic_mobile_robot/share/basic_mobile_robot/cmake/basic_mobile_robotConfig-version.cmake
[3.354s] -- Up-to-date: /home/diego/Workspaces/dev_ws/install/basic_mobile_robot/share/basic_mobile_robot/package.xml
[3.355s] Invoked command in '/home/diego/Workspaces/dev_ws/build/basic_mobile_robot' returned '0': CMAKE_PREFIX_PATH=/opt/ros/foxy /usr/bin/cmake --install /home/diego/Workspaces/dev_ws/build/basic_mobile_robot
