[2.134s] Invoking command in '/home/diego/Workspaces/dev_ws/src/controllers': PYTHONPATH=/home/diego/Workspaces/dev_ws/src/install/controllers/lib/python3.8/site-packages:${PYTHONPATH} /usr/bin/python3 setup.py egg_info --egg-base ../build/controllers build --build-base /home/diego/Workspaces/dev_ws/src/build/controllers/build install --prefix /home/diego/Workspaces/dev_ws/src/install/controllers --record /home/diego/Workspaces/dev_ws/src/build/controllers/install.log --single-version-externally-managed
[2.740s] running egg_info
[2.742s] writing ../build/controllers/controllers.egg-info/PKG-INFO
[2.742s] writing dependency_links to ../build/controllers/controllers.egg-info/dependency_links.txt
[2.743s] writing entry points to ../build/controllers/controllers.egg-info/entry_points.txt
[2.744s] writing requirements to ../build/controllers/controllers.egg-info/requires.txt
[2.744s] writing top-level names to ../build/controllers/controllers.egg-info/top_level.txt
[2.842s] reading manifest file '../build/controllers/controllers.egg-info/SOURCES.txt'
[2.844s] writing manifest file '../build/controllers/controllers.egg-info/SOURCES.txt'
[2.845s] running build
[2.845s] running build_py
[2.845s] running install
[2.848s] running install_lib
[2.853s] running install_data
[2.854s] running install_egg_info
[2.859s] removing '/home/diego/Workspaces/dev_ws/src/install/controllers/lib/python3.8/site-packages/controllers-0.0.0-py3.8.egg-info' (and everything under it)
[2.859s] Copying ../build/controllers/controllers.egg-info to /home/diego/Workspaces/dev_ws/src/install/controllers/lib/python3.8/site-packages/controllers-0.0.0-py3.8.egg-info
[2.861s] running install_scripts
[2.908s] Installing simple_controller script to /home/diego/Workspaces/dev_ws/src/install/controllers/lib/controllers
[2.910s] writing list of installed files to '/home/diego/Workspaces/dev_ws/src/build/controllers/install.log'
[3.002s] Invoked command in '/home/diego/Workspaces/dev_ws/src/controllers' returned '0': PYTHONPATH=/home/diego/Workspaces/dev_ws/src/install/controllers/lib/python3.8/site-packages:${PYTHONPATH} /usr/bin/python3 setup.py egg_info --egg-base ../build/controllers build --build-base /home/diego/Workspaces/dev_ws/src/build/controllers/build install --prefix /home/diego/Workspaces/dev_ws/src/install/controllers --record /home/diego/Workspaces/dev_ws/src/build/controllers/install.log --single-version-externally-managed
