[1.961s] Invoking command in '/home/diego/Workspaces/dev_ws/src/controllers': PYTHONPATH=/home/diego/Workspaces/dev_ws/src/install/controllers/lib/python3.8/site-packages:${PYTHONPATH} /usr/bin/python3 setup.py egg_info --egg-base ../build/controllers build --build-base /home/diego/Workspaces/dev_ws/src/build/controllers/build install --prefix /home/diego/Workspaces/dev_ws/src/install/controllers --record /home/diego/Workspaces/dev_ws/src/build/controllers/install.log --single-version-externally-managed
[2.516s] running egg_info
[2.517s] writing ../build/controllers/controllers.egg-info/PKG-INFO
[2.519s] writing dependency_links to ../build/controllers/controllers.egg-info/dependency_links.txt
[2.520s] writing entry points to ../build/controllers/controllers.egg-info/entry_points.txt
[2.521s] writing requirements to ../build/controllers/controllers.egg-info/requires.txt
[2.521s] writing top-level names to ../build/controllers/controllers.egg-info/top_level.txt
[2.613s] reading manifest file '../build/controllers/controllers.egg-info/SOURCES.txt'
[2.616s] writing manifest file '../build/controllers/controllers.egg-info/SOURCES.txt'
[2.617s] running build
[2.617s] running build_py
[2.617s] copying controllers/simple_controller.py -> /home/diego/Workspaces/dev_ws/src/build/controllers/build/lib/controllers
[2.617s] running install
[2.620s] running install_lib
[2.622s] copying /home/diego/Workspaces/dev_ws/src/build/controllers/build/lib/controllers/simple_controller.py -> /home/diego/Workspaces/dev_ws/src/install/controllers/lib/python3.8/site-packages/controllers
[2.623s] byte-compiling /home/diego/Workspaces/dev_ws/src/install/controllers/lib/python3.8/site-packages/controllers/simple_controller.py to simple_controller.cpython-38.pyc
[2.627s] running install_data
[2.628s] running install_egg_info
[2.632s] removing '/home/diego/Workspaces/dev_ws/src/install/controllers/lib/python3.8/site-packages/controllers-0.0.0-py3.8.egg-info' (and everything under it)
[2.633s] Copying ../build/controllers/controllers.egg-info to /home/diego/Workspaces/dev_ws/src/install/controllers/lib/python3.8/site-packages/controllers-0.0.0-py3.8.egg-info
[2.636s] running install_scripts
[2.683s] Installing simple_controller script to /home/diego/Workspaces/dev_ws/src/install/controllers/lib/controllers
[2.685s] writing list of installed files to '/home/diego/Workspaces/dev_ws/src/build/controllers/install.log'
[2.761s] Invoked command in '/home/diego/Workspaces/dev_ws/src/controllers' returned '0': PYTHONPATH=/home/diego/Workspaces/dev_ws/src/install/controllers/lib/python3.8/site-packages:${PYTHONPATH} /usr/bin/python3 setup.py egg_info --egg-base ../build/controllers build --build-base /home/diego/Workspaces/dev_ws/src/build/controllers/build install --prefix /home/diego/Workspaces/dev_ws/src/install/controllers --record /home/diego/Workspaces/dev_ws/src/build/controllers/install.log --single-version-externally-managed
