[4.021s] Invoking command in '/home/diego/Workspaces/dev_ws/src/controllers': PYTHONPATH=/home/diego/Workspaces/dev_ws/install/controllers/lib/python3.8/site-packages:${PYTHONPATH} /usr/bin/python3 setup.py egg_info --egg-base ../../build/controllers build --build-base /home/diego/Workspaces/dev_ws/build/controllers/build install --prefix /home/diego/Workspaces/dev_ws/install/controllers --record /home/diego/Workspaces/dev_ws/build/controllers/install.log --single-version-externally-managed
[5.032s] running egg_info
[5.034s] writing ../../build/controllers/controllers.egg-info/PKG-INFO
[5.039s] writing dependency_links to ../../build/controllers/controllers.egg-info/dependency_links.txt
[5.040s] writing entry points to ../../build/controllers/controllers.egg-info/entry_points.txt
[5.042s] writing requirements to ../../build/controllers/controllers.egg-info/requires.txt
[5.043s] writing top-level names to ../../build/controllers/controllers.egg-info/top_level.txt
[5.150s] reading manifest file '../../build/controllers/controllers.egg-info/SOURCES.txt'
[5.153s] writing manifest file '../../build/controllers/controllers.egg-info/SOURCES.txt'
[5.154s] running build
[5.155s] running build_py
[5.155s] running install
[5.157s] running install_lib
[5.161s] running install_data
[5.162s] running install_egg_info
[5.167s] removing '/home/diego/Workspaces/dev_ws/install/controllers/lib/python3.8/site-packages/controllers-0.0.0-py3.8.egg-info' (and everything under it)
[5.168s] Copying ../../build/controllers/controllers.egg-info to /home/diego/Workspaces/dev_ws/install/controllers/lib/python3.8/site-packages/controllers-0.0.0-py3.8.egg-info
[5.170s] running install_scripts
[5.227s] Installing simple_controller script to /home/diego/Workspaces/dev_ws/install/controllers/lib/controllers
[5.228s] writing list of installed files to '/home/diego/Workspaces/dev_ws/build/controllers/install.log'
[5.320s] Invoked command in '/home/diego/Workspaces/dev_ws/src/controllers' returned '0': PYTHONPATH=/home/diego/Workspaces/dev_ws/install/controllers/lib/python3.8/site-packages:${PYTHONPATH} /usr/bin/python3 setup.py egg_info --egg-base ../../build/controllers build --build-base /home/diego/Workspaces/dev_ws/build/controllers/build install --prefix /home/diego/Workspaces/dev_ws/install/controllers --record /home/diego/Workspaces/dev_ws/build/controllers/install.log --single-version-externally-managed
