[4.831s] Invoking command in '/home/diego/Workspaces/dev_ws/src/controllers': PYTHONPATH=/home/diego/Workspaces/dev_ws/install/controllers/lib/python3.8/site-packages:${PYTHONPATH} /usr/bin/python3 setup.py egg_info --egg-base ../../build/controllers build --build-base /home/diego/Workspaces/dev_ws/build/controllers/build install --prefix /home/diego/Workspaces/dev_ws/install/controllers --record /home/diego/Workspaces/dev_ws/build/controllers/install.log --single-version-externally-managed
[5.464s] running egg_info
[5.465s] writing ../../build/controllers/controllers.egg-info/PKG-INFO
[5.468s] writing dependency_links to ../../build/controllers/controllers.egg-info/dependency_links.txt
[5.469s] writing entry points to ../../build/controllers/controllers.egg-info/entry_points.txt
[5.470s] writing requirements to ../../build/controllers/controllers.egg-info/requires.txt
[5.471s] writing top-level names to ../../build/controllers/controllers.egg-info/top_level.txt
[5.579s] reading manifest file '../../build/controllers/controllers.egg-info/SOURCES.txt'
[5.583s] writing manifest file '../../build/controllers/controllers.egg-info/SOURCES.txt'
[5.584s] running build
[5.584s] running build_py
[5.590s] copying controllers/simple_controller.py -> /home/diego/Workspaces/dev_ws/build/controllers/build/lib/controllers
[5.591s] running install
[5.595s] running install_lib
[5.598s] copying /home/diego/Workspaces/dev_ws/build/controllers/build/lib/controllers/simple_controller.py -> /home/diego/Workspaces/dev_ws/install/controllers/lib/python3.8/site-packages/controllers
[5.599s] byte-compiling /home/diego/Workspaces/dev_ws/install/controllers/lib/python3.8/site-packages/controllers/simple_controller.py to simple_controller.cpython-38.pyc
[5.604s] running install_data
[5.606s] running install_egg_info
[5.610s] removing '/home/diego/Workspaces/dev_ws/install/controllers/lib/python3.8/site-packages/controllers-0.0.0-py3.8.egg-info' (and everything under it)
[5.611s] Copying ../../build/controllers/controllers.egg-info to /home/diego/Workspaces/dev_ws/install/controllers/lib/python3.8/site-packages/controllers-0.0.0-py3.8.egg-info
[5.614s] running install_scripts
[5.668s] Installing simple_controller script to /home/diego/Workspaces/dev_ws/install/controllers/lib/controllers
[5.670s] writing list of installed files to '/home/diego/Workspaces/dev_ws/build/controllers/install.log'
[5.765s] Invoked command in '/home/diego/Workspaces/dev_ws/src/controllers' returned '0': PYTHONPATH=/home/diego/Workspaces/dev_ws/install/controllers/lib/python3.8/site-packages:${PYTHONPATH} /usr/bin/python3 setup.py egg_info --egg-base ../../build/controllers build --build-base /home/diego/Workspaces/dev_ws/build/controllers/build install --prefix /home/diego/Workspaces/dev_ws/install/controllers --record /home/diego/Workspaces/dev_ws/build/controllers/install.log --single-version-externally-managed
