[2.370s] Invoking command in '/home/diego/Workspaces/dev_ws/src/controllers': PYTHONPATH=/home/diego/Workspaces/dev_ws/install/controllers/lib/python3.8/site-packages:${PYTHONPATH} /usr/bin/python3 setup.py egg_info --egg-base ../../build/controllers build --build-base /home/diego/Workspaces/dev_ws/build/controllers/build install --prefix /home/diego/Workspaces/dev_ws/install/controllers --record /home/diego/Workspaces/dev_ws/build/controllers/install.log --single-version-externally-managed
[2.973s] running egg_info
[2.975s] writing ../../build/controllers/controllers.egg-info/PKG-INFO
[2.976s] writing dependency_links to ../../build/controllers/controllers.egg-info/dependency_links.txt
[2.978s] writing entry points to ../../build/controllers/controllers.egg-info/entry_points.txt
[2.979s] writing requirements to ../../build/controllers/controllers.egg-info/requires.txt
[2.980s] writing top-level names to ../../build/controllers/controllers.egg-info/top_level.txt
[3.067s] reading manifest file '../../build/controllers/controllers.egg-info/SOURCES.txt'
[3.069s] writing manifest file '../../build/controllers/controllers.egg-info/SOURCES.txt'
[3.070s] running build
[3.070s] running build_py
[3.071s] copying controllers/simple_controller.py -> /home/diego/Workspaces/dev_ws/build/controllers/build/lib/controllers
[3.073s] running install
[3.075s] running install_lib
[3.078s] copying /home/diego/Workspaces/dev_ws/build/controllers/build/lib/controllers/simple_controller.py -> /home/diego/Workspaces/dev_ws/install/controllers/lib/python3.8/site-packages/controllers
[3.080s] byte-compiling /home/diego/Workspaces/dev_ws/install/controllers/lib/python3.8/site-packages/controllers/simple_controller.py to simple_controller.cpython-38.pyc
[3.084s] running install_data
[3.086s] running install_egg_info
[3.091s] removing '/home/diego/Workspaces/dev_ws/install/controllers/lib/python3.8/site-packages/controllers-0.0.0-py3.8.egg-info' (and everything under it)
[3.092s] Copying ../../build/controllers/controllers.egg-info to /home/diego/Workspaces/dev_ws/install/controllers/lib/python3.8/site-packages/controllers-0.0.0-py3.8.egg-info
[3.095s] running install_scripts
[3.142s] Installing simple_controller script to /home/diego/Workspaces/dev_ws/install/controllers/lib/controllers
[3.144s] writing list of installed files to '/home/diego/Workspaces/dev_ws/build/controllers/install.log'
[3.227s] Invoked command in '/home/diego/Workspaces/dev_ws/src/controllers' returned '0': PYTHONPATH=/home/diego/Workspaces/dev_ws/install/controllers/lib/python3.8/site-packages:${PYTHONPATH} /usr/bin/python3 setup.py egg_info --egg-base ../../build/controllers build --build-base /home/diego/Workspaces/dev_ws/build/controllers/build install --prefix /home/diego/Workspaces/dev_ws/install/controllers --record /home/diego/Workspaces/dev_ws/build/controllers/install.log --single-version-externally-managed
